{"C:\\Users\\Admin\\StudioProjects\\KidMap\\app\\+not_found.tsx": {"path":"C:\\Users\\Admin\\StudioProjects\\KidMap\\app\\+not_found.tsx","statementMap":{"0":{"start":{"line":5,"column":2},"end":{"line":16,"column":4}},"1":{"start":{"line":19,"column":15},"end":{"line":38,"column":2}}},"fnMap":{"0":{"name":"NotFoundScreen","decl":{"start":{"line":4,"column":24},"end":{"line":4,"column":38}},"loc":{"start":{"line":4,"column":41},"end":{"line":17,"column":1}},"line":4}},"branchMap":{},"s":{"0":0,"1":0},"f":{"0":0},"b":{}}
,"C:\\Users\\Admin\\StudioProjects\\KidMap\\app\\_layout.tsx": {"path":"C:\\Users\\Admin\\StudioProjects\\KidMap\\app\\_layout.tsx","statementMap":{"0":{"start":{"line":22,"column":20},"end":{"line":31,"column":2}},"1":{"start":{"line":36,"column":33},"end":{"line":38,"column":1}},"2":{"start":{"line":41,"column":0},"end":{"line":41,"column":36}},"3":{"start":{"line":49,"column":26},"end":{"line":51,"column":4}},"4":{"start":{"line":52,"column":34},"end":{"line":52,"column":55}},"5":{"start":{"line":54,"column":27},"end":{"line":54,"column":43}},"6":{"start":{"line":56,"column":2},"end":{"line":93,"column":32}},"7":{"start":{"line":57,"column":4},"end":{"line":57,"column":49}},"8":{"start":{"line":60,"column":6},"end":{"line":75,"column":7}},"9":{"start":{"line":62,"column":8},"end":{"line":66,"column":9}},"10":{"start":{"line":63,"column":10},"end":{"line":63,"column":28}},"11":{"start":{"line":64,"column":10},"end":{"line":64,"column":53}},"12":{"start":{"line":65,"column":10},"end":{"line":65,"column":41}},"13":{"start":{"line":68,"column":8},"end":{"line":68,"column":24}},"14":{"start":{"line":70,"column":8},"end":{"line":70,"column":26}},"15":{"start":{"line":71,"column":8},"end":{"line":71,"column":51}},"16":{"start":{"line":74,"column":8},"end":{"line":74,"column":39}},"17":{"start":{"line":79,"column":18},"end":{"line":86,"column":12}},"18":{"start":{"line":80,"column":6},"end":{"line":85,"column":7}},"19":{"start":{"line":81,"column":8},"end":{"line":81,"column":64}},"20":{"start":{"line":82,"column":8},"end":{"line":82,"column":26}},"21":{"start":{"line":83,"column":8},"end":{"line":83,"column":51}},"22":{"start":{"line":84,"column":8},"end":{"line":84,"column":33}},"23":{"start":{"line":88,"column":4},"end":{"line":90,"column":5}},"24":{"start":{"line":89,"column":6},"end":{"line":89,"column":16}},"25":{"start":{"line":92,"column":4},"end":{"line":92,"column":37}},"26":{"start":{"line":92,"column":17},"end":{"line":92,"column":36}},"27":{"start":{"line":96,"column":2},"end":{"line":98,"column":3}},"28":{"start":{"line":97,"column":4},"end":{"line":97,"column":16}},"29":{"start":{"line":100,"column":2},"end":{"line":106,"column":4}},"30":{"start":{"line":110,"column":27},"end":{"line":110,"column":43}},"31":{"start":{"line":112,"column":2},"end":{"line":161,"column":4}}},"fnMap":{"0":{"name":"RootLayout","decl":{"start":{"line":47,"column":24},"end":{"line":47,"column":34}},"loc":{"start":{"line":47,"column":37},"end":{"line":107,"column":1}},"line":47},"1":{"name":"(anonymous_1)","decl":{"start":{"line":56,"column":12},"end":{"line":56,"column":13}},"loc":{"start":{"line":56,"column":18},"end":{"line":93,"column":3}},"line":56},"2":{"name":"prepare","decl":{"start":{"line":59,"column":19},"end":{"line":59,"column":26}},"loc":{"start":{"line":59,"column":29},"end":{"line":76,"column":5}},"line":59},"3":{"name":"(anonymous_3)","decl":{"start":{"line":79,"column":29},"end":{"line":79,"column":30}},"loc":{"start":{"line":79,"column":35},"end":{"line":86,"column":5}},"line":79},"4":{"name":"(anonymous_4)","decl":{"start":{"line":92,"column":11},"end":{"line":92,"column":12}},"loc":{"start":{"line":92,"column":17},"end":{"line":92,"column":36}},"line":92},"5":{"name":"RootLayoutNav","decl":{"start":{"line":109,"column":9},"end":{"line":109,"column":22}},"loc":{"start":{"line":109,"column":25},"end":{"line":162,"column":1}},"line":109}},"branchMap":{"0":{"loc":{"start":{"line":62,"column":8},"end":{"line":66,"column":9}},"type":"if","locations":[{"start":{"line":62,"column":8},"end":{"line":66,"column":9}},{"start":{},"end":{}}],"line":62},"1":{"loc":{"start":{"line":62,"column":12},"end":{"line":62,"column":27}},"type":"binary-expr","locations":[{"start":{"line":62,"column":12},"end":{"line":62,"column":18}},{"start":{"line":62,"column":22},"end":{"line":62,"column":27}}],"line":62},"2":{"loc":{"start":{"line":80,"column":6},"end":{"line":85,"column":7}},"type":"if","locations":[{"start":{"line":80,"column":6},"end":{"line":85,"column":7}},{"start":{},"end":{}}],"line":80},"3":{"loc":{"start":{"line":88,"column":4},"end":{"line":90,"column":5}},"type":"if","locations":[{"start":{"line":88,"column":4},"end":{"line":90,"column":5}},{"start":{},"end":{}}],"line":88},"4":{"loc":{"start":{"line":88,"column":8},"end":{"line":88,"column":23}},"type":"binary-expr","locations":[{"start":{"line":88,"column":8},"end":{"line":88,"column":14}},{"start":{"line":88,"column":18},"end":{"line":88,"column":23}}],"line":88},"5":{"loc":{"start":{"line":96,"column":2},"end":{"line":98,"column":3}},"type":"if","locations":[{"start":{"line":96,"column":2},"end":{"line":98,"column":3}},{"start":{},"end":{}}],"line":96},"6":{"loc":{"start":{"line":115,"column":15},"end":{"line":115,"column":58}},"type":"cond-expr","locations":[{"start":{"line":115,"column":43},"end":{"line":115,"column":49}},{"start":{"line":115,"column":52},"end":{"line":115,"column":58}}],"line":115},"7":{"loc":{"start":{"line":116,"column":25},"end":{"line":116,"column":82}},"type":"cond-expr","locations":[{"start":{"line":116,"column":53},"end":{"line":116,"column":70}},{"start":{"line":116,"column":73},"end":{"line":116,"column":82}}],"line":116},"8":{"loc":{"start":{"line":131,"column":9},"end":{"line":158,"column":9}},"type":"cond-expr","locations":[{"start":{"line":132,"column":10},"end":{"line":138,"column":12}},{"start":{"line":140,"column":10},"end":{"line":157,"column":13}}],"line":131},"9":{"loc":{"start":{"line":146,"column":27},"end":{"line":146,"column":94}},"type":"cond-expr","locations":[{"start":{"line":146,"column":55},"end":{"line":146,"column":73}},{"start":{"line":146,"column":76},"end":{"line":146,"column":94}}],"line":146},"10":{"loc":{"start":{"line":153,"column":27},"end":{"line":153,"column":96}},"type":"cond-expr","locations":[{"start":{"line":153,"column":55},"end":{"line":153,"column":74}},{"start":{"line":153,"column":77},"end":{"line":153,"column":96}}],"line":153},"11":{"loc":{"start":{"line":154,"column":30},"end":{"line":154,"column":75}},"type":"cond-expr","locations":[{"start":{"line":154,"column":58},"end":{"line":154,"column":65}},{"start":{"line":154,"column":68},"end":{"line":154,"column":75}}],"line":154}},"s":{"0":0,"1":0,"2":0,"3":0,"4":0,"5":0,"6":0,"7":0,"8":0,"9":0,"10":0,"11":0,"12":0,"13":0,"14":0,"15":0,"16":0,"17":0,"18":0,"19":0,"20":0,"21":0,"22":0,"23":0,"24":0,"25":0,"26":0,"27":0,"28":0,"29":0,"30":0,"31":0},"f":{"0":0,"1":0,"2":0,"3":0,"4":0,"5":0},"b":{"0":[0,0],"1":[0,0],"2":[0,0],"3":[0,0],"4":[0,0],"5":[0,0],"6":[0,0],"7":[0,0],"8":[0,0],"9":[0,0],"10":[0,0],"11":[0,0]}}
,"C:\\Users\\Admin\\StudioProjects\\KidMap\\app\\modul.tsx": {"path":"C:\\Users\\Admin\\StudioProjects\\KidMap\\app\\modul.tsx","statementMap":{"0":{"start":{"line":5,"column":2},"end":{"line":14,"column":4}},"1":{"start":{"line":17,"column":15},"end":{"line":32,"column":2}}},"fnMap":{"0":{"name":"ModalScreen","decl":{"start":{"line":4,"column":24},"end":{"line":4,"column":35}},"loc":{"start":{"line":4,"column":38},"end":{"line":15,"column":1}},"line":4}},"branchMap":{"0":{"loc":{"start":{"line":12,"column":24},"end":{"line":12,"column":64}},"type":"cond-expr","locations":[{"start":{"line":12,"column":48},"end":{"line":12,"column":55}},{"start":{"line":12,"column":58},"end":{"line":12,"column":64}}],"line":12}},"s":{"0":0,"1":0},"f":{"0":0},"b":{"0":[0,0]}}
,"C:\\Users\\Admin\\StudioProjects\\KidMap\\app\\onboarding.tsx": {"path":"C:\\Users\\Admin\\StudioProjects\\KidMap\\app\\onboarding.tsx","statementMap":{"0":{"start":{"line":8,"column":17},"end":{"line":8,"column":28}},"1":{"start":{"line":10,"column":35},"end":{"line":12,"column":3}},"2":{"start":{"line":11,"column":4},"end":{"line":11,"column":30}},"3":{"start":{"line":14,"column":2},"end":{"line":18,"column":4}},"4":{"start":{"line":21,"column":15},"end":{"line":26,"column":2}}},"fnMap":{"0":{"name":"OnboardingScreen","decl":{"start":{"line":7,"column":24},"end":{"line":7,"column":40}},"loc":{"start":{"line":7,"column":43},"end":{"line":19,"column":1}},"line":7},"1":{"name":"(anonymous_1)","decl":{"start":{"line":10,"column":35},"end":{"line":10,"column":36}},"loc":{"start":{"line":10,"column":41},"end":{"line":12,"column":3}},"line":10}},"branchMap":{},"s":{"0":0,"1":0,"2":0,"3":0,"4":0},"f":{"0":0,"1":0},"b":{}}
,"C:\\Users\\Admin\\StudioProjects\\KidMap\\app\\parent-dashboard.tsx": {"path":"C:\\Users\\Admin\\StudioProjects\\KidMap\\app\\parent-dashboard.tsx","statementMap":{"0":{"start":{"line":6,"column":30},"end":{"line":13,"column":1}},"1":{"start":{"line":7,"column":34},"end":{"line":7,"column":49}},"2":{"start":{"line":8,"column":2},"end":{"line":12,"column":4}},"3":{"start":{"line":11,"column":38},"end":{"line":11,"column":55}}},"fnMap":{"0":{"name":"(anonymous_0)","decl":{"start":{"line":6,"column":30},"end":{"line":6,"column":31}},"loc":{"start":{"line":6,"column":36},"end":{"line":13,"column":1}},"line":6},"1":{"name":"(anonymous_1)","decl":{"start":{"line":11,"column":32},"end":{"line":11,"column":33}},"loc":{"start":{"line":11,"column":38},"end":{"line":11,"column":55}},"line":11}},"branchMap":{"0":{"loc":{"start":{"line":8,"column":9},"end":{"line":12,"column":3}},"type":"cond-expr","locations":[{"start":{"line":9,"column":4},"end":{"line":9,"column":23}},{"start":{"line":11,"column":4},"end":{"line":11,"column":59}}],"line":8}},"s":{"0":0,"1":0,"2":0,"3":0},"f":{"0":0,"1":0},"b":{"0":[0,0]}}
,"C:\\Users\\Admin\\StudioProjects\\KidMap\\app\\search.tsx": {"path":"C:\\Users\\Admin\\StudioProjects\\KidMap\\app\\search.tsx","statementMap":{"0":{"start":{"line":13,"column":29},"end":{"line":31,"column":1}},"1":{"start":{"line":15,"column":20},"end":{"line":15,"column":61}},"2":{"start":{"line":17,"column":2},"end":{"line":19,"column":3}},"3":{"start":{"line":18,"column":4},"end":{"line":18,"column":66}},"4":{"start":{"line":18,"column":37},"end":{"line":18,"column":64}},"5":{"start":{"line":21,"column":2},"end":{"line":23,"column":3}},"6":{"start":{"line":22,"column":4},"end":{"line":22,"column":14}},"7":{"start":{"line":25,"column":21},"end":{"line":25,"column":40}},"8":{"start":{"line":26,"column":2},"end":{"line":30,"column":4}},"9":{"start":{"line":28,"column":6},"end":{"line":29,"column":54}},"10":{"start":{"line":34,"column":17},"end":{"line":34,"column":28}},"11":{"start":{"line":35,"column":17},"end":{"line":35,"column":39}},"12":{"start":{"line":36,"column":19},"end":{"line":36,"column":51}},"13":{"start":{"line":38,"column":40},"end":{"line":38,"column":52}},"14":{"start":{"line":39,"column":44},"end":{"line":39,"column":65}},"15":{"start":{"line":45,"column":6},"end":{"line":45,"column":26}},"16":{"start":{"line":47,"column":2},"end":{"line":52,"column":17}},"17":{"start":{"line":49,"column":4},"end":{"line":51,"column":5}},"18":{"start":{"line":50,"column":6},"end":{"line":50,"column":59}},"19":{"start":{"line":54,"column":23},"end":{"line":57,"column":3}},"20":{"start":{"line":55,"column":4},"end":{"line":55,"column":25}},"21":{"start":{"line":56,"column":4},"end":{"line":56,"column":59}},"22":{"start":{"line":59,"column":28},"end":{"line":63,"column":3}},"23":{"start":{"line":60,"column":4},"end":{"line":60,"column":26}},"24":{"start":{"line":61,"column":4},"end":{"line":61,"column":31}},"25":{"start":{"line":62,"column":4},"end":{"line":62,"column":18}},"26":{"start":{"line":65,"column":2},"end":{"line":123,"column":4}},"27":{"start":{"line":72,"column":12},"end":{"line":72,"column":31}},"28":{"start":{"line":73,"column":12},"end":{"line":73,"column":33}},"29":{"start":{"line":87,"column":12},"end":{"line":91,"column":14}},"30":{"start":{"line":105,"column":36},"end":{"line":105,"column":43}},"31":{"start":{"line":107,"column":14},"end":{"line":107,"column":68}},"32":{"start":{"line":126,"column":15},"end":{"line":156,"column":2}}},"fnMap":{"0":{"name":"(anonymous_0)","decl":{"start":{"line":13,"column":29},"end":{"line":13,"column":30}},"loc":{"start":{"line":13,"column":83},"end":{"line":31,"column":1}},"line":13},"1":{"name":"(anonymous_1)","decl":{"start":{"line":18,"column":28},"end":{"line":18,"column":29}},"loc":{"start":{"line":18,"column":37},"end":{"line":18,"column":64}},"line":18},"2":{"name":"(anonymous_2)","decl":{"start":{"line":27,"column":4},"end":{"line":27,"column":5}},"loc":{"start":{"line":28,"column":6},"end":{"line":29,"column":54}},"line":28},"3":{"name":"SearchScreen","decl":{"start":{"line":33,"column":24},"end":{"line":33,"column":36}},"loc":{"start":{"line":33,"column":39},"end":{"line":124,"column":1}},"line":33},"4":{"name":"(anonymous_4)","decl":{"start":{"line":47,"column":12},"end":{"line":47,"column":13}},"loc":{"start":{"line":47,"column":18},"end":{"line":52,"column":3}},"line":47},"5":{"name":"(anonymous_5)","decl":{"start":{"line":54,"column":23},"end":{"line":54,"column":24}},"loc":{"start":{"line":54,"column":41},"end":{"line":57,"column":3}},"line":54},"6":{"name":"(anonymous_6)","decl":{"start":{"line":59,"column":28},"end":{"line":59,"column":29}},"loc":{"start":{"line":59,"column":46},"end":{"line":63,"column":3}},"line":59},"7":{"name":"(anonymous_7)","decl":{"start":{"line":71,"column":19},"end":{"line":71,"column":20}},"loc":{"start":{"line":71,"column":25},"end":{"line":74,"column":11}},"line":71},"8":{"name":"(anonymous_8)","decl":{"start":{"line":86,"column":36},"end":{"line":86,"column":37}},"loc":{"start":{"line":87,"column":12},"end":{"line":91,"column":14}},"line":87},"9":{"name":"(anonymous_9)","decl":{"start":{"line":105,"column":26},"end":{"line":105,"column":27}},"loc":{"start":{"line":105,"column":36},"end":{"line":105,"column":43}},"line":105},"10":{"name":"(anonymous_10)","decl":{"start":{"line":106,"column":24},"end":{"line":106,"column":25}},"loc":{"start":{"line":107,"column":14},"end":{"line":107,"column":68}},"line":107}},"branchMap":{"0":{"loc":{"start":{"line":17,"column":2},"end":{"line":19,"column":3}},"type":"if","locations":[{"start":{"line":17,"column":2},"end":{"line":19,"column":3}},{"start":{},"end":{}}],"line":17},"1":{"loc":{"start":{"line":21,"column":2},"end":{"line":23,"column":3}},"type":"if","locations":[{"start":{"line":21,"column":2},"end":{"line":23,"column":3}},{"start":{},"end":{}}],"line":21},"2":{"loc":{"start":{"line":28,"column":6},"end":{"line":29,"column":54}},"type":"binary-expr","locations":[{"start":{"line":28,"column":6},"end":{"line":28,"column":51}},{"start":{"line":29,"column":6},"end":{"line":29,"column":54}}],"line":28},"3":{"loc":{"start":{"line":49,"column":4},"end":{"line":51,"column":5}},"type":"if","locations":[{"start":{"line":49,"column":4},"end":{"line":51,"column":5}},{"start":{},"end":{}}],"line":49},"4":{"loc":{"start":{"line":76,"column":12},"end":{"line":78,"column":39}},"type":"cond-expr","locations":[{"start":{"line":77,"column":16},"end":{"line":77,"column":46}},{"start":{"line":78,"column":16},"end":{"line":78,"column":39}}],"line":76},"5":{"loc":{"start":{"line":83,"column":7},"end":{"line":94,"column":7}},"type":"binary-expr","locations":[{"start":{"line":83,"column":7},"end":{"line":83,"column":31}},{"start":{"line":83,"column":35},"end":{"line":83,"column":44}},{"start":{"line":83,"column":48},"end":{"line":83,"column":79}},{"start":{"line":84,"column":8},"end":{"line":93,"column":11}}],"line":83},"6":{"loc":{"start":{"line":96,"column":7},"end":{"line":121,"column":7}},"type":"cond-expr","locations":[{"start":{"line":97,"column":8},"end":{"line":111,"column":11}},{"start":{"line":113,"column":8},"end":{"line":120,"column":9}}],"line":96},"7":{"loc":{"start":{"line":99,"column":13},"end":{"line":101,"column":32}},"type":"cond-expr","locations":[{"start":{"line":100,"column":16},"end":{"line":100,"column":80}},{"start":{"line":101,"column":16},"end":{"line":101,"column":32}}],"line":99},"8":{"loc":{"start":{"line":113,"column":8},"end":{"line":120,"column":9}},"type":"binary-expr","locations":[{"start":{"line":113,"column":8},"end":{"line":113,"column":30}},{"start":{"line":114,"column":10},"end":{"line":119,"column":17}}],"line":113}},"s":{"0":0,"1":0,"2":0,"3":0,"4":0,"5":0,"6":0,"7":0,"8":0,"9":0,"10":0,"11":0,"12":0,"13":0,"14":0,"15":0,"16":0,"17":0,"18":0,"19":0,"20":0,"21":0,"22":0,"23":0,"24":0,"25":0,"26":0,"27":0,"28":0,"29":0,"30":0,"31":0,"32":0},"f":{"0":0,"1":0,"2":0,"3":0,"4":0,"5":0,"6":0,"7":0,"8":0,"9":0,"10":0},"b":{"0":[0,0],"1":[0,0],"2":[0,0],"3":[0,0],"4":[0,0],"5":[0,0,0,0],"6":[0,0],"7":[0,0],"8":[0,0]}}
,"C:\\Users\\Admin\\StudioProjects\\KidMap\\app\\route\\[id].tsx": {"path":"C:\\Users\\Admin\\StudioProjects\\KidMap\\app\\route\\[id].tsx","statementMap":{"0":{"start":{"line":14,"column":17},"end":{"line":14,"column":28}},"1":{"start":{"line":15,"column":17},"end":{"line":15,"column":39}},"2":{"start":{"line":24,"column":6},"end":{"line":24,"column":26}},"3":{"start":{"line":28,"column":44},"end":{"line":30,"column":3}},"4":{"start":{"line":31,"column":16},"end":{"line":31,"column":82}},"5":{"start":{"line":31,"column":42},"end":{"line":31,"column":64}},"6":{"start":{"line":35,"column":21},"end":{"line":35,"column":71}},"7":{"start":{"line":35,"column":39},"end":{"line":35,"column":56}},"8":{"start":{"line":36,"column":16},"end":{"line":36,"column":78}},"9":{"start":{"line":37,"column":4},"end":{"line":37,"column":57}},"10":{"start":{"line":37,"column":23},"end":{"line":37,"column":57}},"11":{"start":{"line":38,"column":4},"end":{"line":38,"column":17}},"12":{"start":{"line":41,"column":40},"end":{"line":41,"column":54}},"13":{"start":{"line":42,"column":27},"end":{"line":42,"column":63}},"14":{"start":{"line":44,"column":2},"end":{"line":56,"column":3}},"15":{"start":{"line":45,"column":4},"end":{"line":55,"column":6}},"16":{"start":{"line":50,"column":25},"end":{"line":50,"column":38}},"17":{"start":{"line":58,"column":2},"end":{"line":153,"column":4}},"18":{"start":{"line":64,"column":12},"end":{"line":77,"column":24}},"19":{"start":{"line":68,"column":16},"end":{"line":68,"column":39}},"20":{"start":{"line":69,"column":16},"end":{"line":69,"column":31}},"21":{"start":{"line":94,"column":27},"end":{"line":94,"column":48}},"22":{"start":{"line":137,"column":12},"end":{"line":141,"column":14}},"23":{"start":{"line":156,"column":15},"end":{"line":304,"column":2}}},"fnMap":{"0":{"name":"RouteDetailScreen","decl":{"start":{"line":13,"column":24},"end":{"line":13,"column":41}},"loc":{"start":{"line":13,"column":44},"end":{"line":154,"column":1}},"line":13},"1":{"name":"(anonymous_1)","decl":{"start":{"line":31,"column":37},"end":{"line":31,"column":38}},"loc":{"start":{"line":31,"column":42},"end":{"line":31,"column":64}},"line":31},"2":{"name":"getRouteLabel","decl":{"start":{"line":34,"column":11},"end":{"line":34,"column":24}},"loc":{"start":{"line":34,"column":28},"end":{"line":39,"column":3}},"line":34},"3":{"name":"(anonymous_3)","decl":{"start":{"line":35,"column":34},"end":{"line":35,"column":35}},"loc":{"start":{"line":35,"column":39},"end":{"line":35,"column":56}},"line":35},"4":{"name":"(anonymous_4)","decl":{"start":{"line":50,"column":19},"end":{"line":50,"column":20}},"loc":{"start":{"line":50,"column":25},"end":{"line":50,"column":38}},"line":50},"5":{"name":"(anonymous_5)","decl":{"start":{"line":63,"column":31},"end":{"line":63,"column":32}},"loc":{"start":{"line":64,"column":12},"end":{"line":77,"column":24}},"line":64},"6":{"name":"(anonymous_6)","decl":{"start":{"line":67,"column":23},"end":{"line":67,"column":24}},"loc":{"start":{"line":67,"column":29},"end":{"line":70,"column":15}},"line":67},"7":{"name":"(anonymous_7)","decl":{"start":{"line":94,"column":21},"end":{"line":94,"column":22}},"loc":{"start":{"line":94,"column":27},"end":{"line":94,"column":48}},"line":94},"8":{"name":"(anonymous_8)","decl":{"start":{"line":136,"column":27},"end":{"line":136,"column":28}},"loc":{"start":{"line":137,"column":12},"end":{"line":141,"column":14}},"line":137}},"branchMap":{"0":{"loc":{"start":{"line":29,"column":4},"end":{"line":29,"column":66}},"type":"cond-expr","locations":[{"start":{"line":29,"column":31},"end":{"line":29,"column":33}},{"start":{"line":29,"column":37},"end":{"line":29,"column":65}}],"line":29},"1":{"loc":{"start":{"line":29,"column":37},"end":{"line":29,"column":65}},"type":"binary-expr","locations":[{"start":{"line":29,"column":37},"end":{"line":29,"column":59}},{"start":{"line":29,"column":63},"end":{"line":29,"column":65}}],"line":29},"2":{"loc":{"start":{"line":31,"column":16},"end":{"line":31,"column":82}},"type":"binary-expr","locations":[{"start":{"line":31,"column":16},"end":{"line":31,"column":65}},{"start":{"line":31,"column":69},"end":{"line":31,"column":82}}],"line":31},"3":{"loc":{"start":{"line":35,"column":21},"end":{"line":35,"column":71}},"type":"binary-expr","locations":[{"start":{"line":35,"column":21},"end":{"line":35,"column":57}},{"start":{"line":35,"column":61},"end":{"line":35,"column":71}}],"line":35},"4":{"loc":{"start":{"line":37,"column":4},"end":{"line":37,"column":57}},"type":"if","locations":[{"start":{"line":37,"column":4},"end":{"line":37,"column":57}},{"start":{},"end":{}}],"line":37},"5":{"loc":{"start":{"line":44,"column":2},"end":{"line":56,"column":3}},"type":"if","locations":[{"start":{"line":44,"column":2},"end":{"line":56,"column":3}},{"start":{},"end":{}}],"line":44},"6":{"loc":{"start":{"line":44,"column":6},"end":{"line":44,"column":39}},"type":"binary-expr","locations":[{"start":{"line":44,"column":6},"end":{"line":44,"column":12}},{"start":{"line":44,"column":16},"end":{"line":44,"column":23}},{"start":{"line":44,"column":27},"end":{"line":44,"column":39}}],"line":44},"7":{"loc":{"start":{"line":61,"column":7},"end":{"line":80,"column":7}},"type":"binary-expr","locations":[{"start":{"line":61,"column":7},"end":{"line":61,"column":33}},{"start":{"line":62,"column":8},"end":{"line":79,"column":15}}],"line":61},"8":{"loc":{"start":{"line":66,"column":46},"end":{"line":66,"column":100}},"type":"binary-expr","locations":[{"start":{"line":66,"column":46},"end":{"line":66,"column":68}},{"start":{"line":66,"column":72},"end":{"line":66,"column":100}}],"line":66},"9":{"loc":{"start":{"line":74,"column":56},"end":{"line":74,"column":114}},"type":"binary-expr","locations":[{"start":{"line":74,"column":56},"end":{"line":74,"column":78}},{"start":{"line":74,"column":82},"end":{"line":74,"column":114}}],"line":74},"10":{"loc":{"start":{"line":87,"column":21},"end":{"line":87,"column":175}},"type":"cond-expr","locations":[{"start":{"line":87,"column":44},"end":{"line":87,"column":149}},{"start":{"line":87,"column":152},"end":{"line":87,"column":175}}],"line":87},"11":{"loc":{"start":{"line":87,"column":47},"end":{"line":87,"column":95}},"type":"cond-expr","locations":[{"start":{"line":87,"column":80},"end":{"line":87,"column":86}},{"start":{"line":87,"column":89},"end":{"line":87,"column":95}}],"line":87},"12":{"loc":{"start":{"line":90,"column":7},"end":{"line":96,"column":7}},"type":"binary-expr","locations":[{"start":{"line":90,"column":7},"end":{"line":90,"column":18}},{"start":{"line":91,"column":8},"end":{"line":95,"column":10}}],"line":90}},"s":{"0":0,"1":0,"2":0,"3":0,"4":0,"5":0,"6":0,"7":0,"8":0,"9":0,"10":0,"11":0,"12":0,"13":0,"14":0,"15":0,"16":0,"17":0,"18":0,"19":0,"20":0,"21":0,"22":0,"23":0},"f":{"0":0,"1":0,"2":0,"3":0,"4":0,"5":0,"6":0,"7":0,"8":0},"b":{"0":[0,0],"1":[0,0],"2":[0,0],"3":[0,0],"4":[0,0],"5":[0,0],"6":[0,0,0],"7":[0,0],"8":[0,0],"9":[0,0],"10":[0,0],"11":[0,0],"12":[0,0]}}
,"C:\\Users\\Admin\\StudioProjects\\KidMap\\app\\tabs\\_layout.tsx": {"path":"C:\\Users\\Admin\\StudioProjects\\KidMap\\app\\tabs\\_layout.tsx","statementMap":{"0":{"start":{"line":8,"column":2},"end":{"line":72,"column":4}},"1":{"start":{"line":39,"column":37},"end":{"line":39,"column":69}},"2":{"start":{"line":47,"column":37},"end":{"line":47,"column":68}},"3":{"start":{"line":54,"column":37},"end":{"line":54,"column":70}},"4":{"start":{"line":61,"column":37},"end":{"line":61,"column":71}},"5":{"start":{"line":68,"column":37},"end":{"line":68,"column":73}}},"fnMap":{"0":{"name":"TabLayout","decl":{"start":{"line":7,"column":24},"end":{"line":7,"column":33}},"loc":{"start":{"line":7,"column":36},"end":{"line":73,"column":1}},"line":7},"1":{"name":"(anonymous_1)","decl":{"start":{"line":39,"column":22},"end":{"line":39,"column":23}},"loc":{"start":{"line":39,"column":37},"end":{"line":39,"column":69}},"line":39},"2":{"name":"(anonymous_2)","decl":{"start":{"line":47,"column":22},"end":{"line":47,"column":23}},"loc":{"start":{"line":47,"column":37},"end":{"line":47,"column":68}},"line":47},"3":{"name":"(anonymous_3)","decl":{"start":{"line":54,"column":22},"end":{"line":54,"column":23}},"loc":{"start":{"line":54,"column":37},"end":{"line":54,"column":70}},"line":54},"4":{"name":"(anonymous_4)","decl":{"start":{"line":61,"column":22},"end":{"line":61,"column":23}},"loc":{"start":{"line":61,"column":37},"end":{"line":61,"column":71}},"line":61},"5":{"name":"(anonymous_5)","decl":{"start":{"line":68,"column":22},"end":{"line":68,"column":23}},"loc":{"start":{"line":68,"column":37},"end":{"line":68,"column":73}},"line":68}},"branchMap":{"0":{"loc":{"start":{"line":18,"column":18},"end":{"line":18,"column":53}},"type":"cond-expr","locations":[{"start":{"line":18,"column":46},"end":{"line":18,"column":48}},{"start":{"line":18,"column":51},"end":{"line":18,"column":53}}],"line":18},"1":{"loc":{"start":{"line":19,"column":25},"end":{"line":19,"column":59}},"type":"cond-expr","locations":[{"start":{"line":19,"column":53},"end":{"line":19,"column":55}},{"start":{"line":19,"column":58},"end":{"line":19,"column":59}}],"line":19},"2":{"loc":{"start":{"line":20,"column":22},"end":{"line":20,"column":55}},"type":"cond-expr","locations":[{"start":{"line":20,"column":50},"end":{"line":20,"column":51}},{"start":{"line":20,"column":54},"end":{"line":20,"column":55}}],"line":20},"3":{"loc":{"start":{"line":24,"column":12},"end":{"line":32,"column":9}},"type":"binary-expr","locations":[{"start":{"line":24,"column":12},"end":{"line":24,"column":37}},{"start":{"line":24,"column":41},"end":{"line":32,"column":9}}],"line":24}},"s":{"0":0,"1":0,"2":0,"3":0,"4":0,"5":0},"f":{"0":0,"1":0,"2":0,"3":0,"4":0,"5":0},"b":{"0":[0,0],"1":[0,0],"2":[0,0],"3":[0,0]}}
,"C:\\Users\\Admin\\StudioProjects\\KidMap\\app\\tabs\\achievements.tsx": {"path":"C:\\Users\\Admin\\StudioProjects\\KidMap\\app\\tabs\\achievements.tsx","statementMap":{"0":{"start":{"line":9,"column":53},"end":{"line":9,"column":77}},"1":{"start":{"line":12,"column":51},"end":{"line":12,"column":73}},"2":{"start":{"line":13,"column":40},"end":{"line":13,"column":92}},"3":{"start":{"line":15,"column":31},"end":{"line":15,"column":67}},"4":{"start":{"line":15,"column":56},"end":{"line":15,"column":66}},"5":{"start":{"line":16,"column":29},"end":{"line":16,"column":66}},"6":{"start":{"line":16,"column":54},"end":{"line":16,"column":65}},"7":{"start":{"line":18,"column":29},"end":{"line":53,"column":3}},"8":{"start":{"line":19,"column":4},"end":{"line":52,"column":11}},"9":{"start":{"line":26,"column":12},"end":{"line":31,"column":14}},"10":{"start":{"line":48,"column":12},"end":{"line":48,"column":68}},"11":{"start":{"line":55,"column":2},"end":{"line":155,"column":4}},"12":{"start":{"line":70,"column":25},"end":{"line":70,"column":55}},"13":{"start":{"line":86,"column":25},"end":{"line":86,"column":50}},"14":{"start":{"line":106,"column":20},"end":{"line":110,"column":22}},"15":{"start":{"line":121,"column":20},"end":{"line":125,"column":22}},"16":{"start":{"line":136,"column":34},"end":{"line":136,"column":89}},"17":{"start":{"line":138,"column":20},"end":{"line":140,"column":27}},"18":{"start":{"line":158,"column":15},"end":{"line":282,"column":2}}},"fnMap":{"0":{"name":"AchievementsScreen","decl":{"start":{"line":11,"column":24},"end":{"line":11,"column":42}},"loc":{"start":{"line":11,"column":45},"end":{"line":156,"column":1}},"line":11},"1":{"name":"(anonymous_1)","decl":{"start":{"line":15,"column":51},"end":{"line":15,"column":52}},"loc":{"start":{"line":15,"column":56},"end":{"line":15,"column":66}},"line":15},"2":{"name":"(anonymous_2)","decl":{"start":{"line":16,"column":49},"end":{"line":16,"column":50}},"loc":{"start":{"line":16,"column":54},"end":{"line":16,"column":65}},"line":16},"3":{"name":"(anonymous_3)","decl":{"start":{"line":18,"column":29},"end":{"line":18,"column":30}},"loc":{"start":{"line":19,"column":4},"end":{"line":52,"column":11}},"line":19},"4":{"name":"(anonymous_4)","decl":{"start":{"line":25,"column":31},"end":{"line":25,"column":32}},"loc":{"start":{"line":26,"column":12},"end":{"line":31,"column":14}},"line":26},"5":{"name":"(anonymous_5)","decl":{"start":{"line":47,"column":29},"end":{"line":47,"column":30}},"loc":{"start":{"line":48,"column":12},"end":{"line":48,"column":68}},"line":48},"6":{"name":"(anonymous_6)","decl":{"start":{"line":70,"column":19},"end":{"line":70,"column":20}},"loc":{"start":{"line":70,"column":25},"end":{"line":70,"column":55}},"line":70},"7":{"name":"(anonymous_7)","decl":{"start":{"line":86,"column":19},"end":{"line":86,"column":20}},"loc":{"start":{"line":86,"column":25},"end":{"line":86,"column":50}},"line":86},"8":{"name":"(anonymous_8)","decl":{"start":{"line":105,"column":44},"end":{"line":105,"column":45}},"loc":{"start":{"line":106,"column":20},"end":{"line":110,"column":22}},"line":106},"9":{"name":"(anonymous_9)","decl":{"start":{"line":120,"column":42},"end":{"line":120,"column":43}},"loc":{"start":{"line":121,"column":20},"end":{"line":125,"column":22}},"line":121},"10":{"name":"(anonymous_10)","decl":{"start":{"line":136,"column":24},"end":{"line":136,"column":25}},"loc":{"start":{"line":136,"column":34},"end":{"line":136,"column":89}},"line":136},"11":{"name":"(anonymous_11)","decl":{"start":{"line":137,"column":23},"end":{"line":137,"column":24}},"loc":{"start":{"line":138,"column":20},"end":{"line":140,"column":27}},"line":138}},"branchMap":{"0":{"loc":{"start":{"line":29,"column":21},"end":{"line":29,"column":68}},"type":"cond-expr","locations":[{"start":{"line":29,"column":43},"end":{"line":29,"column":52}},{"start":{"line":29,"column":55},"end":{"line":29,"column":68}}],"line":29},"1":{"loc":{"start":{"line":30,"column":20},"end":{"line":30,"column":67}},"type":"cond-expr","locations":[{"start":{"line":30,"column":42},"end":{"line":30,"column":51}},{"start":{"line":30,"column":54},"end":{"line":30,"column":67}}],"line":30},"2":{"loc":{"start":{"line":40,"column":7},"end":{"line":42,"column":7}},"type":"binary-expr","locations":[{"start":{"line":40,"column":7},"end":{"line":40,"column":17}},{"start":{"line":41,"column":8},"end":{"line":41,"column":61}}],"line":40},"3":{"loc":{"start":{"line":44,"column":7},"end":{"line":51,"column":7}},"type":"binary-expr","locations":[{"start":{"line":44,"column":7},"end":{"line":44,"column":31}},{"start":{"line":45,"column":8},"end":{"line":50,"column":15}}],"line":44},"4":{"loc":{"start":{"line":68,"column":12},"end":{"line":68,"column":62}},"type":"binary-expr","locations":[{"start":{"line":68,"column":12},"end":{"line":68,"column":42}},{"start":{"line":68,"column":46},"end":{"line":68,"column":62}}],"line":68},"5":{"loc":{"start":{"line":72,"column":35},"end":{"line":72,"column":94}},"type":"cond-expr","locations":[{"start":{"line":72,"column":68},"end":{"line":72,"column":77}},{"start":{"line":72,"column":80},"end":{"line":72,"column":94}}],"line":72},"6":{"loc":{"start":{"line":75,"column":12},"end":{"line":75,"column":66}},"type":"binary-expr","locations":[{"start":{"line":75,"column":12},"end":{"line":75,"column":42}},{"start":{"line":75,"column":46},"end":{"line":75,"column":66}}],"line":75},"7":{"loc":{"start":{"line":84,"column":12},"end":{"line":84,"column":57}},"type":"binary-expr","locations":[{"start":{"line":84,"column":12},"end":{"line":84,"column":37}},{"start":{"line":84,"column":41},"end":{"line":84,"column":57}}],"line":84},"8":{"loc":{"start":{"line":88,"column":37},"end":{"line":88,"column":91}},"type":"cond-expr","locations":[{"start":{"line":88,"column":65},"end":{"line":88,"column":74}},{"start":{"line":88,"column":77},"end":{"line":88,"column":91}}],"line":88},"9":{"loc":{"start":{"line":91,"column":12},"end":{"line":91,"column":61}},"type":"binary-expr","locations":[{"start":{"line":91,"column":12},"end":{"line":91,"column":37}},{"start":{"line":91,"column":41},"end":{"line":91,"column":61}}],"line":91},"10":{"loc":{"start":{"line":99,"column":9},"end":{"line":152,"column":9}},"type":"cond-expr","locations":[{"start":{"line":100,"column":10},"end":{"line":130,"column":13}},{"start":{"line":132,"column":10},"end":{"line":151,"column":13}}],"line":99},"11":{"loc":{"start":{"line":101,"column":13},"end":{"line":114,"column":13}},"type":"binary-expr","locations":[{"start":{"line":101,"column":13},"end":{"line":101,"column":44}},{"start":{"line":102,"column":14},"end":{"line":113,"column":17}}],"line":101},"12":{"loc":{"start":{"line":116,"column":13},"end":{"line":129,"column":13}},"type":"binary-expr","locations":[{"start":{"line":116,"column":13},"end":{"line":116,"column":42}},{"start":{"line":117,"column":14},"end":{"line":128,"column":17}}],"line":116},"13":{"loc":{"start":{"line":133,"column":13},"end":{"line":150,"column":13}},"type":"cond-expr","locations":[{"start":{"line":134,"column":14},"end":{"line":142,"column":21}},{"start":{"line":144,"column":14},"end":{"line":149,"column":21}}],"line":133},"14":{"loc":{"start":{"line":212,"column":11},"end":{"line":212,"column":56}},"type":"cond-expr","locations":[{"start":{"line":212,"column":31},"end":{"line":212,"column":45}},{"start":{"line":212,"column":48},"end":{"line":212,"column":56}}],"line":212}},"s":{"0":0,"1":0,"2":0,"3":0,"4":0,"5":0,"6":0,"7":0,"8":0,"9":0,"10":0,"11":0,"12":0,"13":0,"14":0,"15":0,"16":0,"17":0,"18":0},"f":{"0":0,"1":0,"2":0,"3":0,"4":0,"5":0,"6":0,"7":0,"8":0,"9":0,"10":0,"11":0},"b":{"0":[0,0],"1":[0,0],"2":[0,0],"3":[0,0],"4":[0,0],"5":[0,0],"6":[0,0],"7":[0,0],"8":[0,0],"9":[0,0],"10":[0,0],"11":[0,0],"12":[0,0],"13":[0,0],"14":[0,0]}}
,"C:\\Users\\Admin\\StudioProjects\\KidMap\\app\\tabs\\index.tsx": {"path":"C:\\Users\\Admin\\StudioProjects\\KidMap\\app\\tabs\\index.tsx","statementMap":{"0":{"start":{"line":29,"column":17},"end":{"line":29,"column":28}},"1":{"start":{"line":30,"column":23},"end":{"line":30,"column":36}},"2":{"start":{"line":32,"column":40},"end":{"line":32,"column":52}},"3":{"start":{"line":33,"column":40},"end":{"line":33,"column":54}},"4":{"start":{"line":34,"column":38},"end":{"line":34,"column":53}},"5":{"start":{"line":35,"column":42},"end":{"line":35,"column":57}},"6":{"start":{"line":37,"column":77},"end":{"line":37,"column":97}},"7":{"start":{"line":38,"column":54},"end":{"line":38,"column":76}},"8":{"start":{"line":39,"column":57},"end":{"line":39,"column":74}},"9":{"start":{"line":41,"column":2},"end":{"line":45,"column":9}},"10":{"start":{"line":42,"column":4},"end":{"line":42,"column":35}},"11":{"start":{"line":43,"column":4},"end":{"line":43,"column":37}},"12":{"start":{"line":44,"column":4},"end":{"line":44,"column":28}},"13":{"start":{"line":47,"column":2},"end":{"line":58,"column":5}},"14":{"start":{"line":48,"column":19},"end":{"line":48,"column":59}},"15":{"start":{"line":49,"column":4},"end":{"line":52,"column":6}},"16":{"start":{"line":53,"column":27},"end":{"line":53,"column":67}},"17":{"start":{"line":53,"column":55},"end":{"line":53,"column":66}},"18":{"start":{"line":54,"column":4},"end":{"line":57,"column":5}},"19":{"start":{"line":55,"column":22},"end":{"line":55,"column":78}},"20":{"start":{"line":56,"column":6},"end":{"line":56,"column":89}},"21":{"start":{"line":60,"column":22},"end":{"line":64,"column":3}},"22":{"start":{"line":66,"column":22},"end":{"line":83,"column":46}},"23":{"start":{"line":67,"column":4},"end":{"line":67,"column":39}},"24":{"start":{"line":67,"column":29},"end":{"line":67,"column":39}},"25":{"start":{"line":68,"column":39},"end":{"line":68,"column":41}},"26":{"start":{"line":70,"column":4},"end":{"line":74,"column":7}},"27":{"start":{"line":71,"column":6},"end":{"line":73,"column":7}},"28":{"start":{"line":72,"column":8},"end":{"line":72,"column":91}},"29":{"start":{"line":76,"column":4},"end":{"line":80,"column":7}},"30":{"start":{"line":77,"column":6},"end":{"line":79,"column":7}},"31":{"start":{"line":78,"column":8},"end":{"line":78,"column":92}},"32":{"start":{"line":82,"column":4},"end":{"line":82,"column":18}},"33":{"start":{"line":85,"column":28},"end":{"line":89,"column":3}},"34":{"start":{"line":86,"column":4},"end":{"line":86,"column":26}},"35":{"start":{"line":87,"column":4},"end":{"line":87,"column":31}},"36":{"start":{"line":88,"column":4},"end":{"line":88,"column":71}},"37":{"start":{"line":91,"column":31},"end":{"line":94,"column":3}},"38":{"start":{"line":92,"column":4},"end":{"line":92,"column":53}},"39":{"start":{"line":93,"column":4},"end":{"line":93,"column":63}},"40":{"start":{"line":96,"column":32},"end":{"line":106,"column":3}},"41":{"start":{"line":97,"column":32},"end":{"line":103,"column":5}},"42":{"start":{"line":104,"column":4},"end":{"line":104,"column":44}},"43":{"start":{"line":105,"column":4},"end":{"line":105,"column":36}},"44":{"start":{"line":108,"column":28},"end":{"line":111,"column":3}},"45":{"start":{"line":109,"column":4},"end":{"line":109,"column":26}},"46":{"start":{"line":110,"column":4},"end":{"line":110,"column":51}},"47":{"start":{"line":110,"column":21},"end":{"line":110,"column":43}},"48":{"start":{"line":113,"column":38},"end":{"line":121,"column":3}},"49":{"start":{"line":123,"column":24},"end":{"line":132,"column":3}},"50":{"start":{"line":124,"column":4},"end":{"line":124,"column":24}},"51":{"start":{"line":125,"column":4},"end":{"line":131,"column":5}},"52":{"start":{"line":126,"column":6},"end":{"line":126,"column":64}},"53":{"start":{"line":126,"column":37},"end":{"line":126,"column":62}},"54":{"start":{"line":128,"column":6},"end":{"line":128,"column":28}},"55":{"start":{"line":130,"column":6},"end":{"line":130,"column":27}},"56":{"start":{"line":134,"column":33},"end":{"line":140,"column":3}},"57":{"start":{"line":135,"column":4},"end":{"line":139,"column":5}},"58":{"start":{"line":136,"column":6},"end":{"line":136,"column":42}},"59":{"start":{"line":138,"column":6},"end":{"line":138,"column":28}},"60":{"start":{"line":142,"column":2},"end":{"line":212,"column":4}},"61":{"start":{"line":148,"column":22},"end":{"line":148,"column":44}},"62":{"start":{"line":163,"column":62},"end":{"line":163,"column":83}},"63":{"start":{"line":184,"column":12},"end":{"line":184,"column":96}},"64":{"start":{"line":191,"column":12},"end":{"line":199,"column":19}},"65":{"start":{"line":207,"column":28},"end":{"line":207,"column":50}},"66":{"start":{"line":215,"column":15},"end":{"line":250,"column":2}}},"fnMap":{"0":{"name":"HomeScreen","decl":{"start":{"line":28,"column":24},"end":{"line":28,"column":34}},"loc":{"start":{"line":28,"column":37},"end":{"line":213,"column":1}},"line":28},"1":{"name":"(anonymous_1)","decl":{"start":{"line":41,"column":12},"end":{"line":41,"column":13}},"loc":{"start":{"line":41,"column":18},"end":{"line":45,"column":3}},"line":41},"2":{"name":"(anonymous_2)","decl":{"start":{"line":47,"column":16},"end":{"line":47,"column":17}},"loc":{"start":{"line":47,"column":35},"end":{"line":58,"column":3}},"line":47},"3":{"name":"(anonymous_3)","decl":{"start":{"line":53,"column":48},"end":{"line":53,"column":49}},"loc":{"start":{"line":53,"column":55},"end":{"line":53,"column":66}},"line":53},"4":{"name":"(anonymous_4)","decl":{"start":{"line":66,"column":30},"end":{"line":66,"column":31}},"loc":{"start":{"line":66,"column":36},"end":{"line":83,"column":3}},"line":66},"5":{"name":"(anonymous_5)","decl":{"start":{"line":70,"column":27},"end":{"line":70,"column":28}},"loc":{"start":{"line":70,"column":38},"end":{"line":74,"column":5}},"line":70},"6":{"name":"(anonymous_6)","decl":{"start":{"line":76,"column":22},"end":{"line":76,"column":23}},"loc":{"start":{"line":76,"column":33},"end":{"line":80,"column":5}},"line":76},"7":{"name":"(anonymous_7)","decl":{"start":{"line":85,"column":28},"end":{"line":85,"column":29}},"loc":{"start":{"line":85,"column":46},"end":{"line":89,"column":3}},"line":85},"8":{"name":"(anonymous_8)","decl":{"start":{"line":91,"column":31},"end":{"line":91,"column":32}},"loc":{"start":{"line":91,"column":60},"end":{"line":94,"column":3}},"line":91},"9":{"name":"(anonymous_9)","decl":{"start":{"line":96,"column":32},"end":{"line":96,"column":33}},"loc":{"start":{"line":96,"column":38},"end":{"line":106,"column":3}},"line":96},"10":{"name":"(anonymous_10)","decl":{"start":{"line":108,"column":28},"end":{"line":108,"column":29}},"loc":{"start":{"line":108,"column":34},"end":{"line":111,"column":3}},"line":108},"11":{"name":"(anonymous_11)","decl":{"start":{"line":110,"column":15},"end":{"line":110,"column":16}},"loc":{"start":{"line":110,"column":21},"end":{"line":110,"column":43}},"line":110},"12":{"name":"(anonymous_12)","decl":{"start":{"line":123,"column":24},"end":{"line":123,"column":25}},"loc":{"start":{"line":123,"column":36},"end":{"line":132,"column":3}},"line":123},"13":{"name":"(anonymous_13)","decl":{"start":{"line":126,"column":24},"end":{"line":126,"column":25}},"loc":{"start":{"line":126,"column":37},"end":{"line":126,"column":62}},"line":126},"14":{"name":"(anonymous_14)","decl":{"start":{"line":134,"column":33},"end":{"line":134,"column":34}},"loc":{"start":{"line":134,"column":67},"end":{"line":140,"column":3}},"line":134},"15":{"name":"(anonymous_15)","decl":{"start":{"line":148,"column":16},"end":{"line":148,"column":17}},"loc":{"start":{"line":148,"column":22},"end":{"line":148,"column":44}},"line":148},"16":{"name":"(anonymous_16)","decl":{"start":{"line":163,"column":56},"end":{"line":163,"column":57}},"loc":{"start":{"line":163,"column":62},"end":{"line":163,"column":83}},"line":163},"17":{"name":"(anonymous_17)","decl":{"start":{"line":183,"column":26},"end":{"line":183,"column":27}},"loc":{"start":{"line":184,"column":12},"end":{"line":184,"column":96}},"line":184},"18":{"name":"(anonymous_18)","decl":{"start":{"line":190,"column":24},"end":{"line":190,"column":25}},"loc":{"start":{"line":191,"column":12},"end":{"line":199,"column":19}},"line":191},"19":{"name":"(anonymous_19)","decl":{"start":{"line":207,"column":22},"end":{"line":207,"column":23}},"loc":{"start":{"line":207,"column":28},"end":{"line":207,"column":50}},"line":207}},"branchMap":{"0":{"loc":{"start":{"line":48,"column":19},"end":{"line":48,"column":59}},"type":"cond-expr","locations":[{"start":{"line":48,"column":39},"end":{"line":48,"column":48}},{"start":{"line":48,"column":51},"end":{"line":48,"column":59}}],"line":48},"1":{"loc":{"start":{"line":54,"column":4},"end":{"line":57,"column":5}},"type":"if","locations":[{"start":{"line":54,"column":4},"end":{"line":57,"column":5}},{"start":{},"end":{}}],"line":54},"2":{"loc":{"start":{"line":54,"column":8},"end":{"line":54,"column":47}},"type":"binary-expr","locations":[{"start":{"line":54,"column":8},"end":{"line":54,"column":22}},{"start":{"line":54,"column":26},"end":{"line":54,"column":47}}],"line":54},"3":{"loc":{"start":{"line":67,"column":4},"end":{"line":67,"column":39}},"type":"if","locations":[{"start":{"line":67,"column":4},"end":{"line":67,"column":39}},{"start":{},"end":{}}],"line":67},"4":{"loc":{"start":{"line":71,"column":6},"end":{"line":73,"column":7}},"type":"if","locations":[{"start":{"line":71,"column":6},"end":{"line":73,"column":7}},{"start":{},"end":{}}],"line":71},"5":{"loc":{"start":{"line":77,"column":6},"end":{"line":79,"column":7}},"type":"if","locations":[{"start":{"line":77,"column":6},"end":{"line":79,"column":7}},{"start":{},"end":{}}],"line":77},"6":{"loc":{"start":{"line":135,"column":4},"end":{"line":139,"column":5}},"type":"if","locations":[{"start":{"line":135,"column":4},"end":{"line":139,"column":5}},{"start":{"line":137,"column":11},"end":{"line":139,"column":5}}],"line":135},"7":{"loc":{"start":{"line":163,"column":9},"end":{"line":163,"column":87}},"type":"binary-expr","locations":[{"start":{"line":163,"column":9},"end":{"line":163,"column":20}},{"start":{"line":163,"column":24},"end":{"line":163,"column":87}}],"line":163},"8":{"loc":{"start":{"line":189,"column":9},"end":{"line":209,"column":9}},"type":"cond-expr","locations":[{"start":{"line":190,"column":10},"end":{"line":200,"column":12}},{"start":{"line":202,"column":10},"end":{"line":208,"column":12}}],"line":189}},"s":{"0":0,"1":0,"2":0,"3":0,"4":0,"5":0,"6":0,"7":0,"8":0,"9":0,"10":0,"11":0,"12":0,"13":0,"14":0,"15":0,"16":0,"17":0,"18":0,"19":0,"20":0,"21":0,"22":0,"23":0,"24":0,"25":0,"26":0,"27":0,"28":0,"29":0,"30":0,"31":0,"32":0,"33":0,"34":0,"35":0,"36":0,"37":0,"38":0,"39":0,"40":0,"41":0,"42":0,"43":0,"44":0,"45":0,"46":0,"47":0,"48":0,"49":0,"50":0,"51":0,"52":0,"53":0,"54":0,"55":0,"56":0,"57":0,"58":0,"59":0,"60":0,"61":0,"62":0,"63":0,"64":0,"65":0,"66":0},"f":{"0":0,"1":0,"2":0,"3":0,"4":0,"5":0,"6":0,"7":0,"8":0,"9":0,"10":0,"11":0,"12":0,"13":0,"14":0,"15":0,"16":0,"17":0,"18":0,"19":0},"b":{"0":[0,0],"1":[0,0],"2":[0,0],"3":[0,0],"4":[0,0],"5":[0,0],"6":[0,0],"7":[0,0],"8":[0,0]}}
,"C:\\Users\\Admin\\StudioProjects\\KidMap\\app\\tabs\\map.tsx": {"path":"C:\\Users\\Admin\\StudioProjects\\KidMap\\app\\tabs\\map.tsx","statementMap":{"0":{"start":{"line":21,"column":53},"end":{"line":21,"column":77}},"1":{"start":{"line":24,"column":17},"end":{"line":24,"column":28}},"2":{"start":{"line":25,"column":23},"end":{"line":25,"column":36}},"3":{"start":{"line":36,"column":6},"end":{"line":36,"column":26}},"4":{"start":{"line":38,"column":38},"end":{"line":38,"column":69}},"5":{"start":{"line":39,"column":42},"end":{"line":39,"column":57}},"6":{"start":{"line":40,"column":38},"end":{"line":40,"column":67}},"7":{"start":{"line":42,"column":2},"end":{"line":55,"column":25}},"8":{"start":{"line":43,"column":4},"end":{"line":54,"column":5}},"9":{"start":{"line":44,"column":6},"end":{"line":53,"column":9}},"10":{"start":{"line":57,"column":2},"end":{"line":106,"column":40}},"11":{"start":{"line":58,"column":29},"end":{"line":104,"column":5}},"12":{"start":{"line":59,"column":6},"end":{"line":103,"column":7}},"13":{"start":{"line":60,"column":8},"end":{"line":60,"column":30}},"14":{"start":{"line":61,"column":8},"end":{"line":61,"column":28}},"15":{"start":{"line":62,"column":8},"end":{"line":102,"column":9}},"16":{"start":{"line":63,"column":41},"end":{"line":66,"column":11}},"17":{"start":{"line":67,"column":39},"end":{"line":70,"column":11}},"18":{"start":{"line":71,"column":30},"end":{"line":71,"column":68}},"19":{"start":{"line":73,"column":10},"end":{"line":97,"column":11}},"20":{"start":{"line":74,"column":36},"end":{"line":93,"column":13}},"21":{"start":{"line":94,"column":12},"end":{"line":94,"column":34}},"22":{"start":{"line":96,"column":12},"end":{"line":96,"column":45}},"23":{"start":{"line":99,"column":10},"end":{"line":99,"column":50}},"24":{"start":{"line":101,"column":10},"end":{"line":101,"column":33}},"25":{"start":{"line":105,"column":4},"end":{"line":105,"column":23}},"26":{"start":{"line":108,"column":28},"end":{"line":111,"column":3}},"27":{"start":{"line":109,"column":4},"end":{"line":109,"column":23}},"28":{"start":{"line":110,"column":4},"end":{"line":110,"column":38}},"29":{"start":{"line":113,"column":28},"end":{"line":115,"column":3}},"30":{"start":{"line":114,"column":4},"end":{"line":114,"column":27}},"31":{"start":{"line":117,"column":2},"end":{"line":221,"column":4}},"32":{"start":{"line":177,"column":14},"end":{"line":187,"column":26}},"33":{"start":{"line":180,"column":31},"end":{"line":180,"column":50}},"34":{"start":{"line":224,"column":15},"end":{"line":361,"column":2}}},"fnMap":{"0":{"name":"MapScreen","decl":{"start":{"line":23,"column":24},"end":{"line":23,"column":33}},"loc":{"start":{"line":23,"column":36},"end":{"line":222,"column":1}},"line":23},"1":{"name":"(anonymous_1)","decl":{"start":{"line":42,"column":12},"end":{"line":42,"column":13}},"loc":{"start":{"line":42,"column":18},"end":{"line":55,"column":3}},"line":42},"2":{"name":"(anonymous_2)","decl":{"start":{"line":57,"column":12},"end":{"line":57,"column":13}},"loc":{"start":{"line":57,"column":18},"end":{"line":106,"column":3}},"line":57},"3":{"name":"(anonymous_3)","decl":{"start":{"line":58,"column":29},"end":{"line":58,"column":30}},"loc":{"start":{"line":58,"column":41},"end":{"line":104,"column":5}},"line":58},"4":{"name":"(anonymous_4)","decl":{"start":{"line":108,"column":28},"end":{"line":108,"column":29}},"loc":{"start":{"line":108,"column":46},"end":{"line":111,"column":3}},"line":108},"5":{"name":"(anonymous_5)","decl":{"start":{"line":113,"column":28},"end":{"line":113,"column":29}},"loc":{"start":{"line":113,"column":34},"end":{"line":115,"column":3}},"line":113},"6":{"name":"(anonymous_6)","decl":{"start":{"line":176,"column":12},"end":{"line":176,"column":13}},"loc":{"start":{"line":177,"column":14},"end":{"line":187,"column":26}},"line":177},"7":{"name":"(anonymous_7)","decl":{"start":{"line":180,"column":25},"end":{"line":180,"column":26}},"loc":{"start":{"line":180,"column":31},"end":{"line":180,"column":50}},"line":180}},"branchMap":{"0":{"loc":{"start":{"line":43,"column":4},"end":{"line":54,"column":5}},"type":"if","locations":[{"start":{"line":43,"column":4},"end":{"line":54,"column":5}},{"start":{},"end":{}}],"line":43},"1":{"loc":{"start":{"line":43,"column":8},"end":{"line":43,"column":27}},"type":"binary-expr","locations":[{"start":{"line":43,"column":8},"end":{"line":43,"column":15}},{"start":{"line":43,"column":19},"end":{"line":43,"column":27}}],"line":43},"2":{"loc":{"start":{"line":59,"column":6},"end":{"line":103,"column":7}},"type":"if","locations":[{"start":{"line":59,"column":6},"end":{"line":103,"column":7}},{"start":{},"end":{}}],"line":59},"3":{"loc":{"start":{"line":59,"column":10},"end":{"line":59,"column":31}},"type":"binary-expr","locations":[{"start":{"line":59,"column":10},"end":{"line":59,"column":16}},{"start":{"line":59,"column":20},"end":{"line":59,"column":31}}],"line":59},"4":{"loc":{"start":{"line":73,"column":10},"end":{"line":97,"column":11}},"type":"if","locations":[{"start":{"line":73,"column":10},"end":{"line":97,"column":11}},{"start":{"line":95,"column":17},"end":{"line":97,"column":11}}],"line":73},"5":{"loc":{"start":{"line":80,"column":20},"end":{"line":82,"column":29}},"type":"cond-expr","locations":[{"start":{"line":81,"column":24},"end":{"line":81,"column":30}},{"start":{"line":82,"column":24},"end":{"line":82,"column":29}}],"line":80},"6":{"loc":{"start":{"line":80,"column":20},"end":{"line":80,"column":72}},"type":"binary-expr","locations":[{"start":{"line":80,"column":20},"end":{"line":80,"column":44}},{"start":{"line":80,"column":48},"end":{"line":80,"column":72}}],"line":80},"7":{"loc":{"start":{"line":127,"column":12},"end":{"line":129,"column":55}},"type":"cond-expr","locations":[{"start":{"line":128,"column":16},"end":{"line":128,"column":58}},{"start":{"line":129,"column":16},"end":{"line":129,"column":55}}],"line":127},"8":{"loc":{"start":{"line":149,"column":17},"end":{"line":149,"column":56}},"type":"binary-expr","locations":[{"start":{"line":149,"column":17},"end":{"line":149,"column":29}},{"start":{"line":149,"column":33},"end":{"line":149,"column":56}}],"line":149},"9":{"loc":{"start":{"line":158,"column":45},"end":{"line":158,"column":83}},"type":"binary-expr","locations":[{"start":{"line":158,"column":45},"end":{"line":158,"column":57}},{"start":{"line":158,"column":61},"end":{"line":158,"column":83}}],"line":158},"10":{"loc":{"start":{"line":161,"column":17},"end":{"line":161,"column":49}},"type":"binary-expr","locations":[{"start":{"line":161,"column":17},"end":{"line":161,"column":34}},{"start":{"line":161,"column":38},"end":{"line":161,"column":49}}],"line":161},"11":{"loc":{"start":{"line":163,"column":15},"end":{"line":169,"column":15}},"type":"binary-expr","locations":[{"start":{"line":163,"column":15},"end":{"line":163,"column":27}},{"start":{"line":164,"column":16},"end":{"line":168,"column":18}}],"line":163},"12":{"loc":{"start":{"line":179,"column":43},"end":{"line":179,"column":89}},"type":"binary-expr","locations":[{"start":{"line":179,"column":43},"end":{"line":179,"column":62}},{"start":{"line":179,"column":66},"end":{"line":179,"column":89}}],"line":179},"13":{"loc":{"start":{"line":183,"column":49},"end":{"line":183,"column":99}},"type":"binary-expr","locations":[{"start":{"line":183,"column":49},"end":{"line":183,"column":68}},{"start":{"line":183,"column":72},"end":{"line":183,"column":99}}],"line":183},"14":{"loc":{"start":{"line":192,"column":9},"end":{"line":218,"column":9}},"type":"cond-expr","locations":[{"start":{"line":193,"column":10},"end":{"line":207,"column":13}},{"start":{"line":209,"column":10},"end":{"line":217,"column":17}}],"line":192},"15":{"loc":{"start":{"line":195,"column":13},"end":{"line":206,"column":20}},"type":"cond-expr","locations":[{"start":{"line":196,"column":14},"end":{"line":196,"column":70}},{"start":{"line":197,"column":16},"end":{"line":206,"column":20}}],"line":195},"16":{"loc":{"start":{"line":197,"column":16},"end":{"line":206,"column":20}},"type":"cond-expr","locations":[{"start":{"line":198,"column":14},"end":{"line":198,"column":64}},{"start":{"line":199,"column":16},"end":{"line":206,"column":20}}],"line":197},"17":{"loc":{"start":{"line":199,"column":16},"end":{"line":206,"column":20}},"type":"cond-expr","locations":[{"start":{"line":200,"column":14},"end":{"line":205,"column":16}},{"start":{"line":206,"column":16},"end":{"line":206,"column":20}}],"line":199}},"s":{"0":0,"1":0,"2":0,"3":0,"4":0,"5":0,"6":0,"7":0,"8":0,"9":0,"10":0,"11":0,"12":0,"13":0,"14":0,"15":0,"16":0,"17":0,"18":0,"19":0,"20":0,"21":0,"22":0,"23":0,"24":0,"25":0,"26":0,"27":0,"28":0,"29":0,"30":0,"31":0,"32":0,"33":0,"34":0},"f":{"0":0,"1":0,"2":0,"3":0,"4":0,"5":0,"6":0,"7":0},"b":{"0":[0,0],"1":[0,0],"2":[0,0],"3":[0,0],"4":[0,0],"5":[0,0],"6":[0,0],"7":[0,0],"8":[0,0],"9":[0,0],"10":[0,0],"11":[0,0],"12":[0,0],"13":[0,0],"14":[0,0],"15":[0,0],"16":[0,0],"17":[0,0]}}
,"C:\\Users\\Admin\\StudioProjects\\KidMap\\app\\tabs\\settings.tsx": {"path":"C:\\Users\\Admin\\StudioProjects\\KidMap\\app\\tabs\\settings.tsx","statementMap":{"0":{"start":{"line":27,"column":58},"end":{"line":27,"column":78}},"1":{"start":{"line":28,"column":56},"end":{"line":28,"column":76}},"2":{"start":{"line":29,"column":62},"end":{"line":29,"column":83}},"3":{"start":{"line":30,"column":58},"end":{"line":30,"column":78}},"4":{"start":{"line":31,"column":52},"end":{"line":31,"column":73}},"5":{"start":{"line":32,"column":54},"end":{"line":32,"column":75}},"6":{"start":{"line":34,"column":64},"end":{"line":34,"column":80}},"7":{"start":{"line":36,"column":50},"end":{"line":50,"column":3}},"8":{"start":{"line":37,"column":4},"end":{"line":49,"column":11}},"9":{"start":{"line":52,"column":44},"end":{"line":64,"column":3}},"10":{"start":{"line":53,"column":4},"end":{"line":63,"column":16}},"11":{"start":{"line":54,"column":30},"end":{"line":57,"column":7}},"12":{"start":{"line":66,"column":34},"end":{"line":85,"column":3}},"13":{"start":{"line":67,"column":4},"end":{"line":84,"column":5}},"14":{"start":{"line":68,"column":6},"end":{"line":68,"column":69}},"15":{"start":{"line":69,"column":22},"end":{"line":69,"column":65}},"16":{"start":{"line":71,"column":27},"end":{"line":71,"column":64}},"17":{"start":{"line":71,"column":47},"end":{"line":71,"column":56}},"18":{"start":{"line":72,"column":25},"end":{"line":72,"column":39}},"19":{"start":{"line":74,"column":6},"end":{"line":81,"column":7}},"20":{"start":{"line":75,"column":8},"end":{"line":75,"column":87}},"21":{"start":{"line":77,"column":8},"end":{"line":77,"column":82}},"22":{"start":{"line":78,"column":8},"end":{"line":80,"column":11}},"23":{"start":{"line":78,"column":28},"end":{"line":78,"column":38}},"24":{"start":{"line":79,"column":10},"end":{"line":79,"column":82}},"25":{"start":{"line":83,"column":6},"end":{"line":83,"column":61}},"26":{"start":{"line":87,"column":2},"end":{"line":236,"column":4}},"27":{"start":{"line":90,"column":45},"end":{"line":90,"column":72}},"28":{"start":{"line":92,"column":38},"end":{"line":92,"column":66}},"29":{"start":{"line":104,"column":29},"end":{"line":104,"column":56}},"30":{"start":{"line":155,"column":15},"end":{"line":157,"column":16}},"31":{"start":{"line":156,"column":17},"end":{"line":156,"column":60}},"32":{"start":{"line":175,"column":35},"end":{"line":175,"column":84}},"33":{"start":{"line":189,"column":35},"end":{"line":189,"column":82}},"34":{"start":{"line":225,"column":29},"end":{"line":225,"column":55}},"35":{"start":{"line":239,"column":15},"end":{"line":360,"column":2}}},"fnMap":{"0":{"name":"SettingsScreen","decl":{"start":{"line":26,"column":24},"end":{"line":26,"column":38}},"loc":{"start":{"line":26,"column":41},"end":{"line":237,"column":1}},"line":26},"1":{"name":"(anonymous_1)","decl":{"start":{"line":36,"column":50},"end":{"line":36,"column":51}},"loc":{"start":{"line":37,"column":4},"end":{"line":49,"column":11}},"line":37},"2":{"name":"(anonymous_2)","decl":{"start":{"line":52,"column":44},"end":{"line":52,"column":45}},"loc":{"start":{"line":53,"column":4},"end":{"line":63,"column":16}},"line":53},"3":{"name":"(anonymous_3)","decl":{"start":{"line":54,"column":13},"end":{"line":54,"column":14}},"loc":{"start":{"line":54,"column":30},"end":{"line":57,"column":7}},"line":54},"4":{"name":"(anonymous_4)","decl":{"start":{"line":66,"column":34},"end":{"line":66,"column":35}},"loc":{"start":{"line":66,"column":46},"end":{"line":85,"column":3}},"line":66},"5":{"name":"(anonymous_5)","decl":{"start":{"line":71,"column":42},"end":{"line":71,"column":43}},"loc":{"start":{"line":71,"column":47},"end":{"line":71,"column":56}},"line":71},"6":{"name":"(anonymous_6)","decl":{"start":{"line":78,"column":23},"end":{"line":78,"column":24}},"loc":{"start":{"line":78,"column":28},"end":{"line":78,"column":38}},"line":78},"7":{"name":"(anonymous_7)","decl":{"start":{"line":78,"column":48},"end":{"line":78,"column":49}},"loc":{"start":{"line":78,"column":58},"end":{"line":80,"column":9}},"line":78},"8":{"name":"(anonymous_8)","decl":{"start":{"line":90,"column":39},"end":{"line":90,"column":40}},"loc":{"start":{"line":90,"column":45},"end":{"line":90,"column":72}},"line":90},"9":{"name":"(anonymous_9)","decl":{"start":{"line":92,"column":32},"end":{"line":92,"column":33}},"loc":{"start":{"line":92,"column":38},"end":{"line":92,"column":66}},"line":92},"10":{"name":"(anonymous_10)","decl":{"start":{"line":104,"column":23},"end":{"line":104,"column":24}},"loc":{"start":{"line":104,"column":29},"end":{"line":104,"column":56}},"line":104},"11":{"name":"(anonymous_11)","decl":{"start":{"line":153,"column":22},"end":{"line":153,"column":23}},"loc":{"start":{"line":153,"column":28},"end":{"line":158,"column":14}},"line":153},"12":{"name":"(anonymous_12)","decl":{"start":{"line":175,"column":29},"end":{"line":175,"column":30}},"loc":{"start":{"line":175,"column":35},"end":{"line":175,"column":84}},"line":175},"13":{"name":"(anonymous_13)","decl":{"start":{"line":189,"column":29},"end":{"line":189,"column":30}},"loc":{"start":{"line":189,"column":35},"end":{"line":189,"column":82}},"line":189},"14":{"name":"(anonymous_14)","decl":{"start":{"line":209,"column":23},"end":{"line":209,"column":24}},"loc":{"start":{"line":209,"column":29},"end":{"line":209,"column":31}},"line":209},"15":{"name":"(anonymous_15)","decl":{"start":{"line":215,"column":23},"end":{"line":215,"column":24}},"loc":{"start":{"line":215,"column":29},"end":{"line":215,"column":31}},"line":215},"16":{"name":"(anonymous_16)","decl":{"start":{"line":225,"column":23},"end":{"line":225,"column":24}},"loc":{"start":{"line":225,"column":29},"end":{"line":225,"column":55}},"line":225}},"branchMap":{"0":{"loc":{"start":{"line":56,"column":8},"end":{"line":56,"column":41}},"type":"binary-expr","locations":[{"start":{"line":56,"column":8},"end":{"line":56,"column":15}},{"start":{"line":56,"column":19},"end":{"line":56,"column":41}}],"line":56},"1":{"loc":{"start":{"line":74,"column":6},"end":{"line":81,"column":7}},"type":"if","locations":[{"start":{"line":74,"column":6},"end":{"line":81,"column":7}},{"start":{"line":76,"column":13},"end":{"line":81,"column":7}}],"line":74},"2":{"loc":{"start":{"line":89,"column":7},"end":{"line":234,"column":7}},"type":"cond-expr","locations":[{"start":{"line":90,"column":8},"end":{"line":90,"column":76}},{"start":{"line":91,"column":10},"end":{"line":234,"column":7}}],"line":89},"3":{"loc":{"start":{"line":91,"column":10},"end":{"line":234,"column":7}},"type":"cond-expr","locations":[{"start":{"line":92,"column":8},"end":{"line":92,"column":70}},{"start":{"line":94,"column":8},"end":{"line":233,"column":11}}],"line":91},"4":{"loc":{"start":{"line":155,"column":15},"end":{"line":157,"column":16}},"type":"if","locations":[{"start":{"line":155,"column":15},"end":{"line":157,"column":16}},{"start":{},"end":{}}],"line":155},"5":{"loc":{"start":{"line":155,"column":19},"end":{"line":155,"column":67}},"type":"binary-expr","locations":[{"start":{"line":155,"column":19},"end":{"line":155,"column":48}},{"start":{"line":155,"column":52},"end":{"line":155,"column":67}}],"line":155},"6":{"loc":{"start":{"line":173,"column":22},"end":{"line":173,"column":88}},"type":"binary-expr","locations":[{"start":{"line":173,"column":22},"end":{"line":173,"column":67}},{"start":{"line":173,"column":71},"end":{"line":173,"column":88}}],"line":173},"7":{"loc":{"start":{"line":179,"column":22},"end":{"line":179,"column":92}},"type":"binary-expr","locations":[{"start":{"line":179,"column":22},"end":{"line":179,"column":67}},{"start":{"line":179,"column":71},"end":{"line":179,"column":92}}],"line":179},"8":{"loc":{"start":{"line":187,"column":22},"end":{"line":187,"column":86}},"type":"binary-expr","locations":[{"start":{"line":187,"column":22},"end":{"line":187,"column":65}},{"start":{"line":187,"column":69},"end":{"line":187,"column":86}}],"line":187},"9":{"loc":{"start":{"line":193,"column":22},"end":{"line":193,"column":90}},"type":"binary-expr","locations":[{"start":{"line":193,"column":22},"end":{"line":193,"column":65}},{"start":{"line":193,"column":69},"end":{"line":193,"column":90}}],"line":193}},"s":{"0":0,"1":0,"2":0,"3":0,"4":0,"5":0,"6":0,"7":0,"8":0,"9":0,"10":0,"11":0,"12":0,"13":0,"14":0,"15":0,"16":0,"17":0,"18":0,"19":0,"20":0,"21":0,"22":0,"23":0,"24":0,"25":0,"26":0,"27":0,"28":0,"29":0,"30":0,"31":0,"32":0,"33":0,"34":0,"35":0},"f":{"0":0,"1":0,"2":0,"3":0,"4":0,"5":0,"6":0,"7":0,"8":0,"9":0,"10":0,"11":0,"12":0,"13":0,"14":0,"15":0,"16":0},"b":{"0":[0,0],"1":[0,0],"2":[0,0],"3":[0,0],"4":[0,0],"5":[0,0],"6":[0,0],"7":[0,0],"8":[0,0],"9":[0,0]}}
,"C:\\Users\\Admin\\StudioProjects\\KidMap\\app\\tabs\\transit.tsx": {"path":"C:\\Users\\Admin\\StudioProjects\\KidMap\\app\\tabs\\transit.tsx","statementMap":{"0":{"start":{"line":10,"column":53},"end":{"line":10,"column":77}},"1":{"start":{"line":20,"column":40},"end":{"line":20,"column":52}},"2":{"start":{"line":21,"column":42},"end":{"line":21,"column":71}},"3":{"start":{"line":22,"column":48},"end":{"line":22,"column":90}},"4":{"start":{"line":23,"column":42},"end":{"line":23,"column":57}},"5":{"start":{"line":24,"column":40},"end":{"line":24,"column":60}},"6":{"start":{"line":27,"column":2},"end":{"line":33,"column":9}},"7":{"start":{"line":28,"column":21},"end":{"line":30,"column":13}},"8":{"start":{"line":29,"column":6},"end":{"line":29,"column":30}},"9":{"start":{"line":32,"column":4},"end":{"line":32,"column":41}},"10":{"start":{"line":32,"column":17},"end":{"line":32,"column":40}},"11":{"start":{"line":35,"column":32},"end":{"line":43,"column":3}},"12":{"start":{"line":36,"column":4},"end":{"line":36,"column":26}},"13":{"start":{"line":37,"column":4},"end":{"line":37,"column":31}},"14":{"start":{"line":40,"column":4},"end":{"line":42,"column":13}},"15":{"start":{"line":41,"column":6},"end":{"line":41,"column":29}},"16":{"start":{"line":45,"column":21},"end":{"line":50,"column":3}},"17":{"start":{"line":46,"column":20},"end":{"line":46,"column":78}},"18":{"start":{"line":47,"column":4},"end":{"line":47,"column":50}},"19":{"start":{"line":47,"column":22},"end":{"line":47,"column":50}},"20":{"start":{"line":48,"column":20},"end":{"line":48,"column":44}},"21":{"start":{"line":49,"column":4},"end":{"line":49,"column":32}},"22":{"start":{"line":53,"column":39},"end":{"line":61,"column":3}},"23":{"start":{"line":63,"column":25},"end":{"line":70,"column":3}},"24":{"start":{"line":64,"column":4},"end":{"line":69,"column":5}},"25":{"start":{"line":65,"column":21},"end":{"line":65,"column":43}},"26":{"start":{"line":66,"column":22},"end":{"line":66,"column":44}},"27":{"start":{"line":67,"column":20},"end":{"line":67,"column":40}},"28":{"start":{"line":68,"column":15},"end":{"line":68,"column":39}},"29":{"start":{"line":72,"column":30},"end":{"line":89,"column":3}},"30":{"start":{"line":73,"column":4},"end":{"line":88,"column":16}},"31":{"start":{"line":79,"column":21},"end":{"line":79,"column":51}},"32":{"start":{"line":91,"column":25},"end":{"line":112,"column":3}},"33":{"start":{"line":92,"column":19},"end":{"line":92,"column":59}},"34":{"start":{"line":92,"column":42},"end":{"line":92,"column":58}},"35":{"start":{"line":94,"column":4},"end":{"line":111,"column":6}},"36":{"start":{"line":101,"column":23},"end":{"line":101,"column":47}},"37":{"start":{"line":114,"column":2},"end":{"line":215,"column":4}},"38":{"start":{"line":125,"column":25},"end":{"line":125,"column":43}},"39":{"start":{"line":142,"column":48},"end":{"line":142,"column":72}},"40":{"start":{"line":193,"column":40},"end":{"line":193,"column":61}},"41":{"start":{"line":218,"column":15},"end":{"line":431,"column":2}}},"fnMap":{"0":{"name":"TransitScreen","decl":{"start":{"line":19,"column":24},"end":{"line":19,"column":37}},"loc":{"start":{"line":19,"column":40},"end":{"line":216,"column":1}},"line":19},"1":{"name":"(anonymous_1)","decl":{"start":{"line":27,"column":12},"end":{"line":27,"column":13}},"loc":{"start":{"line":27,"column":18},"end":{"line":33,"column":3}},"line":27},"2":{"name":"(anonymous_2)","decl":{"start":{"line":28,"column":33},"end":{"line":28,"column":34}},"loc":{"start":{"line":28,"column":39},"end":{"line":30,"column":5}},"line":28},"3":{"name":"(anonymous_3)","decl":{"start":{"line":32,"column":11},"end":{"line":32,"column":12}},"loc":{"start":{"line":32,"column":17},"end":{"line":32,"column":40}},"line":32},"4":{"name":"(anonymous_4)","decl":{"start":{"line":35,"column":32},"end":{"line":35,"column":33}},"loc":{"start":{"line":35,"column":38},"end":{"line":43,"column":3}},"line":35},"5":{"name":"(anonymous_5)","decl":{"start":{"line":40,"column":15},"end":{"line":40,"column":16}},"loc":{"start":{"line":40,"column":21},"end":{"line":42,"column":5}},"line":40},"6":{"name":"(anonymous_6)","decl":{"start":{"line":45,"column":21},"end":{"line":45,"column":22}},"loc":{"start":{"line":45,"column":37},"end":{"line":50,"column":3}},"line":45},"7":{"name":"(anonymous_7)","decl":{"start":{"line":63,"column":25},"end":{"line":63,"column":26}},"loc":{"start":{"line":63,"column":45},"end":{"line":70,"column":3}},"line":63},"8":{"name":"(anonymous_8)","decl":{"start":{"line":72,"column":30},"end":{"line":72,"column":31}},"loc":{"start":{"line":73,"column":4},"end":{"line":88,"column":16}},"line":73},"9":{"name":"(anonymous_9)","decl":{"start":{"line":79,"column":15},"end":{"line":79,"column":16}},"loc":{"start":{"line":79,"column":21},"end":{"line":79,"column":51}},"line":79},"10":{"name":"(anonymous_10)","decl":{"start":{"line":91,"column":25},"end":{"line":91,"column":26}},"loc":{"start":{"line":91,"column":58},"end":{"line":112,"column":3}},"line":91},"11":{"name":"(anonymous_11)","decl":{"start":{"line":92,"column":37},"end":{"line":92,"column":38}},"loc":{"start":{"line":92,"column":42},"end":{"line":92,"column":58}},"line":92},"12":{"name":"(anonymous_12)","decl":{"start":{"line":101,"column":17},"end":{"line":101,"column":18}},"loc":{"start":{"line":101,"column":23},"end":{"line":101,"column":47}},"line":101},"13":{"name":"(anonymous_13)","decl":{"start":{"line":125,"column":19},"end":{"line":125,"column":20}},"loc":{"start":{"line":125,"column":25},"end":{"line":125,"column":43}},"line":125},"14":{"name":"(anonymous_14)","decl":{"start":{"line":142,"column":43},"end":{"line":142,"column":44}},"loc":{"start":{"line":142,"column":48},"end":{"line":142,"column":72}},"line":142},"15":{"name":"(anonymous_15)","decl":{"start":{"line":193,"column":35},"end":{"line":193,"column":36}},"loc":{"start":{"line":193,"column":40},"end":{"line":193,"column":61}},"line":193}},"branchMap":{"0":{"loc":{"start":{"line":47,"column":4},"end":{"line":47,"column":50}},"type":"if","locations":[{"start":{"line":47,"column":4},"end":{"line":47,"column":50}},{"start":{},"end":{}}],"line":47},"1":{"loc":{"start":{"line":64,"column":4},"end":{"line":69,"column":5}},"type":"switch","locations":[{"start":{"line":65,"column":6},"end":{"line":65,"column":43}},{"start":{"line":66,"column":6},"end":{"line":66,"column":44}},{"start":{"line":67,"column":6},"end":{"line":67,"column":40}},{"start":{"line":68,"column":6},"end":{"line":68,"column":39}}],"line":64},"2":{"loc":{"start":{"line":77,"column":8},"end":{"line":77,"column":70}},"type":"binary-expr","locations":[{"start":{"line":77,"column":8},"end":{"line":77,"column":38}},{"start":{"line":77,"column":42},"end":{"line":77,"column":70}}],"line":77},"3":{"loc":{"start":{"line":83,"column":8},"end":{"line":83,"column":74}},"type":"binary-expr","locations":[{"start":{"line":83,"column":8},"end":{"line":83,"column":38}},{"start":{"line":83,"column":42},"end":{"line":83,"column":74}}],"line":83},"4":{"loc":{"start":{"line":99,"column":10},"end":{"line":99,"column":57}},"type":"binary-expr","locations":[{"start":{"line":99,"column":10},"end":{"line":99,"column":34}},{"start":{"line":99,"column":38},"end":{"line":99,"column":57}}],"line":99},"5":{"loc":{"start":{"line":107,"column":76},"end":{"line":107,"column":102}},"type":"binary-expr","locations":[{"start":{"line":107,"column":76},"end":{"line":107,"column":90}},{"start":{"line":107,"column":94},"end":{"line":107,"column":102}}],"line":107},"6":{"loc":{"start":{"line":108,"column":43},"end":{"line":108,"column":88}},"type":"binary-expr","locations":[{"start":{"line":108,"column":43},"end":{"line":108,"column":58}},{"start":{"line":108,"column":62},"end":{"line":108,"column":88}}],"line":108},"7":{"loc":{"start":{"line":140,"column":7},"end":{"line":148,"column":7}},"type":"binary-expr","locations":[{"start":{"line":140,"column":7},"end":{"line":140,"column":22}},{"start":{"line":141,"column":8},"end":{"line":147,"column":10}}],"line":140},"8":{"loc":{"start":{"line":142,"column":23},"end":{"line":142,"column":92}},"type":"binary-expr","locations":[{"start":{"line":142,"column":23},"end":{"line":142,"column":79}},{"start":{"line":142,"column":83},"end":{"line":142,"column":92}}],"line":142},"9":{"loc":{"start":{"line":143,"column":20},"end":{"line":143,"column":59}},"type":"binary-expr","locations":[{"start":{"line":143,"column":20},"end":{"line":143,"column":53}},{"start":{"line":143,"column":57},"end":{"line":143,"column":59}}],"line":143},"10":{"loc":{"start":{"line":190,"column":7},"end":{"line":213,"column":7}},"type":"binary-expr","locations":[{"start":{"line":190,"column":7},"end":{"line":190,"column":19}},{"start":{"line":191,"column":8},"end":{"line":212,"column":15}}],"line":190},"11":{"loc":{"start":{"line":339,"column":11},"end":{"line":339,"column":47}},"type":"cond-expr","locations":[{"start":{"line":339,"column":31},"end":{"line":339,"column":36}},{"start":{"line":339,"column":39},"end":{"line":339,"column":47}}],"line":339},"12":{"loc":{"start":{"line":351,"column":11},"end":{"line":351,"column":42}},"type":"cond-expr","locations":[{"start":{"line":351,"column":31},"end":{"line":351,"column":33}},{"start":{"line":351,"column":36},"end":{"line":351,"column":42}}],"line":351},"13":{"loc":{"start":{"line":355,"column":11},"end":{"line":355,"column":44}},"type":"cond-expr","locations":[{"start":{"line":355,"column":31},"end":{"line":355,"column":32}},{"start":{"line":355,"column":35},"end":{"line":355,"column":44}}],"line":355},"14":{"loc":{"start":{"line":407,"column":11},"end":{"line":407,"column":47}},"type":"cond-expr","locations":[{"start":{"line":407,"column":31},"end":{"line":407,"column":36}},{"start":{"line":407,"column":39},"end":{"line":407,"column":47}}],"line":407},"15":{"loc":{"start":{"line":415,"column":11},"end":{"line":415,"column":44}},"type":"cond-expr","locations":[{"start":{"line":415,"column":31},"end":{"line":415,"column":32}},{"start":{"line":415,"column":35},"end":{"line":415,"column":44}}],"line":415}},"s":{"0":0,"1":0,"2":0,"3":0,"4":0,"5":0,"6":0,"7":0,"8":0,"9":0,"10":0,"11":0,"12":0,"13":0,"14":0,"15":0,"16":0,"17":0,"18":0,"19":0,"20":0,"21":0,"22":0,"23":0,"24":0,"25":0,"26":0,"27":0,"28":0,"29":0,"30":0,"31":0,"32":0,"33":0,"34":0,"35":0,"36":0,"37":0,"38":0,"39":0,"40":0,"41":0},"f":{"0":0,"1":0,"2":0,"3":0,"4":0,"5":0,"6":0,"7":0,"8":0,"9":0,"10":0,"11":0,"12":0,"13":0,"14":0,"15":0},"b":{"0":[0,0],"1":[0,0,0,0],"2":[0,0],"3":[0,0],"4":[0,0],"5":[0,0],"6":[0,0],"7":[0,0],"8":[0,0],"9":[0,0],"10":[0,0],"11":[0,0],"12":[0,0],"13":[0,0],"14":[0,0],"15":[0,0]}}
,"C:\\Users\\Admin\\StudioProjects\\KidMap\\components\\AccessibilitySettings.tsx": {"path":"C:\\Users\\Admin\\StudioProjects\\KidMap\\components\\AccessibilitySettings.tsx","statementMap":{"0":{"start":{"line":11,"column":68},"end":{"line":92,"column":1}},"1":{"start":{"line":12,"column":65},"end":{"line":12,"column":85}},"2":{"start":{"line":14,"column":22},"end":{"line":44,"column":3}},"3":{"start":{"line":27,"column":4},"end":{"line":43,"column":11}},"4":{"start":{"line":46,"column":2},"end":{"line":91,"column":4}},"5":{"start":{"line":64,"column":34},"end":{"line":64,"column":83}},"6":{"start":{"line":72,"column":34},"end":{"line":72,"column":86}},"7":{"start":{"line":80,"column":34},"end":{"line":80,"column":91}},"8":{"start":{"line":88,"column":34},"end":{"line":88,"column":88}},"9":{"start":{"line":94,"column":15},"end":{"line":158,"column":2}}},"fnMap":{"0":{"name":"(anonymous_0)","decl":{"start":{"line":11,"column":68},"end":{"line":11,"column":69}},"loc":{"start":{"line":11,"column":84},"end":{"line":92,"column":1}},"line":11},"1":{"name":"(anonymous_1)","decl":{"start":{"line":14,"column":22},"end":{"line":14,"column":23}},"loc":{"start":{"line":27,"column":4},"end":{"line":43,"column":11}},"line":27},"2":{"name":"(anonymous_2)","decl":{"start":{"line":64,"column":23},"end":{"line":64,"column":24}},"loc":{"start":{"line":64,"column":34},"end":{"line":64,"column":83}},"line":64},"3":{"name":"(anonymous_3)","decl":{"start":{"line":72,"column":23},"end":{"line":72,"column":24}},"loc":{"start":{"line":72,"column":34},"end":{"line":72,"column":86}},"line":72},"4":{"name":"(anonymous_4)","decl":{"start":{"line":80,"column":23},"end":{"line":80,"column":24}},"loc":{"start":{"line":80,"column":34},"end":{"line":80,"column":91}},"line":80},"5":{"name":"(anonymous_5)","decl":{"start":{"line":88,"column":23},"end":{"line":88,"column":24}},"loc":{"start":{"line":88,"column":34},"end":{"line":88,"column":88}},"line":88}},"branchMap":{"0":{"loc":{"start":{"line":30,"column":43},"end":{"line":30,"column":94}},"type":"binary-expr","locations":[{"start":{"line":30,"column":43},"end":{"line":30,"column":74}},{"start":{"line":30,"column":78},"end":{"line":30,"column":94}}],"line":30},"1":{"loc":{"start":{"line":33,"column":49},"end":{"line":33,"column":107}},"type":"binary-expr","locations":[{"start":{"line":33,"column":49},"end":{"line":33,"column":80}},{"start":{"line":33,"column":84},"end":{"line":33,"column":107}}],"line":33},"2":{"loc":{"start":{"line":48,"column":7},"end":{"line":53,"column":7}},"type":"binary-expr","locations":[{"start":{"line":48,"column":7},"end":{"line":48,"column":13}},{"start":{"line":49,"column":8},"end":{"line":52,"column":20}}],"line":48},"3":{"loc":{"start":{"line":55,"column":41},"end":{"line":55,"column":100}},"type":"binary-expr","locations":[{"start":{"line":55,"column":41},"end":{"line":55,"column":72}},{"start":{"line":55,"column":76},"end":{"line":55,"column":100}}],"line":55}},"s":{"0":0,"1":0,"2":0,"3":0,"4":0,"5":0,"6":0,"7":0,"8":0,"9":0},"f":{"0":0,"1":0,"2":0,"3":0,"4":0,"5":0},"b":{"0":[0,0],"1":[0,0],"2":[0,0],"3":[0,0]}}
,"C:\\Users\\Admin\\StudioProjects\\KidMap\\components\\AccessibleButton.tsx": {"path":"C:\\Users\\Admin\\StudioProjects\\KidMap\\components\\AccessibleButton.tsx","statementMap":{"0":{"start":{"line":36,"column":58},"end":{"line":90,"column":1}},"1":{"start":{"line":46,"column":25},"end":{"line":55,"column":3}},"2":{"start":{"line":47,"column":4},"end":{"line":54,"column":5}},"3":{"start":{"line":49,"column":8},"end":{"line":49,"column":36}},"4":{"start":{"line":51,"column":8},"end":{"line":51,"column":38}},"5":{"start":{"line":53,"column":8},"end":{"line":53,"column":36}},"6":{"start":{"line":57,"column":23},"end":{"line":66,"column":3}},"7":{"start":{"line":58,"column":4},"end":{"line":65,"column":5}},"8":{"start":{"line":60,"column":8},"end":{"line":60,"column":34}},"9":{"start":{"line":62,"column":8},"end":{"line":62,"column":36}},"10":{"start":{"line":64,"column":8},"end":{"line":64,"column":34}},"11":{"start":{"line":68,"column":2},"end":{"line":89,"column":4}},"12":{"start":{"line":70,"column":30},"end":{"line":76,"column":7}},"13":{"start":{"line":92,"column":15},"end":{"line":136,"column":2}}},"fnMap":{"0":{"name":"(anonymous_0)","decl":{"start":{"line":36,"column":58},"end":{"line":36,"column":59}},"loc":{"start":{"line":45,"column":6},"end":{"line":90,"column":1}},"line":45},"1":{"name":"(anonymous_1)","decl":{"start":{"line":46,"column":25},"end":{"line":46,"column":26}},"loc":{"start":{"line":46,"column":31},"end":{"line":55,"column":3}},"line":46},"2":{"name":"(anonymous_2)","decl":{"start":{"line":57,"column":23},"end":{"line":57,"column":24}},"loc":{"start":{"line":57,"column":29},"end":{"line":66,"column":3}},"line":57},"3":{"name":"(anonymous_3)","decl":{"start":{"line":70,"column":13},"end":{"line":70,"column":14}},"loc":{"start":{"line":70,"column":30},"end":{"line":76,"column":7}},"line":70}},"branchMap":{"0":{"loc":{"start":{"line":41,"column":2},"end":{"line":41,"column":18}},"type":"default-arg","locations":[{"start":{"line":41,"column":13},"end":{"line":41,"column":18}}],"line":41},"1":{"loc":{"start":{"line":44,"column":2},"end":{"line":44,"column":21}},"type":"default-arg","locations":[{"start":{"line":44,"column":12},"end":{"line":44,"column":21}}],"line":44},"2":{"loc":{"start":{"line":47,"column":4},"end":{"line":54,"column":5}},"type":"switch","locations":[{"start":{"line":48,"column":6},"end":{"line":49,"column":36}},{"start":{"line":50,"column":6},"end":{"line":51,"column":38}},{"start":{"line":52,"column":6},"end":{"line":53,"column":36}}],"line":47},"3":{"loc":{"start":{"line":58,"column":4},"end":{"line":65,"column":5}},"type":"switch","locations":[{"start":{"line":59,"column":6},"end":{"line":60,"column":34}},{"start":{"line":61,"column":6},"end":{"line":62,"column":36}},{"start":{"line":63,"column":6},"end":{"line":64,"column":34}}],"line":58},"4":{"loc":{"start":{"line":73,"column
[...]
,"C:\\Users\\Admin\\StudioProjects\\KidMap\\components\\Toast.tsx": {"path":"C:\\Users\\Admin\\StudioProjects\\KidMap\\components\\Toast.tsx","statementMap":{"0":{"start":{"line":16,"column":36},"end":{"line":101,"column":1}},"1":{"start":{"line":23,"column":19},"end":{"line":23,"column":56}},"2":{"start":{"line":24,"column":20},"end":{"line":24,"column":60}},"3":{"start":{"line":26,"column":2},"end":{"line":47,"column":16}},"4":{"start":{"line":27,"column":4},"end":{"line":46,"column":5}},"5":{"start":{"line":28,"column":6},"end":{"line":39,"column":17}},"6":{"start":{"line":41,"column":20},"end":{"line":43,"column":18}},"7":{"start":{"line":42,"column":8},"end":{"line":42,"column":20}},"8":{"start":{"line":45,"column":6},"end":{"line":45,"column":39}},"9":{"start":{"line":45,"column":19},"end":{"line":45,"column":38}},"10":{"start":{"line":49,"column":20},"end":{"line":64,"column":3}},"11":{"start":{"line":50,"column":4},"end":{"line":63,"column":7}},"12":{"start":{"line":62,"column":6},"end":{"line":62,"column":15}},"13":{"start":{"line":66,"column":18},"end":{"line":73,"column":3}},"14":{"start":{"line":67,"column":4},"end":{"line":72,"column":5}},"15":{"start":{"line":68,"column":22},"end":{"line":68,"column":78}},"16":{"start":{"line":69,"column":20},"end":{"line":69,"column":64}},"17":{"start":{"line":70,"column":22},"end":{"line":70,"column":78}},"18":{"start":{"line":71,"column":19},"end":{"line":71,"column":68}},"19":{"start":{"line":75,"column":29},"end":{"line":82,"column":3}},"20":{"start":{"line":76,"column":4},"end":{"line":81,"column":5}},"21":{"start":{"line":77,"column":22},"end":{"line":77,"column":39}},"22":{"start":{"line":78,"column":20},"end":{"line":78,"column":37}},"23":{"start":{"line":79,"column":22},"end":{"line":79,"column":39}},"24":{"start":{"line":80,"column":19},"end":{"line":80,"column":36}},"25":{"start":{"line":84,"column":2},"end":{"line":84,"column":28}},"26":{"start":{"line":84,"column":16},"end":{"line":84,"column":28}},"27":{"start":{"line":86,"column":2},"end":{"line":100,"column":4}},"28":{"start":{"line":103,"column":15},"end":{"line":127,"column":2}}},"fnMap":{"0":{"name":"(anonymous_0)","decl":{"start":{"line":16,"column":36},"end":{"line":16,"column":37}},"loc":{"start":{"line":22,"column":6},"end":{"line":101,"column":1}},"line":22},"1":{"name":"(anonymous_1)","decl":{"start":{"line":26,"column":12},"end":{"line":26,"column":13}},"loc":{"start":{"line":26,"column":18},"end":{"line":47,"column":3}},"line":26},"2":{"name":"(anonymous_2)","decl":{"start":{"line":41,"column":31},"end":{"line":41,"column":32}},"loc":{"start":{"line":41,"column":37},"end":{"line":43,"column":7}},"line":41},"3":{"name":"(anonymous_3)","decl":{"start":{"line":45,"column":13},"end":{"line":45,"column":14}},"loc":{"start":{"line":45,"column":19},"end":{"line":45,"column":38}},"line":45},"4":{"name":"(anonymous_4)","decl":{"start":{"line":49,"column":20},"end":{"line":49,"column":21}},"loc":{"start":{"line":49,"column":26},"end":{"line":64,"column":3}},"line":49},"5":{"name":"(anonymous_5)","decl":{"start":{"line":61,"column":13},"end":{"line":61,"column":14}},"loc":{"start":{"line":61,"column":19},"end":{"line":63,"column":5}},"line":61},"6":{"name":"(anonymous_6)","decl":{"start":{"line":66,"column":18},"end":{"line":66,"column":19}},"loc":{"start":{"line":66,"column":24},"end":{"line":73,"column":3}},"line":66},"7":{"name":"(anonymous_7)","decl":{"start":{"line":75,"column":29},"end":{"line":75,"column":30}},"loc":{"start":{"line":75,"column":35},"end":{"line":82,"column":3}},"line":75}},"branchMap":{"0":{"loc":{"start":{"line":21,"column":2},"end":{"line":21,"column":17}},"type":"default-arg","locations":[{"start":{"line":21,"column":13},"end":{"line":21,"column":17}}],"line":21},"1":{"loc":{"start":{"line":27,"column":4},"end":{"line":46,"column":5}},"type":"if","locations":[{"start":{"line":27,"column":4},"end":{"line":46,"column":5}},{"start":{},"end":{}}],"line":27},"2":{"loc":{"start":{"line":67,"column":4},"end":{"line":72,"column":5}},"type":"switch","locations":[{"start":{"line":68,"column":6},"end":{"line":68,"column":78}},{"start":{"line":69,"column":6},"end":{"line":69,"column":64}},{"start":{"line":70,"column":6},"end":{"line":70,"column":78}},{"start":{"line":71,"column":6},"end":{"line":71,"column":68}}],"line":67},"3":{"loc":{"start":{"line":76,"column":4},"end":{"line":81,"column":5}},"type":"switch","locations":[{"start":{"line":77,"column":6},"end":{"line":77,"column":39}},{"start":{"line":78,"column":6},"end":{"line":78,"column":37}},{"start":{"line":79,"column":6},"end":{"line":79,"column":39}},{"start":{"line":80,"column":6},"end":{"line":80,"column":36}}],"line":76},"4":{"loc":{"start":{"line":84,"column":2},"end":{"line":84,"column":28}},"type":"if","locations":[{"start":{"line":84,"column":2},"end":{"line":84,"column":28}},{"start":{},"end":{}}],"line":84}},"s":{"0":0,"1":0,"2":0,"3":0,"4":0,"5":0,"6":0,"7":0,"8":0,"9":0,"10":0,"11":0,"12":0,"13":0,"14":0,"15":0,"16":0,"17":0,"18":0,"19":0,"20":0,"21":0,"22":0,"23":0,"24":0,"25":0,"26":0,"27":0,"28":0},"f":{"0":0,"1":0,"2":0,"3":0,"4":0,"5":0,"6":0,"7":0},"b":{"0":[0],"1":[0,0],"2":[0,0,0,0],"3":[0,0,0,0],"4":[0,0]}}
,"C:\\Users\\Admin\\StudioProjects\\KidMap\\components\\TransitStepIndicator.tsx": {"path":"C:\\Users\\Admin\\StudioProjects\\KidMap\\components\\TransitStepIndicator.tsx","statementMap":{"0":{"start":{"line":12,"column":66},"end":{"line":79,"column":1}},"1":{"start":{"line":16,"column":18},"end":{"line":31,"column":3}},"2":{"start":{"line":17,"column":21},"end":{"line":17,"column":72}},"3":{"start":{"line":18,"column":22},"end":{"line":18,"column":31}},"4":{"start":{"line":20,"column":4},"end":{"line":30,"column":5}},"5":{"start":{"line":23,"column":8},"end":{"line":23,"column":59}},"6":{"start":{"line":25,"column":8},"end":{"line":25,"column":57}},"7":{"start":{"line":27,"column":8},"end":{"line":27,"column":64}},"8":{"start":{"line":29,"column":8},"end":{"line":29,"column":20}},"9":{"start":{"line":33,"column":29},"end":{"line":43,"column":3}},"10":{"start":{"line":34,"column":4},"end":{"line":34,"column":38}},"11":{"start":{"line":34,"column":20},"end":{"line":34,"column":38}},"12":{"start":{"line":36,"column":4},"end":{"line":42,"column":5}},"13":{"start":{"line":37,"column":21},"end":{"line":37,"column":42}},"14":{"start":{"line":38,"column":20},"end":{"line":38,"column":40}},"15":{"start":{"line":39,"column":18},"end":{"line":39,"column":36}},"16":{"start":{"line":40,"column":19},"end":{"line":40,"column":43}},"17":{"start":{"line":41,"column":15},"end":{"line":41,"column":37}},"18":{"start":{"line":45,"column":30},"end":{"line":56,"column":3}},"19":{"start":{"line":46,"column":4},"end":{"line":55,"column":5}},"20":{"start":{"line":48,"column":8},"end":{"line":48,"column":73}},"21":{"start":{"line":50,"column":8},"end":{"line":50,"column":73}},"22":{"start":{"line":52,"column":8},"end":{"line":52,"column":73}},"23":{"start":{"line":54,"column":8},"end":{"line":54,"column":73}},"24":{"start":{"line":58,"column":21},"end":{"line":58,"column":42}},"25":{"start":{"line":60,"column":2},"end":{"line":78,"column":4}},"26":{"start":{"line":81,"column":15},"end":{"line":90,"column":2}}},"fnMap":{"0":{"name":"(anonymous_0)","decl":{"start":{"line":12,"column":66},"end":{"line":12,"column":67}},"loc":{"start":{"line":15,"column":6},"end":{"line":79,"column":1}},"line":15},"1":{"name":"(anonymous_1)","decl":{"start":{"line":16,"column":18},"end":{"line":16,"column":19}},"loc":{"start":{"line":16,"column":24},"end":{"line":31,"column":3}},"line":16},"2":{"name":"(anonymous_2)","decl":{"start":{"line":33,"column":29},"end":{"line":33,"column":30}},"loc":{"start":{"line":33,"column":35},"end":{"line":43,"column":3}},"line":33},"3":{"name":"(anonymous_3)","decl":{"start":{"line":45,"column":30},"end":{"line":45,"column":31}},"loc":{"start":{"line":45,"column":36},"end":{"line":56,"column":3}},"line":45}},"branchMap":{"0":{"loc":{"start":{"line":14,"column":2},"end":{"line":14,"column":17}},"type":"default-arg","locations":[{"start":{"line":14,"column":9},"end":{"line":14,"column":17}}],"line":14},"1":{"loc":{"start":{"line":17,"column":21},"end":{"line":17,"column":72}},"type":"cond-expr","locations":[{"start":{"line":17,"column":40},"end":{"line":17,"column":42}},{"start":{"line":17,"column":45},"end":{"line":17,"column":72}}],"line":17},"2":{"loc":{"start":{"line":17,"column":45},"end":{"line":17,"column":72}},"type":"cond-expr","locations":[{"start":{"line":17,"column":65},"end":{"line":17,"column":67}},{"start":{"line":17,"column":70},"end":{"line":17,"column":72}}],"line":17},"3":{"loc":{"start":{"line":20,"column":4},"end":{"line":30,"column":5}},"type":"switch","locations":[{"start":{"line":21,"column":6},"end":{"line":21,"column":20}},{"start":{"line":22,"column":6},"end":{"line":23,"column":59}},{"start":{"line":24,"column":6},"end":{"line":25,"column":57}},{"start":{"line":26,"column":6},"end":{"line":27,"column":64}},{"start":{"line":28,"column":6},"end":{"line":29,"column":20}}],"line":20},"4":{"loc":{"start":{"line":34,"column":4},"end":{"line":34,"column":38}},"type":"if","locations":[{"start":{"line":34,"column":4},"end":{"line":34,"column":38}},{"start":{},"end":{}}],"line":34},"5":{"loc":{"start":{"line":36,"column":4},"end":{"line":42,"column":5}},"type":"switch","locations":[{"start":{"line":37,"column":6},"end":{"line":37,"column":42}},{"start":{"line":38,"column":6},"end":{"line":38,"column":40}},{"start":{"line":39,"column":6},"end":{"line":39,"column":36}},{"start":{"line":40,"column":6},"end":{"line":40,"column":43}},{"start":{"line":41,"column":6},"end":{"line":41,"column":37}}],"line":36},"6":{"loc":{"start":{"line":46,"column":4},"end":{"line":55,"column":5}},"type":"switch","locations":[{"start":{"line":47,"column":6},"end":{"line":48,"column":73}},{"start":{"line":49,"column":6},"end":{"line":50,"column":73}},{"start":{"line":51,"column":6},"end":{"line":52,"column":73}},{"start":{"line":53,"column":6},"end":{"line":54,"column":73}}],"line":46},"7":{"loc":{"start":{"line":70,"column":7},"end":{"line":76,"column":7}},"type":"cond-expr","locations":[{"start":{"line":71,"column":8},"end":{"line":73,"column":15}},{"start":{"line":75,"column":8},"end":{"line":75,"column":17}}],"line":70}},"s":{"0":0,"1":0,"2":0,"3":0,"4":0,"5":0,"6":0,"7":0,"8":0,"9":0,"10":0,"11":0,"12":0,"13":0,"14":0,"15":0,"16":0,"17":0,"18":0,"19":0,"20":0,"21":0,"22":0,"23":0,"24":0,"25":0,"26":0},"f":{"0":0,"1":0,"2":0,"3":0},"b":{"0":[0],"1":[0,0],"2":[0,0],"3":[0,0,0,0,0],"4":[0,0],"5":[0,0,0,0,0],"6":[0,0,0,0],"7":[0,0]}}
,"C:\\Users\\Admin\\StudioProjects\\KidMap\\components\\UserStatsCard.tsx": {"path":"C:\\Users\\Admin\\StudioProjects\\KidMap\\components\\UserStatsCard.tsx","statementMap":{"0":{"start":{"line":11,"column":52},"end":{"line":64,"column":1}},"1":{"start":{"line":12,"column":33},"end":{"line":17,"column":3}},"2":{"start":{"line":13,"column":34},"end":{"line":13,"column":57}},"3":{"start":{"line":14,"column":31},"end":{"line":14,"column":48}},"4":{"start":{"line":15,"column":21},"end":{"line":15,"column":111}},"5":{"start":{"line":16,"column":4},"end":{"line":16,"column":46}},"6":{"start":{"line":19,"column":2},"end":{"line":63,"column":4}},"7":{"start":{"line":66,"column":15},"end":{"line":137,"column":2}}},"fnMap":{"0":{"name":"(anonymous_0)","decl":{"start":{"line":11,"column":52},"end":{"line":11,"column":53}},"loc":{"start":{"line":11,"column":67},"end":{"line":64,"column":1}},"line":11},"1":{"name":"(anonymous_1)","decl":{"start":{"line":12,"column":33},"end":{"line":12,"column":34}},"loc":{"start":{"line":12,"column":39},"end":{"line":17,"column":3}},"line":12}},"branchMap":{},"s":{"0":0,"1":0,"2":0,"3":0,"4":0,"5":0,"6":0,"7":0},"f":{"0":0,"1":0},"b":{}}
,"C:\\Users\\Admin\\StudioProjects\\KidMap\\components\\VoiceNavigation.tsx": {"path":"C:\\Users\\Admin\\StudioProjects\\KidMap\\components\\VoiceNavigation.tsx","statementMap":{"0":{"start":{"line":11,"column":56},"end":{"line":92,"column":1}},"1":{"start":{"line":15,"column":40},"end":{"line":15,"column":55}},"2":{"start":{"line":16,"column":38},"end":{"line":16,"column":53}},"3":{"start":{"line":18,"column":28},"end":{"line":31,"column":3}},"4":{"start":{"line":19,"column":4},"end":{"line":30,"column":5}},"5":{"start":{"line":20,"column":6},"end":{"line":20,"column":28}},"6":{"start":{"line":21,"column":6},"end":{"line":21,"column":71}},"7":{"start":{"line":23,"column":6},"end":{"line":23,"column":27}},"8":{"start":{"line":24,"column":6},"end":{"line":24,"column":74}},"9":{"start":{"line":27,"column":6},"end":{"line":29,"column":15}},"10":{"start":{"line":28,"column":8},"end":{"line":28,"column":30}},"11":{"start":{"line":33,"column":22},"end":{"line":41,"column":3}},"12":{"start":{"line":34,"column":4},"end":{"line":34,"column":24}},"13":{"start":{"line":35,"column":4},"end":{"line":35,"column":48}},"14":{"start":{"line":38,"column":4},"end":{"line":40,"column":13}},"15":{"start":{"line":39,"column":6},"end":{"line":39,"column":27}},"16":{"start":{"line":43,"column":2},"end":{"line":91,"column":4}},"17":{"start":{"line":94,"column":15},"end":{"line":162,"column":2}}},"fnMap":{"0":{"name":"(anonymous_0)","decl":{"start":{"line":11,"column":56},"end":{"line":11,"column":57}},"loc":{"start":{"line":14,"column":6},"end":{"line":92,"column":1}},"line":14},"1":{"name":"(anonymous_1)","decl":{"start":{"line":18,"column":28},"end":{"line":18,"column":29}},"loc":{"start":{"line":18,"column":34},"end":{"line":31,"column":3}},"line":18},"2":{"name":"(anonymous_2)","decl":{"start":{"line":27,"column":17},"end":{"line":27,"column":18}},"loc":{"start":{"line":27,"column":23},"end":{"line":29,"column":7}},"line":27},"3":{"name":"(anonymous_3)","decl":{"start":{"line":33,"column":22},"end":{"line":33,"column":23}},"loc":{"start":{"line":33,"column":28},"end":{"line":41,"column":3}},"line":33},"4":{"name":"(anonymous_4)","decl":{"start":{"line":38,"column":15},"end":{"line":38,"column":16}},"loc":{"start":{"line":38,"column":21},"end":{"line":40,"column":5}},"line":38}},"branchMap":{"0":{"loc":{"start":{"line":12,"column":2},"end":{"line":12,"column":45}},"type":"default-arg","locations":[{"start":{"line":12,"column":16},"end":{"line":12,"column":45}}],"line":12},"1":{"loc":{"start":{"line":19,"column":4},"end":{"line":30,"column":5}},"type":"if","locations":[{"start":{"line":19,"column":4},"end":{"line":30,"column":5}},{"start":{"line":22,"column":11},"end":{"line":30,"column":5}}],"line":19},"2":{"loc":{"start":{"line":53,"column":12},"end":{"line":53,"column":49}},"type":"binary-expr","locations":[{"start":{"line":53,"column":12},"end":{"line":53,"column":23}},{"start":{"line":53,"column":27},"end":{"line":53,"column":49}}],"line":53},"3":{"loc":{"start":{"line":57,"column":11},"end":{"line":61,"column":11}},"type":"cond-expr","locations":[{"start":{"line":58,"column":12},"end":{"line":58,"column":48}},{"start":{"line":60,"column":12},"end":{"line":60,"column":45}}],"line":57},"4":{"loc":{"start":{"line":63,"column":13},"end":{"line":63,"column":43}},"type":"cond-expr","locations":[{"start":{"line":63,"column":27},"end":{"line":63,"column":33}},{"start":{"line":63,"column":36},"end":{"line":63,"column":43}}],"line":63},"5":{"loc":{"start":{"line":70,"column":12},"end":{"line":70,"column":47}},"type":"binary-expr","locations":[{"start":{"line":70,"column":12},"end":{"line":70,"column":22}},{"start":{"line":70,"column":26},"end":{"line":70,"column":47}}],"line":70},"6":{"loc":{"start":{"line":76,"column":13},"end":{"line":76,"column":50}},"type":"cond-expr","locations":[{"start":{"line":76,"column":26},"end":{"line":76,"column":39}},{"start":{"line":76,"column":42},"end":{"line":76,"column":50}}],"line":76},"7":{"loc":{"start":{"line":81,"column":7},"end":{"line":89,"column":7}},"type":"binary-expr","locations":[{"start":{"line":81,"column":7},"end":{"line":81,"column":18}},{"start":{"line":82,"column":8},"end":{"line":88,"column":15}}],"line":81}},"s":{"0":0,"1":0,"2":0,"3":0,"4":0,"5":0,"6":0,"7":0,"8":0,"9":0,"10":0,"11":0,"12":0,"13":0,"14":0,"15":0,"16":0,"17":0},"f":{"0":0,"1":0,"2":0,"3":0,"4":0},"b":{"0":[0],"1":[0,0],"2":[0,0],"3":[0,0],"4":[0,0],"5":[0,0],"6":[0,0],"7":[0,0]}}
,"C:\\Users\\Admin\\StudioProjects\\KidMap\\components\\WeatherCard.tsx": {"path":"C:\\Users\\Admin\\StudioProjects\\KidMap\\components\\WeatherCard.tsx","statementMap":{"0":{"start":{"line":11,"column":48},"end":{"line":50,"column":1}},"1":{"start":{"line":12,"column":25},"end":{"line":25,"column":3}},"2":{"start":{"line":13,"column":4},"end":{"line":24,"column":5}},"3":{"start":{"line":15,"column":8},"end":{"line":15,"column":49}},"4":{"start":{"line":17,"column":8},"end":{"line":17,"column":51}},"5":{"start":{"line":19,"column":8},"end":{"line":19,"column":55}},"6":{"start":{"line":21,"column":8},"end":{"line":21,"column":55}},"7":{"start":{"line":23,"column":8},"end":{"line":23,"column":59}},"8":{"start":{"line":27,"column":29},"end":{"line":35,"column":3}},"9":{"start":{"line":28,"column":4},"end":{"line":34,"column":5}},"10":{"start":{"line":29,"column":20},"end":{"line":29,"column":37}},"11":{"start":{"line":30,"column":21},"end":{"line":30,"column":38}},"12":{"start":{"line":31,"column":20},"end":{"line":31,"column":37}},"13":{"start":{"line":32,"column":20},"end":{"line":32,"column":37}},"14":{"start":{"line":33,"column":15},"end":{"line":33,"column":34}},"15":{"start":{"line":37,"column":2},"end":{"line":49,"column":4}},"16":{"start":{"line":52,"column":15},"end":{"line":83,"column":2}}},"fnMap":{"0":{"name":"(anonymous_0)","decl":{"start":{"line":11,"column":48},"end":{"line":11,"column":49}},"loc":{"start":{"line":11,"column":65},"end":{"line":50,"column":1}},"line":11},"1":{"name":"(anonymous_1)","decl":{"start":{"line":12,"column":25},"end":{"line":12,"column":26}},"loc":{"start":{"line":12,"column":31},"end":{"line":25,"column":3}},"line":12},"2":{"name":"(anonymous_2)","decl":{"start":{"line":27,"column":29},"end":{"line":27,"column":30}},"loc":{"start":{"line":27,"column":35},"end":{"line":35,"column":3}},"line":27}},"branchMap":{"0":{"loc":{"start":{"line":13,"column":4},"end":{"line":24,"column":5}},"type":"switch","locations":[{"start":{"line":14,"column":6},"end":{"line":15,"column":49}},{"start":{"line":16,"column":6},"end":{"line":17,"column":51}},{"start":{"line":18,"column":6},"end":{"line":19,"column":55}},{"start":{"line":20,"column":6},"end":{"line":21,"column":55}},{"start":{"line":22,"column":6},"end":{"line":23,"column":59}}],"line":13},"1":{"loc":{"start":{"line":28,"column":4},"end":{"line":34,"column":5}},"type":"switch","locations":[{"start":{"line":29,"column":6},"end":{"line":29,"column":37}},{"start":{"line":30,"column":6},"end":{"line":30,"column":38}},{"start":{"line":31,"column":6},"end":{"line":31,"column":37}},{"start":{"line":32,"column":6},"end":{"line":32,"column":37}},{"start":{"line":33,"column":6},"end":{"line":33,"column":34}}],"line":28}},"s":{"0":0,"1":0,"2":0,"3":0,"4":0,"5":0,"6":0,"7":0,"8":0,"9":0,"10":0,"11":0,"12":0,"13":0,"14":0,"15":0,"16":0},"f":{"0":0,"1":0,"2":0},"b":{"0":[0,0,0,0,0],"1":[0,0,0,0,0]}}
}
