{"C:\\Users\\Admin\\StudioProjects\\KidMap\\app\\+not_found.tsx": {"path":"C:\\Users\\Admin\\StudioProjects\\KidMap\\app\\+not_found.tsx","statementMap":{"0":{"start":{"line":5,"column":2},"end":{"line":16,"column":4}},"1":{"start":{"line":19,"column":15},"end":{"line":38,"column":2}}},"fnMap":{"0":{"name":"NotFoundScreen","decl":{"start":{"line":4,"column":24},"end":{"line":4,"column":38}},"loc":{"start":{"line":4,"column":41},"end":{"line":17,"column":1}},"line":4}},"branchMap":{},"s":{"0":0,"1":0},"f":{"0":0},"b":{}}
,"C:\\Users\\Admin\\StudioProjects\\KidMap\\app\\_layout.tsx": {"path":"C:\\Users\\Admin\\StudioProjects\\KidMap\\app\\_layout.tsx","statementMap":{"0":{"start":{"line":22,"column":20},"end":{"line":31,"column":2}},"1":{"start":{"line":36,"column":33},"end":{"line":38,"column":1}},"2":{"start":{"line":41,"column":0},"end":{"line":41,"column":36}},"3":{"start":{"line":49,"column":26},"end":{"line":51,"column":4}},"4":{"start":{"line":52,"column":34},"end":{"line":52,"column":55}},"5":{"start":{"line":54,"column":27},"end":{"line":54,"column":43}},"6":{"start":{"line":56,"column":2},"end":{"line":93,"column":32}},"7":{"start":{"line":57,"column":4},"end":{"line":57,"column":49}},"8":{"start":{"line":60,"column":6},"end":{"line":75,"column":7}},"9":{"start":{"line":62,"column":8},"end":{"line":66,"column":9}},"10":{"start":{"line":63,"column":10},"end":{"line":63,"column":28}},"11":{"start":{"line":64,"column":10},"end":{"line":64,"column":53}},"12":{"start":{"line":65,"column":10},"end":{"line":65,"column":41}},"13":{"start":{"line":68,"column":8},"end":{"line":68,"column":24}},"14":{"start":{"line":70,"column":8},"end":{"line":70,"column":26}},"15":{"start":{"line":71,"column":8},"end":{"line":71,"column":51}},"16":{"start":{"line":74,"column":8},"end":{"line":74,"column":39}},"17":{"start":{"line":79,"column":18},"end":{"line":86,"column":12}},"18":{"start":{"line":80,"column":6},"end":{"line":85,"column":7}},"19":{"start":{"line":81,"column":8},"end":{"line":81,"column":64}},"20":{"start":{"line":82,"column":8},"end":{"line":82,"column":26}},"21":{"start":{"line":83,"column":8},"end":{"line":83,"column":51}},"22":{"start":{"line":84,"column":8},"end":{"line":84,"column":33}},"23":{"start":{"line":88,"column":4},"end":{"line":90,"column":5}},"24":{"start":{"line":89,"column":6},"end":{"line":89,"column":16}},"25":{"start":{"line":92,"column":4},"end":{"line":92,"column":37}},"26":{"start":{"line":92,"column":17},"end":{"line":92,"column":36}},"27":{"start":{"line":96,"column":2},"end":{"line":98,"column":3}},"28":{"start":{"line":97,"column":4},"end":{"line":97,"column":16}},"29":{"start":{"line":100,"column":2},"end":{"line":106,"column":4}},"30":{"start":{"line":110,"column":27},"end":{"line":110,"column":43}},"31":{"start":{"line":112,"column":2},"end":{"line":161,"column":4}}},"fnMap":{"0":{"name":"RootLayout","decl":{"start":{"line":47,"column":24},"end":{"line":47,"column":34}},"loc":{"start":{"line":47,"column":37},"end":{"line":107,"column":1}},"line":47},"1":{"name":"(anonymous_1)","decl":{"start":{"line":56,"column":12},"end":{"line":56,"column":13}},"loc":{"start":{"line":56,"column":18},"end":{"line":93,"column":3}},"line":56},"2":{"name":"prepare","decl":{"start":{"line":59,"column":19},"end":{"line":59,"column":26}},"loc":{"start":{"line":59,"column":29},"end":{"line":76,"column":5}},"line":59},"3":{"name":"(anonymous_3)","decl":{"start":{"line":79,"column":29},"end":{"line":79,"column":30}},"loc":{"start":{"line":79,"column":35},"end":{"line":86,"column":5}},"line":79},"4":{"name":"(anonymous_4)","decl":{"start":{"line":92,"column":11},"end":{"line":92,"column":12}},"loc":{"start":{"line":92,"column":17},"end":{"line":92,"column":36}},"line":92},"5":{"name":"RootLayoutNav","decl":{"start":{"line":109,"column":9},"end":{"line":109,"column":22}},"loc":{"start":{"line":109,"column":25},"end":{"line":162,"column":1}},"line":109}},"branchMap":{"0":{"loc":{"start":{"line":62,"column":8},"end":{"line":66,"column":9}},"type":"if","locations":[{"start":{"line":62,"column":8},"end":{"line":66,"column":9}},{"start":{},"end":{}}],"line":62},"1":{"loc":{"start":{"line":62,"column":12},"end":{"line":62,"column":27}},"type":"binary-expr","locations":[{"start":{"line":62,"column":12},"end":{"line":62,"column":18}},{"start":{"line":62,"column":22},"end":{"line":62,"column":27}}],"line":62},"2":{"loc":{"start":{"line":80,"column":6},"end":{"line":85,"column":7}},"type":"if","locations":[{"start":{"line":80,"column":6},"end":{"line":85,"column":7}},{"start":{},"end":{}}],"line":80},"3":{"loc":{"start":{"line":88,"column":4},"end":{"line":90,"column":5}},"type":"if","locations":[{"start":{"line":88,"column":4},"end":{"line":90,"column":5}},{"start":{},"end":{}}],"line":88},"4":{"loc":{"start":{"line":88,"column":8},"end":{"line":88,"column":23}},"type":"binary-expr","locations":[{"start":{"line":88,"column":8},"end":{"line":88,"column":14}},{"start":{"line":88,"column":18},"end":{"line":88,"column":23}}],"line":88},"5":{"loc":{"start":{"line":96,"column":2},"end":{"line":98,"column":3}},"type":"if","locations":[{"start":{"line":96,"column":2},"end":{"line":98,"column":3}},{"start":{},"end":{}}],"line":96},"6":{"loc":{"start":{"line":115,"column":15},"end":{"line":115,"column":58}},"type":"cond-expr","locations":[{"start":{"line":115,"column":43},"end":{"line":115,"column":49}},{"start":{"line":115,"column":52},"end":{"line":115,"column":58}}],"line":115},"7":{"loc":{"start":{"line":116,"column":25},"end":{"line":116,"column":82}},"type":"cond-expr","locations":[{"start":{"line":116,"column":53},"end":{"line":116,"column":70}},{"start":{"line":116,"column":73},"end":{"line":116,"column":82}}],"line":116},"8":{"loc":{"start":{"line":131,"column":9},"end":{"line":158,"column":9}},"type":"cond-expr","locations":[{"start":{"line":132,"column":10},"end":{"line":138,"column":12}},{"start":{"line":140,"column":10},"end":{"line":157,"column":13}}],"line":131},"9":{"loc":{"start":{"line":146,"column":27},"end":{"line":146,"column":94}},"type":"cond-expr","locations":[{"start":{"line":146,"column":55},"end":{"line":146,"column":73}},{"start":{"line":146,"column":76},"end":{"line":146,"column":94}}],"line":146},"10":{"loc":{"start":{"line":153,"column":27},"end":{"line":153,"column":96}},"type":"cond-expr","locations":[{"start":{"line":153,"column":55},"end":{"line":153,"column":74}},{"start":{"line":153,"column":77},"end":{"line":153,"column":96}}],"line":153},"11":{"loc":{"start":{"line":154,"column":30},"end":{"line":154,"column":75}},"type":"cond-expr","locations":[{"start":{"line":154,"column":58},"end":{"line":154,"column":65}},{"start":{"line":154,"column":68},"end":{"line":154,"column":75}}],"line":154}},"s":{"0":0,"1":0,"2":0,"3":0,"4":0,"5":0,"6":0,"7":0,"8":0,"9":0,"10":0,"11":0,"12":0,"13":0,"14":0,"15":0,"16":0,"17":0,"18":0,"19":0,"20":0,"21":0,"22":0,"23":0,"24":0,"25":0,"26":0,"27":0,"28":0,"29":0,"30":0,"31":0},"f":{"0":0,"1":0,"2":0,"3":0,"4":0,"5":0},"b":{"0":[0,0],"1":[0,0],"2":[0,0],"3":[0,0],"4":[0,0],"5":[0,0],"6":[0,0],"7":[0,0],"8":[0,0],"9":[0,0],"10":[0,0],"11":[0,0]}}
,"C:\\Users\\Admin\\StudioProjects\\KidMap\\app\\modul.tsx": {"path":"C:\\Users\\Admin\\StudioProjects\\KidMap\\app\\modul.tsx","statementMap":{"0":{"start":{"line":5,"column":2},"end":{"line":14,"column":4}},"1":{"start":{"line":17,"column":15},"end":{"line":32,"column":2}}},"fnMap":{"0":{"name":"ModalScreen","decl":{"start":{"line":4,"column":24},"end":{"line":4,"column":35}},"loc":{"start":{"line":4,"column":38},"end":{"line":15,"column":1}},"line":4}},"branchMap":{"0":{"loc":{"start":{"line":12,"column":24},"end":{"line":12,"column":64}},"type":"cond-expr","locations":[{"start":{"line":12,"column":48},"end":{"line":12,"column":55}},{"start":{"line":12,"column":58},"end":{"line":12,"column":64}}],"line":12}},"s":{"0":0,"1":0},"f":{"0":0},"b":{"0":[0,0]}}
,"C:\\Users\\Admin\\StudioProjects\\KidMap\\app\\onboarding.tsx": {"path":"C:\\Users\\Admin\\StudioProjects\\KidMap\\app\\onboarding.tsx","statementMap":{"0":{"start":{"line":8,"column":17},"end":{"line":8,"column":28}},"1":{"start":{"line":10,"column":35},"end":{"line":12,"column":3}},"2":{"start":{"line":11,"column":4},"end":{"line":11,"column":30}},"3":{"start":{"line":14,"column":2},"end":{"line":18,"column":4}},"4":{"start":{"line":21,"column":15},"end":{"line":26,"column":2}}},"fnMap":{"0":{"name":"OnboardingScreen","decl":{"start":{"line":7,"column":24},"end":{"line":7,"column":40}},"loc":{"start":{"line":7,"column":43},"end":{"line":19,"column":1}},"line":7},"1":{"name":"(anonymous_1)","decl":{"start":{"line":10,"column":35},"end":{"line":10,"column":36}},"loc":{"start":{"line":10,"column":41},"end":{"line":12,"column":3}},"line":10}},"branchMap":{},"s":{"0":0,"1":0,"2":0,"3":0,"4":0},"f":{"0":0,"1":0},"b":{}}
,"C:\\Users\\Admin\\StudioProjects\\KidMap\\app\\parent-dashboard.tsx": {"path":"C:\\Users\\Admin\\StudioProjects\\KidMap\\app\\parent-dashboard.tsx","statementMap":{"0":{"start":{"line":6,"column":26},"end":{"line":6,"column":39}},"1":{"start":{"line":8,"column":30},"end":{"line":43,"column":1}},"2":{"start":{"line":9,"column":34},"end":{"line":9,"column":49}},"3":{"start":{"line":11,"column":20},"end":{"line":11,"column":47}},"4":{"start":{"line":14,"column":25},"end":{"line":20,"column":3}},"5":{"start":{"line":15,"column":4},"end":{"line":15,"column":59}},"6":{"start":{"line":15,"column":27},"end":{"line":15,"column":59}},"7":{"start":{"line":17,"column":4},"end":{"line":19,"column":26}},"8":{"start":{"line":18,"column":6},"end":{"line":18,"column":25}},"9":{"start":{"line":22,"column":2},"end":{"line":40,"column":17}},"10":{"start":{"line":23,"column":4},"end":{"line":39,"column":5}},"11":{"start":{"line":24,"column":6},"end":{"line":24,"column":23}},"12":{"start":{"line":25,"column":29},"end":{"line":25,"column":51}},"13":{"start":{"line":25,"column":35},"end":{"line":25,"column":51}},"14":{"start":{"line":26,"column":6},"end":{"line":26,"column":60}},"15":{"start":{"line":27,"column":6},"end":{"line":27,"column":59}},"16":{"start":{"line":28,"column":6},"end":{"line":28,"column":57}},"17":{"start":{"line":29,"column":6},"end":{"line":29,"column":56}},"18":{"start":{"line":30,"column":6},"end":{"line":38,"column":8}},"19":{"start":{"line":31,"column":8},"end":{"line":33,"column":9}},"20":{"start":{"line":32,"column":10},"end":{"line":32,"column":42}},"21":{"start":{"line":34,"column":8},"end":{"line":34,"column":65}},"22":{"start":{"line":35,"column":8},"end":{"line":35,"column":64}},"23":{"start":{"line":36,"column":8},"end":{"line":36,"column":62}},"24":{"start":{"line":37,"column":8},"end":{"line":37,"column":61}},"25":{"start":{"line":42,"column":2},"end":{"line":42,"column":98}},"26":{"start":{"line":42,"column":76},"end":{"line":42,"column":93}}},"fnMap":{"0":{"name":"(anonymous_0)","decl":{"start":{"line":8,"column":30},"end":{"line":8,"column":31}},"loc":{"start":{"line":8,"column":36},"end":{"line":43,"column":1}},"line":8},"1":{"name":"(anonymous_1)","decl":{"start":{"line":14,"column":25},"end":{"line":14,"column":26}},"loc":{"start":{"line":14,"column":31},"end":{"line":20,"column":3}},"line":14},"2":{"name":"(anonymous_2)","decl":{"start":{"line":17,"column":42},"end":{"line":17,"column":43}},"loc":{"start":{"line":17,"column":48},"end":{"line":19,"column":5}},"line":17},"3":{"name":"(anonymous_3)","decl":{"start":{"line":22,"column":12},"end":{"line":22,"column":13}},"loc":{"start":{"line":22,"column":18},"end":{"line":40,"column":3}},"line":22},"4":{"name":"(anonymous_4)","decl":{"start":{"line":25,"column":29},"end":{"line":25,"column":30}},"loc":{"start":{"line":25,"column":35},"end":{"line":25,"column":51}},"line":25},"5":{"name":"(anonymous_5)","decl":{"start":{"line":30,"column":13},"end":{"line":30,"column":14}},"loc":{"start":{"line":30,"column":19},"end":{"line":38,"column":7}},"line":30},"6":{"name":"(anonymous_6)","decl":{"start":{"line":42,"column":70},"end":{"line":42,"column":71}},"loc":{"start":{"line":42,"column":76},"end":{"line":42,"column":93}},"line":42}},"branchMap":{"0":{"loc":{"start":{"line":15,"column":4},"end":{"line":15,"column":59}},"type":"if","locations":[{"start":{"line":15,"column":4},"end":{"line":15,"column":59}},{"start":{},"end":{}}],"line":15},"1":{"loc":{"start":{"line":23,"column":4},"end":{"line":39,"column":5}},"type":"if","locations":[{"start":{"line":23,"column":4},"end":{"line":39,"column":5}},{"start":{},"end":{}}],"line":23},"2":{"loc":{"start":{"line":31,"column":8},"end":{"line":33,"column":9}},"type":"if","locations":[{"start":{"line":31,"column":8},"end":{"line":33,"column":9}},{"start":{},"end":{}}],"line":31},"3":{"loc":{"start":{"line":42,"column":9},"end":{"line":42,"column":97}},"type":"cond-expr","locations":[{"start":{"line":42,"column":20},"end":{"line":42,"column":39}},{"start":{"line":42,"column":42},"end":{"line":42,"column":97}}],"line":42}},"s":{"0":0,"1":0,"2":0,"3":0,"4":0,"5":0,"6":0,"7":0,"8":0,"9":0,"10":0,"11":0,"12":0,"13":0,"14":0,"15":0,"16":0,"17":0,"18":0,"19":0,"20":0,"21":0,"22":0,"23":0,"24":0,"25":0,"26":0},"f":{"0":0,"1":0,"2":0,"3":0,"4":0,"5":0,"6":0},"b":{"0":[0,0],"1":[0,0],"2":[0,0],"3":[0,0]}}
,"C:\\Users\\Admin\\StudioProjects\\KidMap\\app\\search.tsx": {"path":"C:\\Users\\Admin\\StudioProjects\\KidMap\\app\\search.tsx","statementMap":{"0":{"start":{"line":13,"column":29},"end":{"line":31,"column":1}},"1":{"start":{"line":15,"column":20},"end":{"line":15,"column":61}},"2":{"start":{"line":17,"column":2},"end":{"line":19,"column":3}},"3":{"start":{"line":18,"column":4},"end":{"line":18,"column":68}},"4":{"start":{"line":18,"column":39},"end":{"line":18,"column":66}},"5":{"start":{"line":21,"column":2},"end":{"line":23,"column":3}},"6":{"start":{"line":22,"column":4},"end":{"line":22,"column":14}},"7":{"start":{"line":25,"column":21},"end":{"line":25,"column":40}},"8":{"start":{"line":26,"column":2},"end":{"line":30,"column":4}},"9":{"start":{"line":28,"column":6},"end":{"line":29,"column":54}},"10":{"start":{"line":34,"column":17},"end":{"line":34,"column":28}},"11":{"start":{"line":35,"column":17},"end":{"line":35,"column":39}},"12":{"start":{"line":36,"column":19},"end":{"line":36,"column":51}},"13":{"start":{"line":38,"column":40},"end":{"line":38,"column":52}},"14":{"start":{"line":39,"column":44},"end":{"line":39,"column":65}},"15":{"start":{"line":45,"column":6},"end":{"line":45,"column":26}},"16":{"start":{"line":47,"column":2},"end":{"line":52,"column":17}},"17":{"start":{"line":49,"column":4},"end":{"line":51,"column":5}},"18":{"start":{"line":50,"column":6},"end":{"line":50,"column":59}},"19":{"start":{"line":54,"column":23},"end":{"line":57,"column":3}},"20":{"start":{"line":55,"column":4},"end":{"line":55,"column":25}},"21":{"start":{"line":56,"column":4},"end":{"line":56,"column":59}},"22":{"start":{"line":59,"column":28},"end":{"line":63,"column":3}},"23":{"start":{"line":60,"column":4},"end":{"line":60,"column":26}},"24":{"start":{"line":61,"column":4},"end":{"line":61,"column":31}},"25":{"start":{"line":62,"column":4},"end":{"line":62,"column":18}},"26":{"start":{"line":65,"column":2},"end":{"line":111,"column":4}},"27":{"start":{"line":72,"column":12},"end":{"line":72,"column":31}},"28":{"start":{"line":73,"column":12},"end":{"line":73,"column":33}},"29":{"start":{"line":83,"column":12},"end":{"line":83,"column":82}},"30":{"start":{"line":97,"column":36},"end":{"line":97,"column":43}},"31":{"start":{"line":98,"column":38},"end":{"line":98,"column":92}},"32":{"start":{"line":114,"column":15},"end":{"line":144,"column":2}}},"fnMap":{"0":{"name":"(anonymous_0)","decl":{"start":{"line":13,"column":29},"end":{"line":13,"column":30}},"loc":{"start":{"line":13,"column":83},"end":{"line":31,"column":1}},"line":13},"1":{"name":"(anonymous_1)","decl":{"start":{"line":18,"column":28},"end":{"line":18,"column":29}},"loc":{"start":{"line":18,"column":39},"end":{"line":18,"column":66}},"line":18},"2":{"name":"(anonymous_2)","decl":{"start":{"line":27,"column":4},"end":{"line":27,"column":5}},"loc":{"start":{"line":28,"column":6},"end":{"line":29,"column":54}},"line":28},"3":{"name":"SearchScreen","decl":{"start":{"line":33,"column":24},"end":{"line":33,"column":36}},"loc":{"start":{"line":33,"column":39},"end":{"line":112,"column":1}},"line":33},"4":{"name":"(anonymous_4)","decl":{"start":{"line":47,"column":12},"end":{"line":47,"column":13}},"loc":{"start":{"line":47,"column":18},"end":{"line":52,"column":3}},"line":47},"5":{"name":"(anonymous_5)","decl":{"start":{"line":54,"column":23},"end":{"line":54,"column":24}},"loc":{"start":{"line":54,"column":41},"end":{"line":57,"column":3}},"line":54},"6":{"name":"(anonymous_6)","decl":{"start":{"line":59,"column":28},"end":{"line":59,"column":29}},"loc":{"start":{"line":59,"column":46},"end":{"line":63,"column":3}},"line":59},"7":{"name":"(anonymous_7)","decl":{"start":{"line":71,"column":19},"end":{"line":71,"column":20}},"loc":{"start":{"line":71,"column":25},"end":{"line":74,"column":11}},"line":71},"8":{"name":"(anonymous_8)","decl":{"start":{"line":82,"column":36},"end":{"line":82,"column":37}},"loc":{"start":{"line":83,"column":12},"end":{"line":83,"column":82}},"line":83},"9":{"name":"(anonymous_9)","decl":{"start":{"line":97,"column":26},"end":{"line":97,"column":27}},"loc":{"start":{"line":97,"column":36},"end":{"line":97,"column":43}},"line":97},"10":{"name":"(anonymous_10)","decl":{"start":{"line":98,"column":24},"end":{"line":98,"column":25}},"loc":{"start":{"line":98,"column":38},"end":{"line":98,"column":92}},"line":98}},"branchMap":{"0":{"loc":{"start":{"line":17,"column":2},"end":{"line":19,"column":3}},"type":"if","locations":[{"start":{"line":17,"column":2},"end":{"line":19,"column":3}},{"start":{},"end":{}}],"line":17},"1":{"loc":{"start":{"line":21,"column":2},"end":{"line":23,"column":3}},"type":"if","locations":[{"start":{"line":21,"column":2},"end":{"line":23,"column":3}},{"start":{},"end":{}}],"line":21},"2":{"loc":{"start":{"line":28,"column":6},"end":{"line":29,"column":54}},"type":"binary-expr","locations":[{"start":{"line":28,"column":6},"end":{"line":28,"column":51}},{"start":{"line":29,"column":6},"end":{"line":29,"column":54}}],"line":28},"3":{"loc":{"start":{"line":49,"column":4},"end":{"line":51,"column":5}},"type":"if","locations":[{"start":{"line":49,"column":4},"end":{"line":51,"column":5}},{"start":{},"end":{}}],"line":49},"4":{"loc":{"start":{"line":75,"column":23},"end":{"line":75,"column":90}},"type":"cond-expr","locations":[{"start":{"line":75,"column":34},"end":{"line":75,"column":64}},{"start":{"line":75,"column":67},"end":{"line":75,"column":90}}],"line":75},"5":{"loc":{"start":{"line":79,"column":7},"end":{"line":86,"column":7}},"type":"binary-expr","locations":[{"start":{"line":79,"column":7},"end":{"line":79,"column":31}},{"start":{"line":79,"column":35},"end":{"line":79,"column":44}},{"start":{"line":79,"column":48},"end":{"line":79,"column":79}},{"start":{"line":80,"column":8},"end":{"line":85,"column":11}}],"line":79},"6":{"loc":{"start":{"line":88,"column":7},"end":{"line":109,"column":7}},"type":"cond-expr","locations":[{"start":{"line":89,"column":8},"end":{"line":101,"column":11}},{"start":{"line":103,"column":8},"end":{"line":108,"column":9}}],"line":88},"7":{"loc":{"start":{"line":91,"column":13},"end":{"line":93,"column":32}},"type":"cond-expr","locations":[{"start":{"line":92,"column":16},"end":{"line":92,"column":80}},{"start":{"line":93,"column":16},"end":{"line":93,"column":32}}],"line":91},"8":{"loc":{"start":{"line":103,"column":8},"end":{"line":108,"column":9}},"type":"binary-expr","locations":[{"start":{"line":103,"column":8},"end":{"line":103,"column":30}},{"start":{"line":104,"column":10},"end":{"line":107,"column":17}}],"line":103}},"s":{"0":0,"1":0,"2":0,"3":0,"4":0,"5":0,"6":0,"7":0,"8":0,"9":0,"10":0,"11":0,"12":0,"13":0,"14":0,"15":0,"16":0,"17":0,"18":0,"19":0,"20":0,"21":0,"22":0,"23":0,"24":0,"25":0,"26":0,"27":0,"28":0,"29":0,"30":0,"31":0,"32":0},"f":{"0":0,"1":0,"2":0,"3":0,"4":0,"5":0,"6":0,"7":0,"8":0,"9":0,"10":0},"b":{"0":[0,0],"1":[0,0],"2":[0,0],"3":[0,0],"4":[0,0],"5":[0,0,0,0],"6":[0,0],"7":[0,0],"8":[0,0]}}
,"C:\\Users\\Admin\\StudioProjects\\KidMap\\app\\route\\[id].tsx": {"path":"C:\\Users\\Admin\\StudioProjects\\KidMap\\app\\route\\[id].tsx","statementMap":{"0":{"start":{"line":17,"column":17},"end":{"line":17,"column":28}},"1":{"start":{"line":18,"column":17},"end":{"line":18,"column":39}},"2":{"start":{"line":19,"column":34},"end":{"line":19,"column":54}},"3":{"start":{"line":22,"column":26},"end":{"line":22,"column":57}},"4":{"start":{"line":23,"column":40},"end":{"line":23,"column":74}},"5":{"start":{"line":24,"column":32},"end":{"line":24,"column":47}},"6":{"start":{"line":25,"column":28},"end":{"line":25,"column":57}},"7":{"start":{"line":27,"column":2},"end":{"line":57,"column":34}},"8":{"start":{"line":28,"column":4},"end":{"line":28,"column":40}},"9":{"start":{"line":28,"column":33},"end":{"line":28,"column":40}},"10":{"start":{"line":30,"column":28},"end":{"line":30,"column":49}},"11":{"start":{"line":33,"column":6},"end":{"line":33,"column":23}},"12":{"start":{"line":34,"column":6},"end":{"line":34,"column":21}},"13":{"start":{"line":35,"column":6},"end":{"line":50,"column":7}},"14":{"start":{"line":37,"column":23},"end":{"line":37,"column":108}},"15":{"start":{"line":38,"column":8},"end":{"line":42,"column":9}},"16":{"start":{"line":39,"column":10},"end":{"line":39,"column":33}},"17":{"start":{"line":41,"column":10},"end":{"line":41,"column":43}},"18":{"start":{"line":44,"column":8},"end":{"line":47,"column":9}},"19":{"start":{"line":45,"column":10},"end":{"line":45,"column":54}},"20":{"start":{"line":46,"column":10},"end":{"line":46,"column":81}},"21":{"start":{"line":49,"column":8},"end":{"line":49,"column":26}},"22":{"start":{"line":52,"column":4},"end":{"line":52,"column":16}},"23":{"start":{"line":54,"column":4},"end":{"line":56,"column":6}},"24":{"start":{"line":55,"column":6},"end":{"line":55,"column":30}},"25":{"start":{"line":59,"column":26},"end":{"line":59,"column":52}},"26":{"start":{"line":60,"column":26},"end":{"line":60,"column":52}},"27":{"start":{"line":62,"column":2},"end":{"line":157,"column":4}},"28":{"start":{"line":67,"column":10},"end":{"line":75,"column":22}},"29":{"start":{"line":70,"column":27},"end":{"line":70,"column":37}},"30":{"start":{"line":86,"column":62},"end":{"line":86,"column":75}},"31":{"start":{"line":119,"column":60},"end":{"line":122,"column":15}},"32":{"start":{"line":148,"column":12},"end":{"line":150,"column":14}},"33":{"start":{"line":149,"column":14},"end":{"line":149,"column":73}},"34":{"start":{"line":160,"column":15},"end":{"line":346,"column":2}}},"fnMap":{"0":{"name":"RouteDetailScreen","decl":{"start":{"line":16,"column":24},"end":{"line":16,"column":41}},"loc":{"start":{"line":16,"column":44},"end":{"line":158,"column":1}},"line":16},"1":{"name":"(anonymous_1)","decl":{"start":{"line":27,"column":12},"end":{"line":27,"column":13}},"loc":{"start":{"line":27,"column":18},"end":{"line":57,"column":3}},"line":27},"2":{"name":"loadRoute","decl":{"start":{"line":32,"column":19},"end":{"line":32,"column":28}},"loc":{"start":{"line":32,"column":31},"end":{"line":51,"column":5}},"line":32},"3":{"name":"(anonymous_3)","decl":{"start":{"line":54,"column":11},"end":{"line":54,"column":12}},"loc":{"start":{"line":54,"column":17},"end":{"line":56,"column":5}},"line":54},"4":{"name":"(anonymous_4)","decl":{"start":{"line":66,"column":65},"end":{"line":66,"column":66}},"loc":{"start":{"line":67,"column":10},"end":{"line":75,"column":22}},"line":67},"5":{"name":"(anonymous_5)","decl":{"start":{"line":70,"column":21},"end":{"line":70,"column":22}},"loc":{"start":{"line":70,"column":27},"end":{"line":70,"column":37}},"line":70},"6":{"name":"(anonymous_6)","decl":{"start":{"line":86,"column":56},"end":{"line":86,"column":57}},"loc":{"start":{"line":86,"column":62},"end":{"line":86,"column":75}},"line":86},"7":{"name":"(anonymous_7)","decl":{"start":{"line":119,"column":53},"end":{"line":119,"column":54}},"loc":{"start":{"line":119,"column":60},"end":{"line":122,"column":15}},"line":119},"8":{"name":"(anonymous_8)","decl":{"start":{"line":147,"column":36},"end":{"line":147,"column":37}},"loc":{"start":{"line":148,"column":12},"end":{"line":150,"column":14}},"line":148},"9":{"name":"(anonymous_9)","decl":{"start":{"line":148,"column":26},"end":{"line":148,"column":27}},"loc":{"start":{"line":149,"column":14},"end":{"line":149,"column":73}},"line":149}},"branchMap":{"0":{"loc":{"start":{"line":28,"column":4},"end":{"line":28,"column":40}},"type":"if","locations":[{"start":{"line":28,"column":4},"end":{"line":28,"column":40}},{"start":{},"end":{}}],"line":28},"1":{"loc":{"start":{"line":28,"column":8},"end":{"line":28,"column":31}},"type":"binary-expr","locations":[{"start":{"line":28,"column":8},"end":{"line":28,"column":15}},{"start":{"line":28,"column":19},"end":{"line":28,"column":31}}],"line":28},"2":{"loc":{"start":{"line":38,"column":8},"end":{"line":42,"column":9}},"type":"if","locations":[{"start":{"line":38,"column":8},"end":{"line":42,"column":9}},{"start":{"line":40,"column":15},"end":{"line":42,"column":9}}],"line":38},"3":{"loc":{"start":{"line":44,"column":8},"end":{"line":47,"column":9}},"type":"if","locations":[{"start":{"line":44,"column":8},"end":{"line":47,"column":9}},{"start":{},"end":{}}],"line":44},"4":{"loc":{"start":{"line":46,"column":19},"end":{"line":46,"column":79}},"type":"binary-expr","locations":[{"start":{"line":46,"column":19},"end":{"line":46,"column":30}},{"start":{"line":46,"column":34},"end":{"line":46,"column":79}}],"line":46},"5":{"loc":{"start":{"line":59,"column":26},"end":{"line":59,"column":52}},"type":"binary-expr","locations":[{"start":{"line":59,"column":26},"end":{"line":59,"column":47}},{"start":{"line":59,"column":51},"end":{"line":59,"column":52}}],"line":59},"6":{"loc":{"start":{"line":60,"column":26},"end":{"line":60,"column":52}},"type":"binary-expr","locations":[{"start":{"line":60,"column":26},"end":{"line":60,"column":47}},{"start":{"line":60,"column":51},"end":{"line":60,"column":52}}],"line":60},"7":{"loc":{"start":{"line":69,"column":39},"end":{"line":69,"column":76}},"type":"binary-expr","locations":[{"start":{"line":69,"column":39},"end":{"line":69,"column":49}},{"start":{"line":69,"column":53},"end":{"line":69,"column":76}}],"line":69},"8":{"loc":{"start":{"line":72,"column":43},"end":{"line":72,"column":78}},"type":"binary-expr","locations":[{"start":{"line":72,"column":43},"end":{"line":72,"column":53}},{"start":{"line":72,"column":57},"end":{"line":72,"column":78}}],"line":72},"9":{"loc":{"start":{"line":80,"column":7},"end":{"line":80,"column":36}},"type":"binary-expr","locations":[{"start":{"line":80,"column":7},"end":{"line":80,"column":14}},{"start":{"line":80,"column":18},"end":{"line":80,"column":36}}],"line":80},"10":{"loc":{"start":{"line":83,"column":7},"end":{"line":90,"column":7}},"type":"binary-expr","locations":[{"start":{"line":83,"column":7},"end":{"line":83,"column":12}},{"start":{"line":84,"column":8},"end":{"line":89,"column":15}}],"line":83},"11":{"loc":{"start":{"line":93,"column":7},"end":{"line":95,"column":7}},"type":"binary-expr","locations":[{"start":{"line":93,"column":7},"end":{"line":93,"column":15}},{"start":{"line":93,"column":19},"end":{"line":93,"column":25}},{"start":{"line":93,"column":29},"end":{"line":93,"column":41}},{"start":{"line":94,"column":8},"end":{"line":94,"column":90}}],"line":93},"12":{"loc":{"start":{"line":98,"column":7},"end":{"line":103,"column":7}},"type":"binary-expr","locations":[{"start":{"line":98,"column":7},"end":{"line":98,"column":18}},{"start":{"line":99,"column":8},"end":{"line":102,"column":15}}],"line":98},"13":{"loc":{"start":{"line":116,"column":9},"end":{"line":141,"column":9}},"type":"binary-expr","locations":[{"start":{"line":116,"column":9},"end":{"line":116,"column":20}},{"start":{"line":117,"column":10},"end":{"line":140,"column":13}}],"line":116},"14":{"loc":{"start":{"line":145,"column":7},"end":{"line":153,"column":7}},"type":"binary-expr","locations":[{"start":{"line":145,"column":7},"end":{"line":145,"column":18}},{"start":{"line":146,"column":8},"end":{"line":152,"column":21}}],"line":145}},"s":{"0":0,"1":0,"2":0,"3":0,"4":0,"5":0,"6":0,"7":0,"8":0,"9":0,"10":0,"11":0,"12":0,"13":0,"14":0,"15":0,"16":0,"17":0,"18":0,"19":0,"20":0,"21":0,"22":0,"23":0,"24":0,"25":0,"26":0,"27":0,"28":0,"29":0,"30":0,"31":0,"32":0,"33":0,"34":0},"f":{"0":0,"1":0,"2":0,"3":0,"4":0,"5":0,"6":0,"7":0,"8":0,"9":0},"b":{"0":[0,0],"1":[0,0],"2":[0,0],"3":[0,0],"4":[0,0],"5":[0,0],"6":[0,0],"7":[0,0],"8":[0,0],"9":[0,0],"10":[0,0],"11":[0,0,0,0],"12":[0,0],"13":[0,0],"14":[0,0]}}
,"C:\\Users\\Admin\\StudioProjects\\KidMap\\app\\tabs\\_layout.tsx": {"path":"C:\\Users\\Admin\\StudioProjects\\KidMap\\app\\tabs\\_layout.tsx","statementMap":{"0":{"start":{"line":8,"column":2},"end":{"line":72,"column":4}},"1":{"start":{"line":39,"column":37},"end":{"line":39,"column":69}},"2":{"start":{"line":47,"column":37},"end":{"line":47,"column":68}},"3":{"start":{"line":54,"column":37},"end":{"line":54,"column":70}},"4":{"start":{"line":61,"column":37},"end":{"line":61,"column":71}},"5":{"start":{"line":68,"column":37},"end":{"line":68,"column":73}}},"fnMap":{"0":{"name":"TabLayout","decl":{"start":{"line":7,"column":24},"end":{"line":7,"column":33}},"loc":{"start":{"line":7,"column":36},"end":{"line":73,"column":1}},"line":7},"1":{"name":"(anonymous_1)","decl":{"start":{"line":39,"column":22},"end":{"line":39,"column":23}},"loc":{"start":{"line":39,"column":37},"end":{"line":39,"column":69}},"line":39},"2":{"name":"(anonymous_2)","decl":{"start":{"line":47,"column":22},"end":{"line":47,"column":23}},"loc":{"start":{"line":47,"column":37},"end":{"line":47,"column":68}},"line":47},"3":{"name":"(anonymous_3)","decl":{"start":{"line":54,"column":22},"end":{"line":54,"column":23}},"loc":{"start":{"line":54,"column":37},"end":{"line":54,"column":70}},"line":54},"4":{"name":"(anonymous_4)","decl":{"start":{"line":61,"column":22},"end":{"line":61,"column":23}},"loc":{"start":{"line":61,"column":37},"end":{"line":61,"column":71}},"line":61},"5":{"name":"(anonymous_5)","decl":{"start":{"line":68,"column":22},"end":{"line":68,"column":23}},"loc":{"start":{"line":68,"column":37},"end":{"line":68,"column":73}},"line":68}},"branchMap":{"0":{"loc":{"start":{"line":18,"column":18},"end":{"line":18,"column":53}},"type":"cond-expr","locations":[{"start":{"line":18,"column":46},"end":{"line":18,"column":48}},{"start":{"line":18,"column":51},"end":{"line":18,"column":53}}],"line":18},"1":{"loc":{"start":{"line":19,"column":25},"end":{"line":19,"column":59}},"type":"cond-expr","locations":[{"start":{"line":19,"column":53},"end":{"line":19,"column":55}},{"start":{"line":19,"column":58},"end":{"line":19,"column":59}}],"line":19},"2":{"loc":{"start":{"line":20,"column":22},"end":{"line":20,"column":55}},"type":"cond-expr","locations":[{"start":{"line":20,"column":50},"end":{"line":20,"column":51}},{"start":{"line":20,"column":54},"end":{"line":20,"column":55}}],"line":20},"3":{"loc":{"start":{"line":24,"column":12},"end":{"line":32,"column":9}},"type":"binary-expr","locations":[{"start":{"line":24,"column":12},"end":{"line":24,"column":37}},{"start":{"line":24,"column":41},"end":{"line":32,"column":9}}],"line":24}},"s":{"0":0,"1":0,"2":0,"3":0,"4":0,"5":0},"f":{"0":0,"1":0,"2":0,"3":0,"4":0,"5":0},"b":{"0":[0,0],"1":[0,0],"2":[0,0],"3":[0,0]}}
,"C:\\Users\\Admin\\StudioProjects\\KidMap\\app\\tabs\\achievements.tsx": {"path":"C:\\Users\\Admin\\StudioProjects\\KidMap\\app\\tabs\\achievements.tsx","statementMap":{"0":{"start":{"line":9,"column":53},"end":{"line":9,"column":77}},"1":{"start":{"line":12,"column":51},"end":{"line":12,"column":73}},"2":{"start":{"line":13,"column":40},"end":{"line":13,"column":92}},"3":{"start":{"line":15,"column":31},"end":{"line":15,"column":69}},"4":{"start":{"line":15,"column":58},"end":{"line":15,"column":68}},"5":{"start":{"line":16,"column":29},"end":{"line":16,"column":68}},"6":{"start":{"line":16,"column":56},"end":{"line":16,"column":67}},"7":{"start":{"line":18,"column":29},"end":{"line":51,"column":3}},"8":{"start":{"line":19,"column":4},"end":{"line":50,"column":11}},"9":{"start":{"line":24,"column":12},"end":{"line":29,"column":14}},"10":{"start":{"line":44,"column":12},"end":{"line":46,"column":19}},"11":{"start":{"line":53,"column":2},"end":{"line":135,"column":4}},"12":{"start":{"line":65,"column":25},"end":{"line":65,"column":55}},"13":{"start":{"line":75,"column":25},"end":{"line":75,"column":50}},"14":{"start":{"line":92,"column":20},"end":{"line":92,"column":100}},"15":{"start":{"line":103,"column":20},"end":{"line":107,"column":22}},"16":{"start":{"line":118,"column":34},"end":{"line":118,"column":89}},"17":{"start":{"line":120,"column":20},"end":{"line":120,"column":77}},"18":{"start":{"line":138,"column":15},"end":{"line":262,"column":2}}},"fnMap":{"0":{"name":"AchievementsScreen","decl":{"start":{"line":11,"column":24},"end":{"line":11,"column":42}},"loc":{"start":{"line":11,"column":45},"end":{"line":136,"column":1}},"line":11},"1":{"name":"(anonymous_1)","decl":{"start":{"line":15,"column":51},"end":{"line":15,"column":52}},"loc":{"start":{"line":15,"column":58},"end":{"line":15,"column":68}},"line":15},"2":{"name":"(anonymous_2)","decl":{"start":{"line":16,"column":49},"end":{"line":16,"column":50}},"loc":{"start":{"line":16,"column":56},"end":{"line":16,"column":67}},"line":16},"3":{"name":"(anonymous_3)","decl":{"start":{"line":18,"column":29},"end":{"line":18,"column":30}},"loc":{"start":{"line":19,"column":4},"end":{"line":50,"column":11}},"line":19},"4":{"name":"(anonymous_4)","decl":{"start":{"line":23,"column":31},"end":{"line":23,"column":32}},"loc":{"start":{"line":24,"column":12},"end":{"line":29,"column":14}},"line":24},"5":{"name":"(anonymous_5)","decl":{"start":{"line":43,"column":29},"end":{"line":43,"column":30}},"loc":{"start":{"line":44,"column":12},"end":{"line":46,"column":19}},"line":44},"6":{"name":"(anonymous_6)","decl":{"start":{"line":65,"column":19},"end":{"line":65,"column":20}},"loc":{"start":{"line":65,"column":25},"end":{"line":65,"column":55}},"line":65},"7":{"name":"(anonymous_7)","decl":{"start":{"line":75,"column":19},"end":{"line":75,"column":20}},"loc":{"start":{"line":75,"column":25},"end":{"line":75,"column":50}},"line":75},"8":{"name":"(anonymous_8)","decl":{"start":{"line":91,"column":44},"end":{"line":91,"column":45}},"loc":{"start":{"line":92,"column":20},"end":{"line":92,"column":100}},"line":92},"9":{"name":"(anonymous_9)","decl":{"start":{"line":102,"column":42},"end":{"line":102,"column":43}},"loc":{"start":{"line":103,"column":20},"end":{"line":107,"column":22}},"line":103},"10":{"name":"(anonymous_10)","decl":{"start":{"line":118,"column":24},"end":{"line":118,"column":25}},"loc":{"start":{"line":118,"column":34},"end":{"line":118,"column":89}},"line":118},"11":{"name":"(anonymous_11)","decl":{"start":{"line":119,"column":23},"end":{"line":119,"column":24}},"loc":{"start":{"line":120,"column":20},"end":{"line":120,"column":77}},"line":120}},"branchMap":{"0":{"loc":{"start":{"line":27,"column":21},"end":{"line":27,"column":68}},"type":"cond-expr","locations":[{"start":{"line":27,"column":43},"end":{"line":27,"column":52}},{"start":{"line":27,"column":55},"end":{"line":27,"column":68}}],"line":27},"1":{"loc":{"start":{"line":28,"column":20},"end":{"line":28,"column":67}},"type":"cond-expr","locations":[{"start":{"line":28,"column":42},"end":{"line":28,"column":51}},{"start":{"line":28,"column":54},"end":{"line":28,"column":67}}],"line":28},"2":{"loc":{"start":{"line":38,"column":7},"end":{"line":38,"column":74}},"type":"binary-expr","locations":[{"start":{"line":38,"column":7},"end":{"line":38,"column":17}},{"start":{"line":38,"column":21},"end":{"line":38,"column":74}}],"line":38},"3":{"loc":{"start":{"line":40,"column":7},"end":{"line":49,"column":7}},"type":"binary-expr","locations":[{"start":{"line":40,"column":7},"end":{"line":40,"column":31}},{"start":{"line":41,"column":8},"end":{"line":48,"column":15}}],"line":40},"4":{"loc":{"start":{"line":64,"column":30},"end":{"line":64,"column":80}},"type":"binary-expr","locations":[{"start":{"line":64,"column":30},"end":{"line":64,"column":60}},{"start":{"line":64,"column":64},"end":{"line":64,"column":80}}],"line":64},"5":{"loc":{"start":{"line":67,"column":35},"end":{"line":67,"column":94}},"type":"cond-expr","locations":[{"start":{"line":67,"column":68},"end":{"line":67,"column":77}},{"start":{"line":67,"column":80},"end":{"line":67,"column":94}}],"line":67},"6":{"loc":{"start":{"line":68,"column":40},"end":{"line":68,"column":94}},"type":"binary-expr","locations":[{"start":{"line":68,"column":40},"end":{"line":68,"column":70}},{"start":{"line":68,"column":74},"end":{"line":68,"column":94}}],"line":68},"7":{"loc":{"start":{"line":74,"column":30},"end":{"line":74,"column":75}},"type":"binary-expr","locations":[{"start":{"line":74,"column":30},"end":{"line":74,"column":55}},{"start":{"line":74,"column":59},"end":{"line":74,"column":75}}],"line":74},"8":{"loc":{"start":{"line":77,"column":37},"end":{"line":77,"column":91}},"type":"cond-expr","locations":[{"start":{"line":77,"column":65},"end":{"line":77,"column":74}},{"start":{"line":77,"column":77},"end":{"line":77,"column":91}}],"line":77},"9":{"loc":{"start":{"line":78,"column":40},"end":{"line":78,"column":89}},"type":"binary-expr","locations":[{"start":{"line":78,"column":40},"end":{"line":78,"column":65}},{"start":{"line":78,"column":69},"end":{"line":78,"column":89}}],"line":78},"10":{"loc":{"start":{"line":85,"column":9},"end":{"line":132,"column":9}},"type":"cond-expr","locations":[{"start":{"line":86,"column":10},"end":{"line":112,"column":13}},{"start":{"line":114,"column":10},"end":{"line":131,"column":13}}],"line":85},"11":{"loc":{"start":{"line":87,"column":13},"end":{"line":96,"column":13}},"type":"binary-expr","locations":[{"start":{"line":87,"column":13},"end":{"line":87,"column":44}},{"start":{"line":88,"column":14},"end":{"line":95,"column":17}}],"line":87},"12":{"loc":{"start":{"line":98,"column":13},"end":{"line":111,"column":13}},"type":"binary-expr","locations":[{"start":{"line":98,"column":13},"end":{"line":98,"column":42}},{"start":{"line":99,"column":14},"end":{"line":110,"column":17}}],"line":98},"13":{"loc":{"start":{"line":115,"column":13},"end":{"line":130,"column":13}},"type":"cond-expr","locations":[{"start":{"line":116,"column":14},"end":{"line":122,"column":21}},{"start":{"line":124,"column":14},"end":{"line":129,"column":21}}],"line":115},"14":{"loc":{"start":{"line":192,"column":11},"end":{"line":192,"column":56}},"type":"cond-expr","locations":[{"start":{"line":192,"column":31},"end":{"line":192,"column":45}},{"start":{"line":192,"column":48},"end":{"line":192,"column":56}}],"line":192}},"s":{"0":0,"1":0,"2":0,"3":0,"4":0,"5":0,"6":0,"7":0,"8":0,"9":0,"10":0,"11":0,"12":0,"13":0,"14":0,"15":0,"16":0,"17":0,"18":0},"f":{"0":0,"1":0,"2":0,"3":0,"4":0,"5":0,"6":0,"7":0,"8":0,"9":0,"10":0,"11":0},"b":{"0":[0,0],"1":[0,0],"2":[0,0],"3":[0,0],"4":[0,0],"5":[0,0],"6":[0,0],"7":[0,0],"8":[0,0],"9":[0,0],"10":[0,0],"11":[0,0],"12":[0,0],"13":[0,0],"14":[0,0]}}
,"C:\\Users\\Admin\\StudioProjects\\KidMap\\app\\tabs\\index.tsx": {"path":"C:\\Users\\Admin\\StudioProjects\\KidMap\\app\\tabs\\index.tsx","statementMap":{"0":{"start":{"line":33,"column":17},"end":{"line":33,"column":28}},"1":{"start":{"line":34,"column":23},"end":{"line":34,"column":36}},"2":{"start":{"line":36,"column":40},"end":{"line":36,"column":52}},"3":{"start":{"line":37,"column":40},"end":{"line":37,"column":54}},"4":{"start":{"line":38,"column":38},"end":{"line":38,"column":53}},"5":{"start":{"line":39,"column":42},"end":{"line":39,"column":57}},"6":{"start":{"line":41,"column":77},"end":{"line":41,"column":97}},"7":{"start":{"line":42,"column":54},"end":{"line":42,"column":76}},"8":{"start":{"line":43,"column":57},"end":{"line":43,"column":74}},"9":{"start":{"line":45,"column":2},"end":{"line":49,"column":9}},"10":{"start":{"line":46,"column":4},"end":{"line":46,"column":35}},"11":{"start":{"line":47,"column":4},"end":{"line":47,"column":37}},"12":{"start":{"line":48,"column":4},"end":{"line":48,"column":28}},"13":{"start":{"line":51,"column":2},"end":{"line":59,"column":5}},"14":{"start":{"line":52,"column":19},"end":{"line":52,"column":59}},"15":{"start":{"line":53,"column":4},"end":{"line":53,"column":96}},"16":{"start":{"line":54,"column":27},"end":{"line":54,"column":67}},"17":{"start":{"line":54,"column":55},"end":{"line":54,"column":66}},"18":{"start":{"line":55,"column":4},"end":{"line":58,"column":5}},"19":{"start":{"line":56,"column":22},"end":{"line":56,"column":78}},"20":{"start":{"line":57,"column":6},"end":{"line":57,"column":89}},"21":{"start":{"line":61,"column":22},"end":{"line":65,"column":3}},"22":{"start":{"line":67,"column":22},"end":{"line":84,"column":46}},"23":{"start":{"line":68,"column":4},"end":{"line":68,"column":39}},"24":{"start":{"line":68,"column":29},"end":{"line":68,"column":39}},"25":{"start":{"line":69,"column":39},"end":{"line":69,"column":41}},"26":{"start":{"line":71,"column":4},"end":{"line":75,"column":7}},"27":{"start":{"line":72,"column":6},"end":{"line":74,"column":7}},"28":{"start":{"line":73,"column":8},"end":{"line":73,"column":91}},"29":{"start":{"line":77,"column":4},"end":{"line":81,"column":7}},"30":{"start":{"line":78,"column":6},"end":{"line":80,"column":7}},"31":{"start":{"line":79,"column":8},"end":{"line":79,"column":92}},"32":{"start":{"line":83,"column":4},"end":{"line":83,"column":18}},"33":{"start":{"line":86,"column":28},"end":{"line":90,"column":3}},"34":{"start":{"line":87,"column":4},"end":{"line":87,"column":26}},"35":{"start":{"line":88,"column":4},"end":{"line":88,"column":31}},"36":{"start":{"line":89,"column":4},"end":{"line":89,"column":71}},"37":{"start":{"line":92,"column":31},"end":{"line":95,"column":3}},"38":{"start":{"line":93,"column":4},"end":{"line":93,"column":53}},"39":{"start":{"line":94,"column":4},"end":{"line":94,"column":63}},"40":{"start":{"line":97,"column":32},"end":{"line":107,"column":3}},"41":{"start":{"line":98,"column":32},"end":{"line":104,"column":5}},"42":{"start":{"line":105,"column":4},"end":{"line":105,"column":44}},"43":{"start":{"line":106,"column":4},"end":{"line":106,"column":36}},"44":{"start":{"line":109,"column":28},"end":{"line":112,"column":3}},"45":{"start":{"line":110,"column":4},"end":{"line":110,"column":26}},"46":{"start":{"line":111,"column":4},"end":{"line":111,"column":51}},"47":{"start":{"line":111,"column":21},"end":{"line":111,"column":43}},"48":{"start":{"line":114,"column":38},"end":{"line":122,"column":3}},"49":{"start":{"line":124,"column":24},"end":{"line":133,"column":3}},"50":{"start":{"line":125,"column":4},"end":{"line":125,"column":24}},"51":{"start":{"line":126,"column":4},"end":{"line":132,"column":5}},"52":{"start":{"line":127,"column":6},"end":{"line":127,"column":64}},"53":{"start":{"line":127,"column":37},"end":{"line":127,"column":62}},"54":{"start":{"line":129,"column":6},"end":{"line":129,"column":28}},"55":{"start":{"line":131,"column":6},"end":{"line":131,"column":27}},"56":{"start":{"line":135,"column":33},"end":{"line":141,"column":3}},"57":{"start":{"line":136,"column":4},"end":{"line":140,"column":5}},"58":{"start":{"line":137,"column":6},"end":{"line":137,"column":42}},"59":{"start":{"line":139,"column":6},"end":{"line":139,"column":28}},"60":{"start":{"line":143,"column":2},"end":{"line":213,"column":4}},"61":{"start":{"line":149,"column":22},"end":{"line":149,"column":44}},"62":{"start":{"line":164,"column":62},"end":{"line":164,"column":83}},"63":{"start":{"line":185,"column":12},"end":{"line":185,"column":96}},"64":{"start":{"line":192,"column":12},"end":{"line":200,"column":19}},"65":{"start":{"line":208,"column":28},"end":{"line":208,"column":50}},"66":{"start":{"line":216,"column":15},"end":{"line":251,"column":2}}},"fnMap":{"0":{"name":"HomeScreen","decl":{"start":{"line":32,"column":24},"end":{"line":32,"column":34}},"loc":{"start":{"line":32,"column":37},"end":{"line":214,"column":1}},"line":32},"1":{"name":"(anonymous_1)","decl":{"start":{"line":45,"column":12},"end":{"line":45,"column":13}},"loc":{"start":{"line":45,"column":18},"end":{"line":49,"column":3}},"line":45},"2":{"name":"(anonymous_2)","decl":{"start":{"line":51,"column":16},"end":{"line":51,"column":17}},"loc":{"start":{"line":51,"column":35},"end":{"line":59,"column":3}},"line":51},"3":{"name":"(anonymous_3)","decl":{"start":{"line":54,"column":48},"end":{"line":54,"column":49}},"loc":{"start":{"line":54,"column":55},"end":{"line":54,"column":66}},"line":54},"4":{"name":"(anonymous_4)","decl":{"start":{"line":67,"column":30},"end":{"line":67,"column":31}},"loc":{"start":{"line":67,"column":36},"end":{"line":84,"column":3}},"line":67},"5":{"name":"(anonymous_5)","decl":{"start":{"line":71,"column":27},"end":{"line":71,"column":28}},"loc":{"start":{"line":71,"column":38},"end":{"line":75,"column":5}},"line":71},"6":{"name":"(anonymous_6)","decl":{"start":{"line":77,"column":22},"end":{"line":77,"column":23}},"loc":{"start":{"line":77,"column":33},"end":{"line":81,"column":5}},"line":77},"7":{"name":"(anonymous_7)","decl":{"start":{"line":86,"column":28},"end":{"line":86,"column":29}},"loc":{"start":{"line":86,"column":46},"end":{"line":90,"column":3}},"line":86},"8":{"name":"(anonymous_8)","decl":{"start":{"line":92,"column":31},"end":{"line":92,"column":32}},"loc":{"start":{"line":92,"column":60},"end":{"line":95,"column":3}},"line":92},"9":{"name":"(anonymous_9)","decl":{"start":{"line":97,"column":32},"end":{"line":97,"column":33}},"loc":{"start":{"line":97,"column":38},"end":{"line":107,"column":3}},"line":97},"10":{"name":"(anonymous_10)","decl":{"start":{"line":109,"column":28},"end":{"line":109,"column":29}},"loc":{"start":{"line":109,"column":34},"end":{"line":112,"column":3}},"line":109},"11":{"name":"(anonymous_11)","decl":{"start":{"line":111,"column":15},"end":{"line":111,"column":16}},"loc":{"start":{"line":111,"column":21},"end":{"line":111,"column":43}},"line":111},"12":{"name":"(anonymous_12)","decl":{"start":{"line":124,"column":24},"end":{"line":124,"column":25}},"loc":{"start":{"line":124,"column":36},"end":{"line":133,"column":3}},"line":124},"13":{"name":"(anonymous_13)","decl":{"start":{"line":127,"column":24},"end":{"line":127,"column":25}},"loc":{"start":{"line":127,"column":37},"end":{"line":127,"column":62}},"line":127},"14":{"name":"(anonymous_14)","decl":{"start":{"line":135,"column":33},"end":{"line":135,"column":34}},"loc":{"start":{"line":135,"column":67},"end":{"line":141,"column":3}},"line":135},"15":{"name":"(anonymous_15)","decl":{"start":{"line":149,"column":16},"end":{"line":149,"column":17}},"loc":{"start":{"line":149,"column":22},"end":{"line":149,"column":44}},"line":149},"16":{"name":"(anonymous_16)","decl":{"start":{"line":164,"column":56},"end":{"line":164,"column":57}},"loc":{"start":{"line":164,"column":62},"end":{"line":164,"column":83}},"line":164},"17":{"name":"(anonymous_17)","decl":{"start":{"line":184,"column":26},"end":{"line":184,"column":27}},"loc":{"start":{"line":185,"column":12},"end":{"line":185,"column":96}},"line":185},"18":{"name":"(anonymous_18)","decl":{"start":{"line":191,"column":24},"end":{"line":191,"column":25}},"loc":{"start":{"line":192,"column":12},"end":{"line":200,"column":19}},"line":192},"19":{"name":"(anonymous_19)","decl":{"start":{"line":208,"column":22},"end":{"line":208,"column":23}},"loc":{"start":{"line":208,"column":28},"end":{"line":208,"column":50}},"line":208}},"branchMap":{"0":{"loc":{"start":{"line":52,"column":19},"end":{"line":52,"column":59}},"type":"cond-expr","locations":[{"start":{"line":52,"column":39},"end":{"line":52,"column":48}},{"start":{"line":52,"column":51},"end":{"line":52,"column":59}}],"line":52},"1":{"loc":{"start":{"line":55,"column":4},"end":{"line":58,"column":5}},"type":"if","locations":[{"start":{"line":55,"column":4},"end":{"line":58,"column":5}},{"start":{},"end":{}}],"line":55},"2":{"loc":{"start":{"line":55,"column":8},"end":{"line":55,"column":47}},"type":"binary-expr","locations":[{"start":{"line":55,"column":8},"end":{"line":55,"column":22}},{"start":{"line":55,"column":26},"end":{"line":55,"column":47}}],"line":55},"3":{"loc":{"start":{"line":68,"column":4},"end":{"line":68,"column":39}},"type":"if","locations":[{"start":{"line":68,"column":4},"end":{"line":68,"column":39}},{"start":{},"end":{}}],"line":68},"4":{"loc":{"start":{"line":72,"column":6},"end":{"line":74,"column":7}},"type":"if","locations":[{"start":{"line":72,"column":6},"end":{"line":74,"column":7}},{"start":{},"end":{}}],"line":72},"5":{"loc":{"start":{"line":78,"column":6},"end":{"line":80,"column":7}},"type":"if","locations":[{"start":{"line":78,"column":6},"end":{"line":80,"column":7}},{"start":{},"end":{}}],"line":78},"6":{"loc":{"start":{"line":136,"column":4},"end":{"line":140,"column":5}},"type":"if","locations":[{"start":{"line":136,"column":4},"end":{"line":140,"column":5}},{"start":{"line":138,"column":11},"end":{"line":140,"column":5}}],"line":136},"7":{"loc":{"start":{"line":164,"column":9},"end":{"line":164,"column":87}},"type":"binary-expr","locations":[{"start":{"line":164,"column":9},"end":{"line":164,"column":20}},{"start":{"line":164,"column":24},"end":{"line":164,"column":87}}],"line":164},"8":{"loc":{"start":{"line":190,"column":9},"end":{"line":210,"column":9}},"type":"cond-expr","locations":[{"start":{"line":191,"column":10},"end":{"line":201,"column":12}},{"start":{"line":203,"column":10},"end":{"line":209,"column":12}}],"line":190}},"s":{"0":0,"1":0,"2":0,"3":0,"4":0,"5":0,"6":0,"7":0,"8":0,"9":0,"10":0,"11":0,"12":0,"13":0,"14":0,"15":0,"16":0,"17":0,"18":0,"19":0,"20":0,"21":0,"22":0,"23":0,"24":0,"25":0,"26":0,"27":0,"28":0,"29":0,"30":0,"31":0,"32":0,"33":0,"34":0,"35":0,"36":0,"37":0,"38":0,"39":0,"40":0,"41":0,"42":0,"43":0,"44":0,"45":0,"46":0,"47":0,"48":0,"49":0,"50":0,"51":0,"52":0,"53":0,"54":0,"55":0,"56":0,"57":0,"58":0,"59":0,"60":0,"61":0,"62":0,"63":0,"64":0,"65":0,"66":0},"f":{"0":0,"1":0,"2":0,"3":0,"4":0,"5":0,"6":0,"7":0,"8":0,"9":0,"10":0,"11":0,"12":0,"13":0,"14":0,"15":0,"16":0,"17":0,"18":0,"19":0},"b":{"0":[0,0],"1":[0,0],"2":[0,0],"3":[0,0],"4":[0,0],"5":[0,0],"6":[0,0],"7":[0,0],"8":[0,0]}}
,"C:\\Users\\Admin\\StudioProjects\\KidMap\\app\\tabs\\map.tsx": {"path":"C:\\Users\\Admin\\StudioProjects\\KidMap\\app\\tabs\\map.tsx","statementMap":{"0":{"start":{"line":13,"column":53},"end":{"line":13,"column":77}},"1":{"start":{"line":16,"column":17},"end":{"line":16,"column":28}},"2":{"start":{"line":17,"column":23},"end":{"line":17,"column":36}},"3":{"start":{"line":28,"column":6},"end":{"line":28,"column":26}},"4":{"start":{"line":30,"column":38},"end":{"line":30,"column":69}},"5":{"start":{"line":31,"column":42},"end":{"line":31,"column":57}},"6":{"start":{"line":32,"column":38},"end":{"line":32,"column":67}},"7":{"start":{"line":34,"column":2},"end":{"line":47,"column":25}},"8":{"start":{"line":35,"column":4},"end":{"line":46,"column":5}},"9":{"start":{"line":36,"column":6},"end":{"line":45,"column":9}},"10":{"start":{"line":49,"column":2},"end":{"line":95,"column":40}},"11":{"start":{"line":50,"column":29},"end":{"line":93,"column":5}},"12":{"start":{"line":51,"column":6},"end":{"line":92,"column":7}},"13":{"start":{"line":52,"column":8},"end":{"line":52,"column":30}},"14":{"start":{"line":53,"column":8},"end":{"line":53,"column":28}},"15":{"start":{"line":54,"column":8},"end":{"line":91,"column":9}},"16":{"start":{"line":55,"column":41},"end":{"line":58,"column":11}},"17":{"start":{"line":59,"column":39},"end":{"line":62,"column":11}},"18":{"start":{"line":63,"column":30},"end":{"line":63,"column":68}},"19":{"start":{"line":65,"column":10},"end":{"line":86,"column":11}},"20":{"start":{"line":66,"column":36},"end":{"line":82,"column":13}},"21":{"start":{"line":83,"column":12},"end":{"line":83,"column":34}},"22":{"start":{"line":85,"column":12},"end":{"line":85,"column":45}},"23":{"start":{"line":88,"column":10},"end":{"line":88,"column":50}},"24":{"start":{"line":90,"column":10},"end":{"line":90,"column":33}},"25":{"start":{"line":94,"column":4},"end":{"line":94,"column":23}},"26":{"start":{"line":97,"column":28},"end":{"line":100,"column":3}},"27":{"start":{"line":98,"column":4},"end":{"line":98,"column":23}},"28":{"start":{"line":99,"column":4},"end":{"line":99,"column":38}},"29":{"start":{"line":102,"column":28},"end":{"line":104,"column":3}},"30":{"start":{"line":103,"column":4},"end":{"line":103,"column":27}},"31":{"start":{"line":106,"column":2},"end":{"line":199,"column":4}},"32":{"start":{"line":158,"column":12},"end":{"line":168,"column":24}},"33":{"start":{"line":161,"column":29},"end":{"line":161,"column":48}},"34":{"start":{"line":202,"column":15},"end":{"line":339,"column":2}}},"fnMap":{"0":{"name":"MapScreen","decl":{"start":{"line":15,"column":24},"end":{"line":15,"column":33}},"loc":{"start":{"line":15,"column":36},"end":{"line":200,"column":1}},"line":15},"1":{"name":"(anonymous_1)","decl":{"start":{"line":34,"column":12},"end":{"line":34,"column":13}},"loc":{"start":{"line":34,"column":18},"end":{"line":47,"column":3}},"line":34},"2":{"name":"(anonymous_2)","decl":{"start":{"line":49,"column":12},"end":{"line":49,"column":13}},"loc":{"start":{"line":49,"column":18},"end":{"line":95,"column":3}},"line":49},"3":{"name":"(anonymous_3)","decl":{"start":{"line":50,"column":29},"end":{"line":50,"column":30}},"loc":{"start":{"line":50,"column":41},"end":{"line":93,"column":5}},"line":50},"4":{"name":"(anonymous_4)","decl":{"start":{"line":97,"column":28},"end":{"line":97,"column":29}},"loc":{"start":{"line":97,"column":46},"end":{"line":100,"column":3}},"line":97},"5":{"name":"(anonymous_5)","decl":{"start":{"line":102,"column":28},"end":{"line":102,"column":29}},"loc":{"start":{"line":102,"column":34},"end":{"line":104,"column":3}},"line":102},"6":{"name":"(anonymous_6)","decl":{"start":{"line":157,"column":78},"end":{"line":157,"column":79}},"loc":{"start":{"line":158,"column":12},"end":{"line":168,"column":24}},"line":158},"7":{"name":"(anonymous_7)","decl":{"start":{"line":161,"column":23},"end":{"line":161,"column":24}},"loc":{"start":{"line":161,"column":29},"end":{"line":161,"column":48}},"line":161}},"branchMap":{"0":{"loc":{"start":{"line":35,"column":4},"end":{"line":46,"column":5}},"type":"if","locations":[{"start":{"line":35,"column":4},"end":{"line":46,"column":5}},{"start":{},"end":{}}],"line":35},"1":{"loc":{"start":{"line":35,"column":8},"end":{"line":35,"column":27}},"type":"binary-expr","locations":[{"start":{"line":35,"column":8},"end":{"line":35,"column":15}},{"start":{"line":35,"column":19},"end":{"line":35,"column":27}}],"line":35},"2":{"loc":{"start":{"line":51,"column":6},"end":{"line":92,"column":7}},"type":"if","locations":[{"start":{"line":51,"column":6},"end":{"line":92,"column":7}},{"start":{},"end":{}}],"line":51},"3":{"loc":{"start":{"line":51,"column":10},"end":{"line":51,"column":31}},"type":"binary-expr","locations":[{"start":{"line":51,"column":10},"end":{"line":51,"column":16}},{"start":{"line":51,"column":20},"end":{"line":51,"column":31}}],"line":51},"4":{"loc":{"start":{"line":65,"column":10},"end":{"line":86,"column":11}},"type":"if","locations":[{"start":{"line":65,"column":10},"end":{"line":86,"column":11}},{"start":{"line":84,"column":17},"end":{"line":86,"column":11}}],"line":65},"5":{"loc":{"start":{"line":71,"column":24},"end":{"line":71,"column":93}},"type":"cond-expr","locations":[{"start":{"line":71,"column":79},"end":{"line":71,"column":85}},{"start":{"line":71,"column":88},"end":{"line":71,"column":93}}],"line":71},"6":{"loc":{"start":{"line":71,"column":24},"end":{"line":71,"column":76}},"type":"binary-expr","locations":[{"start":{"line":71,"column":24},"end":{"line":71,"column":48}},{"start":{"line":71,"column":52},"end":{"line":71,"column":76}}],"line":71},"7":{"loc":{"start":{"line":116,"column":12},"end":{"line":118,"column":55}},"type":"cond-expr","locations":[{"start":{"line":117,"column":16},"end":{"line":117,"column":58}},{"start":{"line":118,"column":16},"end":{"line":118,"column":55}}],"line":116},"8":{"loc":{"start":{"line":138,"column":17},"end":{"line":138,"column":56}},"type":"binary-expr","locations":[{"start":{"line":138,"column":17},"end":{"line":138,"column":29}},{"start":{"line":138,"column":33},"end":{"line":138,"column":56}}],"line":138},"9":{"loc":{"start":{"line":144,"column":45},"end":{"line":144,"column":83}},"type":"binary-expr","locations":[{"start":{"line":144,"column":45},"end":{"line":144,"column":57}},{"start":{"line":144,"column":61},"end":{"line":144,"column":83}}],"line":144},"10":{"loc":{"start":{"line":147,"column":17},"end":{"line":147,"column":49}},"type":"binary-expr","locations":[{"start":{"line":147,"column":17},"end":{"line":147,"column":34}},{"start":{"line":147,"column":38},"end":{"line":147,"column":49}}],"line":147},"11":{"loc":{"start":{"line":149,"column":15},"end":{"line":151,"column":15}},"type":"binary-expr","locations":[{"start":{"line":149,"column":15},"end":{"line":149,"column":27}},{"start":{"line":150,"column":16},"end":{"line":150,"column":87}}],"line":149},"12":{"loc":{"start":{"line":160,"column":41},"end":{"line":160,"column":87}},"type":"binary-expr","locations":[{"start":{"line":160,"column":41},"end":{"line":160,"column":60}},{"start":{"line":160,"column":64},"end":{"line":160,"column":87}}],"line":160},"13":{"loc":{"start":{"line":164,"column":47},"end":{"line":164,"column":97}},"type":"binary-expr","locations":[{"start":{"line":164,"column":47},"end":{"line":164,"column":66}},{"start":{"line":164,"column":70},"end":{"line":164,"column":97}}],"line":164},"14":{"loc":{"start":{"line":172,"column":9},"end":{"line":196,"column":9}},"type":"cond-expr","locations":[{"start":{"line":173,"column":10},"end":{"line":187,"column":13}},{"start":{"line":189,"column":10},"end":{"line":195,"column":17}}],"line":172},"15":{"loc":{"start":{"line":175,"column":13},"end":{"line":186,"column":20}},"type":"cond-expr","locations":[{"start":{"line":176,"column":14},"end":{"line":176,"column":70}},{"start":{"line":177,"column":16},"end":{"line":186,"column":20}}],"line":175},"16":{"loc":{"start":{"line":177,"column":16},"end":{"line":186,"column":20}},"type":"cond-expr","locations":[{"start":{"line":178,"column":14},"end":{"line":178,"column":64}},{"start":{"line":179,"column":16},"end":{"line":186,"column":20}}],"line":177},"17":{"loc":{"start":{"line":179,"column":16},"end":{"line":186,"column":20}},"type":"cond-expr","locations":[{"start":{"line":180,"column":14},"end":{"line":185,"column":16}},{"start":{"line":186,"column":16},"end":{"line":186,"column":20}}],"line":179}},"s":{"0":0,"1":0,"2":0,"3":0,"4":0,"5":0,"6":0,"7":0,"8":0,"9":0,"10":0,"11":0,"12":0,"13":0,"14":0,"15":0,"16":0,"17":0,"18":0,"19":0,"20":0,"21":0,"22":0,"23":0,"24":0,"25":0,"26":0,"27":0,"28":0,"29":0,"30":0,"31":0,"32":0,"33":0,"34":0},"f":{"0":0,"1":0,"2":0,"3":0,"4":0,"5":0,"6":0,"7":0},"b":{"0":[0,0],"1":[0,0],"2":[0,0],"3":[0,0],"4":[0,0],"5":[0,0],"6":[0,0],"7":[0,0],"8":[0,0],"9":[0,0],"10":[0,0],"11":[0,0],"12":[0,0],"13":[0,0],"14":[0,0],"15":[0,0],"16":[0,0],"17":[0,0]}}
,"C:\\Users\\Admin\\StudioProjects\\KidMap\\app\\tabs\\settings.tsx": {"path":"C:\\Users\\Admin\\StudioProjects\\KidMap\\app\\tabs\\settings.tsx","statementMap":{"0":{"start":{"line":39,"column":58},"end":{"line":39,"column":78}},"1":{"start":{"line":40,"column":56},"end":{"line":40,"column":76}},"2":{"start":{"line":41,"column":62},"end":{"line":41,"column":83}},"3":{"start":{"line":42,"column":58},"end":{"line":42,"column":78}},"4":{"start":{"line":43,"column":52},"end":{"line":43,"column":73}},"5":{"start":{"line":44,"column":54},"end":{"line":44,"column":75}},"6":{"start":{"line":46,"column":64},"end":{"line":46,"column":80}},"7":{"start":{"line":48,"column":50},"end":{"line":68,"column":3}},"8":{"start":{"line":55,"column":4},"end":{"line":67,"column":11}},"9":{"start":{"line":70,"column":44},"end":{"line":79,"column":3}},"10":{"start":{"line":71,"column":4},"end":{"line":78,"column":16}},"11":{"start":{"line":72,"column":30},"end":{"line":72,"column":82}},"12":{"start":{"line":81,"column":34},"end":{"line":102,"column":3}},"13":{"start":{"line":82,"column":4},"end":{"line":101,"column":5}},"14":{"start":{"line":83,"column":6},"end":{"line":83,"column":69}},"15":{"start":{"line":84,"column":22},"end":{"line":84,"column":65}},"16":{"start":{"line":86,"column":27},"end":{"line":86,"column":66}},"17":{"start":{"line":86,"column":49},"end":{"line":86,"column":58}},"18":{"start":{"line":87,"column":25},"end":{"line":87,"column":39}},"19":{"start":{"line":89,"column":6},"end":{"line":98,"column":7}},"20":{"start":{"line":90,"column":8},"end":{"line":90,"column":87}},"21":{"start":{"line":92,"column":8},"end":{"line":92,"column":82}},"22":{"start":{"line":93,"column":8},"end":{"line":97,"column":13}},"23":{"start":{"line":94,"column":25},"end":{"line":94,"column":35}},"24":{"start":{"line":96,"column":12},"end":{"line":96,"column":84}},"25":{"start":{"line":100,"column":6},"end":{"line":100,"column":61}},"26":{"start":{"line":104,"column":2},"end":{"line":257,"column":4}},"27":{"start":{"line":107,"column":45},"end":{"line":107,"column":72}},"28":{"start":{"line":109,"column":38},"end":{"line":109,"column":66}},"29":{"start":{"line":121,"column":29},"end":{"line":121,"column":56}},"30":{"start":{"line":172,"column":16},"end":{"line":174,"column":17}},"31":{"start":{"line":173,"column":18},"end":{"line":173,"column":61}},"32":{"start":{"line":192,"column":35},"end":{"line":192,"column":84}},"33":{"start":{"line":208,"column":35},"end":{"line":208,"column":82}},"34":{"start":{"line":246,"column":29},"end":{"line":246,"column":55}},"35":{"start":{"line":260,"column":15},"end":{"line":381,"column":2}}},"fnMap":{"0":{"name":"SettingsScreen","decl":{"start":{"line":38,"column":24},"end":{"line":38,"column":38}},"loc":{"start":{"line":38,"column":41},"end":{"line":258,"column":1}},"line":38},"1":{"name":"(anonymous_1)","decl":{"start":{"line":48,"column":50},"end":{"line":48,"column":51}},"loc":{"start":{"line":55,"column":4},"end":{"line":67,"column":11}},"line":55},"2":{"name":"(anonymous_2)","decl":{"start":{"line":70,"column":44},"end":{"line":70,"column":45}},"loc":{"start":{"line":71,"column":4},"end":{"line":78,"column":16}},"line":71},"3":{"name":"(anonymous_3)","decl":{"start":{"line":72,"column":13},"end":{"line":72,"column":14}},"loc":{"start":{"line":72,"column":30},"end":{"line":72,"column":82}},"line":72},"4":{"name":"(anonymous_4)","decl":{"start":{"line":81,"column":34},"end":{"line":81,"column":35}},"loc":{"start":{"line":81,"column":46},"end":{"line":102,"column":3}},"line":81},"5":{"name":"(anonymous_5)","decl":{"start":{"line":86,"column":42},"end":{"line":86,"column":43}},"loc":{"start":{"line":86,"column":49},"end":{"line":86,"column":58}},"line":86},"6":{"name":"(anonymous_6)","decl":{"start":{"line":94,"column":18},"end":{"line":94,"column":19}},"loc":{"start":{"line":94,"column":25},"end":{"line":94,"column":35}},"line":94},"7":{"name":"(anonymous_7)","decl":{"start":{"line":95,"column":19},"end":{"line":95,"column":20}},"loc":{"start":{"line":95,"column":31},"end":{"line":97,"column":11}},"line":95},"8":{"name":"(anonymous_8)","decl":{"start":{"line":107,"column":39},"end":{"line":107,"column":40}},"loc":{"start":{"line":107,"column":45},"end":{"line":107,"column":72}},"line":107},"9":{"name":"(anonymous_9)","decl":{"start":{"line":109,"column":32},"end":{"line":109,"column":33}},"loc":{"start":{"line":109,"column":38},"end":{"line":109,"column":66}},"line":109},"10":{"name":"(anonymous_10)","decl":{"start":{"line":121,"column":23},"end":{"line":121,"column":24}},"loc":{"start":{"line":121,"column":29},"end":{"line":121,"column":56}},"line":121},"11":{"name":"(anonymous_11)","decl":{"start":{"line":170,"column":23},"end":{"line":170,"column":24}},"loc":{"start":{"line":170,"column":29},"end":{"line":175,"column":15}},"line":170},"12":{"name":"(anonymous_12)","decl":{"start":{"line":192,"column":29},"end":{"line":192,"column":30}},"loc":{"start":{"line":192,"column":35},"end":{"line":192,"column":84}},"line":192},"13":{"name":"(anonymous_13)","decl":{"start":{"line":208,"column":29},"end":{"line":208,"column":30}},"loc":{"start":{"line":208,"column":35},"end":{"line":208,"column":82}},"line":208},"14":{"name":"(anonymous_14)","decl":{"start":{"line":230,"column":23},"end":{"line":230,"column":24}},"loc":{"start":{"line":230,"column":29},"end":{"line":230,"column":31}},"line":230},"15":{"name":"(anonymous_15)","decl":{"start":{"line":236,"column":23},"end":{"line":236,"column":24}},"loc":{"start":{"line":236,"column":29},"end":{"line":236,"column":31}},"line":236},"16":{"name":"(anonymous_16)","decl":{"start":{"line":246,"column":23},"end":{"line":246,"column":24}},"loc":{"start":{"line":246,"column":29},"end":{"line":246,"column":55}},"line":246}},"branchMap":{"0":{"loc":{"start":{"line":72,"column":48},"end":{"line":72,"column":81}},"type":"binary-expr","locations":[{"start":{"line":72,"column":48},"end":{"line":72,"column":55}},{"start":{"line":72,"column":59},"end":{"line":72,"column":81}}],"line":72},"1":{"loc":{"start":{"line":89,"column":6},"end":{"line":98,"column":7}},"type":"if","locations":[{"start":{"line":89,"column":6},"end":{"line":98,"column":7}},{"start":{"line":91,"column":13},"end":{"line":98,"column":7}}],"line":89},"2":{"loc":{"start":{"line":106,"column":7},"end":{"line":255,"column":7}},"type":"cond-expr","locations":[{"start":{"line":107,"column":8},"end":{"line":107,"column":76}},{"start":{"line":108,"column":10},"end":{"line":255,"column":7}}],"line":106},"3":{"loc":{"start":{"line":108,"column":10},"end":{"line":255,"column":7}},"type":"cond-expr","locations":[{"start":{"line":109,"column":8},"end":{"line":109,"column":70}},{"start":{"line":111,"column":8},"end":{"line":254,"column":11}}],"line":108},"4":{"loc":{"start":{"line":172,"column":16},"end":{"line":174,"column":17}},"type":"if","locations":[{"start":{"line":172,"column":16},"end":{"line":174,"column":17}},{"start":{},"end":{}}],"line":172},"5":{"loc":{"start":{"line":172,"column":20},"end":{"line":172,"column":68}},"type":"binary-expr","locations":[{"start":{"line":172,"column":20},"end":{"line":172,"column":49}},{"start":{"line":172,"column":53},"end":{"line":172,"column":68}}],"line":172},"6":{"loc":{"start":{"line":190,"column":22},"end":{"line":190,"column":88}},"type":"binary-expr","locations":[{"start":{"line":190,"column":22},"end":{"line":190,"column":67}},{"start":{"line":190,"column":71},"end":{"line":190,"column":88}}],"line":190},"7":{"loc":{"start":{"line":197,"column":24},"end":{"line":197,"column":94}},"type":"binary-expr","locations":[{"start":{"line":197,"column":24},"end":{"line":197,"column":69}},{"start":{"line":197,"column":73},"end":{"line":197,"column":94}}],"line":197},"8":{"loc":{"start":{"line":206,"column":22},"end":{"line":206,"column":86}},"type":"binary-expr","locations":[{"start":{"line":206,"column":22},"end":{"line":206,"column":65}},{"start":{"line":206,"column":69},"end":{"line":206,"column":86}}],"line":206},"9":{"loc":{"start":{"line":213,"column":24},"end":{"line":213,"column":92}},"type":"binary-expr","locations":[{"start":{"line":213,"column":24},"end":{"line":213,"column":67}},{"start":{"line":213,"column":71},"end":{"line":213,"column":92}}],"line":213}},"s":{"0":0,"1":0,"2":0,"3":0,"4":0,"5":0,"6":0,"7":0,"8":0,"9":0,"10":0,"11":0,"12":0,"13":0,"14":0,"15":0,"16":0,"17":0,"18":0,"19":0,"20":0,"21":0,"22":0,"23":0,"24":0,"25":0,"26":0,"27":0,"28":0,"29":0,"30":0,"31":0,"32":0,"33":0,"34":0,"35":0},"f":{"0":0,"1":0,"2":0,"3":0,"4":0,"5":0,"6":0,"7":0,"8":0,"9":0,"10":0,"11":0,"12":0,"13":0,"14":0,"15":0,"16":0},"b":{"0":[0,0],"1":[0,0],"2":[0,0],"3":[0,0],"4":[0,0],"5":[0,0],"6":[0,0],"7":[0,0],"8":[0,0],"9":[0,0]}}
,"C:\\Users\\Admin\\StudioProjects\\KidMap\\app\\tabs\\transit.tsx": {"path":"C:\\Users\\Admin\\StudioProjects\\KidMap\\app\\tabs\\transit.tsx","statementMap":{"0":{"start":{"line":10,"column":53},"end":{"line":10,"column":77}},"1":{"start":{"line":20,"column":40},"end":{"line":20,"column":52}},"2":{"start":{"line":21,"column":42},"end":{"line":21,"column":71}},"3":{"start":{"line":22,"column":48},"end":{"line":22,"column":90}},"4":{"start":{"line":23,"column":42},"end":{"line":23,"column":57}},"5":{"start":{"line":24,"column":40},"end":{"line":24,"column":60}},"6":{"start":{"line":27,"column":2},"end":{"line":33,"column":9}},"7":{"start":{"line":28,"column":21},"end":{"line":30,"column":13}},"8":{"start":{"line":29,"column":6},"end":{"line":29,"column":30}},"9":{"start":{"line":32,"column":4},"end":{"line":32,"column":41}},"10":{"start":{"line":32,"column":17},"end":{"line":32,"column":40}},"11":{"start":{"line":35,"column":32},"end":{"line":43,"column":3}},"12":{"start":{"line":36,"column":4},"end":{"line":36,"column":26}},"13":{"start":{"line":37,"column":4},"end":{"line":37,"column":31}},"14":{"start":{"line":40,"column":4},"end":{"line":42,"column":13}},"15":{"start":{"line":41,"column":6},"end":{"line":41,"column":29}},"16":{"start":{"line":45,"column":21},"end":{"line":50,"column":3}},"17":{"start":{"line":46,"column":20},"end":{"line":46,"column":78}},"18":{"start":{"line":47,"column":4},"end":{"line":47,"column":50}},"19":{"start":{"line":47,"column":22},"end":{"line":47,"column":50}},"20":{"start":{"line":48,"column":20},"end":{"line":48,"column":44}},"21":{"start":{"line":49,"column":4},"end":{"line":49,"column":32}},"22":{"start":{"line":53,"column":39},"end":{"line":61,"column":3}},"23":{"start":{"line":63,"column":25},"end":{"line":74,"column":3}},"24":{"start":{"line":64,"column":4},"end":{"line":73,"column":5}},"25":{"start":{"line":66,"column":8},"end":{"line":66,"column":30}},"26":{"start":{"line":68,"column":8},"end":{"line":68,"column":30}},"27":{"start":{"line":70,"column":8},"end":{"line":70,"column":28}},"28":{"start":{"line":72,"column":8},"end":{"line":72,"column":32}},"29":{"start":{"line":76,"column":30},"end":{"line":92,"column":3}},"30":{"start":{"line":77,"column":4},"end":{"line":91,"column":16}},"31":{"start":{"line":80,"column":21},"end":{"line":80,"column":51}},"32":{"start":{"line":94,"column":25},"end":{"line":117,"column":3}},"33":{"start":{"line":95,"column":19},"end":{"line":95,"column":61}},"34":{"start":{"line":95,"column":44},"end":{"line":95,"column":60}},"35":{"start":{"line":97,"column":4},"end":{"line":116,"column":6}},"36":{"start":{"line":101,"column":23},"end":{"line":101,"column":47}},"37":{"start":{"line":119,"column":2},"end":{"line":218,"column":4}},"38":{"start":{"line":130,"column":25},"end":{"line":130,"column":43}},"39":{"start":{"line":147,"column":50},"end":{"line":147,"column":74}},"40":{"start":{"line":196,"column":42},"end":{"line":196,"column":63}},"41":{"start":{"line":221,"column":15},"end":{"line":434,"column":2}}},"fnMap":{"0":{"name":"TransitScreen","decl":{"start":{"line":19,"column":24},"end":{"line":19,"column":37}},"loc":{"start":{"line":19,"column":40},"end":{"line":219,"column":1}},"line":19},"1":{"name":"(anonymous_1)","decl":{"start":{"line":27,"column":12},"end":{"line":27,"column":13}},"loc":{"start":{"line":27,"column":18},"end":{"line":33,"column":3}},"line":27},"2":{"name":"(anonymous_2)","decl":{"start":{"line":28,"column":33},"end":{"line":28,"column":34}},"loc":{"start":{"line":28,"column":39},"end":{"line":30,"column":5}},"line":28},"3":{"name":"(anonymous_3)","decl":{"start":{"line":32,"column":11},"end":{"line":32,"column":12}},"loc":{"start":{"line":32,"column":17},"end":{"line":32,"column":40}},"line":32},"4":{"name":"(anonymous_4)","decl":{"start":{"line":35,"column":32},"end":{"line":35,"column":33}},"loc":{"start":{"line":35,"column":38},"end":{"line":43,"column":3}},"line":35},"5":{"name":"(anonymous_5)","decl":{"start":{"line":40,"column":15},"end":{"line":40,"column":16}},"loc":{"start":{"line":40,"column":21},"end":{"line":42,"column":5}},"line":40},"6":{"name":"(anonymous_6)","decl":{"start":{"line":45,"column":21},"end":{"line":45,"column":22}},"loc":{"start":{"line":45,"column":37},"end":{"line":50,"column":3}},"line":45},"7":{"name":"(anonymous_7)","decl":{"start":{"line":63,"column":25},"end":{"line":63,"column":26}},"loc":{"start":{"line":63,"column":45},"end":{"line":74,"column":3}},"line":63},"8":{"name":"(anonymous_8)","decl":{"start":{"line":76,"column":30},"end":{"line":76,"column":31}},"loc":{"start":{"line":77,"column":4},"end":{"line":91,"column":16}},"line":77},"9":{"name":"(anonymous_9)","decl":{"start":{"line":80,"column":15},"end":{"line":80,"column":16}},"loc":{"start":{"line":80,"column":21},"end":{"line":80,"column":51}},"line":80},"10":{"name":"(anonymous_10)","decl":{"start":{"line":94,"column":25},"end":{"line":94,"column":26}},"loc":{"start":{"line":94,"column":60},"end":{"line":117,"column":3}},"line":94},"11":{"name":"(anonymous_11)","decl":{"start":{"line":95,"column":37},"end":{"line":95,"column":38}},"loc":{"start":{"line":95,"column":44},"end":{"line":95,"column":60}},"line":95},"12":{"name":"(anonymous_12)","decl":{"start":{"line":101,"column":17},"end":{"line":101,"column":18}},"loc":{"start":{"line":101,"column":23},"end":{"line":101,"column":47}},"line":101},"13":{"name":"(anonymous_13)","decl":{"start":{"line":130,"column":19},"end":{"line":130,"column":20}},"loc":{"start":{"line":130,"column":25},"end":{"line":130,"column":43}},"line":130},"14":{"name":"(anonymous_14)","decl":{"start":{"line":147,"column":43},"end":{"line":147,"column":44}},"loc":{"start":{"line":147,"column":50},"end":{"line":147,"column":74}},"line":147},"15":{"name":"(anonymous_15)","decl":{"start":{"line":196,"column":35},"end":{"line":196,"column":36}},"loc":{"start":{"line":196,"column":42},"end":{"line":196,"column":63}},"line":196}},"branchMap":{"0":{"loc":{"start":{"line":47,"column":4},"end":{"line":47,"column":50}},"type":"if","locations":[{"start":{"line":47,"column":4},"end":{"line":47,"column":50}},{"start":{},"end":{}}],"line":47},"1":{"loc":{"start":{"line":64,"column":4},"end":{"line":73,"column":5}},"type":"switch","locations":[{"start":{"line":65,"column":6},"end":{"line":66,"column":30}},{"start":{"line":67,"column":6},"end":{"line":68,"column":30}},{"start":{"line":69,"column":6},"end":{"line":70,"column":28}},{"start":{"line":71,"column":6},"end":{"line":72,"column":32}}],"line":64},"2":{"loc":{"start":{"line":79,"column":36},"end":{"line":79,"column":98}},"type":"binary-expr","locations":[{"start":{"line":79,"column":36},"end":{"line":79,"column":66}},{"start":{"line":79,"column":70},"end":{"line":79,"column":98}}],"line":79},"3":{"loc":{"start":{"line":85,"column":10},"end":{"line":85,"column":76}},"type":"binary-expr","locations":[{"start":{"line":85,"column":10},"end":{"line":85,"column":40}},{"start":{"line":85,"column":44},"end":{"line":85,"column":76}}],"line":85},"4":{"loc":{"start":{"line":100,"column":33},"end":{"line":100,"column":80}},"type":"binary-expr","locations":[{"start":{"line":100,"column":33},"end":{"line":100,"column":57}},{"start":{"line":100,"column":61},"end":{"line":100,"column":80}}],"line":100},"5":{"loc":{"start":{"line":110,"column":48},"end":{"line":110,"column":74}},"type":"binary-expr","locations":[{"start":{"line":110,"column":48},"end":{"line":110,"column":62}},{"start":{"line":110,"column":66},"end":{"line":110,"column":74}}],"line":110},"6":{"loc":{"start":{"line":113,"column":43},"end":{"line":113,"column":88}},"type":"binary-expr","locations":[{"start":{"line":113,"column":43},"end":{"line":113,"column":58}},{"start":{"line":113,"column":62},"end":{"line":113,"column":88}}],"line":113},"7":{"loc":{"start":{"line":145,"column":7},"end":{"line":153,"column":7}},"type":"binary-expr","locations":[{"start":{"line":145,"column":7},"end":{"line":145,"column":22}},{"start":{"line":146,"column":8},"end":{"line":152,"column":10}}],"line":145},"8":{"loc":{"start":{"line":147,"column":23},"end":{"line":147,"column":94}},"type":"binary-expr","locations":[{"start":{"line":147,"column":23},"end":{"line":147,"column":81}},{"start":{"line":147,"column":85},"end":{"line":147,"column":94}}],"line":147},"9":{"loc":{"start":{"line":148,"column":20},"end":{"line":148,"column":59}},"type":"binary-expr","locations":[{"start":{"line":148,"column":20},"end":{"line":148,"column":53}},{"start":{"line":148,"column":57},"end":{"line":148,"column":59}}],"line":148},"10":{"loc":{"start":{"line":193,"column":7},"end":{"line":216,"column":7}},"type":"binary-expr","locations":[{"start":{"line":193,"column":7},"end":{"line":193,"column":19}},{"start":{"line":194,"column":8},"end":{"line":215,"column":15}}],"line":193},"11":{"loc":{"start":{"line":342,"column":11},"end":{"line":342,"column":47}},"type":"cond-expr","locations":[{"start":{"line":342,"column":31},"end":{"line":342,"column":36}},{"start":{"line":342,"column":39},"end":{"line":342,"column":47}}],"line":342},"12":{"loc":{"start":{"line":354,"column":11},"end":{"line":354,"column":42}},"type":"cond-expr","locations":[{"start":{"line":354,"column":31},"end":{"line":354,"column":33}},{"start":{"line":354,"column":36},"end":{"line":354,"column":42}}],"line":354},"13":{"loc":{"start":{"line":358,"column":11},"end":{"line":358,"column":44}},"type":"cond-expr","locations":[{"start":{"line":358,"column":31},"end":{"line":358,"column":32}},{"start":{"line":358,"column":35},"end":{"line":358,"column":44}}],"line":358},"14":{"loc":{"start":{"line":410,"column":11},"end":{"line":410,"column":47}},"type":"cond-expr","locations":[{"start":{"line":410,"column":31},"end":{"line":410,"column":36}},{"start":{"line":410,"column":39},"end":{"line":410,"column":47}}],"line":410},"15":{"loc":{"start":{"line":418,"column":11},"end":{"line":418,"column":44}},"type":"cond-expr","locations":[{"start":{"line":418,"column":31},"end":{"line":418,"column":32}},{"start":{"line":418,"column":35},"end":{"line":418,"column":44}}],"line":418}},"s":{"0":0,"1":0,"2":0,"3":0,"4":0,"5":0,"6":0,"7":0,"8":0,"9":0,"10":0,"11":0,"12":0,"13":0,"14":0,"15":0,"16":0,"17":0,"18":0,"19":0,"20":0,"21":0,"22":0,"23":0,"24":0,"25":0,"26":0,"27":0,"28":0,"29":0,"30":0,"31":0,"32":0,"33":0,"34":0,"35":0,"36":0,"37":0,"38":0,"39":0,"40":0,"41":0},"f":{"0":0,"1":0,"2":0,"3":0,"4":0,"5":0,"6":0,"7":0,"8":0,"9":0,"10":0,"11":0,"12":0,"13":0,"14":0,"15":0},"b":{"0":[0,0],"1":[0,0,0,0],"2":[0,0],"3":[0,0],"4":[0,0],"5":[0,0],"6":[0,0],"7":[0,0],"8":[0,0],"9":[0,0],"10":[0,0],"11":[0,0],"12":[0,0],"13":[0,0],"14":[0,0],"15":[0,0]}}
[...]
":70,"column":5}},"15":{"start":{"line":63,"column":8},"end":{"line":63,"column":64}},"16":{"start":{"line":65,"column":8},"end":{"line":65,"column":52}},"17":{"start":{"line":67,"column":8},"end":{"line":67,"column":64}},"18":{"start":{"line":69,"column":8},"end":{"line":69,"column":57}},"19":{"start":{"line":73,"column":29},"end":{"line":84,"column":3}},"20":{"start":{"line":74,"column":4},"end":{"line":83,"column":5}},"21":{"start":{"line":76,"column":8},"end":{"line":76,"column":25}},"22":{"start":{"line":78,"column":8},"end":{"line":78,"column":25}},"23":{"start":{"line":80,"column":8},"end":{"line":80,"column":25}},"24":{"start":{"line":82,"column":8},"end":{"line":82,"column":25}},"25":{"start":{"line":86,"column":2},"end":{"line":86,"column":28}},"26":{"start":{"line":86,"column":16},"end":{"line":86,"column":28}},"27":{"start":{"line":88,"column":2},"end":{"line":102,"column":4}},"28":{"start":{"line":105,"column":15},"end":{"line":129,"column":2}}},"fnMap":{"0":{"name":"(anonymous_0)","decl":{"start":{"line":16,"column":36},"end":{"line":16,"column":37}},"loc":{"start":{"line":16,"column":93},"end":{"line":103,"column":1}},"line":16},"1":{"name":"(anonymous_1)","decl":{"start":{"line":20,"column":12},"end":{"line":20,"column":13}},"loc":{"start":{"line":20,"column":18},"end":{"line":41,"column":3}},"line":20},"2":{"name":"(anonymous_2)","decl":{"start":{"line":35,"column":31},"end":{"line":35,"column":32}},"loc":{"start":{"line":35,"column":37},"end":{"line":37,"column":7}},"line":35},"3":{"name":"(anonymous_3)","decl":{"start":{"line":39,"column":13},"end":{"line":39,"column":14}},"loc":{"start":{"line":39,"column":19},"end":{"line":39,"column":38}},"line":39},"4":{"name":"(anonymous_4)","decl":{"start":{"line":43,"column":20},"end":{"line":43,"column":21}},"loc":{"start":{"line":43,"column":26},"end":{"line":58,"column":3}},"line":43},"5":{"name":"(anonymous_5)","decl":{"start":{"line":55,"column":13},"end":{"line":55,"column":14}},"loc":{"start":{"line":55,"column":19},"end":{"line":57,"column":5}},"line":55},"6":{"name":"(anonymous_6)","decl":{"start":{"line":60,"column":18},"end":{"line":60,"column":19}},"loc":{"start":{"line":60,"column":24},"end":{"line":71,"column":3}},"line":60},"7":{"name":"(anonymous_7)","decl":{"start":{"line":73,"column":29},"end":{"line":73,"column":30}},"loc":{"start":{"line":73,"column":35},"end":{"line":84,"column":3}},"line":73}},"branchMap":{"0":{"loc":{"start":{"line":16,"column":71},"end":{"line":16,"column":86}},"type":"default-arg","locations":[{"start":{"line":16,"column":82},"end":{"line":16,"column":86}}],"line":16},"1":{"loc":{"start":{"line":21,"column":4},"end":{"line":40,"column":5}},"type":"if","locations":[{"start":{"line":21,"column":4},"end":{"line":40,"column":5}},{"start":{},"end":{}}],"line":21},"2":{"loc":{"start":{"line":61,"column":4},"end":{"line":70,"column":5}},"type":"switch","locations":[{"start":{"line":62,"column":6},"end":{"line":63,"column":64}},{"start":{"line":64,"column":6},"end":{"line":65,"column":52}},{"start":{"line":66,"column":6},"end":{"line":67,"column":64}},{"start":{"line":68,"column":6},"end":{"line":69,"column":57}}],"line":61},"3":{"loc":{"start":{"line":74,"column":4},"end":{"line":83,"column":5}},"type":"switch","locations":[{"start":{"line":75,"column":6},"end":{"line":76,"column":25}},{"start":{"line":77,"column":6},"end":{"line":78,"column":25}},{"start":{"line":79,"column":6},"end":{"line":80,"column":25}},{"start":{"line":81,"column":6},"end":{"line":82,"column":25}}],"line":74},"4":{"loc":{"start":{"line":86,"column":2},"end":{"line":86,"column":28}},"type":"if","locations":[{"start":{"line":86,"column":2},"end":{"line":86,"column":28}},{"start":{},"end":{}}],"line":86}},"s":{"0":0,"1":0,"2":0,"3":0,"4":0,"5":0,"6":0,"7":0,"8":0,"9":0,"10":0,"11":0,"12":0,"13":0,"14":0,"15":0,"16":0,"17":0,"18":0,"19":0,"20":0,"21":0,"22":0,"23":0,"24":0,"25":0,"26":0,"27":0,"28":0},"f":{"0":0,"1":0,"2":0,"3":0,"4":0,"5":0,"6":0,"7":0},"b":{"0":[0],"1":[0,0],"2":[0,0,0,0],"3":[0,0,0,0],"4":[0,0]}}
,"C:\\Users\\Admin\\StudioProjects\\KidMap\\components\\TransitStepIndicator.tsx": {"path":"C:\\Users\\Admin\\StudioProjects\\KidMap\\components\\TransitStepIndicator.tsx","statementMap":{"0":{"start":{"line":12,"column":66},"end":{"line":81,"column":1}},"1":{"start":{"line":13,"column":18},"end":{"line":28,"column":3}},"2":{"start":{"line":14,"column":21},"end":{"line":14,"column":72}},"3":{"start":{"line":15,"column":22},"end":{"line":15,"column":31}},"4":{"start":{"line":17,"column":4},"end":{"line":27,"column":5}},"5":{"start":{"line":20,"column":8},"end":{"line":20,"column":59}},"6":{"start":{"line":22,"column":8},"end":{"line":22,"column":57}},"7":{"start":{"line":24,"column":8},"end":{"line":24,"column":64}},"8":{"start":{"line":26,"column":8},"end":{"line":26,"column":20}},"9":{"start":{"line":30,"column":29},"end":{"line":45,"column":3}},"10":{"start":{"line":31,"column":4},"end":{"line":31,"column":38}},"11":{"start":{"line":31,"column":20},"end":{"line":31,"column":38}},"12":{"start":{"line":33,"column":4},"end":{"line":44,"column":5}},"13":{"start":{"line":35,"column":8},"end":{"line":35,"column":29}},"14":{"start":{"line":37,"column":8},"end":{"line":37,"column":28}},"15":{"start":{"line":39,"column":8},"end":{"line":39,"column":26}},"16":{"start":{"line":41,"column":8},"end":{"line":41,"column":32}},"17":{"start":{"line":43,"column":8},"end":{"line":43,"column":30}},"18":{"start":{"line":47,"column":30},"end":{"line":58,"column":3}},"19":{"start":{"line":48,"column":4},"end":{"line":57,"column":5}},"20":{"start":{"line":50,"column":8},"end":{"line":50,"column":73}},"21":{"start":{"line":52,"column":8},"end":{"line":52,"column":73}},"22":{"start":{"line":54,"column":8},"end":{"line":54,"column":73}},"23":{"start":{"line":56,"column":8},"end":{"line":56,"column":73}},"24":{"start":{"line":60,"column":21},"end":{"line":60,"column":42}},"25":{"start":{"line":62,"column":2},"end":{"line":80,"column":4}},"26":{"start":{"line":83,"column":15},"end":{"line":92,"column":2}}},"fnMap":{"0":{"name":"(anonymous_0)","decl":{"start":{"line":12,"column":66},"end":{"line":12,"column":67}},"loc":{"start":{"line":12,"column":97},"end":{"line":81,"column":1}},"line":12},"1":{"name":"(anonymous_1)","decl":{"start":{"line":13,"column":18},"end":{"line":13,"column":19}},"loc":{"start":{"line":13,"column":24},"end":{"line":28,"column":3}},"line":13},"2":{"name":"(anonymous_2)","decl":{"start":{"line":30,"column":29},"end":{"line":30,"column":30}},"loc":{"start":{"line":30,"column":35},"end":{"line":45,"column":3}},"line":30},"3":{"name":"(anonymous_3)","decl":{"start":{"line":47,"column":30},"end":{"line":47,"column":31}},"loc":{"start":{"line":47,"column":36},"end":{"line":58,"column":3}},"line":47}},"branchMap":{"0":{"loc":{"start":{"line":12,"column":75},"end":{"line":12,"column":90}},"type":"default-arg","locations":[{"start":{"line":12,"column":82},"end":{"line":12,"column":90}}],"line":12},"1":{"loc":{"start":{"line":14,"column":21},"end":{"line":14,"column":72}},"type":"cond-expr","locations":[{"start":{"line":14,"column":40},"end":{"line":14,"column":42}},{"start":{"line":14,"column":45},"end":{"line":14,"column":72}}],"line":14},"2":{"loc":{"start":{"line":14,"column":45},"end":{"line":14,"column":72}},"type":"cond-expr","locations":[{"start":{"line":14,"column":65},"end":{"line":14,"column":67}},{"start":{"line":14,"column":70},"end":{"line":14,"column":72}}],"line":14},"3":{"loc":{"start":{"line":17,"column":4},"end":{"line":27,"column":5}},"type":"switch","locations":[{"start":{"line":18,"column":6},"end":{"line":18,"column":20}},{"start":{"line":19,"column":6},"end":{"line":20,"column":59}},{"start":{"line":21,"column":6},"end":{"line":22,"column":57}},{"start":{"line":23,"column":6},"end":{"line":24,"column":64}},{"start":{"line":25,"column":6},"end":{"line":26,"column":20}}],"line":17},"4":{"loc":{"start":{"line":31,"column":4},"end":{"line":31,"column":38}},"type":"if","locations":[{"start":{"line":31,"column":4},"end":{"line":31,"column":38}},{"start":{},"end":{}}],"line":31},"5":{"loc":{"start":{"line":33,"column":4},"end":{"line":44,"column":5}},"type":"switch","locations":[{"start":{"line":34,"column":6},"end":{"line":35,"column":29}},{"start":{"line":36,"column":6},"end":{"line":37,"column":28}},{"start":{"line":38,"column":6},"end":{"line":39,"column":26}},{"start":{"line":40,"column":6},"end":{"line":41,"column":32}},{"start":{"line":42,"column":6},"end":{"line":43,"column":30}}],"line":33},"6":{"loc":{"start":{"line":48,"column":4},"end":{"line":57,"column":5}},"type":"switch","locations":[{"start":{"line":49,"column":6},"end":{"line":50,"column":73}},{"start":{"line":51,"column":6},"end":{"line":52,"column":73}},{"start":{"line":53,"column":6},"end":{"line":54,"column":73}},{"start":{"line":55,"column":6},"end":{"line":56,"column":73}}],"line":48},"7":{"loc":{"start":{"line":74,"column":7},"end":{"line":78,"column":7}},"type":"cond-expr","locations":[{"start":{"line":75,"column":8},"end":{"line":75,"column":93}},{"start":{"line":77,"column":8},"end":{"line":77,"column":17}}],"line":74}},"s":{"0":0,"1":0,"2":0,"3":0,"4":0,"5":0,"6":0,"7":0,"8":0,"9":0,"10":0,"11":0,"12":0,"13":0,"14":0,"15":0,"16":0,"17":0,"18":0,"19":0,"20":0,"21":0,"22":0,"23":0,"24":0,"25":0,"26":0},"f":{"0":0,"1":0,"2":0,"3":0},"b":{"0":[0],"1":[0,0],"2":[0,0],"3":[0,0,0,0,0],"4":[0,0],"5":[0,0,0,0,0],"6":[0,0,0,0],"7":[0,0]}}
,"C:\\Users\\Admin\\StudioProjects\\KidMap\\components\\UserStatsCard.tsx": {"path":"C:\\Users\\Admin\\StudioProjects\\KidMap\\components\\UserStatsCard.tsx","statementMap":{"0":{"start":{"line":11,"column":52},"end":{"line":60,"column":1}},"1":{"start":{"line":12,"column":33},"end":{"line":18,"column":3}},"2":{"start":{"line":13,"column":34},"end":{"line":13,"column":57}},"3":{"start":{"line":14,"column":31},"end":{"line":14,"column":48}},"4":{"start":{"line":16,"column":6},"end":{"line":16,"column":96}},"5":{"start":{"line":17,"column":4},"end":{"line":17,"column":46}},"6":{"start":{"line":20,"column":2},"end":{"line":59,"column":4}},"7":{"start":{"line":62,"column":15},"end":{"line":133,"column":2}}},"fnMap":{"0":{"name":"(anonymous_0)","decl":{"start":{"line":11,"column":52},"end":{"line":11,"column":53}},"loc":{"start":{"line":11,"column":67},"end":{"line":60,"column":1}},"line":11},"1":{"name":"(anonymous_1)","decl":{"start":{"line":12,"column":33},"end":{"line":12,"column":34}},"loc":{"start":{"line":12,"column":39},"end":{"line":18,"column":3}},"line":12}},"branchMap":{},"s":{"0":0,"1":0,"2":0,"3":0,"4":0,"5":0,"6":0,"7":0},"f":{"0":0,"1":0},"b":{}}
,"C:\\Users\\Admin\\StudioProjects\\KidMap\\components\\VoiceNavigation.tsx": {"path":"C:\\Users\\Admin\\StudioProjects\\KidMap\\components\\VoiceNavigation.tsx","statementMap":{"0":{"start":{"line":11,"column":56},"end":{"line":104,"column":1}},"1":{"start":{"line":15,"column":40},"end":{"line":15,"column":55}},"2":{"start":{"line":16,"column":38},"end":{"line":16,"column":53}},"3":{"start":{"line":19,"column":27},"end":{"line":19,"column":77}},"4":{"start":{"line":20,"column":26},"end":{"line":20,"column":76}},"5":{"start":{"line":23,"column":24},"end":{"line":28,"column":3}},"6":{"start":{"line":30,"column":2},"end":{"line":36,"column":9}},"7":{"start":{"line":31,"column":4},"end":{"line":35,"column":6}},"8":{"start":{"line":33,"column":6},"end":{"line":33,"column":75}},"9":{"start":{"line":33,"column":36},"end":{"line":33,"column":75}},"10":{"start":{"line":34,"column":6},"end":{"line":34,"column":73}},"11":{"start":{"line":34,"column":35},"end":{"line":34,"column":73}},"12":{"start":{"line":38,"column":28},"end":{"line":50,"column":3}},"13":{"start":{"line":39,"column":4},"end":{"line":49,"column":5}},"14":{"start":{"line":40,"column":6},"end":{"line":40,"column":28}},"15":{"start":{"line":41,"column":6},"end":{"line":41,"column":71}},"16":{"start":{"line":43,"column":6},"end":{"line":43,"column":27}},"17":{"start":{"line":44,"column":6},"end":{"line":44,"column":74}},"18":{"start":{"line":46,"column":6},"end":{"line":48,"column":15}},"19":{"start":{"line":47,"column":8},"end":{"line":47,"column":30}},"20":{"start":{"line":52,"column":22},"end":{"line":59,"column":3}},"21":{"start":{"line":53,"column":4},"end":{"line":53,"column":24}},"22":{"start":{"line":54,"column":4},"end":{"line":54,"column":48}},"23":{"start":{"line":56,"column":4},"end":{"line":58,"column":13}},"24":{"start":{"line":57,"column":6},"end":{"line":57,"column":27}},"25":{"start":{"line":61,"column":2},"end":{"line":103,"column":4}},"26":{"start":{"line":96,"column":12},"end":{"line":98,"column":19}},"27":{"start":{"line":106,"column":15},"end":{"line":174,"column":2}}},"fnMap":{"0":{"name":"(anonymous_0)","decl":{"start":{"line":11,"column":56},"end":{"line":11,"column":57}},"loc":{"start":{"line":14,"column":6},"end":{"line":104,"column":1}},"line":14},"1":{"name":"(anonymous_1)","decl":{"start":{"line":30,"column":12},"end":{"line":30,"column":13}},"loc":{"start":{"line":30,"column":18},"end":{"line":36,"column":3}},"line":30},"2":{"name":"(anonymous_2)","decl":{"start":{"line":31,"column":11},"end":{"line":31,"column":12}},"loc":{"start":{"line":31,"column":17},"end":{"line":35,"column":5}},"line":31},"3":{"name":"(anonymous_3)","decl":{"start":{"line":38,"column":28},"end":{"line":38,"column":29}},"loc":{"start":{"line":38,"column":34},"end":{"line":50,"column":3}},"line":38},"4":{"name":"(anonymous_4)","decl":{"start":{"line":46,"column":44},"end":{"line":46,"column":45}},"loc":{"start":{"line":46,"column":50},"end":{"line":48,"column":7}},"line":46},"5":{"name":"(anonymous_5)","decl":{"start":{"line":52,"column":22},"end":{"line":52,"column":23}},"loc":{"start":{"line":52,"column":28},"end":{"line":59,"column":3}},"line":52},"6":{"name":"(anonymous_6)","decl":{"start":{"line":56,"column":41},"end":{"line":56,"column":42}},"loc":{"start":{"line":56,"column":47},"end":{"line":58,"column":5}},"line":56},"7":{"name":"(anonymous_7)","decl":{"start":{"line":95,"column":29},"end":{"line":95,"column":30}},"loc":{"start":{"line":96,"column":12},"end":{"line":98,"column":19}},"line":96}},"branchMap":{"0":{"loc":{"start":{"line":12,"column":2},"end":{"line":12,"column":45}},"type":"default-arg","locations":[{"start":{"line":12,"column":16},"end":{"line":12,"column":45}}],"line":12},"1":{"loc":{"start":{"line":33,"column":6},"end":{"line":33,"column":75}},"type":"if","locations":[{"start":{"line":33,"column":6},"end":{"line":33,"column":75}},{"start":{},"end":{}}],"line":33},"2":{"loc":{"start":{"line":34,"column":6},"end":{"line":34,"column":73}},"type":"if","locations":[{"start":{"line":34,"column":6},"end":{"line":34,"column":73}},{"start":{},"end":{}}],"line":34},"3":{"loc":{"start":{"line":39,"column":4},"end":{"line":49,"column":5}},"type":"if","locations":[{"start":{"line":39,"column":4},"end":{"line":49,"column":5}},{"start":{"line":42,"column":11},"end":{"line":49,"column":5}}],"line":39},"4":{"loc":{"start":{"line":72,"column":30},"end":{"line":72,"column":84}},"type":"cond-expr","locations":[{"start":{"line":72,"column":44},"end":{"line":72,"column":62}},{"start":{"line":72,"column":65},"end":{"line":72,"column":84}}],"line":72},"5":{"loc":{"start":{"line":73,"column":38},"end":{"line":73,"column":75}},"type":"binary-expr","locations":[{"start":{"line":73,"column":38},"end":{"line":73,"column":49}},{"start":{"line":73,"column":53},"end":{"line":73,"column":75}}],"line":73},"6":{"loc":{"start":{"line":76,"column":11},"end":{"line":76,"column":97}},"type":"cond-expr","locations":[{"start":{"line":76,"column":25},"end":{"line":76,"column":61}},{"start":{"line":76,"column":64},"end":{"line":76,"column":97}}],"line":76},"7":{"loc":{"start":{"line":77,"column":43},"end":{"line":77,"column":73}},"type":"cond-expr","locations":[{"start":{"line":77,"column":57},"end":{"line":77,"column":63}},{"start":{"line":77,"column":66},"end":{"line":77,"column":73}}],"line":77},"8":{"loc":{"start":{"line":83,"column":38},"end":{"line":83,"column":73}},"type":"binary-expr","locations":[{"start":{"line":83,"column":38},"end":{"line":83,"column":48}},{"start":{"line":83,"column":52},"end":{"line":83,"column":73}}],"line":83},"9":{"loc":{"start":{"line":87,"column":43},"end":{"line":87,"column":80}},"type":"cond-expr","locations":[{"start":{"line":87,"column":56},"end":{"line":87,"column":69}},{"start":{"line":87,"column":72},"end":{"line":87,"column":80}}],"line":87},"10":{"loc":{"start":{"line":92,"column":7},"end":{"line":101,"column":7}},"type":"binary-expr","locations":[{"start":{"line":92,"column":7},"end":{"line":92,"column":18}},{"start":{"line":93,"column":8},"end":{"line":100,"column":15}}],"line":92}},"s":{"0":0,"1":0,"2":0,"3":0,"4":0,"5":0,"6":0,"7":0,"8":0,"9":0,"10":0,"11":0,"12":0,"13":0,"14":0,"15":0,"16":0,"17":0,"18":0,"19":0,"20":0,"21":0,"22":0,"23":0,"24":0,"25":0,"26":0,"27":0},"f":{"0":0,"1":0,"2":0,"3":0,"4":0,"5":0,"6":0,"7":0},"b":{"0":[0],"1":[0,0],"2":[0,0],"3":[0,0],"4":[0,0],"5":[0,0],"6":[0,0],"7":[0,0],"8":[0,0],"9":[0,0],"10":[0,0]}}
,"C:\\Users\\Admin\\StudioProjects\\KidMap\\components\\WeatherCard.tsx": {"path":"C:\\Users\\Admin\\StudioProjects\\KidMap\\components\\WeatherCard.tsx","statementMap":{"0":{"start":{"line":11,"column":48},"end":{"line":55,"column":1}},"1":{"start":{"line":12,"column":25},"end":{"line":25,"column":3}},"2":{"start":{"line":13,"column":4},"end":{"line":24,"column":5}},"3":{"start":{"line":15,"column":8},"end":{"line":15,"column":49}},"4":{"start":{"line":17,"column":8},"end":{"line":17,"column":51}},"5":{"start":{"line":19,"column":8},"end":{"line":19,"column":55}},"6":{"start":{"line":21,"column":8},"end":{"line":21,"column":55}},"7":{"start":{"line":23,"column":8},"end":{"line":23,"column":59}},"8":{"start":{"line":27,"column":29},"end":{"line":40,"column":3}},"9":{"start":{"line":28,"column":4},"end":{"line":39,"column":5}},"10":{"start":{"line":30,"column":8},"end":{"line":30,"column":25}},"11":{"start":{"line":32,"column":8},"end":{"line":32,"column":25}},"12":{"start":{"line":34,"column":8},"end":{"line":34,"column":25}},"13":{"start":{"line":36,"column":8},"end":{"line":36,"column":25}},"14":{"start":{"line":38,"column":8},"end":{"line":38,"column":27}},"15":{"start":{"line":42,"column":2},"end":{"line":54,"column":4}},"16":{"start":{"line":57,"column":15},"end":{"line":88,"column":2}}},"fnMap":{"0":{"name":"(anonymous_0)","decl":{"start":{"line":11,"column":48},"end":{"line":11,"column":49}},"loc":{"start":{"line":11,"column":65},"end":{"line":55,"column":1}},"line":11},"1":{"name":"(anonymous_1)","decl":{"start":{"line":12,"column":25},"end":{"line":12,"column":26}},"loc":{"start":{"line":12,"column":31},"end":{"line":25,"column":3}},"line":12},"2":{"name":"(anonymous_2)","decl":{"start":{"line":27,"column":29},"end":{"line":27,"column":30}},"loc":{"start":{"line":27,"column":35},"end":{"line":40,"column":3}},"line":27}},"branchMap":{"0":{"loc":{"start":{"line":13,"column":4},"end":{"line":24,"column":5}},"type":"switch","locations":[{"start":{"line":14,"column":6},"end":{"line":15,"column":49}},{"start":{"line":16,"column":6},"end":{"line":17,"column":51}},{"start":{"line":18,"column":6},"end":{"line":19,"column":55}},{"start":{"line":20,"column":6},"end":{"line":21,"column":55}},{"start":{"line":22,"column":6},"end":{"line":23,"column":59}}],"line":13},"1":{"loc":{"start":{"line":28,"column":4},"end":{"line":39,"column":5}},"type":"switch","locations":[{"start":{"line":29,"column":6},"end":{"line":30,"column":25}},{"start":{"line":31,"column":6},"end":{"line":32,"column":25}},{"start":{"line":33,"column":6},"end":{"line":34,"column":25}},{"start":{"line":35,"column":6},"end":{"line":36,"column":25}},{"start":{"line":37,"column":6},"end":{"line":38,"column":27}}],"line":28}},"s":{"0":0,"1":0,"2":0,"3":0,"4":0,"5":0,"6":0,"7":0,"8":0,"9":0,"10":0,"11":0,"12":0,"13":0,"14":0,"15":0,"16":0},"f":{"0":0,"1":0,"2":0},"b":{"0":[0,0,0,0,0],"1":[0,0,0,0,0]}}
}
