TN:
SF:components\AIJourneyCompanion.tsx
FN:26,(anonymous_0)
FN:33,(anonymous_1)
FN:50,(anonymous_2)
FN:67,(anonymous_3)
FN:104,(anonymous_4)
FN:127,(anonymous_5)
FN:159,(anonymous_6)
FN:192,(anonymous_7)
FN:202,(anonymous_8)
FN:219,(anonymous_9)
FN:237,(anonymous_10)
FN:259,(anonymous_11)
FN:348,(anonymous_12)
FN:364,(anonymous_13)
FN:379,(anonymous_14)
FN:390,(anonymous_15)
FN:399,(anonymous_16)
FN:404,(anonymous_17)
FN:422,(anonymous_18)
FN:446,(anonymous_19)
FN:452,(anonymous_20)
FNF:21
FNH:8
FNDA:0,(anonymous_0)
FNDA:0,(anonymous_1)
FNDA:0,(anonymous_2)
FNDA:0,(anonymous_3)
FNDA:0,(anonymous_4)
FNDA:0,(anonymous_5)
FNDA:0,(anonymous_6)
FNDA:0,(anonymous_7)
FNDA:0,(anonymous_8)
FNDA:0,(anonymous_9)
FNDA:0,(anonymous_10)
FNDA:0,(anonymous_11)
FNDA:193,(anonymous_12)
FNDA:76,(anonymous_13)
FNDA:61,(anonymous_14)
FNDA:52,(anonymous_15)
FNDA:5,(anonymous_16)
FNDA:7,(anonymous_17)
FNDA:2,(anonymous_18)
FNDA:25,(anonymous_19)
FNDA:0,(anonymous_20)
DA:26,5
DA:31,0
DA:32,0
DA:33,0
DA:34,0
DA:35,0
DA:42,0
DA:44,0
DA:45,0
DA:46,0
DA:47,0
DA:48,0
DA:50,0
DA:51,0
DA:67,0
DA:68,0
DA:70,0
DA:71,0
DA:72,0
DA:91,0
DA:92,0
DA:94,0
DA:104,0
DA:105,0
DA:106,0
DA:107,0
DA:108,0
DA:112,0
DA:114,0
DA:122,0
DA:123,0
DA:127,0
DA:131,0
DA:132,0
DA:137,0
DA:138,0
DA:139,0
DA:146,0
DA:147,0
DA:150,0
DA:151,0
DA:159,0
DA:160,0
DA:162,0
DA:163,0
DA:182,0
DA:184,0
DA:192,0
DA:193,0
DA:194,0
DA:195,0
DA:198,0
DA:202,0
DA:203,0
DA:204,0
DA:205,0
DA:206,0
DA:210,0
DA:211,0
DA:214,0
DA:215,0
DA:219,0
DA:237,0
DA:259,0
DA:270,5
DA:348,5
DA:353,193
DA:354,193
DA:355,193
DA:356,193
DA:362,193
DA:364,193
DA:365,76
DA:368,61
DA:379,61
DA:380,61
DA:381,61
DA:386,57
DA:387,56
DA:388,53
DA:390,53
DA:391,52
DA:392,52
DA:398,5
DA:399,5
DA:404,193
DA:405,7
DA:406,7
DA:407,7
DA:412,7
DA:413,5
DA:414,5
DA:415,5
DA:422,193
DA:423,2
DA:424,2
DA:425,2
DA:430,2
DA:431,2
DA:432,2
DA:433,2
DA:440,193
DA:442,178
DA:444,178
DA:446,25
DA:452,0
DA:494,5
DA:495,5
LF:108
LH:44
BRDA:34,0,0,0
BRDA:34,0,1,0
BRDA:34,1,0,0
BRDA:34,1,1,0
BRDA:68,2,0,0
BRDA:68,2,1,0
BRDA:131,3,0,0
BRDA:131,3,1,0
BRDA:131,4,0,0
BRDA:131,4,1,0
BRDA:131,4,2,0
BRDA:137,5,0,0
BRDA:137,5,1,0
BRDA:150,6,0,0
BRDA:150,6,1,0
BRDA:160,7,0,0
BRDA:160,7,1,0
BRDA:203,8,0,0
BRDA:203,8,1,0
BRDA:203,8,2,0
BRDA:210,9,0,0
BRDA:210,9,1,0
BRDA:210,10,0,0
BRDA:210,10,1,0
BRDA:214,11,0,0
BRDA:214,11,1,0
BRDA:238,12,0,0
BRDA:238,12,1,0
BRDA:241,13,0,0
BRDA:241,13,1,0
BRDA:249,14,0,0
BRDA:249,14,1,0
BRDA:251,15,0,0
BRDA:251,15,1,0
BRDA:259,16,0,0
BRDA:259,16,1,0
BRDA:365,17,0,15
BRDA:365,17,1,61
BRDA:365,18,0,76
BRDA:365,18,1,68
BRDA:387,19,0,53
BRDA:387,19,1,3
BRDA:387,20,0,56
BRDA:387,20,1,56
BRDA:405,21,0,0
BRDA:405,21,1,7
BRDA:413,22,0,5
BRDA:413,22,1,0
BRDA:413,23,0,5
BRDA:413,23,1,5
BRDA:423,24,0,0
BRDA:423,24,1,2
BRDA:431,25,0,2
BRDA:431,25,1,0
BRDA:431,26,0,2
BRDA:431,26,1,2
BRDA:440,27,0,15
BRDA:440,27,1,178
BRDA:440,28,0,193
BRDA:440,28,1,185
BRDA:442,29,0,117
BRDA:442,29,1,61
BRDA:445,30,0,178
BRDA:445,30,1,177
BRDA:445,30,2,177
BRDA:445,30,3,1
BRDA:447,31,0,178
BRDA:447,31,1,177
BRDA:447,31,2,177
BRDA:447,31,3,1
BRDA:448,32,0,178
BRDA:448,32,1,177
BRDA:448,32,2,177
BRDA:448,32,3,1
BRDA:452,33,0,178
BRDA:452,33,1,0
BRDA:455,34,0,178
BRDA:455,34,1,0
BRDA:458,35,0,178
BRDA:458,35,1,177
BRDA:458,35,2,177
BRDA:458,35,3,1
BRDA:466,36,0,0
BRDA:466,36,1,0
BRDA:466,36,2,0
BRDA:466,36,3,0
BRDA:475,37,0,178
BRDA:475,37,1,29
BRDA:483,38,0,29
BRDA:483,38,1,0
BRDA:494,39,0,5
BRDA:494,39,1,0
BRDA:495,40,0,5
BRDA:495,40,1,0
BRF:94
BRH:45
end_of_record
TN:
SF:components\AccessibilitySettings.tsx
FN:31,(anonymous_0)
FN:41,(anonymous_1)
FN:100,(anonymous_2)
FN:185,(anonymous_3)
FN:203,(anonymous_4)
FN:222,(anonymous_5)
FN:248,(anonymous_6)
FN:259,(anonymous_7)
FN:274,(anonymous_8)
FN:289,(anonymous_9)
FN:315,(anonymous_10)
FNF:11
FNH:5
FNDA:2,(anonymous_0)
FNDA:6,(anonymous_1)
FNDA:10,(anonymous_2)
FNDA:0,(anonymous_3)
FNDA:0,(anonymous_4)
FNDA:0,(anonymous_5)
FNDA:1,(anonymous_6)
FNDA:1,(anonymous_7)
FNDA:0,(anonymous_8)
FNDA:0,(anonymous_9)
FNDA:0,(anonymous_10)
DA:31,2
DA:35,2
DA:36,2
DA:37,2
DA:41,2
DA:54,6
DA:100,2
DA:113,10
DA:143,2
DA:186,0
DA:190,0
DA:204,0
DA:209,0
DA:223,0
DA:228,0
DA:249,1
DA:250,1
DA:260,1
DA:261,1
DA:275,0
DA:276,0
DA:290,0
DA:291,0
DA:316,0
DA:317,0
DA:318,0
DA:325,2
LF:27
LH:14
BRDA:58,0,0,6
BRDA:58,0,1,2
BRDA:74,1,0,6
BRDA:74,1,1,0
BRDA:83,2,0,6
BRDA:83,2,1,0
BRDA:89,3,0,6
BRDA:89,3,1,2
BRDA:119,4,0,10
BRDA:119,4,1,0
BRDA:127,5,0,10
BRDA:127,5,1,0
BRDA:147,6,0,2
BRDA:147,6,1,0
BRDA:160,7,0,2
BRDA:160,7,1,0
BRDA:171,8,0,2
BRDA:171,8,1,0
BRDA:182,9,0,2
BRDA:182,9,1,0
BRDA:199,10,0,2
BRDA:199,10,1,2
BRDA:199,10,2,2
BRDA:218,11,0,2
BRDA:218,11,1,2
BRDA:218,11,2,0
BRDA:236,12,0,2
BRDA:236,12,1,0
BRDA:303,13,0,2
BRDA:303,13,1,0
BRF:30
BRH:19
end_of_record
TN:
SF:components\AccessibleButton.tsx
FN:18,(anonymous_0)
FN:30,(anonymous_1)
FN:41,(anonymous_2)
FN:52,(anonymous_3)
FN:61,(anonymous_4)
FNF:5
FNH:3
FNDA:5,(anonymous_0)
FNDA:0,(anonymous_1)
FNDA:5,(anonymous_2)
FNDA:5,(anonymous_3)
FNDA:0,(anonymous_4)
DA:18,2
DA:30,5
DA:31,0
DA:33,0
DA:35,0
DA:37,0
DA:41,5
DA:42,5
DA:44,5
DA:46,0
DA:48,0
DA:52,5
DA:56,5
DA:59,5
DA:61,0
DA:85,2
LF:16
LH:9
BRDA:23,0,0,5
BRDA:26,1,0,5
BRDA:31,2,0,0
BRDA:31,2,1,0
BRDA:31,2,2,0
BRDA:42,3,0,5
BRDA:42,3,1,0
BRDA:42,3,2,0
BRDA:56,4,0,5
BRDA:56,4,1,4
BRDA:64,5,0,0
BRDA:64,5,1,0
BRDA:65,6,0,0
BRDA:65,6,1,0
BRDA:70,7,0,5
BRDA:70,7,1,4
BRDA:74,8,0,5
BRDA:74,8,1,5
BRDA:75,9,0,5
BRDA:75,9,1,5
BRDA:78,10,0,5
BRDA:78,10,1,0
BRDA:98,11,0,2
BRDA:98,11,1,0
BRF:24
BRH:13
end_of_record
TN:
SF:components\AchievementBadge.tsx
FN:15,(anonymous_0)
FN:21,(anonymous_1)
FN:35,(anonymous_2)
FNF:3
FNH:2
FNDA:1,(anonymous_0)
FNDA:1,(anonymous_1)
FNDA:0,(anonymous_2)
DA:15,1
DA:20,1
DA:21,1
DA:22,1
DA:23,0
DA:24,1
DA:25,0
DA:29,1
DA:31,1
DA:35,0
DA:78,1
LF:11
LH:8
BRDA:18,0,0,1
BRDA:22,1,0,0
BRDA:22,1,1,1
BRDA:22,1,2,0
BRDA:40,2,0,0
BRDA:40,2,1,0
BRDA:42,3,0,0
BRDA:42,3,1,0
BRDA:45,4,0,0
BRDA:45,4,1,0
BRDA:51,5,0,1
BRDA:51,5,1,0
BRDA:64,6,0,1
BRDA:64,6,1,0
BRDA:71,7,0,1
BRDA:71,7,1,1
BRF:16
BRH:6
end_of_record
TN:
SF:components\ApiErrorBoundary.tsx
FN:24,(anonymous_0)
FN:34,(anonymous_1)
FN:36,(anonymous_2)
FN:53,(anonymous_3)
FN:100,(anonymous_4)
FN:107,(anonymous_5)
FN:147,(anonymous_6)
FN:166,(anonymous_7)
FN:184,(anonymous_8)
FNF:9
FNH:3
FNDA:1,(anonymous_0)
FNDA:1,(anonymous_1)
FNDA:0,(anonymous_2)
FNDA:0,(anonymous_3)
FNDA:1,(anonymous_4)
FNDA:0,(anonymous_5)
FNDA:0,(anonymous_6)
FNDA:0,(anonymous_7)
FNDA:0,(anonymous_8)
DA:24,1
DA:30,1
DA:31,1
DA:32,1
DA:33,1
DA:34,1
DA:36,1
DA:37,0
DA:53,1
DA:54,0
DA:56,0
DA:57,0
DA:76,0
DA:78,0
DA:85,0
DA:86,0
DA:88,0
DA:90,0
DA:96,0
DA:100,1
DA:101,1
DA:102,0
DA:103,0
DA:107,1
DA:108,0
DA:110,0
DA:111,0
DA:131,0
DA:133,0
DA:140,0
DA:141,0
DA:143,0
DA:147,1
DA:148,0
DA:150,0
DA:152,0
DA:154,0
DA:158,1
DA:159,1
DA:162,0
DA:166,0
DA:184,0
DA:219,1
LF:43
LH:15
BRDA:54,0,0,0
BRDA:54,0,1,0
BRDA:101,1,0,0
BRDA:101,1,1,1
BRDA:101,2,0,1
BRDA:101,2,1,0
BRDA:108,3,0,0
BRDA:108,3,1,0
BRDA:148,4,0,0
BRDA:148,4,1,0
BRDA:148,4,2,0
BRDA:158,5,0,1
BRDA:158,5,1,0
BRDA:158,6,0,1
BRDA:158,6,1,0
BRDA:186,7,0,0
BRDA:186,7,1,0
BRDA:189,8,0,0
BRDA:189,8,1,0
BRDA:194,9,0,0
BRDA:194,9,1,0
BRF:21
BRH:4
end_of_record
TN:
SF:components\ApiErrorBounddary.tsx
FNF:0
FNH:0
LF:0
LH:0
BRF:0
BRH:0
end_of_record
TN:
SF:components\ArrivalAlert.tsx
FN:16,(anonymous_0)
FNF:1
FNH:1
FNDA:1,(anonymous_0)
DA:16,1
DA:17,1
DA:18,1
DA:56,1
LF:4
LH:4
BRDA:42,0,0,1
BRDA:42,0,1,0
BRF:2
BRH:1
end_of_record
TN:
SF:components\CategoryButton.tsx
FN:48,(anonymous_0)
FN:55,(anonymous_1)
FN:93,(anonymous_2)
FN:114,getDefaultIcon
FN:128,getDefaultColor
FN:143,(anonymous_5)
FN:153,(anonymous_6)
FN:165,(anonymous_7)
FN:178,(anonymous_8)
FNF:9
FNH:7
FNDA:24,(anonymous_0)
FNDA:24,(anonymous_1)
FNDA:24,(anonymous_2)
FNDA:21,getDefaultIcon
FNDA:21,getDefaultColor
FNDA:24,(anonymous_5)
FNDA:0,(anonymous_6)
FNDA:3,(anonymous_7)
FNDA:0,(anonymous_8)
DA:48,3
DA:54,24
DA:55,24
DA:56,24
DA:58,24
DA:59,11
DA:60,2
DA:61,2
DA:62,2
DA:63,1
DA:64,1
DA:65,1
DA:66,2
DA:67,0
DA:68,0
DA:69,0
DA:70,0
DA:71,0
DA:72,0
DA:73,0
DA:74,0
DA:75,0
DA:76,0
DA:77,0
DA:78,0
DA:79,0
DA:80,0
DA:81,0
DA:82,0
DA:83,0
DA:84,0
DA:85,0
DA:86,0
DA:87,0
DA:88,0
DA:89,2
DA:93,24
DA:94,24
DA:96,1
DA:98,1
DA:100,22
DA:102,0
DA:106,24
DA:109,24
DA:110,24
DA:111,24
DA:112,24
DA:115,21
DA:116,9
DA:117,2
DA:118,2
DA:119,2
DA:120,1
DA:121,1
DA:122,1
DA:123,1
DA:124,2
DA:130,21
DA:131,9
DA:132,2
DA:133,2
DA:134,2
DA:135,1
DA:136,1
DA:137,1
DA:138,1
DA:139,2
DA:143,24
DA:144,24
DA:147,24
DA:153,0
DA:165,3
DA:178,3
DA:179,0
DA:187,3
LF:75
LH:50
BRDA:52,0,0,1
BRDA:58,1,0,11
BRDA:58,1,1,2
BRDA:58,1,2,2
BRDA:58,1,3,2
BRDA:58,1,4,1
BRDA:58,1,5,1
BRDA:58,1,6,1
BRDA:58,1,7,2
BRDA:58,1,8,0
BRDA:58,1,9,0
BRDA:58,1,10,0
BRDA:58,1,11,0
BRDA:58,1,12,0
BRDA:58,1,13,0
BRDA:58,1,14,0
BRDA:58,1,15,0
BRDA:58,1,16,0
BRDA:58,1,17,0
BRDA:58,1,18,0
BRDA:58,1,19,0
BRDA:58,1,20,0
BRDA:58,1,21,0
BRDA:58,1,22,0
BRDA:58,1,23,0
BRDA:58,1,24,0
BRDA:58,1,25,0
BRDA:58,1,26,0
BRDA:58,1,27,0
BRDA:58,1,28,0
BRDA:58,1,29,0
BRDA:58,1,30,2
BRDA:94,2,0,1
BRDA:94,2,1,1
BRDA:94,2,2,22
BRDA:94,2,3,0
BRDA:109,3,0,3
BRDA:109,3,1,21
BRDA:109,4,0,19
BRDA:109,4,1,2
BRDA:110,5,0,3
BRDA:110,5,1,21
BRDA:110,6,0,21
BRDA:110,6,1,2
BRDA:111,7,0,3
BRDA:111,7,1,21
BRDA:111,8,0,21
BRDA:111,8,1,2
BRDA:112,9,0,3
BRDA:112,9,1,21
BRDA:115,10,0,9
BRDA:115,10,1,2
BRDA:115,10,2,2
BRDA:115,10,3,2
BRDA:115,10,4,1
BRDA:115,10,5,1
BRDA:115,10,6,1
BRDA:115,10,7,1
BRDA:115,10,8,2
BRDA:130,11,0,9
BRDA:130,11,1,2
BRDA:130,11,2,2
BRDA:130,11,3,2
BRDA:130,11,4,1
BRDA:130,11,5,1
BRDA:130,11,6,1
BRDA:130,11,7,1
BRDA:130,11,8,2
BRDA:163,12,0,0
BRDA:163,12,1,0
BRDA:165,13,0,3
BRDA:165,13,1,1
BRDA:171,14,0,1
BRDA:171,14,1,23
BRDA:171,15,0,1
BRDA:171,15,1,22
BRDA:180,16,0,0
BRDA:180,16,1,0
BRDA:180,16,2,0
BRDA:180,16,3,0
BRF:80
BRH:51
end_of_record
TN:
SF:components\CategoryManagement.tsx
FN:32,(anonymous_0)
FN:37,(anonymous_1)
FN:68,(anonymous_2)
FN:115,(anonymous_3)
FN:144,(anonymous_4)
FN:155,(anonymous_5)
FN:166,(anonymous_6)
FN:175,(anonymous_7)
FN:183,(anonymous_8)
FN:191,(anonymous_9)
FN:200,(anonymous_10)
FN:232,(anonymous_11)
FN:255,(anonymous_12)
FN:262,(anonymous_13)
FN:275,(anonymous_14)
FN:286,(anonymous_15)
FN:294,(anonymous_16)
FN:326,(anonymous_17)
FN:330,(anonymous_18)
FN:341,(anonymous_19)
FN:347,(anonymous_20)
FN:365,(anonymous_21)
FN:369,(anonymous_22)
FN:384,(anonymous_23)
FN:390,(anonymous_24)
FN:416,(anonymous_25)
FNF:26
FNH:6
FNDA:2,(anonymous_0)
FNDA:2,(anonymous_1)
FNDA:0,(anonymous_2)
FNDA:0,(anonymous_3)
FNDA:0,(anonymous_4)
FNDA:0,(anonymous_5)
FNDA:0,(anonymous_6)
FNDA:0,(anonymous_7)
FNDA:0,(anonymous_8)
FNDA:2,(anonymous_9)
FNDA:0,(anonymous_10)
FNDA:0,(anonymous_11)
FNDA:10,(anonymous_12)
FNDA:0,(anonymous_13)
FNDA:0,(anonymous_14)
FNDA:10,(anonymous_15)
FNDA:0,(anonymous_16)
FNDA:0,(anonymous_17)
FNDA:0,(anonymous_18)
FNDA:0,(anonymous_19)
FNDA:0,(anonymous_20)
FNDA:0,(anonymous_21)
FNDA:0,(anonymous_22)
FNDA:0,(anonymous_23)
FNDA:0,(anonymous_24)
FNDA:2,(anonymous_25)
DA:32,2
DA:36,2
DA:37,2
DA:50,2
DA:52,2
DA:53,2
DA:56,2
DA:57,2
DA:58,2
DA:62,2
DA:63,2
DA:64,2
DA:65,2
DA:66,2
DA:68,2
DA:69,0
DA:70,0
DA:71,0
DA:74,0
DA:75,0
DA:79,0
DA:82,0
DA:83,0
DA:85,0
DA:97,0
DA:98,0
DA:100,0
DA:101,0
DA:102,0
DA:103,0
DA:105,0
DA:106,0
DA:108,0
DA:111,0
DA:115,2
DA:116,0
DA:117,0
DA:118,0
DA:121,0
DA:122,0
DA:131,0
DA:132,0
DA:134,0
DA:135,0
DA:136,0
DA:137,0
DA:138,0
DA:140,0
DA:144,2
DA:145,0
DA:146,0
DA:147,0
DA:150,0
DA:156,0
DA:157,0
DA:158,0
DA:160,0
DA:166,2
DA:167,0
DA:168,0
DA:169,0
DA:171,0
DA:175,2
DA:176,0
DA:177,0
DA:178,0
DA:179,0
DA:180,0
DA:183,2
DA:184,0
DA:185,0
DA:186,0
DA:187,0
DA:188,0
DA:191,2
DA:192,2
DA:200,0
DA:256,10
DA:262,0
DA:275,0
DA:287,10
DA:294,0
DA:304,2
DA:327,0
DA:341,0
DA:347,0
DA:366,0
DA:384,0
DA:390,0
DA:416,2
DA:417,2
LF:91
LH:27
BRDA:69,0,0,0
BRDA:69,0,1,0
BRDA:74,1,0,0
BRDA:74,1,1,0
BRDA:97,2,0,0
BRDA:97,2,1,0
BRDA:105,3,0,0
BRDA:105,3,1,0
BRDA:116,4,0,0
BRDA:116,4,1,0
BRDA:116,5,0,0
BRDA:116,5,1,0
BRDA:131,6,0,0
BRDA:131,6,1,0
BRDA:145,7,0,0
BRDA:145,7,1,0
BRDA:206,8,0,0
BRDA:206,8,1,2
BRDA:210,9,0,0
BRDA:210,9,1,2
BRDA:224,10,0,2
BRDA:224,10,1,2
BRDA:260,11,0,10
BRDA:260,11,1,2
BRDA:292,12,0,10
BRDA:292,12,1,0
BRDA:312,13,0,2
BRDA:312,13,1,2
BRDA:320,14,0,2
BRDA:320,14,1,2
BRDA:320,14,2,0
BRDA:361,15,0,2
BRDA:361,15,1,0
BRDA:375,16,0,0
BRDA:375,16,1,0
BRDA:380,17,0,0
BRDA:380,17,1,0
BRDA:380,17,2,0
BRDA:380,17,3,0
BRF:39
BRH:12
end_of_record
TN:
SF:components\CityManagement.tsx
FN:26,CityManagement
FN:44,(anonymous_1)
FN:51,(anonymous_2)
FN:60,(anonymous_3)
FN:84,(anonymous_4)
FN:114,(anonymous_5)
FN:116,(anonymous_6)
FN:125,(anonymous_7)
FN:127,(anonymous_8)
FN:168,(anonymous_9)
FN:177,(anonymous_10)
FN:204,(anonymous_11)
FN:236,(anonymous_12)
FN:238,(anonymous_13)
FN:248,(anonymous_14)
FN:250,(anonymous_15)
FN:296,AddEditRegionForm
FN:319,(anonymous_17)
FN:349,(anonymous_18)
FN:360,(anonymous_19)
FN:370,(anonymous_20)
FN:380,(anonymous_21)
FN:392,(anonymous_22)
FNF:23
FNH:4
FNDA:1,CityManagement
FNDA:12,(anonymous_1)
FNDA:0,(anonymous_2)
FNDA:0,(anonymous_3)
FNDA:0,(anonymous_4)
FNDA:0,(anonymous_5)
FNDA:10,(anonymous_6)
FNDA:0,(anonymous_7)
FNDA:2,(anonymous_8)
FNDA:0,(anonymous_9)
FNDA:0,(anonymous_10)
FNDA:0,(anonymous_11)
FNDA:0,(anonymous_12)
FNDA:0,(anonymous_13)
FNDA:0,(anonymous_14)
FNDA:0,(anonymous_15)
FNDA:0,AddEditRegionForm
FNDA:0,(anonymous_17)
FNDA:0,(anonymous_18)
FNDA:0,(anonymous_19)
FNDA:0,(anonymous_20)
FNDA:0,(anonymous_21)
FNDA:0,(anonymous_22)
DA:27,1
DA:28,1
DA:29,1
DA:30,1
DA:37,1
DA:38,1
DA:39,1
DA:42,1
DA:43,1
DA:44,12
DA:47,1
DA:48,0
DA:52,0
DA:53,0
DA:55,0
DA:57,0
DA:58,0
DA:61,0
DA:62,0
DA:67,1
DA:84,0
DA:114,0
DA:117,10
DA:125,0
DA:128,2
DA:164,0
DA:165,0
DA:169,0
DA:170,0
DA:172,0
DA:174,0
DA:175,0
DA:178,0
DA:179,0
DA:185,0
DA:204,0
DA:236,0
DA:239,0
DA:248,0
DA:251,0
DA:301,0
DA:302,0
DA:319,0
DA:320,0
DA:321,0
DA:322,0
DA:324,0
DA:327,0
DA:349,0
DA:360,0
DA:370,0
DA:381,0
DA:393,0
DA:409,1
LF:54
LH:15
BRDA:39,0,0,0
BRDA:39,0,1,1
BRDA:47,1,0,0
BRDA:47,1,1,1
BRDA:47,2,0,1
BRDA:47,2,1,1
BRDA:52,3,0,0
BRDA:52,3,1,0
BRDA:113,4,0,0
BRDA:113,4,1,1
BRDA:124,5,0,0
BRDA:124,5,1,1
BRDA:164,6,0,0
BRDA:164,6,1,0
BRDA:164,7,0,0
BRDA:164,7,1,0
BRDA:169,8,0,0
BRDA:169,8,1,0
BRDA:235,9,0,0
BRDA:235,9,1,0
BRDA:247,10,0,0
BRDA:247,10,1,0
BRDA:303,11,0,0
BRDA:303,11,1,0
BRDA:304,12,0,0
BRDA:304,12,1,0
BRDA:305,13,0,0
BRDA:305,13,1,0
BRDA:306,14,0,0
BRDA:306,14,1,0
BRDA:307,15,0,0
BRDA:307,15,1,0
BRDA:308,16,0,0
BRDA:308,16,1,0
BRDA:309,17,0,0
BRDA:309,17,1,0
BRDA:310,18,0,0
BRDA:310,18,1,0
BRDA:311,19,0,0
BRDA:311,19,1,0
BRDA:312,20,0,0
BRDA:312,20,1,0
BRDA:313,21,0,0
BRDA:313,21,1,0
BRDA:314,22,0,0
BRDA:314,22,1,0
BRDA:315,23,0,0
BRDA:315,23,1,0
BRDA:316,24,0,0
BRDA:316,24,1,0
BRDA:320,25,0,0
BRDA:320,25,1,0
BRDA:320,26,0,0
BRDA:320,26,1,0
BRDA:320,26,2,0
BRDA:333,27,0,0
BRDA:333,27,1,0
BRF:57
BRH:6
end_of_record
TN:
SF:components\ConfirmDialog.tsx
FN:18,(anonymous_0)
FN:36,(anonymous_1)
FNF:2
FNH:2
FNDA:29,(anonymous_0)
FNDA:4,(anonymous_1)
DA:17,6
DA:27,29
DA:37,4
DA:42,29
LF:4
LH:4
BRDA:21,0,0,24
BRDA:22,1,0,24
BRDA:23,2,0,25
BRDA:35,3,0,2
BRDA:35,3,1,27
BRF:5
BRH:5
end_of_record
TN:
SF:components\DevicePingHandler.tsx
FN:29,(anonymous_0)
FN:38,(anonymous_1)
FN:86,(anonymous_2)
FN:102,(anonymous_3)
FN:112,(anonymous_4)
FN:119,(anonymous_5)
FN:124,(anonymous_6)
FN:133,(anonymous_7)
FN:140,(anonymous_8)
FN:149,(anonymous_9)
FN:168,(anonymous_10)
FN:170,(anonymous_11)
FN:180,(anonymous_12)
FN:191,(anonymous_13)
FN:204,(anonymous_14)
FN:238,(anonymous_15)
FN:245,(anonymous_16)
FN:254,(anonymous_17)
FNF:18
FNH:7
FNDA:2,(anonymous_0)
FNDA:0,(anonymous_1)
FNDA:0,(anonymous_2)
FNDA:0,(anonymous_3)
FNDA:1,(anonymous_4)
FNDA:0,(anonymous_5)
FNDA:0,(anonymous_6)
FNDA:0,(anonymous_7)
FNDA:0,(anonymous_8)
FNDA:1,(anonymous_9)
FNDA:2,(anonymous_10)
FNDA:2,(anonymous_11)
FNDA:0,(anonymous_12)
FNDA:1,(anonymous_13)
FNDA:1,(anonymous_14)
FNDA:0,(anonymous_15)
FNDA:0,(anonymous_16)
FNDA:0,(anonymous_17)
DA:29,1
DA:31,2
DA:32,2
DA:33,2
DA:34,2
DA:35,2
DA:37,2
DA:39,0
DA:41,0
DA:42,0
DA:43,0
DA:44,0
DA:50,0
DA:57,0
DA:60,0
DA:61,0
DA:69,0
DA:71,0
DA:78,0
DA:79,0
DA:85,2
DA:87,0
DA:90,0
DA:91,0
DA:92,0
DA:96,0
DA:102,0
DA:111,2
DA:113,1
DA:119,0
DA:124,0
DA:132,2
DA:134,0
DA:140,0
DA:148,2
DA:150,1
DA:152,1
DA:154,0
DA:155,0
DA:157,1
DA:158,1
DA:160,0
DA:161,0
DA:168,2
DA:169,2
DA:170,2
DA:172,2
DA:174,2
DA:175,1
DA:176,1
DA:180,2
DA:181,0
DA:182,0
DA:187,2
DA:188,1
DA:191,1
DA:192,1
DA:194,0
DA:196,1
DA:198,0
DA:200,0
DA:204,1
DA:205,1
DA:207,0
DA:209,1
DA:211,0
DA:213,0
DA:217,1
DA:238,0
DA:245,0
DA:254,0
DA:270,1
LF:72
LH:34
BRDA:38,0,0,0
BRDA:41,1,0,0
BRDA:41,1,1,0
BRDA:43,2,0,0
BRDA:43,2,1,0
BRDA:50,3,0,0
BRDA:50,3,1,0
BRDA:50,4,0,0
BRDA:50,4,1,0
BRDA:60,5,0,0
BRDA:60,5,1,0
BRDA:72,6,0,0
BRDA:72,6,1,0
BRDA:90,7,0,0
BRDA:90,7,1,0
BRDA:98,8,0,0
BRDA:98,8,1,0
BRDA:115,9,0,1
BRDA:115,9,1,0
BRDA:136,10,0,0
BRDA:136,10,1,0
BRDA:152,11,0,0
BRDA:152,11,1,1
BRDA:152,11,2,0
BRDA:174,12,0,1
BRDA:174,12,1,1
BRDA:174,13,0,2
BRDA:174,13,1,2
BRDA:181,14,0,0
BRDA:181,14,1,0
BRDA:187,15,0,1
BRDA:187,15,1,1
BRDA:192,16,0,0
BRDA:192,16,1,1
BRDA:192,16,2,0
BRDA:192,16,3,0
BRDA:205,17,0,0
BRDA:205,17,1,1
BRDA:205,17,2,0
BRDA:205,17,3,0
BRDA:219,18,0,1
BRDA:219,18,1,0
BRDA:229,19,0,1
BRDA:229,19,1,1
BRDA:234,20,0,1
BRDA:234,20,1,0
BRF:46
BRH:14
end_of_record
TN:
SF:components\DevicePingHistory.tsx
FN:27,(anonymous_0)
FN:30,(anonymous_1)
FN:37,(anonymous_2)
FN:52,(anonymous_3)
FN:65,(anonymous_4)
FN:78,(anonymous_5)
FN:91,(anonymous_6)
FN:106,(anonymous_7)
FN:130,(anonymous_8)
FNF:9
FNH:9
FNDA:2,(anonymous_0)
FNDA:3,(anonymous_1)
FNDA:2,(anonymous_2)
FNDA:2,(anonymous_3)
FNDA:2,(anonymous_4)
FNDA:2,(anonymous_5)
FNDA:2,(anonymous_6)
FNDA:1,(anonymous_7)
FNDA:2,(anonymous_8)
DA:27,2
DA:28,2
DA:30,2
DA:31,3
DA:37,2
DA:38,2
DA:39,2
DA:40,2
DA:41,2
DA:43,2
DA:44,2
DA:45,0
DA:46,0
DA:48,0
DA:52,2
DA:53,2
DA:55,1
DA:57,1
DA:59,0
DA:61,0
DA:65,2
DA:66,2
DA:68,1
DA:70,0
DA:72,1
DA:74,0
DA:78,2
DA:79,2
DA:81,1
DA:83,0
DA:85,1
DA:87,0
DA:91,2
DA:92,2
DA:94,1
DA:96,1
DA:98,0
DA:100,0
DA:105,2
DA:106,1
DA:109,2
DA:110,1
DA:122,1
DA:131,2
DA:198,2
LF:45
LH:34
BRDA:43,0,0,2
BRDA:43,0,1,0
BRDA:45,1,0,0
BRDA:45,1,1,0
BRDA:53,2,0,1
BRDA:53,2,1,1
BRDA:53,2,2,0
BRDA:53,2,3,0
BRDA:66,3,0,1
BRDA:66,3,1,0
BRDA:66,3,2,1
BRDA:66,3,3,0
BRDA:79,4,0,1
BRDA:79,4,1,0
BRDA:79,4,2,1
BRDA:79,4,3,0
BRDA:92,5,0,1
BRDA:92,5,1,1
BRDA:92,5,2,0
BRDA:92,5,3,0
BRDA:109,6,0,1
BRDA:109,6,1,1
BRDA:111,7,0,1
BRDA:111,7,1,0
BRDA:126,8,0,1
BRDA:126,8,1,0
BRDA:158,9,0,2
BRDA:158,9,1,1
BRDA:159,10,0,2
BRDA:159,10,1,0
BRDA:160,11,0,2
BRDA:160,11,1,1
BRDA:168,12,0,2
BRDA:168,12,1,1
BRDA:172,13,0,2
BRDA:172,13,1,1
BRDA:179,14,0,1
BRDA:179,14,1,1
BRF:38
BRH:24
end_of_record
TN:
SF:components\DirectionStep.tsx
FN:16,(anonymous_0)
FNF:1
FNH:1
FNDA:1,(anonymous_0)
DA:16,1
DA:17,1
DA:19,1
DA:20,0
DA:34,1
DA:37,1
DA:38,1
DA:39,1
DA:41,1
DA:87,1
LF:10
LH:9
BRDA:19,0,0,0
BRDA:19,0,1,1
BRDA:24,1,0,0
BRDA:24,1,1,0
BRDA:34,2,0,1
BRDA:34,2,1,0
BRDA:37,3,0,1
BRDA:37,3,1,0
BRDA:38,4,0,1
BRDA:38,4,1,0
BRDA:39,5,0,1
BRDA:39,5,1,0
BRDA:45,6,0,1
BRDA:45,6,1,1
BRDA:52,7,0,1
BRDA:52,7,1,0
BRDA:69,8,0,1
BRDA:69,8,1,0
BRDA:69,8,2,0
BRDA:75,9,0,0
BRDA:75,9,1,0
BRDA:77,10,0,0
BRDA:77,10,1,0
BRF:23
BRH:9
end_of_record
TN:
SF:components\EmptyState.tsx
FN:15,(anonymous_0)
FNF:1
FNH:1
FNDA:6,(anonymous_0)
DA:15,1
DA:22,6
DA:23,6
DA:39,1
LF:4
LH:4
BRDA:30,0,0,6
BRDA:30,0,1,3
BRDA:30,0,2,2
BRF:3
BRH:3
end_of_record
TN:
SF:components\ErrorBoundary.tsx
FN:14,(anonymous_0)
FN:51,(anonymous_1)
FN:55,(anonymous_2)
FN:60,(anonymous_3)
FN:62,(anonymous_4)
FN:130,(anonymous_5)
FN:132,(anonymous_6)
FN:133,(anonymous_7)
FNF:8
FNH:8
FNDA:6,(anonymous_0)
FNDA:6,(anonymous_1)
FNDA:3,(anonymous_2)
FNDA:1,(anonymous_3)
FNDA:19,(anonymous_4)
FNDA:13,(anonymous_5)
FNDA:2,(anonymous_6)
FNDA:1,(anonymous_7)
DA:14,5
DA:18,6
DA:19,6
DA:47,12
DA:49,12
DA:52,6
DA:57,3
DA:60,12
DA:66,19
DA:67,19
DA:68,19
DA:70,19
DA:71,6
DA:72,6
DA:83,6
DA:102,13
DA:103,13
DA:104,13
DA:108,0
DA:111,13
DA:129,5
DA:131,13
DA:132,13
DA:133,1
DA:136,13
DA:145,5
DA:147,5
LF:27
LH:26
BRDA:66,0,0,19
BRDA:66,0,1,13
BRDA:70,1,0,6
BRDA:70,1,1,13
BRDA:71,2,0,6
BRDA:71,2,1,0
BRDA:72,3,0,0
BRDA:72,3,1,6
BRF:8
BRH:6
end_of_record
TN:
SF:components\FeatureErrorBoundary.tsx
FN:6,(anonymous_0)
FNF:1
FNH:1
FNDA:2,(anonymous_0)
DA:6,2
DA:7,2
LF:2
LH:2
BRF:0
BRH:0
end_of_record
TN:
SF:components\FunFactCard.tsx
FN:13,(anonymous_0)
FNF:1
FNH:1
FNDA:8,(anonymous_0)
DA:13,1
DA:14,8
DA:15,8
DA:35,1
LF:4
LH:4
BRDA:22,0,0,0
BRDA:22,0,1,8
BRDA:24,1,0,8
BRDA:24,1,1,0
BRF:4
BRH:2
end_of_record
TN:
SF:components\IconButton.tsx
FN:9,(anonymous_0)
FNF:1
FNH:1
FNDA:178,(anonymous_0)
DA:9,5
DA:12,178
DA:14,178
LF:3
LH:3
BRDA:12,0,0,178
BRDA:12,0,1,178
BRF:2
BRH:2
end_of_record
TN:
SF:components\LiveArrivalsCard.tsx
FN:27,(anonymous_0)
FN:38,(anonymous_1)
FN:39,(anonymous_2)
FN:41,(anonymous_3)
FN:46,(anonymous_4)
FN:52,(anonymous_5)
FN:58,(anonymous_6)
FN:127,(anonymous_7)
FN:129,(anonymous_8)
FNF:9
FNH:8
FNDA:30,(anonymous_0)
FNDA:30,(anonymous_1)
FNDA:32,(anonymous_2)
FNDA:4,(anonymous_3)
FNDA:32,(anonymous_4)
FNDA:32,(anonymous_5)
FNDA:32,(anonymous_6)
FNDA:16,(anonymous_7)
FNDA:0,(anonymous_8)
DA:27,1
DA:34,30
DA:35,30
DA:38,30
DA:39,30
DA:40,32
DA:41,4
DA:46,30
DA:47,32
DA:48,28
DA:49,23
DA:52,30
DA:53,32
DA:54,28
DA:55,24
DA:58,30
DA:59,32
DA:97,30
DA:127,16
DA:129,0
DA:142,1
LF:21
LH:20
BRDA:30,0,0,29
BRDA:32,1,0,29
BRDA:40,2,0,4
BRDA:40,2,1,28
BRDA:40,3,0,32
BRDA:40,3,1,8
BRDA:47,4,0,4
BRDA:47,4,1,28
BRDA:48,5,0,5
BRDA:48,5,1,23
BRDA:53,6,0,4
BRDA:53,6,1,28
BRDA:54,7,0,4
BRDA:54,7,1,24
BRDA:61,8,0,32
BRDA:61,8,1,8
BRDA:79,9,0,32
BRDA:79,9,1,30
BRDA:84,10,0,32
BRDA:84,10,1,8
BRDA:109,11,0,30
BRDA:109,11,1,3
BRDA:118,12,0,3
BRDA:118,12,1,1
BRDA:125,13,0,18
BRDA:125,13,1,12
BRF:26
BRH:26
end_of_record
TN:
SF:components\LoadingSpinner.tsx
FN:11,(anonymous_0)
FN:19,(anonymous_1)
FN:20,(anonymous_2)
FN:26,(anonymous_3)
FN:41,(anonymous_4)
FNF:5
FNH:4
FNDA:3,(anonymous_0)
FNDA:3,(anonymous_1)
FNDA:3,(anonymous_2)
FNDA:0,(anonymous_3)
FNDA:3,(anonymous_4)
DA:11,1
DA:15,3
DA:16,3
DA:17,3
DA:19,3
DA:20,3
DA:21,3
DA:22,3
DA:26,0
DA:28,3
DA:34,3
DA:41,3
DA:42,3
DA:44,0
DA:46,3
DA:48,0
DA:52,3
DA:54,3
DA:73,1
LF:19
LH:16
BRDA:12,0,0,3
BRDA:16,1,0,3
BRDA:16,1,1,3
BRDA:34,2,0,0
BRDA:34,2,1,3
BRDA:34,3,0,3
BRDA:34,3,1,3
BRDA:42,4,0,0
BRDA:42,4,1,3
BRDA:42,4,2,0
BRF:10
BRH:7
end_of_record
TN:
SF:components\MapPlaceholder.tsx
FN:11,(anonymous_0)
FN:15,(anonymous_1)
FN:27,(anonymous_2)
FNF:3
FNH:3
FNDA:14,(anonymous_0)
FNDA:14,(anonymous_1)
FNDA:14,(anonymous_2)
DA:11,1
DA:14,14
DA:15,14
DA:17,14
DA:27,14
LF:5
LH:5
BRDA:12,0,0,6
BRF:1
BRH:1
end_of_record
TN:
SF:components\NetworkStatusBar.tsx
FN:12,(anonymous_0)
FN:16,(anonymous_1)
FN:35,(anonymous_2)
FNF:3
FNH:3
FNDA:7,(anonymous_0)
FNDA:7,(anonymous_1)
FNDA:7,(anonymous_2)
DA:12,1
DA:13,7
DA:14,7
DA:16,7
DA:18,7
DA:20,6
DA:35,7
LF:7
LH:7
BRDA:18,0,0,1
BRDA:18,0,1,6
BRDA:18,1,0,7
BRDA:18,1,1,3
BRDA:24,2,0,4
BRDA:24,2,1,2
BRDA:26,3,0,6
BRDA:26,3,1,1
BRF:8
BRH:8
end_of_record
TN:
SF:components\NotificationStatusCard.tsx
FN:15,(anonymous_0)
FN:17,(anonymous_1)
FN:21,(anonymous_2)
FN:53,(anonymous_3)
FN:90,(anonymous_4)
FNF:5
FNH:4
FNDA:1,(anonymous_0)
FNDA:1,(anonymous_1)
FNDA:1,(anonymous_2)
FNDA:0,(anonymous_3)
FNDA:1,(anonymous_4)
DA:15,1
DA:16,1
DA:17,1
DA:18,1
DA:19,1
DA:21,1
DA:22,1
DA:23,0
DA:32,1
DA:33,1
DA:42,0
DA:51,1
DA:53,1
DA:54,0
DA:57,1
DA:90,1
LF:16
LH:13
BRDA:18,0,0,1
BRDA:18,0,1,1
BRDA:22,1,0,0
BRDA:22,1,1,1
BRDA:32,2,0,1
BRDA:32,2,1,0
BRDA:58,3,0,1
BRDA:58,3,1,1
BRDA:70,4,0,1
BRDA:70,4,1,1
BRDA:79,5,0,1
BRDA:79,5,1,1
BRF:12
BRH:10
end_of_record
TN:
SF:components\OfflineIndicator.tsx
FN:7,(anonymous_0)
FN:10,(anonymous_1)
FN:13,(anonymous_2)
FN:15,(anonymous_3)
FN:21,(anonymous_4)
FN:34,(anonymous_5)
FNF:6
FNH:5
FNDA:4,(anonymous_0)
FNDA:4,(anonymous_1)
FNDA:4,(anonymous_2)
FNDA:0,(anonymous_3)
FNDA:4,(anonymous_4)
FNDA:4,(anonymous_5)
DA:7,1
DA:8,4
DA:9,4
DA:10,4
DA:13,4
DA:15,4
DA:17,0
DA:20,4
DA:21,4
DA:24,4
DA:26,0
DA:34,4
LF:12
LH:10
BRDA:24,0,0,4
BRDA:24,0,1,0
BRF:2
BRH:1
end_of_record
TN:
SF:components\OnboardingFlow.tsx
FN:16,(anonymous_0)
FN:32,(anonymous_1)
FN:38,(anonymous_2)
FN:42,(anonymous_3)
FN:46,(anonymous_4)
FN:51,(anonymous_5)
FN:63,(anonymous_6)
FN:70,(anonymous_7)
FN:75,(anonymous_8)
FN:80,(anonymous_9)
FN:107,(anonymous_10)
FN:131,(anonymous_11)
FN:159,(anonymous_12)
FN:172,(anonymous_13)
FN:211,(anonymous_14)
FN:224,(anonymous_15)
FN:239,(anonymous_16)
FNF:17
FNH:16
FNDA:47,(anonymous_0)
FNDA:44,(anonymous_1)
FNDA:3,(anonymous_2)
FNDA:1,(anonymous_3)
FNDA:1,(anonymous_4)
FNDA:18,(anonymous_5)
FNDA:12,(anonymous_6)
FNDA:15,(anonymous_7)
FNDA:4,(anonymous_8)
FNDA:9,(anonymous_9)
FNDA:0,(anonymous_10)
FNDA:1,(anonymous_11)
FNDA:1,(anonymous_12)
FNDA:4,(anonymous_13)
FNDA:1,(anonymous_14)
FNDA:1,(anonymous_15)
FNDA:47,(anonymous_16)
DA:16,2
DA:17,47
DA:18,47
DA:27,47
DA:32,47
DA:33,44
DA:34,7
DA:38,47
DA:39,3
DA:42,47
DA:43,1
DA:46,47
DA:47,1
DA:48,1
DA:51,47
DA:52,18
DA:63,12
DA:70,47
DA:71,15
DA:75,4
DA:80,47
DA:81,9
DA:107,0
DA:131,1
DA:159,1
DA:172,47
DA:173,4
DA:211,1
DA:224,47
DA:225,1
DA:239,47
DA:240,47
DA:242,18
DA:244,15
DA:246,9
DA:248,4
DA:250,1
DA:252,0
DA:256,47
DA:259,2
LF:40
LH:38
BRDA:33,0,0,7
BRDA:33,0,1,37
BRDA:33,1,0,44
BRDA:33,1,1,15
BRDA:102,2,0,9
BRDA:102,2,1,8
BRDA:114,3,0,9
BRDA:114,3,1,8
BRDA:126,4,0,9
BRDA:126,4,1,1
BRDA:137,5,0,9
BRDA:137,5,1,1
BRDA:154,6,0,9
BRDA:154,6,1,1
BRDA:162,7,0,9
BRDA:162,7,1,1
BRDA:206,8,0,4
BRDA:206,8,1,1
BRDA:214,9,0,4
BRDA:214,9,1,1
BRDA:240,10,0,18
BRDA:240,10,1,15
BRDA:240,10,2,9
BRDA:240,10,3,4
BRDA:240,10,4,1
BRDA:240,10,5,0
BRF:26
BRH:25
end_of_record
TN:
SF:components\OptimizedImage.tsx
FN:18,(anonymous_0)
FN:29,(anonymous_1)
FN:34,(anonymous_2)
FN:41,(anonymous_3)
FN:70,(anonymous_4)
FNF:5
FNH:5
FNDA:25,(anonymous_0)
FNDA:4,(anonymous_1)
FNDA:4,(anonymous_2)
FNDA:14,(anonymous_3)
FNDA:14,(anonymous_4)
DA:18,1
DA:26,25
DA:27,25
DA:29,25
DA:30,4
DA:31,4
DA:34,25
DA:35,4
DA:36,4
DA:37,4
DA:40,25
DA:41,25
DA:43,25
DA:44,4
DA:51,21
DA:70,14
LF:16
LH:16
BRDA:22,0,0,24
BRDA:43,1,0,4
BRDA:43,1,1,21
BRDA:62,2,0,21
BRDA:62,2,1,16
BRF:5
BRH:5
end_of_record
TN:
SF:components\ParentDashboard.tsx
FN:41,(anonymous_0)
FN:60,(anonymous_1)
FN:63,(anonymous_2)
FN:68,(anonymous_3)
FN:75,(anonymous_4)
FN:89,(anonymous_5)
FN:99,(anonymous_6)
FN:113,(anonymous_7)
FN:118,(anonymous_8)
FN:125,(anonymous_9)
FN:129,(anonymous_10)
FN:140,(anonymous_11)
FN:149,(anonymous_12)
FN:165,(anonymous_13)
FN:173,(anonymous_14)
FN:181,(anonymous_15)
FN:194,(anonymous_16)
FN:206,(anonymous_17)
FN:216,(anonymous_18)
FN:251,(anonymous_19)
FN:274,(anonymous_20)
FN:281,(anonymous_21)
FN:310,(anonymous_22)
FN:322,(anonymous_23)
FN:338,(anonymous_24)
FN:345,(anonymous_25)
FN:379,(anonymous_26)
FN:381,(anonymous_27)
FN:411,(anonymous_28)
FN:424,(anonymous_29)
FNF:30
FNH:9
FNDA:1,(anonymous_0)
FNDA:1,(anonymous_1)
FNDA:0,(anonymous_2)
FNDA:0,(anonymous_3)
FNDA:0,(anonymous_4)
FNDA:0,(anonymous_5)
FNDA:0,(anonymous_6)
FNDA:0,(anonymous_7)
FNDA:3,(anonymous_8)
FNDA:2,(anonymous_9)
FNDA:5,(anonymous_10)
FNDA:0,(anonymous_11)
FNDA:1,(anonymous_12)
FNDA:0,(anonymous_13)
FNDA:0,(anonymous_14)
FNDA:0,(anonymous_15)
FNDA:1,(anonymous_16)
FNDA:1,(anonymous_17)
FNDA:0,(anonymous_18)
FNDA:1,(anonymous_19)
FNDA:0,(anonymous_20)
FNDA:0,(anonymous_21)
FNDA:0,(anonymous_22)
FNDA:0,(anonymous_23)
FNDA:0,(anonymous_24)
FNDA:0,(anonymous_25)
FNDA:0,(anonymous_26)
FNDA:0,(anonymous_27)
FNDA:0,(anonymous_28)
FNDA:0,(anonymous_29)
DA:41,1
DA:49,1
DA:51,1
DA:52,1
DA:53,1
DA:56,1
DA:58,1
DA:59,1
DA:60,1
DA:63,1
DA:64,0
DA:69,0
DA:70,0
DA:75,1
DA:77,0
DA:80,0
DA:81,0
DA:89,1
DA:92,0
DA:100,0
DA:101,0
DA:102,0
DA:113,1
DA:114,0
DA:115,0
DA:118,1
DA:119,3
DA:125,1
DA:126,2
DA:129,1
DA:138,5
DA:140,0
DA:149,1
DA:150,1
DA:165,0
DA:173,0
DA:181,0
DA:195,1
DA:207,1
DA:216,0
DA:252,1
DA:274,1
DA:275,0
DA:282,0
DA:310,1
DA:311,0
DA:322,0
DA:338,0
DA:346,0
DA:379,1
DA:381,1
DA:382,0
DA:412,0
DA:422,1
DA:423,0
DA:424,0
DA:428,1
DA:526,1
LF:58
LH:31
BRDA:77,0,0,0
BRDA:77,0,1,0
BRDA:83,1,0,0
BRDA:83,1,1,0
BRDA:100,2,0,0
BRDA:100,2,1,0
BRDA:100,3,0,0
BRDA:100,3,1,0
BRDA:139,4,0,5
BRDA:139,4,1,1
BRDA:143,5,0,5
BRDA:143,5,1,1
BRDA:190,6,0,1
BRDA:190,6,1,0
BRDA:190,6,2,1
BRDA:226,7,0,1
BRDA:226,7,1,1
BRDA:233,8,0,1
BRDA:233,8,1,0
BRDA:248,9,0,0
BRDA:248,9,1,1
BRDA:261,10,0,1
BRDA:261,10,1,1
BRDA:278,11,0,0
BRDA:278,11,1,0
BRDA:290,12,0,0
BRDA:290,12,1,0
BRDA:297,13,0,0
BRDA:297,13,1,0
BRDA:328,14,0,0
BRDA:328,14,1,0
BRDA:350,15,0,0
BRDA:350,15,1,0
BRDA:357,16,0,0
BRDA:357,16,1,0
BRDA:360,17,0,0
BRDA:360,17,1,0
BRDA:361,18,0,0
BRDA:361,18,1,0
BRDA:361,19,0,0
BRDA:361,19,1,0
BRDA:364,20,0,0
BRDA:364,20,1,0
BRDA:365,21,0,0
BRDA:365,21,1,0
BRDA:365,22,0,0
BRDA:365,22,1,0
BRDA:390,23,0,0
BRDA:390,23,1,0
BRDA:394,24,0,0
BRDA:394,24,1,0
BRDA:401,25,0,0
BRDA:401,25,1,0
BRDA:405,26,0,0
BRDA:405,26,1,0
BRDA:414,27,0,0
BRDA:414,27,1,0
BRDA:422,28,0,0
BRDA:422,28,1,1
BRDA:448,29,0,1
BRDA:448,29,1,0
BRDA:462,30,0,0
BRDA:462,30,1,1
BRDA:476,31,0,0
BRDA:476,31,1,1
BRDA:490,32,0,0
BRDA:490,32,1,1
BRDA:502,33,0,0
BRDA:502,33,1,1
BRDA:511,34,0,0
BRDA:511,34,1,1
BRDA:513,35,0,0
BRDA:513,35,1,1
BRDA:517,36,0,1
BRDA:517,36,1,1
BRDA:518,37,0,1
BRDA:518,37,1,0
BRDA:519,38,0,1
BRDA:519,38,1,0
BRF:79
BRH:24
end_of_record
TN:
SF:components\PhotoCheckInButton.tsx
FN:19,(anonymous_0)
FN:24,(anonymous_1)
FN:26,(anonymous_2)
FN:54,(anonymous_3)
FN:127,(anonymous_4)
FNF:5
FNH:3
FNDA:1,(anonymous_0)
FNDA:1,(anonymous_1)
FNDA:0,(anonymous_2)
FNDA:0,(anonymous_3)
FNDA:1,(anonymous_4)
DA:19,1
DA:20,1
DA:21,1
DA:22,1
DA:23,1
DA:24,1
DA:26,1
DA:27,0
DA:28,0
DA:35,0
DA:36,0
DA:37,0
DA:38,0
DA:39,0
DA:42,0
DA:43,0
DA:46,0
DA:47,0
DA:48,0
DA:49,0
DA:55,0
DA:60,0
DA:62,0
DA:66,0
DA:81,0
DA:83,0
DA:84,0
DA:91,0
DA:92,0
DA:93,0
DA:94,0
DA:97,0
DA:98,0
DA:100,0
DA:104,1
DA:127,1
LF:36
LH:9
BRDA:27,0,0,0
BRDA:27,0,1,0
BRDA:36,1,0,0
BRDA:36,1,1,0
BRDA:47,2,0,0
BRDA:47,2,1,0
BRDA:48,3,0,0
BRDA:48,3,1,0
BRDA:66,4,0,0
BRDA:66,4,1,0
BRDA:83,5,0,0
BRDA:83,5,1,0
BRDA:83,6,0,0
BRDA:83,6,1,0
BRDA:92,7,0,0
BRDA:92,7,1,0
BRDA:107,8,0,1
BRDA:107,8,1,0
BRDA:113,9,0,0
BRDA:113,9,1,1
BRF:20
BRH:2
end_of_record
TN:
SF:components\PhotoCheckInHistory.tsx
FN:10,(anonymous_0)
FN:13,(anonymous_1)
FN:19,(anonymous_2)
FN:37,(anonymous_3)
FN:90,(anonymous_4)
FNF:5
FNH:5
FNDA:1,(anonymous_0)
FNDA:1,(anonymous_1)
FNDA:1,(anonymous_2)
FNDA:1,(anonymous_3)
FNDA:1,(anonymous_4)
DA:10,1
DA:11,1
DA:13,1
DA:14,1
DA:15,1
DA:18,1
DA:19,1
DA:21,1
DA:22,0
DA:33,1
DA:38,1
DA:90,1
LF:12
LH:11
BRDA:21,0,0,0
BRDA:21,0,1,1
BRDA:50,1,0,1
BRDA:50,1,1,0
BRDA:53,2,0,0
BRDA:53,2,1,0
BRDA:55,3,0,0
BRDA:55,3,1,0
BRDA:62,4,0,0
BRDA:62,4,1,0
BRDA:64,5,0,0
BRDA:64,5,1,0
BRDA:72,6,0,1
BRDA:72,6,1,0
BRDA:76,7,0,1
BRDA:76,7,1,0
BRF:16
BRH:4
end_of_record
TN:
SF:components\PinAuthentication.tsx
FN:20,(anonymous_0)
FN:34,(anonymous_1)
FN:60,(anonymous_2)
FN:72,(anonymous_3)
FN:75,(anonymous_4)
FN:79,(anonymous_5)
FN:84,(anonymous_6)
FN:86,(anonymous_7)
FN:88,(anonymous_8)
FN:97,(anonymous_9)
FN:123,(anonymous_10)
FN:134,(anonymous_11)
FN:152,(anonymous_12)
FN:154,(anonymous_13)
FN:161,(anonymous_14)
FN:205,(anonymous_15)
FNF:16
FNH:15
FNDA:156,(anonymous_0)
FNDA:16,(anonymous_1)
FNDA:7,(anonymous_2)
FNDA:94,(anonymous_3)
FNDA:77,(anonymous_4)
FNDA:16,(anonymous_5)
FNDA:2,(anonymous_6)
FNDA:2,(anonymous_7)
FNDA:0,(anonymous_8)
FNDA:43,(anonymous_9)
FNDA:2,(anonymous_10)
FNDA:936,(anonymous_11)
FNDA:624,(anonymous_12)
FNDA:1872,(anonymous_13)
FNDA:96,(anonymous_14)
FNDA:43,(anonymous_15)
DA:20,1
DA:27,156
DA:28,156
DA:29,156
DA:30,156
DA:31,156
DA:32,156
DA:34,156
DA:35,16
DA:36,1
DA:37,1
DA:40,15
DA:41,10
DA:42,6
DA:43,6
DA:46,4
DA:47,2
DA:48,2
DA:49,2
DA:50,2
DA:51,2
DA:55,7
DA:57,7
DA:60,7
DA:61,6
DA:63,0
DA:64,0
DA:65,0
DA:66,0
DA:68,6
DA:72,156
DA:73,94
DA:74,78
DA:75,77
DA:78,16
DA:79,16
DA:84,156
DA:85,2
DA:86,2
DA:88,0
DA:92,156
DA:93,156
DA:94,156
DA:96,156
DA:97,156
DA:99,156
DA:123,2
DA:135,936
DA:153,624
DA:155,1872
DA:162,96
DA:163,2
DA:164,94
DA:165,94
DA:205,43
LF:55
LH:50
BRDA:23,0,0,99
BRDA:24,1,0,109
BRDA:25,2,0,109
BRDA:35,3,0,1
BRDA:35,3,1,15
BRDA:40,4,0,10
BRDA:40,4,1,5
BRDA:41,5,0,6
BRDA:41,5,1,4
BRDA:46,6,0,2
BRDA:46,6,1,2
BRDA:73,7,0,78
BRDA:73,7,1,16
BRDA:74,8,0,77
BRDA:74,8,1,1
BRDA:78,9,0,16
BRDA:78,9,1,0
BRDA:85,10,0,2
BRDA:85,10,1,0
BRDA:92,11,0,132
BRDA:92,11,1,24
BRDA:93,12,0,132
BRDA:93,12,1,24
BRDA:94,13,0,132
BRDA:94,13,1,24
BRDA:114,14,0,132
BRDA:114,14,1,24
BRDA:125,15,0,2
BRDA:125,15,1,154
BRDA:139,16,0,936
BRDA:139,16,1,266
BRDA:159,17,0,1872
BRDA:159,17,1,156
BRDA:162,18,0,2
BRDA:162,18,1,94
BRDA:164,19,0,94
BRDA:164,19,1,0
BRDA:181,20,0,156
BRDA:181,20,1,149
BRDA:184,21,0,7
BRDA:184,21,1,149
BRDA:184,22,0,22
BRDA:184,22,1,127
BRF:43
BRH:40
end_of_record
TN:
SF:components\PlaceCard.tsx
FN:14,(anonymous_0)
FN:16,(anonymous_1)
FN:45,(anonymous_2)
FN:50,(anonymous_3)
FNF:4
FNH:3
FNDA:23,(anonymous_0)
FNDA:23,(anonymous_1)
FNDA:0,(anonymous_2)
FNDA:4,(anonymous_3)
DA:14,2
DA:15,23
DA:16,23
DA:17,23
DA:19,1
DA:21,1
DA:23,1
DA:25,17
DA:27,1
DA:29,1
DA:31,0
DA:33,0
DA:35,1
DA:39,23
DA:45,0
DA:50,4
DA:64,2
LF:17
LH:14
BRDA:17,0,0,1
BRDA:17,0,1,1
BRDA:17,0,2,1
BRDA:17,0,3,17
BRDA:17,0,4,1
BRDA:17,0,5,1
BRDA:17,0,6,0
BRDA:17,0,7,0
BRDA:17,0,8,1
BRDA:48,1,0,0
BRDA:48,1,1,0
BRF:11
BRH:7
end_of_record
TN:
SF:components\PullToRefresh.tsx
FN:12,(anonymous_0)
FN:20,(anonymous_1)
FNF:2
FNH:1
FNDA:19,(anonymous_0)
FNDA:0,(anonymous_1)
DA:12,1
DA:17,19
DA:18,19
DA:20,19
DA:21,0
DA:22,0
DA:23,0
DA:25,0
DA:29,19
LF:9
LH:5
BRDA:15,0,0,15
BRDA:33,1,0,19
BRDA:33,1,1,17
BRDA:39,2,0,19
BRDA:39,2,1,0
BRF:5
BRH:4
end_of_record
TN:
SF:components\RegionCard.tsx
FN:15,(anonymous_0)
FN:29,(anonymous_1)
FN:34,(anonymous_2)
FN:39,(anonymous_3)
FNF:4
FNH:1
FNDA:12,(anonymous_0)
FNDA:0,(anonymous_1)
FNDA:0,(anonymous_2)
FNDA:0,(anonymous_3)
DA:15,1
DA:16,12
DA:29,0
DA:34,0
DA:39,0
DA:48,1
LF:6
LH:3
BRDA:25,0,0,12
BRDA:25,0,1,0
BRDA:25,1,0,12
BRDA:25,1,1,0
BRDA:25,2,0,12
BRDA:25,2,1,0
BRDA:28,3,0,12
BRDA:28,3,1,0
BRDA:33,4,0,12
BRDA:33,4,1,0
BRDA:38,5,0,12
BRDA:38,5,1,0
BRF:12
BRH:6
end_of_record
TN:
SF:components\RegionSelector.tsx
FN:15,(anonymous_0)
FN:21,(anonymous_1)
FN:22,(anonymous_2)
FN:28,(anonymous_3)
FN:56,(anonymous_4)
FN:63,(anonymous_5)
FNF:6
FNH:3
FNDA:2,(anonymous_0)
FNDA:2,(anonymous_1)
FNDA:0,(anonymous_2)
FNDA:0,(anonymous_3)
FNDA:0,(anonymous_4)
FNDA:2,(anonymous_5)
DA:15,2
DA:20,2
DA:21,2
DA:22,2
DA:23,0
DA:28,0
DA:46,2
DA:56,0
DA:63,2
LF:9
LH:6
BRDA:26,0,0,0
BRDA:26,0,1,0
BRDA:40,1,0,0
BRDA:40,1,1,0
BRF:4
BRH:0
end_of_record
TN:
SF:components\RegionSwitcher.tsx
FN:10,(anonymous_0)
FN:12,(anonymous_1)
FN:16,(anonymous_2)
FN:23,(anonymous_3)
FN:36,(anonymous_4)
FN:52,(anonymous_5)
FNF:6
FNH:3
FNDA:1,(anonymous_0)
FNDA:1,(anonymous_1)
FNDA:0,(anonymous_2)
FNDA:0,(anonymous_3)
FNDA:0,(anonymous_4)
FNDA:1,(anonymous_5)
DA:10,1
DA:11,1
DA:12,1
DA:13,1
DA:14,1
DA:16,1
DA:17,0
DA:18,0
DA:21,1
DA:23,0
DA:36,0
DA:52,1
LF:12
LH:8
BRF:0
BRH:0
end_of_record
TN:
SF:components\RegionalFunFactCard.tsx
FN:13,(anonymous_0)
FN:16,(anonymous_1)
FN:44,(anonymous_2)
FNF:3
FNH:3
FNDA:1,(anonymous_0)
FNDA:1,(anonymous_1)
FNDA:1,(anonymous_2)
DA:13,1
DA:14,1
DA:15,1
DA:16,1
DA:19,1
DA:23,1
DA:44,1
LF:7
LH:7
BRDA:32,0,0,1
BRDA:32,0,1,0
BRF:2
BRH:1
end_of_record
TN:
SF:components\RegionalTransitCard.tsx
FN:9,(anonymous_0)
FN:11,(anonymous_1)
FN:15,(anonymous_2)
FN:31,(anonymous_3)
FN:56,(anonymous_4)
FN:70,(anonymous_5)
FNF:6
FNH:6
FNDA:21,(anonymous_0)
FNDA:21,(anonymous_1)
FNDA:63,(anonymous_2)
FNDA:63,(anonymous_3)
FNDA:63,(anonymous_4)
FNDA:21,(anonymous_5)
DA:9,1
DA:10,21
DA:11,21
DA:12,21
DA:13,21
DA:15,21
DA:16,63
DA:19,21
DA:21,21
DA:23,0
DA:25,21
DA:27,0
DA:31,21
DA:32,63
DA:46,21
DA:56,63
DA:70,21
LF:17
LH:15
BRDA:16,0,0,21
BRDA:16,0,1,21
BRDA:16,0,2,21
BRDA:16,0,3,0
BRDA:16,0,4,21
BRDA:16,0,5,0
BRDA:40,1,0,63
BRDA:40,1,1,63
BRF:8
BRH:6
end_of_record
TN:
SF:components\RouteCard.tsx
FN:17,(anonymous_0)
FN:39,(anonymous_1)
FN:45,(anonymous_2)
FN:63,(anonymous_3)
FN:76,(anonymous_4)
FNF:5
FNH:3
FNDA:18,(anonymous_0)
FNDA:0,(anonymous_1)
FNDA:2,(anonymous_2)
FNDA:27,(anonymous_3)
FNDA:0,(anonymous_4)
DA:17,3
DA:18,18
DA:19,18
DA:20,4
DA:27,14
DA:28,14
DA:29,14
DA:30,14
DA:32,14
DA:39,0
DA:45,2
DA:64,27
DA:76,3
DA:77,0
DA:80,3
LF:15
LH:13
BRDA:17,0,0,5
BRDA:19,1,0,4
BRDA:19,1,1,14
BRDA:27,2,0,13
BRDA:27,2,1,1
BRDA:28,3,0,14
BRDA:28,3,1,2
BRDA:29,4,0,14
BRDA:29,4,1,2
BRDA:30,5,0,14
BRDA:30,5,1,0
BRDA:41,6,0,0
BRDA:41,6,1,0
BRDA:42,7,0,0
BRDA:42,7,1,0
BRDA:43,8,0,0
BRDA:43,8,1,0
BRDA:60,9,0,14
BRDA:60,9,1,5
BRDA:66,10,0,27
BRDA:66,10,1,18
BRDA:77,11,0,0
BRDA:77,11,1,0
BRF:23
BRH:14
end_of_record
TN:
SF:components\SafeZoneActivityLog.tsx
FN:7,(anonymous_0)
FN:11,(anonymous_1)
FN:31,(anonymous_2)
FN:37,(anonymous_3)
FN:68,(anonymous_4)
FNF:5
FNH:1
FNDA:1,(anonymous_0)
FNDA:0,(anonymous_1)
FNDA:0,(anonymous_2)
FNDA:0,(anonymous_3)
FNDA:0,(anonymous_4)
DA:7,2
DA:8,1
DA:9,1
DA:11,1
DA:12,0
DA:13,0
DA:14,0
DA:16,0
DA:17,0
DA:18,0
DA:19,0
DA:20,0
DA:22,0
DA:31,1
DA:32,0
DA:37,1
DA:38,0
DA:41,1
DA:42,1
DA:59,0
DA:69,0
DA:112,2
LF:22
LH:9
BRDA:16,0,0,0
BRDA:16,0,1,0
BRDA:19,1,0,0
BRDA:19,1,1,0
BRDA:32,2,0,0
BRDA:32,2,1,0
BRDA:38,3,0,0
BRDA:38,3,1,0
BRDA:41,4,0,1
BRDA:41,4,1,0
BRDA:77,5,0,0
BRDA:77,5,1,0
BRDA:94,6,0,0
BRDA:94,6,1,0
BRDA:101,7,0,0
BRDA:101,7,1,0
BRF:16
BRH:1
end_of_record
TN:
SF:components\SafeZoneIndicator.tsx
FN:8,(anonymous_0)
FN:13,(anonymous_1)
FN:20,(anonymous_2)
FN:26,(anonymous_3)
FNF:4
FNH:1
FNDA:1,(anonymous_0)
FNDA:0,(anonymous_1)
FNDA:0,(anonymous_2)
FNDA:0,(anonymous_3)
DA:8,1
DA:9,1
DA:10,1
DA:12,1
DA:13,1
DA:16,1
DA:17,1
DA:20,0
DA:21,0
DA:22,0
DA:23,0
DA:26,0
DA:27,0
DA:28,0
DA:29,0
DA:30,0
DA:32,0
DA:35,0
DA:37,0
DA:48,1
LF:20
LH:8
BRDA:16,0,0,1
BRDA:16,0,1,0
BRDA:16,1,0,1
BRDA:16,1,1,0
BRDA:21,2,0,0
BRDA:21,2,1,0
BRDA:22,3,0,0
BRDA:22,3,1,0
BRDA:22,4,0,0
BRDA:22,4,1,0
BRDA:27,5,0,0
BRDA:27,5,1,0
BRDA:28,6,0,0
BRDA:28,6,1,0
BRDA:29,7,0,0
BRDA:29,7,1,0
BRDA:30,8,0,0
BRDA:30,8,1,0
BRF:18
BRH:2
end_of_record
TN:
SF:components\SafeZoneManagement.tsx
FN:21,(anonymous_0)
FN:36,(anonymous_1)
FN:51,(anonymous_2)
FN:98,(anonymous_3)
FN:110,(anonymous_4)
FN:119,(anonymous_5)
FN:125,(anonymous_6)
FN:129,(anonymous_7)
FN:132,(anonymous_8)
FN:159,(anonymous_9)
FN:159,(anonymous_10)
FN:171,(anonymous_11)
FN:171,(anonymous_12)
FN:179,(anonymous_13)
FN:179,(anonymous_14)
FN:196,(anonymous_15)
FN:196,(anonymous_16)
FN:211,(anonymous_17)
FN:211,(anonymous_18)
FN:229,(anonymous_19)
FN:229,(anonymous_20)
FN:270,(anonymous_21)
FN:283,(anonymous_22)
FN:289,(anonymous_23)
FN:306,(anonymous_24)
FN:319,(anonymous_25)
FN:327,(anonymous_26)
FNF:27
FNH:1
FNDA:1,(anonymous_0)
FNDA:0,(anonymous_1)
FNDA:0,(anonymous_2)
FNDA:0,(anonymous_3)
FNDA:0,(anonymous_4)
FNDA:0,(anonymous_5)
FNDA:0,(anonymous_6)
FNDA:0,(anonymous_7)
FNDA:0,(anonymous_8)
FNDA:0,(anonymous_9)
FNDA:0,(anonymous_10)
FNDA:0,(anonymous_11)
FNDA:0,(anonymous_12)
FNDA:0,(anonymous_13)
FNDA:0,(anonymous_14)
FNDA:0,(anonymous_15)
FNDA:0,(anonymous_16)
FNDA:0,(anonymous_17)
FNDA:0,(anonymous_18)
FNDA:0,(anonymous_19)
FNDA:0,(anonymous_20)
FNDA:0,(anonymous_21)
FNDA:0,(anonymous_22)
FNDA:0,(anonymous_23)
FNDA:0,(anonymous_24)
FNDA:0,(anonymous_25)
FNDA:0,(anonymous_26)
DA:10,2
DA:21,2
DA:22,1
DA:23,1
DA:24,1
DA:25,1
DA:36,1
DA:37,0
DA:47,0
DA:48,0
DA:51,1
DA:52,0
DA:53,0
DA:54,0
DA:57,0
DA:58,0
DA:59,0
DA:61,0
DA:62,0
DA:63,0
DA:66,0
DA:67,0
DA:68,0
DA:71,0
DA:72,0
DA:73,0
DA:80,0
DA:82,0
DA:90,0
DA:92,0
DA:94,0
DA:98,1
DA:99,0
DA:106,0
DA:107,0
DA:110,1
DA:111,0
DA:119,0
DA:125,1
DA:126,0
DA:129,1
DA:132,0
DA:137,0
DA:140,1
DA:141,0
DA:159,0
DA:171,0
DA:179,0
DA:196,0
DA:211,0
DA:229,0
DA:263,1
DA:270,0
DA:283,0
DA:290,0
DA:306,0
DA:319,0
DA:327,0
DA:341,2
LF:59
LH:15
BRDA:12,0,0,2
BRDA:12,0,1,0
BRDA:13,1,0,2
BRDA:13,1,1,0
BRDA:52,2,0,0
BRDA:52,2,1,0
BRDA:61,3,0,0
BRDA:61,3,1,0
BRDA:61,4,0,0
BRDA:61,4,1,0
BRDA:66,5,0,0
BRDA:66,5,1,0
BRDA:66,6,0,0
BRDA:66,6,1,0
BRDA:66,6,2,0
BRDA:72,7,0,0
BRDA:72,7,1,0
BRDA:140,8,0,0
BRDA:140,8,1,1
BRDA:148,9,0,0
BRDA:148,9,1,0
BRDA:220,10,0,0
BRDA:220,10,1,0
BRDA:238,11,0,0
BRDA:238,11,1,0
BRDA:250,12,0,0
BRDA:250,12,1,0
BRDA:276,13,0,1
BRDA:276,13,1,0
BRDA:298,14,0,0
BRDA:298,14,1,0
BRDA:299,15,0,0
BRDA:299,15,1,0
BRDA:299,16,0,0
BRDA:299,16,1,0
BRDA:300,17,0,0
BRDA:300,17,1,0
BRDA:308,18,0,0
BRDA:308,18,1,0
BRF:39
BRH:4
end_of_record
TN:
SF:components\SafeZoneStatusCard.tsx
FN:9,(anonymous_0)
FN:14,(anonymous_1)
FN:33,(anonymous_2)
FN:89,(anonymous_3)
FNF:4
FNH:1
FNDA:1,(anonymous_0)
FNDA:0,(anonymous_1)
FNDA:0,(anonymous_2)
FNDA:0,(anonymous_3)
DA:9,2
DA:10,1
DA:11,1
DA:13,1
DA:14,1
DA:16,1
DA:17,1
DA:33,0
DA:34,0
DA:40,0
DA:90,0
DA:126,2
LF:12
LH:8
BRDA:16,0,0,1
BRDA:16,0,1,0
BRDA:16,1,0,1
BRDA:16,1,1,0
BRDA:24,2,0,1
BRDA:24,2,1,0
BRDA:45,3,0,0
BRDA:45,3,1,0
BRDA:50,4,0,0
BRDA:50,4,1,0
BRDA:53,5,0,0
BRDA:53,5,1,0
BRDA:58,6,0,0
BRDA:58,6,1,0
BRDA:86,7,0,0
BRDA:86,7,1,0
BRDA:98,8,0,0
BRDA:98,8,1,0
BRDA:98,8,2,0
BRDA:113,9,0,0
BRDA:113,9,1,0
BRDA:115,10,0,0
BRDA:115,10,1,0
BRDA:118,11,0,0
BRDA:118,11,1,0
BRF:25
BRH:3
end_of_record
TN:
SF:components\SafetyDashboard.tsx
FN:44,(anonymous_0)
FN:60,(anonymous_1)
FN:62,(anonymous_2)
FN:66,(anonymous_3)
FN:72,(anonymous_4)
FN:74,(anonymous_5)
FN:78,(anonymous_6)
FN:83,(anonymous_7)
FN:88,(anonymous_8)
FN:122,(anonymous_9)
FN:203,(anonymous_10)
FN:226,(anonymous_11)
FN:233,(anonymous_12)
FN:263,(anonymous_13)
FN:272,(anonymous_14)
FN:293,(anonymous_15)
FN:304,(anonymous_16)
FNF:17
FNH:11
FNDA:49,(anonymous_0)
FNDA:94,(anonymous_1)
FNDA:94,(anonymous_2)
FNDA:5,(anonymous_3)
FNDA:0,(anonymous_4)
FNDA:0,(anonymous_5)
FNDA:3,(anonymous_6)
FNDA:0,(anonymous_7)
FNDA:196,(anonymous_8)
FNDA:180,(anonymous_9)
FNDA:4,(anonymous_10)
FNDA:2,(anonymous_11)
FNDA:1,(anonymous_12)
FNDA:0,(anonymous_13)
FNDA:0,(anonymous_14)
FNDA:0,(anonymous_15)
FNDA:89,(anonymous_16)
DA:44,1
DA:49,49
DA:53,49
DA:54,49
DA:55,49
DA:56,49
DA:59,49
DA:60,94
DA:61,49
DA:62,94
DA:64,49
DA:66,49
DA:67,5
DA:72,0
DA:74,0
DA:78,49
DA:79,3
DA:83,0
DA:88,49
DA:103,196
DA:122,49
DA:133,180
DA:145,49
DA:203,4
DA:226,2
DA:233,1
DA:263,0
DA:272,0
DA:293,0
DA:308,89
DA:355,1
LF:31
LH:25
BRDA:93,0,0,49
BRDA:104,1,0,196
BRDA:104,1,1,147
BRDA:118,2,0,196
BRDA:118,2,1,147
BRDA:126,3,0,0
BRDA:152,4,0,49
BRDA:152,4,1,4
BRDA:168,5,0,49
BRDA:168,5,1,48
BRDA:174,6,0,46
BRDA:174,6,1,2
BRDA:183,7,0,46
BRDA:183,7,1,2
BRDA:190,8,0,46
BRDA:190,8,1,2
BRDA:199,9,0,49
BRDA:199,9,1,45
BRDA:241,10,0,49
BRDA:241,10,1,7
BRDA:283,11,0,47
BRDA:283,11,1,2
BRDA:302,12,0,45
BRDA:302,12,1,4
BRF:24
BRH:23
end_of_record
TN:
SF:components\SafetyPanel.tsx
FN:58,(anonymous_0)
FN:71,(anonymous_1)
FN:90,(anonymous_2)
FN:99,(anonymous_3)
FN:102,(anonymous_4)
FN:115,(anonymous_5)
FN:118,(anonymous_6)
FN:119,(anonymous_7)
FN:122,(anonymous_8)
FN:146,(anonymous_9)
FN:167,(anonymous_10)
FN:168,(anonymous_11)
FN:172,(anonymous_12)
FN:194,(anonymous_13)
FN:216,(anonymous_14)
FN:222,(anonymous_15)
FN:224,(anonymous_16)
FN:225,(anonymous_17)
FN:246,(anonymous_18)
FN:295,(anonymous_19)
FN:329,(anonymous_20)
FN:358,(anonymous_21)
FN:377,(anonymous_22)
FN:418,(anonymous_23)
FN:456,(anonymous_24)
FN:476,(anonymous_25)
FN:500,(anonymous_26)
FN:561,(anonymous_27)
FNF:28
FNH:2
FNDA:1,(anonymous_0)
FNDA:1,(anonymous_1)
FNDA:0,(anonymous_2)
FNDA:0,(anonymous_3)
FNDA:0,(anonymous_4)
FNDA:0,(anonymous_5)
FNDA:0,(anonymous_6)
FNDA:0,(anonymous_7)
FNDA:0,(anonymous_8)
FNDA:0,(anonymous_9)
FNDA:0,(anonymous_10)
FNDA:0,(anonymous_11)
FNDA:0,(anonymous_12)
FNDA:0,(anonymous_13)
FNDA:0,(anonymous_14)
FNDA:0,(anonymous_15)
FNDA:0,(anonymous_16)
FNDA:0,(anonymous_17)
FNDA:0,(anonymous_18)
FNDA:0,(anonymous_19)
FNDA:0,(anonymous_20)
FNDA:0,(anonymous_21)
FNDA:0,(anonymous_22)
FNDA:0,(anonymous_23)
FNDA:0,(anonymous_24)
FNDA:0,(anonymous_25)
FNDA:0,(anonymous_26)
FNDA:0,(anonymous_27)
DA:58,1
DA:62,1
DA:63,1
DA:65,1
DA:66,1
DA:67,1
DA:68,1
DA:71,1
DA:72,1
DA:73,0
DA:74,0
DA:80,0
DA:81,0
DA:85,0
DA:90,1
DA:91,0
DA:92,0
DA:94,0
DA:100,0
DA:101,0
DA:102,0
DA:106,0
DA:108,0
DA:109,0
DA:116,0
DA:118,0
DA:119,0
DA:120,0
DA:121,0
DA:122,0
DA:126,0
DA:130,0
DA:131,0
DA:134,0
DA:135,0
DA:141,0
DA:142,0
DA:146,1
DA:147,0
DA:148,0
DA:149,0
DA:152,0
DA:153,0
DA:154,0
DA:158,0
DA:159,0
DA:160,0
DA:161,0
DA:162,0
DA:165,0
DA:167,0
DA:168,0
DA:170,0
DA:171,0
DA:173,0
DA:179,0
DA:182,0
DA:183,0
DA:184,0
DA:185,0
DA:188,0
DA:192,0
DA:193,0
DA:195,0
DA:207,0
DA:211,0
DA:212,0
DA:216,1
DA:217,0
DA:224,0
DA:225,0
DA:226,0
DA:227,0
DA:228,0
DA:234,0
DA:235,0
DA:246,1
DA:247,0
DA:248,0
DA:249,0
DA:250,0
DA:251,0
DA:254,0
DA:255,0
DA:258,0
DA:265,0
DA:266,0
DA:270,0
DA:271,0
DA:272,0
DA:273,0
DA:277,0
DA:280,0
DA:284,0
DA:290,0
DA:292,0
DA:293,0
DA:294,0
DA:295,0
DA:296,0
DA:297,0
DA:298,0
DA:299,0
DA:301,0
DA:302,0
DA:310,0
DA:311,0
DA:312,0
DA:313,0
DA:314,0
DA:318,0
DA:327,0
DA:328,0
DA:330,0
DA:340,0
DA:341,0
DA:345,0
DA:346,0
DA:349,0
DA:350,0
DA:353,0
DA:354,0
DA:356,0
DA:357,0
DA:358,0
DA:363,0
DA:364,0
DA:368,0
DA:369,0
DA:378,0
DA:387,0
DA:390,0
DA:391,0
DA:394,0
DA:395,0
DA:396,0
DA:397,0
DA:401,0
DA:416,0
DA:417,0
DA:418,0
DA:423,0
DA:424,0
DA:434,0
DA:435,0
DA:436,0
DA:437,0
DA:438,0
DA:443,0
DA:454,0
DA:455,0
DA:457,0
DA:468,0
DA:469,0
DA:470,0
DA:474,0
DA:475,0
DA:477,0
DA:490,0
DA:498,0
DA:499,0
DA:501,0
DA:513,0
DA:518,0
DA:521,0
DA:523,0
DA:524,0
DA:529,0
DA:535,0
DA:541,0
DA:544,0
DA:545,0
DA:546,0
DA:549,0
DA:550,0
DA:552,0
DA:556,1
DA:561,0
DA:635,1
LF:179
LH:15
BRDA:72,0,0,0
BRDA:72,0,1,1
BRDA:80,1,0,0
BRDA:80,1,1,0
BRDA:118,2,0,0
BRDA:118,2,1,0
BRDA:120,3,0,0
BRDA:120,3,1,0
BRDA:148,4,0,0
BRDA:148,4,1,0
BRDA:159,5,0,0
BRDA:159,5,1,0
BRDA:167,6,0,0
BRDA:167,6,1,0
BRDA:170,7,0,0
BRDA:170,7,1,0
BRDA:170,8,0,0
BRDA:170,8,1,0
BRDA:183,9,0,0
BRDA:183,9,1,0
BRDA:224,10,0,0
BRDA:224,10,1,0
BRDA:226,11,0,0
BRDA:226,11,1,0
BRDA:226,12,0,0
BRDA:226,12,1,0
BRDA:227,13,0,0
BRDA:227,13,1,0
BRDA:234,14,0,0
BRDA:234,14,1,0
BRDA:234,15,0,0
BRDA:234,15,1,0
BRDA:248,16,0,0
BRDA:248,16,1,0
BRDA:254,17,0,0
BRDA:254,17,1,0
BRDA:260,18,0,0
BRDA:260,18,1,0
BRDA:271,19,0,0
BRDA:271,19,1,0
BRDA:280,20,0,0
BRDA:280,20,1,0
BRDA:281,21,0,0
BRDA:281,21,1,0
BRDA:290,22,0,0
BRDA:290,22,1,0
BRDA:297,23,0,0
BRDA:297,23,1,0
BRDA:311,24,0,0
BRDA:311,24,1,0
BRDA:318,25,0,0
BRDA:318,25,1,0
BRDA:318,26,0,0
BRDA:318,26,1,0
BRDA:363,27,0,0
BRDA:363,27,1,0
BRDA:368,28,0,0
BRDA:368,28,1,0
BRDA:401,29,0,0
BRDA:401,29,1,0
BRDA:423,30,0,0
BRDA:423,30,1,0
BRDA:423,31,0,0
BRDA:423,31,1,0
BRDA:435,32,0,0
BRDA:435,32,1,0
BRDA:443,33,0,0
BRDA:443,33,1,0
BRDA:443,34,0,0
BRDA:443,34,1,0
BRDA:523,35,0,0
BRDA:523,35,1,0
BRDA:567,36,0,0
BRDA:567,36,1,1
BRDA:570,37,0,1
BRDA:570,37,1,0
BRDA:577,38,0,0
BRDA:577,38,1,0
BRDA:587,39,0,0
BRDA:587,39,1,0
BRDA:599,40,0,0
BRDA:599,40,1,0
BRDA:608,41,0,0
BRDA:608,41,1,0
BRDA:613,42,0,0
BRDA:613,42,1,0
BRDA:617,43,0,0
BRDA:617,43,1,0
BRF:88
BRH:3
end_of_record
TN:
SF:components\SearchBar.tsx
FN:15,(anonymous_0)
FNF:1
FNH:1
FNDA:14,(anonymous_0)
DA:15,1
DA:21,14
DA:22,14
DA:42,1
LF:4
LH:4
BRDA:19,0,0,13
BRDA:33,1,0,14
BRDA:33,1,1,3
BRF:3
BRH:3
end_of_record
TN:
SF:components\SearchWithSuggestions.tsx
FN:27,(anonymous_0)
FN:38,(anonymous_1)
FN:42,(anonymous_2)
FN:51,(anonymous_3)
FN:54,(anonymous_4)
FN:71,(anonymous_5)
FN:83,(anonymous_6)
FNF:7
FNH:0
FNDA:0,(anonymous_0)
FNDA:0,(anonymous_1)
FNDA:0,(anonymous_2)
FNDA:0,(anonymous_3)
FNDA:0,(anonymous_4)
FNDA:0,(anonymous_5)
FNDA:0,(anonymous_6)
DA:27,0
DA:34,0
DA:35,0
DA:36,0
DA:38,0
DA:39,0
DA:42,0
DA:43,0
DA:44,0
DA:45,0
DA:46,0
DA:47,0
DA:51,0
DA:52,0
DA:55,0
DA:56,0
DA:66,0
DA:72,0
DA:73,0
DA:83,0
DA:93,0
LF:21
LH:0
BRDA:32,0,0,0
BRDA:39,1,0,0
BRDA:39,1,1,0
BRDA:43,2,0,0
BRDA:43,2,1,0
BRDA:43,2,2,0
BRDA:43,2,3,0
BRDA:78,3,0,0
BRDA:78,3,1,0
BRF:9
BRH:0
end_of_record
TN:
SF:components\SmartNotification.tsx
FN:16,(anonymous_0)
FN:25,(anonymous_1)
FN:26,(anonymous_2)
FN:35,(anonymous_3)
FN:36,(anonymous_4)
FN:45,(anonymous_5)
FN:82,(anonymous_6)
FNF:7
FNH:7
FNDA:29,(anonymous_0)
FNDA:29,(anonymous_1)
FNDA:29,(anonymous_2)
FNDA:29,(anonymous_3)
FNDA:29,(anonymous_4)
FNDA:29,(anonymous_5)
FNDA:29,(anonymous_6)
DA:16,1
DA:24,29
DA:25,29
DA:26,29
DA:27,29
DA:28,22
DA:29,2
DA:30,3
DA:31,2
DA:35,29
DA:36,29
DA:37,29
DA:38,22
DA:39,2
DA:40,3
DA:41,2
DA:45,29
DA:46,29
DA:47,22
DA:48,2
DA:49,3
DA:50,2
DA:54,29
DA:82,29
LF:24
LH:24
BRDA:27,0,0,22
BRDA:27,0,1,2
BRDA:27,0,2,3
BRDA:27,0,3,2
BRDA:37,1,0,22
BRDA:37,1,1,2
BRDA:37,1,2,3
BRDA:37,1,3,2
BRDA:46,2,0,22
BRDA:46,2,1,2
BRDA:46,2,2,3
BRDA:46,2,3,2
BRDA:73,3,0,29
BRDA:73,3,1,6
BRDA:73,3,2,5
BRF:15
BRH:15
end_of_record
TN:
SF:components\SmartRouteSuggestions.tsx
FN:32,generateSmartSuggestions
FN:109,(anonymous_1)
FN:113,(anonymous_2)
FN:123,(anonymous_3)
FN:127,(anonymous_4)
FN:136,(anonymous_5)
FN:144,(anonymous_6)
FN:156,(anonymous_7)
FN:159,(anonymous_8)
FN:163,(anonymous_9)
FN:213,(anonymous_10)
FN:217,(anonymous_11)
FNF:12
FNH:0
FNDA:0,generateSmartSuggestions
FNDA:0,(anonymous_1)
FNDA:0,(anonymous_2)
FNDA:0,(anonymous_3)
FNDA:0,(anonymous_4)
FNDA:0,(anonymous_5)
FNDA:0,(anonymous_6)
FNDA:0,(anonymous_7)
FNDA:0,(anonymous_8)
FNDA:0,(anonymous_9)
FNDA:0,(anonymous_10)
FNDA:0,(anonymous_11)
DA:38,0
DA:41,0
DA:42,0
DA:55,0
DA:56,0
DA:68,0
DA:69,0
DA:82,0
DA:83,0
DA:96,0
DA:108,0
DA:109,0
DA:113,0
DA:120,0
DA:121,0
DA:123,0
DA:124,0
DA:127,0
DA:128,0
DA:129,0
DA:130,0
DA:131,0
DA:132,0
DA:136,0
DA:137,0
DA:138,0
DA:139,0
DA:140,0
DA:144,0
DA:146,0
DA:147,0
DA:148,0
DA:149,0
DA:150,0
DA:152,0
DA:156,0
DA:157,0
DA:158,0
DA:159,0
DA:162,0
DA:163,0
DA:194,0
DA:214,0
DA:217,0
LF:44
LH:0
BRDA:41,0,0,0
BRDA:41,0,1,0
BRDA:41,1,0,0
BRDA:41,1,1,0
BRDA:55,2,0,0
BRDA:55,2,1,0
BRDA:68,3,0,0
BRDA:68,3,1,0
BRDA:68,4,0,0
BRDA:68,4,1,0
BRDA:82,5,0,0
BRDA:82,5,1,0
BRDA:116,6,0,0
BRDA:128,7,0,0
BRDA:128,7,1,0
BRDA:128,7,2,0
BRDA:128,7,3,0
BRDA:137,8,0,0
BRDA:137,8,1,0
BRDA:137,8,2,0
BRDA:147,9,0,0
BRDA:147,9,1,0
BRDA:147,10,0,0
BRDA:147,10,1,0
BRDA:147,10,2,0
BRDA:147,10,3,0
BRDA:149,11,0,0
BRDA:149,11,1,0
BRDA:149,12,0,0
BRDA:149,12,1,0
BRDA:183,13,0,0
BRDA:183,13,1,0
BRF:32
BRH:0
end_of_record
TN:
SF:components\SystemHealthMonitor.tsx
FN:21,(anonymous_0)
FN:26,(anonymous_1)
FN:28,(anonymous_2)
FN:145,(anonymous_3)
FN:151,(anonymous_4)
FN:154,(anonymous_5)
FN:155,(anonymous_6)
FN:156,(anonymous_7)
FN:160,(anonymous_8)
FN:171,(anonymous_9)
FN:183,(anonymous_10)
FN:184,(anonymous_11)
FN:225,(anonymous_12)
FN:253,(anonymous_13)
FNF:14
FNH:0
FNDA:0,(anonymous_0)
FNDA:0,(anonymous_1)
FNDA:0,(anonymous_2)
FNDA:0,(anonymous_3)
FNDA:0,(anonymous_4)
FNDA:0,(anonymous_5)
FNDA:0,(anonymous_6)
FNDA:0,(anonymous_7)
FNDA:0,(anonymous_8)
FNDA:0,(anonymous_9)
FNDA:0,(anonymous_10)
FNDA:0,(anonymous_11)
FNDA:0,(anonymous_12)
FNDA:0,(anonymous_13)
DA:21,0
DA:22,0
DA:23,0
DA:24,0
DA:25,0
DA:26,0
DA:28,0
DA:29,0
DA:30,0
DA:31,0
DA:34,0
DA:43,0
DA:44,0
DA:55,0
DA:56,0
DA:57,0
DA:58,0
DA:59,0
DA:60,0
DA:68,0
DA:69,0
DA:70,0
DA:79,0
DA:89,0
DA:90,0
DA:91,0
DA:92,0
DA:93,0
DA:103,0
DA:104,0
DA:115,0
DA:125,0
DA:131,0
DA:141,0
DA:142,0
DA:145,0
DA:146,0
DA:149,0
DA:151,0
DA:154,0
DA:155,0
DA:156,0
DA:157,0
DA:160,0
DA:161,0
DA:163,0
DA:165,0
DA:167,0
DA:171,0
DA:172,0
DA:174,0
DA:176,0
DA:178,0
DA:182,0
DA:183,0
DA:184,0
DA:186,0
DA:226,0
DA:253,0
LF:59
LH:0
BRDA:37,0,0,0
BRDA:37,0,1,0
BRDA:38,1,0,0
BRDA:38,1,1,0
BRDA:43,2,0,0
BRDA:43,2,1,0
BRDA:48,3,0,0
BRDA:48,3,1,0
BRDA:56,4,0,0
BRDA:56,4,1,0
BRDA:90,5,0,0
BRDA:90,5,1,0
BRDA:96,6,0,0
BRDA:96,6,1,0
BRDA:97,7,0,0
BRDA:97,7,1,0
BRDA:107,8,0,0
BRDA:107,8,1,0
BRDA:108,9,0,0
BRDA:108,9,1,0
BRDA:125,10,0,0
BRDA:125,10,1,0
BRDA:125,11,0,0
BRDA:125,11,1,0
BRDA:126,12,0,0
BRDA:126,12,1,0
BRDA:135,13,0,0
BRDA:135,13,1,0
BRDA:155,14,0,0
BRDA:155,14,1,0
BRDA:156,15,0,0
BRDA:156,15,1,0
BRDA:161,16,0,0
BRDA:161,16,1,0
BRDA:161,16,2,0
BRDA:172,17,0,0
BRDA:172,17,1,0
BRDA:172,17,2,0
BRDA:192,18,0,0
BRDA:192,18,1,0
BRDA:192,19,0,0
BRDA:192,19,1,0
BRDA:197,20,0,0
BRDA:197,20,1,0
BRDA:203,21,0,0
BRDA:203,21,1,0
BRDA:204,22,0,0
BRDA:204,22,1,0
BRDA:209,23,0,0
BRDA:209,23,1,0
BRDA:209,23,2,0
BRDA:211,24,0,0
BRDA:211,24,1,0
BRDA:213,25,0,0
BRDA:213,25,1,0
BRDA:216,26,0,0
BRDA:216,26,1,0
BRDA:218,27,0,0
BRDA:218,27,1,0
BRDA:239,28,0,0
BRDA:239,28,1,0
BRF:61
BRH:0
end_of_record
TN:
SF:components\Toast.tsx
FN:27,(anonymous_0)
FN:41,(anonymous_1)
FN:53,(anonymous_2)
FN:58,(anonymous_3)
FN:84,(anonymous_4)
FN:98,(anonymous_5)
FN:102,(anonymous_6)
FN:117,(anonymous_7)
FN:132,(anonymous_8)
FNF:9
FNH:9
FNDA:664,(anonymous_0)
FNDA:54,(anonymous_1)
FNDA:54,(anonymous_2)
FNDA:613,(anonymous_3)
FNDA:58,(anonymous_4)
FNDA:54,(anonymous_5)
FNDA:58,(anonymous_6)
FNDA:83,(anonymous_7)
FNDA:83,(anonymous_8)
DA:20,51
DA:27,51
DA:35,664
DA:36,664
DA:37,664
DA:38,664
DA:39,664
DA:41,664
DA:42,54
DA:54,54
DA:58,664
DA:59,613
DA:60,79
DA:61,21
DA:62,21
DA:63,21
DA:64,21
DA:67,58
DA:80,58
DA:81,58
DA:82,58
DA:83,58
DA:84,58
DA:85,58
DA:86,58
DA:89,58
DA:90,0
DA:93,0
DA:98,58
DA:99,54
DA:102,58
DA:105,555
DA:117,664
DA:118,83
DA:120,12
DA:122,8
DA:124,8
DA:126,55
DA:128,0
DA:132,664
DA:133,83
DA:138,83
DA:140,0
DA:144,664
DA:146,83
DA:173,51
LF:46
LH:42
BRDA:32,0,0,658
BRDA:33,1,0,630
BRDA:59,2,0,79
BRDA:59,2,1,534
BRDA:60,3,0,21
BRDA:60,3,1,58
BRDA:61,4,0,21
BRDA:61,4,1,0
BRDA:80,5,0,58
BRDA:80,5,1,0
BRDA:86,6,0,0
BRDA:86,6,1,58
BRDA:89,7,0,0
BRDA:89,7,1,58
BRDA:118,8,0,12
BRDA:118,8,1,8
BRDA:118,8,2,8
BRDA:118,8,3,55
BRDA:118,8,4,0
BRDA:133,9,0,12
BRDA:133,9,1,20
BRDA:133,9,2,28
BRDA:133,9,3,83
BRDA:133,9,4,0
BRDA:144,10,0,581
BRDA:144,10,1,83
BRDA:160,11,0,0
BRDA:160,11,1,83
BRF:28
BRH:21
end_of_record
TN:
SF:components\TransitStepIndicator.tsx
FN:13,(anonymous_0)
FN:18,(anonymous_1)
FN:39,(anonymous_2)
FN:52,(anonymous_3)
FNF:4
FNH:4
FNDA:49,(anonymous_0)
FNDA:44,(anonymous_1)
FNDA:49,(anonymous_2)
FNDA:49,(anonymous_3)
DA:13,5
DA:17,49
DA:18,49
DA:19,44
DA:20,44
DA:22,44
DA:25,9
DA:27,20
DA:29,6
DA:31,4
DA:33,4
DA:35,1
DA:39,49
DA:40,49
DA:41,47
DA:42,6
DA:43,5
DA:44,21
DA:45,6
DA:46,4
DA:47,4
DA:48,1
DA:52,49
DA:53,49
DA:55,9
DA:57,29
DA:59,11
DA:61,0
DA:65,49
DA:67,49
DA:88,5
LF:31
LH:30
BRDA:15,0,0,18
BRDA:19,1,0,8
BRDA:19,1,1,36
BRDA:19,2,0,26
BRDA:19,2,1,10
BRDA:22,3,0,4
BRDA:22,3,1,9
BRDA:22,3,2,20
BRDA:22,3,3,6
BRDA:22,3,4,4
BRDA:22,3,5,4
BRDA:22,3,6,1
BRDA:40,4,0,2
BRDA:40,4,1,47
BRDA:41,5,0,6
BRDA:41,5,1,5
BRDA:41,5,2,21
BRDA:41,5,3,6
BRDA:41,5,4,4
BRDA:41,5,5,4
BRDA:41,5,6,1
BRDA:53,6,0,9
BRDA:53,6,1,29
BRDA:53,6,2,11
BRDA:53,6,3,0
BRDA:77,7,0,5
BRDA:77,7,1,44
BRF:27
BRH:26
end_of_record
TN:
SF:components\TravelModeSelector.tsx
FN:15,(anonymous_0)
FN:17,(anonymous_1)
FN:29,(anonymous_2)
FN:39,(anonymous_3)
FN:58,(anonymous_4)
FNF:5
FNH:4
FNDA:1,(anonymous_0)
FNDA:1,(anonymous_1)
FNDA:4,(anonymous_2)
FNDA:0,(anonymous_3)
FNDA:1,(anonymous_4)
DA:15,1
DA:16,1
DA:17,1
DA:18,1
DA:25,1
DA:30,4
DA:31,4
DA:39,0
DA:58,1
LF:9
LH:8
BRDA:38,0,0,4
BRDA:38,0,1,1
BRDA:42,1,0,4
BRDA:42,1,1,1
BRDA:44,2,0,1
BRDA:44,2,1,3
BRDA:47,3,0,4
BRDA:47,3,1,1
BRF:8
BRH:8
end_of_record
TN:
SF:components\UserStatsCard.tsx
FN:14,(anonymous_0)
FN:16,(anonymous_1)
FN:18,(anonymous_2)
FN:81,(anonymous_3)
FNF:4
FNH:4
FNDA:1,(anonymous_0)
FNDA:1,(anonymous_1)
FNDA:2,(anonymous_2)
FNDA:1,(anonymous_3)
DA:14,1
DA:15,1
DA:16,1
DA:18,1
DA:19,2
DA:20,2
DA:21,2
DA:22,2
DA:25,1
DA:81,1
LF:10
LH:10
BRDA:35,0,0,1
BRDA:35,0,1,0
BRF:2
BRH:1
end_of_record
TN:
SF:components\VirtualPetCompanion.tsx
FN:28,(anonymous_0)
FN:31,(anonymous_1)
FN:47,(anonymous_2)
FN:81,(anonymous_3)
FN:87,(anonymous_4)
FN:89,(anonymous_5)
FN:97,(anonymous_6)
FN:125,(anonymous_7)
FN:133,(anonymous_8)
FN:134,(anonymous_9)
FN:143,(anonymous_10)
FN:144,(anonymous_11)
FN:152,(anonymous_12)
FN:158,(anonymous_13)
FN:288,(anonymous_14)
FNF:15
FNH:15
FNDA:77,(anonymous_0)
FNDA:33,(anonymous_1)
FNDA:33,(anonymous_2)
FNDA:35,(anonymous_3)
FNDA:33,(anonymous_4)
FNDA:33,(anonymous_5)
FNDA:74,(anonymous_6)
FNDA:74,(anonymous_7)
FNDA:7,(anonymous_8)
FNDA:7,(anonymous_9)
FNDA:2,(anonymous_10)
FNDA:2,(anonymous_11)
FNDA:148,(anonymous_12)
FNDA:148,(anonymous_13)
FNDA:33,(anonymous_14)
DA:28,1
DA:29,77
DA:30,77
DA:31,77
DA:32,77
DA:44,77
DA:45,77
DA:47,77
DA:49,33
DA:65,33
DA:81,77
DA:82,35
DA:83,33
DA:87,77
DA:89,33
DA:97,77
DA:98,74
DA:99,74
DA:101,74
DA:102,72
DA:103,70
DA:104,68
DA:106,0
DA:107,0
DA:108,0
DA:109,0
DA:111,0
DA:112,0
DA:113,0
DA:114,0
DA:116,0
DA:117,0
DA:118,0
DA:119,0
DA:121,0
DA:125,77
DA:126,74
DA:127,74
DA:128,72
DA:129,70
DA:130,68
DA:133,77
DA:134,7
DA:140,7
DA:143,77
DA:144,2
DA:149,2
DA:152,77
DA:153,148
DA:154,0
DA:155,0
DA:158,77
DA:159,148
DA:160,0
DA:161,0
DA:164,77
DA:166,74
DA:288,33
LF:58
LH:41
BRDA:82,0,0,33
BRDA:82,0,1,2
BRDA:99,1,0,74
BRDA:99,1,1,0
BRDA:99,1,2,0
BRDA:99,1,3,0
BRDA:99,1,4,0
BRDA:101,2,0,2
BRDA:101,2,1,72
BRDA:102,3,0,2
BRDA:102,3,1,70
BRDA:103,4,0,2
BRDA:103,4,1,68
BRDA:106,5,0,0
BRDA:106,5,1,0
BRDA:107,6,0,0
BRDA:107,6,1,0
BRDA:108,7,0,0
BRDA:108,7,1,0
BRDA:111,8,0,0
BRDA:111,8,1,0
BRDA:112,9,0,0
BRDA:112,9,1,0
BRDA:113,10,0,0
BRDA:113,10,1,0
BRDA:116,11,0,0
BRDA:116,11,1,0
BRDA:117,12,0,0
BRDA:117,12,1,0
BRDA:118,13,0,0
BRDA:118,13,1,0
BRDA:127,14,0,2
BRDA:127,14,1,72
BRDA:128,15,0,2
BRDA:128,15,1,70
BRDA:129,16,0,2
BRDA:129,16,1,68
BRDA:153,17,0,148
BRDA:153,17,1,0
BRDA:154,18,0,0
BRDA:154,18,1,0
BRDA:159,19,0,148
BRDA:159,19,1,0
BRDA:160,20,0,0
BRDA:160,20,1,0
BRDA:164,21,0,3
BRDA:164,21,1,74
BRDA:277,22,0,72
BRDA:277,22,1,2
BRF:49
BRH:21
end_of_record
TN:
SF:components\VoiceNavigation.tsx
FN:24,(anonymous_0)
FN:36,(anonymous_1)
FN:39,(anonymous_2)
FN:46,(anonymous_3)
FN:54,(anonymous_4)
FN:62,(anonymous_5)
FN:71,(anonymous_6)
FN:77,(anonymous_7)
FN:85,(anonymous_8)
FN:88,(anonymous_9)
FN:90,(anonymous_10)
FN:93,(anonymous_11)
FN:95,(anonymous_12)
FN:200,(anonymous_13)
FNF:14
FNH:11
FNDA:8,(anonymous_0)
FNDA:4,(anonymous_1)
FNDA:6,(anonymous_2)
FNDA:7,(anonymous_3)
FNDA:7,(anonymous_4)
FNDA:0,(anonymous_5)
FNDA:0,(anonymous_6)
FNDA:1,(anonymous_7)
FNDA:0,(anonymous_8)
FNDA:1,(anonymous_9)
FNDA:1,(anonymous_10)
FNDA:2,(anonymous_11)
FNDA:2,(anonymous_12)
FNDA:4,(anonymous_13)
DA:24,2
DA:30,8
DA:31,8
DA:32,8
DA:33,8
DA:34,8
DA:35,8
DA:36,8
DA:39,8
DA:40,6
DA:41,6
DA:42,6
DA:43,6
DA:46,8
DA:47,7
DA:48,6
DA:50,1
DA:54,8
DA:56,7
DA:57,7
DA:58,6
DA:62,8
DA:63,0
DA:64,0
DA:65,0
DA:67,0
DA:68,0
DA:71,0
DA:72,0
DA:77,8
DA:78,1
DA:79,1
DA:80,1
DA:82,1
DA:83,1
DA:85,1
DA:88,8
DA:89,1
DA:90,1
DA:93,8
DA:94,2
DA:95,2
DA:98,8
DA:200,4
LF:44
LH:37
BRDA:25,0,0,8
BRDA:27,1,0,8
BRDA:40,2,0,3
BRDA:40,2,1,3
BRDA:40,3,0,0
BRDA:40,3,1,3
BRDA:40,4,0,0
BRDA:40,4,1,3
BRDA:40,5,0,1
BRDA:40,5,1,2
BRDA:40,6,0,3
BRDA:40,6,1,2
BRDA:40,7,0,2
BRDA:40,7,1,0
BRDA:41,8,0,6
BRDA:41,8,1,0
BRDA:42,9,0,6
BRDA:42,9,1,0
BRDA:47,10,0,6
BRDA:47,10,1,1
BRDA:47,11,0,7
BRDA:47,11,1,6
BRDA:47,11,2,6
BRDA:57,12,0,6
BRDA:57,12,1,1
BRDA:57,13,0,7
BRDA:57,13,1,6
BRDA:57,13,2,6
BRDA:63,14,0,0
BRDA:63,14,1,0
BRDA:82,15,0,1
BRDA:82,15,1,0
BRDA:89,16,0,0
BRDA:89,16,1,1
BRDA:94,17,0,0
BRDA:94,17,1,2
BRDA:102,18,0,8
BRDA:102,18,1,7
BRDA:102,18,2,7
BRDA:108,19,0,8
BRDA:108,19,1,7
BRDA:108,19,2,7
BRDA:114,20,0,7
BRDA:114,20,1,4
BRDA:126,21,0,0
BRDA:126,21,1,8
BRDA:131,22,0,8
BRDA:131,22,1,0
BRDA:136,23,0,0
BRDA:136,23,1,8
BRDA:142,24,0,0
BRDA:142,24,1,8
BRDA:148,25,0,1
BRDA:148,25,1,7
BRDA:153,26,0,8
BRDA:153,26,1,1
BRDA:160,27,0,1
BRDA:160,27,1,7
BRDA:164,28,0,8
BRDA:164,28,1,7
BRDA:164,28,2,7
BRDA:170,29,0,7
BRDA:170,29,1,1
BRDA:181,30,0,8
BRDA:181,30,1,0
BRF:65
BRH:50
end_of_record
TN:
SF:components\WeatherCard.tsx
FN:12,(anonymous_0)
FN:14,(anonymous_1)
FN:16,(anonymous_2)
FN:31,(anonymous_3)
FN:64,(anonymous_4)
FNF:5
FNH:5
FNDA:19,(anonymous_0)
FNDA:19,(anonymous_1)
FNDA:19,(anonymous_2)
FNDA:19,(anonymous_3)
FNDA:19,(anonymous_4)
DA:12,1
DA:13,19
DA:14,19
DA:16,19
DA:17,19
DA:19,11
DA:21,1
DA:23,1
DA:25,1
DA:27,5
DA:31,19
DA:32,19
DA:34,11
DA:36,1
DA:38,1
DA:40,1
DA:42,5
DA:46,19
DA:64,1
DA:65,19
LF:20
LH:20
BRDA:17,0,0,11
BRDA:17,0,1,1
BRDA:17,0,2,1
BRDA:17,0,3,1
BRDA:17,0,4,5
BRDA:32,1,0,11
BRDA:32,1,1,1
BRDA:32,1,2,1
BRDA:32,1,3,1
BRDA:32,1,4,5
BRF:10
BRH:10
end_of_record
TN:
SF:hooks\useAsyncStorage.ts
FN:13,useAsyncStorage
FN:21,(anonymous_1)
FN:43,(anonymous_2)
FN:55,(anonymous_3)
FN:67,(anonymous_4)
FN:69,(anonymous_5)
FNF:6
FNH:0
FNDA:0,useAsyncStorage
FNDA:0,(anonymous_1)
FNDA:0,(anonymous_2)
FNDA:0,(anonymous_3)
FNDA:0,(anonymous_4)
FNDA:0,(anonymous_5)
DA:17,0
DA:18,0
DA:19,0
DA:21,0
DA:22,0
DA:23,0
DA:24,0
DA:25,0
DA:26,0
DA:27,0
DA:28,0
DA:29,0
DA:30,0
DA:33,0
DA:34,0
DA:35,0
DA:36,0
DA:39,0
DA:43,0
DA:44,0
DA:45,0
DA:46,0
DA:47,0
DA:49,0
DA:50,0
DA:51,0
DA:55,0
DA:56,0
DA:57,0
DA:58,0
DA:59,0
DA:61,0
DA:62,0
DA:63,0
DA:67,0
DA:69,0
DA:70,0
DA:73,0
LF:38
LH:0
BRDA:17,0,0,0
BRDA:17,0,1,0
BRDA:26,1,0,0
BRDA:26,1,1,0
BRDA:29,2,0,0
BRDA:29,2,1,0
BRDA:35,3,0,0
BRDA:35,3,1,0
BRF:8
BRH:0
end_of_record
TN:
SF:hooks\useAuth.ts
FN:7,(anonymous_0)
FN:18,(anonymous_1)
FN:22,(anonymous_2)
FN:38,(anonymous_3)
FN:41,(anonymous_4)
FN:45,(anonymous_5)
FN:51,(anonymous_6)
FN:52,(anonymous_7)
FN:58,(anonymous_8)
FN:68,(anonymous_9)
FN:77,(anonymous_10)
FN:78,(anonymous_11)
FN:84,(anonymous_12)
FN:94,(anonymous_13)
FN:103,(anonymous_14)
FN:104,(anonymous_15)
FN:113,(anonymous_16)
FN:114,(anonymous_17)
FN:117,(anonymous_18)
FN:121,(anonymous_19)
FN:125,(anonymous_20)
FN:129,(anonymous_21)
FN:133,(anonymous_22)
FN:137,(anonymous_23)
FN:141,(anonymous_24)
FN:164,(anonymous_25)
FN:165,(anonymous_26)
FN:171,(anonymous_27)
FN:179,useAuthUser
FN:184,useAuthActions
FN:208,useParentalControls
FNF:31
FNH:0
FNDA:0,(anonymous_0)
FNDA:0,(anonymous_1)
FNDA:0,(anonymous_2)
FNDA:0,(anonymous_3)
FNDA:0,(anonymous_4)
FNDA:0,(anonymous_5)
FNDA:0,(anonymous_6)
FNDA:0,(anonymous_7)
FNDA:0,(anonymous_8)
FNDA:0,(anonymous_9)
FNDA:0,(anonymous_10)
FNDA:0,(anonymous_11)
FNDA:0,(anonymous_12)
FNDA:0,(anonymous_13)
FNDA:0,(anonymous_14)
FNDA:0,(anonymous_15)
FNDA:0,(anonymous_16)
FNDA:0,(anonymous_17)
FNDA:0,(anonymous_18)
FNDA:0,(anonymous_19)
FNDA:0,(anonymous_20)
FNDA:0,(anonymous_21)
FNDA:0,(anonymous_22)
FNDA:0,(anonymous_23)
FNDA:0,(anonymous_24)
FNDA:0,(anonymous_25)
FNDA:0,(anonymous_26)
FNDA:0,(anonymous_27)
FNDA:0,useAuthUser
FNDA:0,useAuthActions
FNDA:0,useParentalControls
DA:7,0
DA:8,0
DA:16,0
DA:18,0
DA:19,0
DA:22,0
DA:23,0
DA:27,0
DA:29,0
DA:30,0
DA:35,0
DA:38,0
DA:39,0
DA:40,0
DA:41,0
DA:45,0
DA:46,0
DA:47,0
DA:51,0
DA:52,0
DA:54,0
DA:55,0
DA:57,0
DA:58,0
DA:65,0
DA:67,0
DA:68,0
DA:73,0
DA:77,0
DA:78,0
DA:80,0
DA:81,0
DA:83,0
DA:84,0
DA:91,0
DA:93,0
DA:94,0
DA:99,0
DA:103,0
DA:104,0
DA:106,0
DA:107,0
DA:109,0
DA:113,0
DA:114,0
DA:117,0
DA:118,0
DA:121,0
DA:122,0
DA:125,0
DA:126,0
DA:129,0
DA:130,0
DA:133,0
DA:134,0
DA:137,0
DA:138,0
DA:141,0
DA:142,0
DA:145,0
DA:164,0
DA:165,0
DA:172,0
DA:173,0
DA:180,0
DA:181,0
DA:194,0
DA:196,0
DA:217,0
DA:219,0
LF:70
LH:0
BRDA:29,0,0,0
BRDA:29,0,1,0
BRDA:39,1,0,0
BRDA:39,1,1,0
BRDA:57,2,0,0
BRDA:57,2,1,0
BRDA:61,3,0,0
BRDA:61,3,1,0
BRDA:67,4,0,0
BRDA:67,4,1,0
BRDA:83,5,0,0
BRDA:83,5,1,0
BRDA:87,6,0,0
BRDA:87,6,1,0
BRDA:93,7,0,0
BRDA:93,7,1,0
BRDA:170,8,0,0
BRDA:170,8,1,0
BRDA:172,9,0,0
BRDA:172,9,1,0
BRF:20
BRH:0
end_of_record
TN:
SF:hooks\useDebounce.ts
FN:3,useDebounce
FN:6,(anonymous_1)
FN:7,(anonymous_2)
FN:11,(anonymous_3)
FNF:4
FNH:0
FNDA:0,useDebounce
FNDA:0,(anonymous_1)
FNDA:0,(anonymous_2)
FNDA:0,(anonymous_3)
DA:4,0
DA:6,0
DA:7,0
DA:8,0
DA:11,0
DA:12,0
DA:16,0
LF:7
LH:0
BRF:0
BRH:0
end_of_record
TN:
SF:hooks\useLocation.ts
FN:11,useLocation
FN:20,(anonymous_1)
FN:21,(anonymous_2)
FN:29,(anonymous_3)
FN:37,(anonymous_4)
FN:38,(anonymous_5)
FN:61,(anonymous_6)
FN:70,(anonymous_7)
FN:98,(anonymous_8)
FN:108,(anonymous_9)
FNF:10
FNH:0
FNDA:0,useLocation
FNDA:0,(anonymous_1)
FNDA:0,(anonymous_2)
FNDA:0,(anonymous_3)
FNDA:0,(anonymous_4)
FNDA:0,(anonymous_5)
FNDA:0,(anonymous_6)
FNDA:0,(anonymous_7)
FNDA:0,(anonymous_8)
FNDA:0,(anonymous_9)
DA:12,0
DA:17,0
DA:18,0
DA:20,0
DA:21,0
DA:22,0
DA:23,0
DA:25,0
DA:27,0
DA:28,0
DA:30,0
DA:35,0
DA:38,0
DA:42,0
DA:46,0
DA:50,0
DA:52,0
DA:54,0
DA:55,0
DA:63,0
DA:70,0
DA:74,0
DA:75,0
DA:79,0
DA:89,0
DA:91,0
DA:97,0
DA:98,0
DA:103,0
DA:108,0
DA:110,0
LF:31
LH:0
BRDA:18,0,0,0
BRDA:18,0,1,0
BRDA:18,0,2,0
BRDA:25,1,0,0
BRDA:25,1,1,0
BRDA:27,2,0,0
BRDA:27,2,1,0
BRDA:52,3,0,0
BRDA:52,3,1,0
BRDA:54,4,0,0
BRDA:54,4,1,0
BRDA:79,5,0,0
BRDA:79,5,1,0
BRDA:108,6,0,0
BRDA:108,6,1,0
BRF:15
BRH:0
end_of_record
TN:
SF:hooks\useNetworkStatus.ts
FN:10,useNetworkStatus
FN:17,(anonymous_1)
FN:19,(anonymous_2)
FN:31,(anonymous_3)
FN:39,(anonymous_4)
FN:50,(anonymous_5)
FNF:6
FNH:4
FNDA:13,useNetworkStatus
FNDA:5,(anonymous_1)
FNDA:0,(anonymous_2)
FNDA:0,(anonymous_3)
FNDA:5,(anonymous_4)
FNDA:5,(anonymous_5)
DA:11,13
DA:17,13
DA:18,5
DA:19,0
DA:20,0
DA:27,0
DA:28,0
DA:29,0
DA:31,0
DA:32,0
DA:33,0
DA:39,5
DA:40,5
DA:47,5
DA:48,5
DA:50,5
DA:53,13
LF:17
LH:9
BRDA:18,0,0,0
BRDA:18,0,1,5
BRF:2
BRH:1
end_of_record
TN:
SF:hooks\useRegionalData.ts
FN:6,useRegionalData
FN:9,(anonymous_1)
FN:10,(anonymous_2)
FN:11,(anonymous_3)
FN:12,(anonymous_4)
FN:13,(anonymous_5)
FN:16,(anonymous_6)
FNF:7
FNH:3
FNDA:1,useRegionalData
FNDA:1,(anonymous_1)
FNDA:0,(anonymous_2)
FNDA:0,(anonymous_3)
FNDA:0,(anonymous_4)
FNDA:0,(anonymous_5)
FNDA:1,(anonymous_6)
DA:7,1
DA:9,1
DA:10,0
DA:11,0
DA:12,0
DA:13,0
DA:16,1
DA:26,1
LF:8
LH:4
BRF:0
BRH:0
end_of_record
TN:
SF:hooks\useRoutePrefetch.ts
FN:10,prefetchRouteVariants
FN:18,(anonymous_1)
FN:20,(anonymous_2)
FN:36,(anonymous_3)
FN:49,useRoutePrefetch
FN:52,(anonymous_5)
FN:59,(anonymous_6)
FN:68,(anonymous_7)
FNF:8
FNH:4
FNDA:7,prefetchRouteVariants
FNDA:28,(anonymous_1)
FNDA:21,(anonymous_2)
FNDA:21,(anonymous_3)
FNDA:0,useRoutePrefetch
FNDA:0,(anonymous_5)
FNDA:0,(anonymous_6)
FNDA:0,(anonymous_7)
DA:17,7
DA:18,28
DA:19,7
DA:22,21
DA:32,21
DA:33,21
DA:34,21
DA:37,21
DA:44,21
DA:50,0
DA:52,0
DA:59,0
DA:60,0
DA:62,0
LF:14
LH:9
BRDA:32,0,0,0
BRDA:32,0,1,21
BRDA:60,1,0,0
BRDA:60,1,1,0
BRDA:60,2,0,0
BRDA:60,2,1,0
BRF:6
BRH:1
end_of_record
TN:
SF:hooks\useRoutesQuery.ts
FNF:0
FNH:0
LF:0
LH:0
BRF:0
BRH:0
end_of_record
TN:
SF:hooks\useSafeZoneMonitor.ts
FN:29,(anonymous_0)
FN:49,(anonymous_1)
FN:65,(anonymous_2)
FN:68,(anonymous_3)
FN:85,(anonymous_4)
FN:137,(anonymous_5)
FN:141,(anonymous_6)
FN:193,(anonymous_7)
FN:229,(anonymous_8)
FN:231,(anonymous_9)
FN:242,(anonymous_10)
FN:259,(anonymous_11)
FN:272,(anonymous_12)
FN:281,(anonymous_13)
FN:290,(anonymous_14)
FN:303,(anonymous_15)
FN:313,(anonymous_16)
FN:316,(anonymous_17)
FN:318,(anonymous_18)
FN:321,(anonymous_19)
FN:333,(anonymous_20)
FN:334,(anonymous_21)
FN:340,(anonymous_22)
FNF:23
FNH:7
FNDA:0,(anonymous_0)
FNDA:1,(anonymous_1)
FNDA:1,(anonymous_2)
FNDA:0,(anonymous_3)
FNDA:0,(anonymous_4)
FNDA:0,(anonymous_5)
FNDA:0,(anonymous_6)
FNDA:0,(anonymous_7)
FNDA:0,(anonymous_8)
FNDA:0,(anonymous_9)
FNDA:0,(anonymous_10)
FNDA:0,(anonymous_11)
FNDA:0,(anonymous_12)
FNDA:0,(anonymous_13)
FNDA:0,(anonymous_14)
FNDA:1,(anonymous_15)
FNDA:1,(anonymous_16)
FNDA:0,(anonymous_17)
FNDA:0,(anonymous_18)
FNDA:0,(anonymous_19)
FNDA:1,(anonymous_20)
FNDA:1,(anonymous_21)
FNDA:1,(anonymous_22)
DA:29,2
DA:35,0
DA:36,0
DA:37,0
DA:38,0
DA:39,0
DA:42,0
DA:44,0
DA:46,0
DA:49,2
DA:51,1
DA:52,1
DA:53,1
DA:56,1
DA:59,1
DA:62,1
DA:65,1
DA:66,1
DA:67,0
DA:68,0
DA:69,0
DA:70,0
DA:76,0
DA:79,0
DA:84,1
DA:86,0
DA:88,0
DA:90,0
DA:94,0
DA:98,0
DA:99,0
DA:100,0
DA:102,0
DA:105,0
DA:107,0
DA:111,0
DA:114,0
DA:130,0
DA:136,1
DA:138,0
DA:139,0
DA:141,0
DA:142,0
DA:144,0
DA:151,0
DA:152,0
DA:154,0
DA:157,0
DA:158,0
DA:167,0
DA:168,0
DA:180,0
DA:183,0
DA:184,0
DA:193,1
DA:194,0
DA:196,0
DA:198,0
DA:200,0
DA:201,0
DA:202,0
DA:207,0
DA:212,0
DA:213,0
DA:214,0
DA:220,0
DA:223,0
DA:228,0
DA:230,0
DA:232,0
DA:242,0
DA:248,0
DA:249,0
DA:252,0
DA:253,0
DA:260,0
DA:265,0
DA:266,0
DA:271,0
DA:273,0
DA:278,0
DA:279,0
DA:281,0
DA:289,0
DA:290,0
DA:294,0
DA:295,0
DA:297,0
DA:298,0
DA:303,1
DA:304,1
DA:305,0
DA:306,0
DA:308,1
DA:309,1
DA:313,1
DA:314,1
DA:316,0
DA:317,0
DA:318,0
DA:320,0
DA:321,0
DA:324,0
DA:333,1
DA:334,1
DA:335,1
DA:340,1
DA:341,1
DA:342,0
DA:343,1
DA:347,0
DA:356,1
LF:112
LH:26
BRDA:66,0,0,0
BRDA:66,0,1,1
BRDA:66,1,0,1
BRDA:66,1,1,0
BRDA:69,2,0,0
BRDA:69,2,1,0
BRDA:86,3,0,0
BRDA:86,3,1,0
BRDA:90,4,0,0
BRDA:90,4,1,0
BRDA:94,5,0,0
BRDA:94,5,1,0
BRDA:98,6,0,0
BRDA:98,6,1,0
BRDA:100,7,0,0
BRDA:100,7,1,0
BRDA:105,8,0,0
BRDA:105,8,1,0
BRDA:107,9,0,0
BRDA:107,9,1,0
BRDA:142,10,0,0
BRDA:142,10,1,0
BRDA:152,11,0,0
BRDA:152,11,1,0
BRDA:157,12,0,0
BRDA:157,12,1,0
BRDA:157,13,0,0
BRDA:157,13,1,0
BRDA:167,14,0,0
BRDA:167,14,1,0
BRDA:167,15,0,0
BRDA:167,15,1,0
BRDA:194,16,0,0
BRDA:194,16,1,0
BRDA:198,17,0,0
BRDA:198,17,1,0
BRDA:201,18,0,0
BRDA:201,18,1,0
BRDA:213,19,0,0
BRDA:213,19,1,0
BRDA:228,20,0,0
BRDA:228,20,1,0
BRDA:252,21,0,0
BRDA:252,21,1,0
BRDA:304,22,0,0
BRDA:304,22,1,1
BRDA:314,23,0,1
BRDA:314,23,1,0
BRDA:341,24,0,0
BRDA:341,24,1,1
BRDA:341,25,0,1
BRDA:341,25,1,0
BRDA:341,25,2,0
BRDA:343,26,0,0
BRDA:343,26,1,1
BRDA:344,27,0,1
BRDA:344,27,1,0
BRDA:344,27,2,1
BRF:58
BRH:9
end_of_record
TN:
SF:hooks\useTheme.ts
FN:2,useTheme
FNF:1
FNH:0
FNDA:0,useTheme
DA:3,0
LF:1
LH:0
BRF:0
BRH:0
end_of_record
TN:
SF:hooks\useThemeIntegration.ts
FN:12,useThemeIntegration
FN:17,(anonymous_1)
FN:38,(anonymous_2)
FN:41,(anonymous_3)
FN:44,(anonymous_4)
FN:47,(anonymous_5)
FN:62,useThemeProviderProps
FNF:7
FNH:0
FNDA:0,useThemeIntegration
FNDA:0,(anonymous_1)
FNDA:0,(anonymous_2)
FNDA:0,(anonymous_3)
FNDA:0,(anonymous_4)
FNDA:0,(anonymous_5)
FNDA:0,useThemeProviderProps
DA:13,0
DA:14,0
DA:17,0
DA:18,0
DA:19,0
DA:20,0
DA:21,0
DA:24,0
DA:25,0
DA:26,0
DA:27,0
DA:31,0
DA:39,0
DA:42,0
DA:45,0
DA:48,0
DA:63,0
DA:65,0
LF:18
LH:0
BRDA:18,0,0,0
BRDA:18,0,1,0
BRDA:18,1,0,0
BRDA:18,1,1,0
BRDA:20,2,0,0
BRDA:20,2,1,0
BRDA:20,3,0,0
BRDA:20,3,1,0
BRDA:24,4,0,0
BRDA:24,4,1,0
BRDA:24,5,0,0
BRDA:24,5,1,0
BRDA:24,5,2,0
BRDA:26,6,0,0
BRDA:26,6,1,0
BRDA:26,7,0,0
BRDA:26,7,1,0
BRDA:26,7,2,0
BRF:18
BRH:0
end_of_record
TN:
SF:hooks\useToast.ts
FN:11,useToast
FN:18,(anonymous_1)
FN:26,(anonymous_2)
FN:27,(anonymous_3)
FNF:4
FNH:4
FNDA:34,useToast
FNDA:15,(anonymous_1)
FNDA:3,(anonymous_2)
FNDA:3,(anonymous_3)
DA:12,34
DA:18,34
DA:19,15
DA:26,34
DA:27,3
DA:30,34
LF:6
LH:6
BRDA:18,0,0,2
BRF:1
BRH:1
end_of_record
TN:
SF:stores\categoryStore.ts
FN:102,(anonymous_0)
FN:108,(anonymous_1)
FN:109,(anonymous_2)
FN:136,(anonymous_3)
FN:146,(anonymous_4)
FN:156,(anonymous_5)
FN:159,(anonymous_6)
FN:172,(anonymous_7)
FN:175,(anonymous_8)
FN:177,(anonymous_9)
FN:184,(anonymous_10)
FN:185,(anonymous_11)
FN:187,(anonymous_12)
FN:193,(anonymous_13)
FN:198,(anonymous_14)
FN:199,(anonymous_15)
FN:203,(anonymous_16)
FN:204,(anonymous_17)
FN:208,(anonymous_18)
FN:209,(anonymous_19)
FN:217,(anonymous_20)
FN:226,(anonymous_21)
FN:251,(anonymous_22)
FN:261,(anonymous_23)
FN:262,(anonymous_24)
FN:263,(anonymous_25)
FN:264,(anonymous_26)
FN:265,(anonymous_27)
FN:266,(anonymous_28)
FN:267,(anonymous_29)
FN:268,(anonymous_30)
FN:269,(anonymous_31)
FN:270,(anonymous_32)
FN:275,(anonymous_33)
FN:280,(anonymous_34)
FN:284,(anonymous_35)
FN:287,(anonymous_36)
FNF:37
FNH:0
FNDA:0,(anonymous_0)
FNDA:0,(anonymous_1)
FNDA:0,(anonymous_2)
FNDA:0,(anonymous_3)
FNDA:0,(anonymous_4)
FNDA:0,(anonymous_5)
FNDA:0,(anonymous_6)
FNDA:0,(anonymous_7)
FNDA:0,(anonymous_8)
FNDA:0,(anonymous_9)
FNDA:0,(anonymous_10)
FNDA:0,(anonymous_11)
FNDA:0,(anonymous_12)
FNDA:0,(anonymous_13)
FNDA:0,(anonymous_14)
FNDA:0,(anonymous_15)
FNDA:0,(anonymous_16)
FNDA:0,(anonymous_17)
FNDA:0,(anonymous_18)
FNDA:0,(anonymous_19)
FNDA:0,(anonymous_20)
FNDA:0,(anonymous_21)
FNDA:0,(anonymous_22)
FNDA:0,(anonymous_23)
FNDA:0,(anonymous_24)
FNDA:0,(anonymous_25)
FNDA:0,(anonymous_26)
FNDA:0,(anonymous_27)
FNDA:0,(anonymous_28)
FNDA:0,(anonymous_29)
FNDA:0,(anonymous_30)
FNDA:0,(anonymous_31)
FNDA:0,(anonymous_32)
FNDA:0,(anonymous_33)
FNDA:0,(anonymous_34)
FNDA:0,(anonymous_35)
FNDA:0,(anonymous_36)
DA:8,1
DA:91,1
DA:97,1
DA:102,1
DA:103,0
DA:104,0
DA:105,0
DA:108,0
DA:109,0
DA:110,0
DA:111,0
DA:116,0
DA:117,0
DA:118,0
DA:121,0
DA:122,0
DA:123,0
DA:126,0
DA:128,0
DA:132,0
DA:136,0
DA:137,0
DA:138,0
DA:139,0
DA:141,0
DA:146,0
DA:147,0
DA:148,0
DA:149,0
DA:151,0
DA:156,0
DA:157,0
DA:158,0
DA:159,0
DA:161,0
DA:166,0
DA:167,0
DA:168,0
DA:172,0
DA:173,0
DA:174,0
DA:175,0
DA:177,0
DA:178,0
DA:180,0
DA:184,0
DA:185,0
DA:186,0
DA:187,0
DA:188,0
DA:193,0
DA:194,0
DA:198,0
DA:199,0
DA:203,0
DA:204,0
DA:208,0
DA:209,0
DA:210,0
DA:211,0
DA:213,0
DA:217,0
DA:226,0
DA:233,0
DA:251,1
DA:252,0
DA:253,0
DA:255,0
DA:257,0
DA:261,0
DA:265,0
DA:266,0
DA:267,0
DA:268,0
DA:269,0
DA:275,1
DA:276,0
DA:278,0
DA:281,0
DA:282,0
DA:284,0
DA:285,0
DA:288,0
LF:83
LH:6
BRDA:116,0,0,0
BRDA:116,0,1,0
BRDA:121,1,0,0
BRDA:121,1,1,0
BRDA:158,2,0,0
BRDA:158,2,1,0
BRDA:174,3,0,0
BRDA:174,3,1,0
BRDA:178,4,0,0
BRDA:178,4,1,0
BRDA:186,5,0,0
BRDA:186,5,1,0
BRDA:186,6,0,0
BRDA:186,6,1,0
BRDA:204,7,0,0
BRDA:204,7,1,0
BRDA:210,8,0,0
BRDA:210,8,1,0
BRDA:210,9,0,0
BRDA:210,9,1,0
BRDA:281,10,0,0
BRDA:281,10,1,0
BRDA:282,11,0,0
BRDA:282,11,1,0
BRDA:288,12,0,0
BRDA:288,12,1,0
BRF:26
BRH:0
end_of_record
TN:
SF:stores\gamificationStore.ts
FN:67,(anonymous_0)
FN:80,(anonymous_1)
FN:80,(anonymous_2)
FN:93,(anonymous_3)
FN:93,(anonymous_4)
FN:94,(anonymous_5)
FN:97,(anonymous_6)
FN:112,(anonymous_7)
FN:112,(anonymous_8)
FN:131,(anonymous_9)
FN:131,(anonymous_10)
FN:147,(anonymous_11)
FN:147,(anonymous_12)
FN:153,(anonymous_13)
FN:164,(anonymous_14)
FN:164,(anonymous_15)
FN:170,(anonymous_16)
FNF:17
FNH:0
FNDA:0,(anonymous_0)
FNDA:0,(anonymous_1)
FNDA:0,(anonymous_2)
FNDA:0,(anonymous_3)
FNDA:0,(anonymous_4)
FNDA:0,(anonymous_5)
FNDA:0,(anonymous_6)
FNDA:0,(anonymous_7)
FNDA:0,(anonymous_8)
FNDA:0,(anonymous_9)
FNDA:0,(anonymous_10)
FNDA:0,(anonymous_11)
FNDA:0,(anonymous_12)
FNDA:0,(anonymous_13)
FNDA:0,(anonymous_14)
FNDA:0,(anonymous_15)
FNDA:0,(anonymous_16)
DA:22,0
DA:65,0
DA:67,0
DA:80,0
DA:81,0
DA:82,0
DA:84,0
DA:93,0
DA:94,0
DA:95,0
DA:97,0
DA:98,0
DA:103,0
DA:112,0
DA:113,0
DA:120,0
DA:121,0
DA:122,0
DA:124,0
DA:125,0
DA:128,0
DA:131,0
DA:132,0
DA:137,0
DA:138,0
DA:139,0
DA:142,0
DA:147,0
DA:148,0
DA:153,0
DA:154,0
DA:155,0
DA:156,0
DA:159,0
DA:164,0
DA:170,0
LF:36
LH:0
BRDA:95,0,0,0
BRDA:95,0,1,0
BRDA:95,1,0,0
BRDA:95,1,1,0
BRDA:98,2,0,0
BRDA:98,2,1,0
BRDA:121,3,0,0
BRDA:121,3,1,0
BRDA:124,4,0,0
BRDA:124,4,1,0
BRDA:138,5,0,0
BRDA:138,5,1,0
BRDA:155,6,0,0
BRDA:155,6,1,0
BRDA:155,7,0,0
BRDA:155,7,1,0
BRF:16
BRH:0
end_of_record
TN:
SF:stores\navigationStore.ts
FN:78,schedulePersist
FN:80,(anonymous_1)
FN:100,(anonymous_2)
FN:126,(anonymous_3)
FN:149,(anonymous_4)
FN:154,(anonymous_5)
FN:159,(anonymous_6)
FN:160,(anonymous_7)
FN:162,(anonymous_8)
FN:170,(anonymous_9)
FN:174,(anonymous_10)
FN:175,(anonymous_11)
FN:177,(anonymous_12)
FN:179,(anonymous_13)
FN:183,(anonymous_14)
FN:184,(anonymous_15)
FN:187,(anonymous_16)
FN:194,(anonymous_17)
FN:198,(anonymous_18)
FN:203,(anonymous_19)
FN:205,(anonymous_20)
FN:209,(anonymous_21)
FN:236,(anonymous_22)
FN:238,(anonymous_23)
FN:246,(anonymous_24)
FN:247,(anonymous_25)
FN:251,(anonymous_26)
FN:255,(anonymous_27)
FN:261,(anonymous_28)
FN:268,(anonymous_29)
FN:273,(anonymous_30)
FN:275,(anonymous_31)
FN:279,(anonymous_32)
FN:286,(anonymous_33)
FN:287,(anonymous_34)
FN:296,(anonymous_35)
FN:317,(anonymous_36)
FN:321,(anonymous_37)
FNF:38
FNH:8
FNDA:1,schedulePersist
FNDA:1,(anonymous_1)
FNDA:1,(anonymous_2)
FNDA:1,(anonymous_3)
FNDA:0,(anonymous_4)
FNDA:0,(anonymous_5)
FNDA:1,(anonymous_6)
FNDA:1,(anonymous_7)
FNDA:4,(anonymous_8)
FNDA:1,(anonymous_9)
FNDA:0,(anonymous_10)
FNDA:0,(anonymous_11)
FNDA:0,(anonymous_12)
FNDA:0,(anonymous_13)
FNDA:0,(anonymous_14)
FNDA:0,(anonymous_15)
FNDA:0,(anonymous_16)
FNDA:0,(anonymous_17)
FNDA:0,(anonymous_18)
FNDA:0,(anonymous_19)
FNDA:0,(anonymous_20)
FNDA:0,(anonymous_21)
FNDA:0,(anonymous_22)
FNDA:0,(anonymous_23)
FNDA:0,(anonymous_24)
FNDA:0,(anonymous_25)
FNDA:0,(anonymous_26)
FNDA:0,(anonymous_27)
FNDA:0,(anonymous_28)
FNDA:0,(anonymous_29)
FNDA:0,(anonymous_30)
FNDA:0,(anonymous_31)
FNDA:0,(anonymous_32)
FNDA:0,(anonymous_33)
FNDA:0,(anonymous_34)
FNDA:0,(anonymous_35)
FNDA:0,(anonymous_36)
FNDA:0,(anonymous_37)
DA:75,1
DA:76,1
DA:79,1
DA:80,1
DA:88,1
DA:89,1
DA:100,1
DA:127,1
DA:128,1
DA:129,1
DA:130,1
DA:145,1
DA:150,0
DA:151,0
DA:155,0
DA:156,0
DA:160,1
DA:162,4
DA:163,0
DA:166,1
DA:167,1
DA:170,1
DA:171,1
DA:175,0
DA:176,0
DA:177,0
DA:179,0
DA:180,0
DA:184,0
DA:186,0
DA:187,0
DA:191,0
DA:194,0
DA:195,0
DA:199,0
DA:200,0
DA:203,0
DA:206,0
DA:210,0
DA:211,0
DA:212,0
DA:213,0
DA:215,0
DA:216,0
DA:217,0
DA:223,0
DA:227,0
DA:229,0
DA:230,0
DA:232,0
DA:236,0
DA:239,0
DA:247,0
DA:248,0
DA:251,0
DA:252,0
DA:256,0
DA:257,0
DA:258,0
DA:259,0
DA:261,0
DA:262,0
DA:268,0
DA:269,0
DA:273,0
DA:276,0
DA:278,0
DA:279,0
DA:282,0
DA:283,0
DA:287,0
DA:291,0
DA:292,0
DA:293,0
DA:301,0
DA:309,0
DA:317,0
DA:318,0
DA:321,0
DA:322,0
DA:325,0
LF:81
LH:18
BRDA:79,0,0,0
BRDA:79,0,1,1
BRDA:129,1,0,1
BRDA:129,1,1,0
BRDA:131,2,0,1
BRDA:131,2,1,0
BRDA:132,3,0,1
BRDA:132,3,1,0
BRDA:134,4,0,1
BRDA:134,4,1,0
BRDA:135,5,0,1
BRDA:135,5,1,0
BRDA:136,6,0,1
BRDA:136,6,1,0
BRDA:141,7,0,1
BRDA:141,7,1,0
BRDA:162,8,0,0
BRDA:162,8,1,1
BRDA:211,9,0,0
BRDA:211,9,1,0
BRDA:211,10,0,0
BRDA:211,10,1,0
BRDA:224,11,0,0
BRDA:224,11,1,0
BRDA:227,12,0,0
BRDA:227,12,1,0
BRDA:257,13,0,0
BRDA:257,13,1,0
BRF:28
BRH:9
end_of_record
TN:
SF:stores\parentalStore.ts
FN:44,(anonymous_0)
FN:58,(anonymous_1)
FN:59,(anonymous_2)
FN:101,(anonymous_3)
FN:113,(anonymous_4)
FN:125,(anonymous_5)
FN:137,(anonymous_6)
FN:149,(anonymous_7)
FN:162,(anonymous_8)
FN:176,(anonymous_9)
FN:180,(anonymous_10)
FN:186,(anonymous_11)
FN:198,(anonymous_12)
FN:199,(anonymous_13)
FN:205,(anonymous_14)
FN:206,(anonymous_15)
FN:211,(anonymous_16)
FN:226,(anonymous_17)
FN:230,(anonymous_18)
FN:244,(anonymous_19)
FN:256,(anonymous_20)
FN:260,(anonymous_21)
FN:267,(anonymous_22)
FN:269,(anonymous_23)
FN:276,(anonymous_24)
FN:293,(anonymous_25)
FN:297,(anonymous_26)
FN:313,(anonymous_27)
FN:323,(anonymous_28)
FNF:29
FNH:0
FNDA:0,(anonymous_0)
FNDA:0,(anonymous_1)
FNDA:0,(anonymous_2)
FNDA:0,(anonymous_3)
FNDA:0,(anonymous_4)
FNDA:0,(anonymous_5)
FNDA:0,(anonymous_6)
FNDA:0,(anonymous_7)
FNDA:0,(anonymous_8)
FNDA:0,(anonymous_9)
FNDA:0,(anonymous_10)
FNDA:0,(anonymous_11)
FNDA:0,(anonymous_12)
FNDA:0,(anonymous_13)
FNDA:0,(anonymous_14)
FNDA:0,(anonymous_15)
FNDA:0,(anonymous_16)
FNDA:0,(anonymous_17)
FNDA:0,(anonymous_18)
FNDA:0,(anonymous_19)
FNDA:0,(anonymous_20)
FNDA:0,(anonymous_21)
FNDA:0,(anonymous_22)
FNDA:0,(anonymous_23)
FNDA:0,(anonymous_24)
FNDA:0,(anonymous_25)
FNDA:0,(anonymous_26)
FNDA:0,(anonymous_27)
FNDA:0,(anonymous_28)
DA:14,0
DA:25,0
DA:36,0
DA:44,0
DA:45,0
DA:46,0
DA:47,0
DA:48,0
DA:53,0
DA:54,0
DA:55,0
DA:58,0
DA:59,0
DA:60,0
DA:67,0
DA:75,0
DA:76,0
DA:78,0
DA:79,0
DA:81,0
DA:82,0
DA:84,0
DA:85,0
DA:87,0
DA:88,0
DA:91,0
DA:93,0
DA:97,0
DA:101,0
DA:102,0
DA:103,0
DA:107,0
DA:109,0
DA:113,0
DA:114,0
DA:115,0
DA:119,0
DA:121,0
DA:125,0
DA:126,0
DA:127,0
DA:131,0
DA:133,0
DA:137,0
DA:138,0
DA:139,0
DA:143,0
DA:145,0
DA:149,0
DA:150,0
DA:151,0
DA:155,0
DA:157,0
DA:162,0
DA:163,0
DA:164,0
DA:165,0
DA:168,0
DA:169,0
DA:170,0
DA:173,0
DA:176,0
DA:177,0
DA:180,0
DA:181,0
DA:182,0
DA:186,0
DA:187,0
DA:193,0
DA:194,0
DA:195,0
DA:198,0
DA:199,0
DA:200,0
DA:202,0
DA:205,0
DA:206,0
DA:207,0
DA:211,0
DA:212,0
DA:221,0
DA:222,0
DA:223,0
DA:226,0
DA:230,0
DA:231,0
DA:240,0
DA:244,0
DA:245,0
DA:250,0
DA:251,0
DA:252,0
DA:253,0
DA:256,0
DA:260,0
DA:261,0
DA:263,0
DA:264,0
DA:267,0
DA:268,0
DA:269,0
DA:271,0
DA:272,0
DA:276,0
DA:280,0
DA:288,0
DA:289,0
DA:290,0
DA:293,0
DA:297,0
DA:298,0
DA:309,0
DA:313,0
DA:316,0
DA:320,0
DA:323,0
DA:326,0
DA:330,0
DA:333,0
LF:119
LH:0
BRDA:75,0,0,0
BRDA:75,0,1,0
BRDA:78,1,0,0
BRDA:78,1,1,0
BRDA:81,2,0,0
BRDA:81,2,1,0
BRDA:84,3,0,0
BRDA:84,3,1,0
BRDA:87,4,0,0
BRDA:87,4,1,0
BRDA:163,5,0,0
BRDA:163,5,1,0
BRDA:168,6,0,0
BRDA:168,6,1,0
BRDA:200,7,0,0
BRDA:200,7,1,0
BRDA:211,8,0,0
BRDA:231,9,0,0
BRDA:231,9,1,0
BRDA:261,10,0,0
BRDA:261,10,1,0
BRDA:298,11,0,0
BRDA:298,11,1,0
BRF:23
BRH:0
end_of_record
TN:
SF:stores\regionStore.ts
FN:52,(anonymous_0)
FN:72,(anonymous_1)
FN:72,(anonymous_2)
FN:73,(anonymous_3)
FN:86,(anonymous_4)
FN:86,(anonymous_5)
FN:90,(anonymous_6)
FN:92,(anonymous_7)
FN:92,(anonymous_8)
FN:96,(anonymous_9)
FN:96,(anonymous_10)
FN:97,(anonymous_11)
[...]
FN:126,announce
FN:148,(anonymous_8)
FN:151,(anonymous_9)
FN:167,(anonymous_10)
FN:182,(anonymous_11)
FN:194,(anonymous_12)
FN:204,(anonymous_13)
FNF:14
FNH:11
FNDA:5,ensureLiveRegion
FNDA:3,processAnnouncementQueue
FNDA:2,(anonymous_2)
FNDA:2,(anonymous_3)
FNDA:0,(anonymous_4)
FNDA:6,cancelAllAnnouncements
FNDA:1,(anonymous_6)
FNDA:9,announce
FNDA:0,(anonymous_8)
FNDA:1,(anonymous_9)
FNDA:3,(anonymous_10)
FNDA:0,(anonymous_11)
FNDA:5,(anonymous_12)
FNDA:5,(anonymous_13)
DA:27,49
DA:28,49
DA:29,49
DA:38,49
DA:39,49
DA:40,49
DA:43,5
DA:44,5
DA:45,5
DA:46,5
DA:47,5
DA:48,5
DA:49,5
DA:50,5
DA:51,5
DA:52,5
DA:53,5
DA:54,5
DA:55,5
DA:56,5
DA:57,5
DA:58,5
DA:59,5
DA:61,5
DA:65,3
DA:67,2
DA:69,2
DA:70,2
DA:71,2
DA:73,2
DA:75,2
DA:76,2
DA:78,2
DA:79,2
DA:80,2
DA:81,2
DA:82,2
DA:83,2
DA:84,0
DA:86,2
DA:89,2
DA:90,0
DA:93,0
DA:94,0
DA:95,0
DA:102,2
DA:103,0
DA:107,2
DA:114,6
DA:115,6
DA:116,6
DA:117,6
DA:127,9
DA:128,9
DA:130,9
DA:131,9
DA:132,1
DA:134,8
DA:135,8
DA:138,8
DA:139,3
DA:140,3
DA:147,3
DA:148,3
DA:150,3
DA:152,1
DA:153,1
DA:154,1
DA:161,5
DA:162,5
DA:163,3
DA:164,3
DA:166,3
DA:167,3
DA:169,0
DA:171,2
DA:172,2
DA:182,49
DA:183,0
DA:184,0
DA:187,0
DA:188,0
DA:190,0
DA:194,49
DA:198,5
DA:199,0
DA:201,5
DA:204,49
DA:205,5
LF:89
LH:76
BRDA:43,0,0,0
BRDA:43,0,1,5
BRDA:44,1,0,1
BRDA:44,1,1,4
BRDA:46,2,0,5
BRDA:46,2,1,0
BRDA:65,3,0,1
BRDA:65,3,1,2
BRDA:65,4,0,3
BRDA:65,4,1,2
BRDA:69,5,0,4
BRDA:69,5,1,2
BRDA:71,6,0,0
BRDA:71,6,1,2
BRDA:71,7,0,2
BRDA:71,7,1,2
BRDA:76,8,0,2
BRDA:78,9,0,2
BRDA:78,9,1,0
BRDA:80,10,0,2
BRDA:80,10,1,0
BRDA:80,11,0,2
BRDA:80,11,1,2
BRDA:80,11,2,2
BRDA:83,12,0,0
BRDA:83,12,1,2
BRDA:83,13,0,2
BRDA:83,13,1,1
BRDA:89,14,0,0
BRDA:89,14,1,2
BRDA:89,15,0,2
BRDA:89,15,1,1
BRDA:93,16,0,0
BRDA:93,16,1,0
BRDA:94,17,0,0
BRDA:94,17,1,0
BRDA:94,18,0,0
BRDA:94,18,1,0
BRDA:102,19,0,0
BRDA:102,19,1,2
BRDA:126,20,0,5
BRDA:127,21,0,0
BRDA:127,21,1,9
BRDA:128,22,0,8
BRDA:128,23,0,9
BRDA:128,24,0,6
BRDA:131,25,0,1
BRDA:131,25,1,8
BRDA:131,26,0,9
BRDA:131,26,1,9
BRDA:131,26,2,1
BRDA:138,27,0,3
BRDA:138,27,1,5
BRDA:153,28,0,1
BRDA:153,28,1,0
BRDA:162,29,0,3
BRDA:162,29,1,2
BRDA:163,30,0,3
BRDA:163,30,1,0
BRDA:164,31,0,3
BRDA:164,31,1,0
BRDA:171,32,0,2
BRDA:171,32,1,0
BRDA:183,33,0,0
BRDA:183,33,1,0
BRDA:198,34,0,0
BRDA:198,34,1,5
BRF:67
BRH:45
end_of_record
TN:
SF:utils\accessibility\touchTargetAudit.ts
FN:15,extractHitSlopPadding
FN:22,auditTouchTarget
FNF:2
FNH:2
FNDA:9,extractHitSlopPadding
FNDA:9,auditTouchTarget
DA:4,5
DA:16,9
DA:17,7
DA:18,0
DA:19,0
DA:23,9
DA:24,9
DA:25,9
DA:26,9
DA:27,9
DA:28,9
DA:29,9
DA:30,1
DA:34,9
LF:14
LH:12
BRDA:16,0,0,2
BRDA:16,0,1,7
BRDA:17,1,0,7
BRDA:17,1,1,0
BRDA:18,2,0,0
BRDA:18,3,0,0
BRDA:18,4,0,0
BRDA:18,5,0,0
BRDA:23,6,0,0
BRDA:23,6,1,9
BRDA:26,7,0,9
BRDA:26,7,1,5
BRDA:26,7,2,0
BRDA:27,8,0,9
BRDA:27,8,1,5
BRDA:27,8,2,0
BRDA:28,9,0,9
BRDA:28,9,1,8
BRDA:29,10,0,1
BRDA:29,10,1,8
BRF:20
BRH:12
end_of_record
TN:
SF:utils\analytics\analytics.ts
FN:11,(anonymous_0)
FN:27,(anonymous_1)
FN:34,(anonymous_2)
FN:41,(anonymous_3)
FN:49,(anonymous_4)
FN:53,(anonymous_5)
FN:57,(anonymous_6)
FN:65,(anonymous_7)
FN:69,(anonymous_8)
FN:73,(anonymous_9)
FNF:10
FNH:0
FNDA:0,(anonymous_0)
FNDA:0,(anonymous_1)
FNDA:0,(anonymous_2)
FNDA:0,(anonymous_3)
FNDA:0,(anonymous_4)
FNDA:0,(anonymous_5)
FNDA:0,(anonymous_6)
FNDA:0,(anonymous_7)
FNDA:0,(anonymous_8)
FNDA:0,(anonymous_9)
DA:8,0
DA:9,0
DA:12,0
DA:14,0
DA:20,0
DA:21,0
DA:28,0
DA:35,0
DA:42,0
DA:50,0
DA:54,0
DA:58,0
DA:62,0
DA:65,0
DA:66,0
DA:69,0
DA:70,0
DA:73,0
DA:74,0
LF:19
LH:0
BRDA:12,0,0,0
BRDA:12,0,1,0
BRF:2
BRH:0
end_of_record
TN:
SF:utils\api\api.ts
FN:21,(anonymous_0)
FN:27,(anonymous_1)
FN:35,(anonymous_2)
FN:51,(anonymous_3)
FN:82,(anonymous_4)
FN:86,(anonymous_5)
FN:93,(anonymous_6)
FN:100,(anonymous_7)
FN:104,(anonymous_8)
FN:109,(anonymous_9)
FN:119,(anonymous_10)
FN:126,(anonymous_11)
FN:129,(anonymous_12)
FN:134,(anonymous_13)
FN:141,(anonymous_14)
FN:143,(anonymous_15)
FN:150,(anonymous_16)
FN:151,(anonymous_17)
FN:152,(anonymous_18)
FN:153,(anonymous_19)
FN:159,(anonymous_20)
FN:173,(anonymous_21)
FN:194,(anonymous_22)
FN:197,(anonymous_23)
FN:206,(anonymous_24)
FN:211,(anonymous_25)
FN:242,checkBackendHealth
FNF:27
FNH:0
FNDA:0,(anonymous_0)
FNDA:0,(anonymous_1)
FNDA:0,(anonymous_2)
FNDA:0,(anonymous_3)
FNDA:0,(anonymous_4)
FNDA:0,(anonymous_5)
FNDA:0,(anonymous_6)
FNDA:0,(anonymous_7)
FNDA:0,(anonymous_8)
FNDA:0,(anonymous_9)
FNDA:0,(anonymous_10)
FNDA:0,(anonymous_11)
FNDA:0,(anonymous_12)
FNDA:0,(anonymous_13)
FNDA:0,(anonymous_14)
FNDA:0,(anonymous_15)
FNDA:0,(anonymous_16)
FNDA:0,(anonymous_17)
FNDA:0,(anonymous_18)
FNDA:0,(anonymous_19)
FNDA:0,(anonymous_20)
FNDA:0,(anonymous_21)
FNDA:0,(anonymous_22)
FNDA:0,(anonymous_23)
FNDA:0,(anonymous_24)
FNDA:0,(anonymous_25)
FNDA:0,checkBackendHealth
DA:4,0
DA:8,0
DA:19,0
DA:22,0
DA:23,0
DA:24,0
DA:28,0
DA:29,0
DA:31,0
DA:39,0
DA:41,0
DA:46,0
DA:47,0
DA:50,0
DA:51,0
DA:53,0
DA:54,0
DA:60,0
DA:62,0
DA:63,0
DA:66,0
DA:67,0
DA:69,0
DA:71,0
DA:72,0
DA:73,0
DA:75,0
DA:78,0
DA:83,0
DA:87,0
DA:94,0
DA:101,0
DA:105,0
DA:106,0
DA:110,0
DA:111,0
DA:115,0
DA:118,0
DA:120,0
DA:127,0
DA:130,0
DA:133,0
DA:135,0
DA:141,0
DA:144,0
DA:149,0
DA:150,0
DA:151,0
DA:152,0
DA:154,0
DA:158,0
DA:160,0
DA:161,0
DA:169,0
DA:177,0
DA:178,0
DA:179,0
DA:181,0
DA:182,0
DA:183,0
DA:184,0
DA:187,0
DA:189,0
DA:190,0
DA:195,0
DA:196,0
DA:197,0
DA:198,0
DA:200,0
DA:206,0
DA:211,0
DA:212,0
DA:214,0
DA:217,0
DA:218,0
DA:221,0
DA:224,0
DA:226,0
DA:230,0
DA:231,0
DA:237,0
DA:243,0
DA:244,0
DA:245,0
DA:246,0
DA:248,0
DA:250,0
LF:87
LH:0
BRDA:4,0,0,0
BRDA:4,0,1,0
BRDA:21,1,0,0
BRDA:37,2,0,0
BRDA:46,3,0,0
BRDA:46,3,1,0
BRDA:62,4,0,0
BRDA:62,4,1,0
BRDA:71,5,0,0
BRDA:71,5,1,0
BRDA:72,6,0,0
BRDA:72,6,1,0
BRDA:89,7,0,0
BRDA:89,7,1,0
BRDA:96,8,0,0
BRDA:96,8,1,0
BRDA:129,9,0,0
BRDA:137,10,0,0
BRDA:137,10,1,0
BRDA:145,11,0,0
BRDA:145,11,1,0
BRDA:175,12,0,0
BRDA:179,13,0,0
BRDA:179,13,1,0
BRDA:182,14,0,0
BRDA:182,14,1,0
BRDA:217,15,0,0
BRDA:217,15,1,0
BRDA:230,16,0,0
BRDA:230,16,1,0
BRDA:245,17,0,0
BRDA:245,17,1,0
BRF:32
BRH:0
end_of_record
TN:
SF:utils\color\color.ts
FN:5,withAlpha
FN:13,tint
FNF:2
FNH:2
FNDA:26,withAlpha
FNDA:12,tint
DA:6,26
DA:7,24
DA:8,24
DA:9,16
DA:14,12
LF:5
LH:5
BRDA:6,0,0,2
BRDA:6,0,1,24
BRDA:6,1,0,26
BRDA:6,1,1,24
BRDA:8,2,0,8
BRDA:8,2,1,16
BRF:6
BRH:6
end_of_record
TN:
SF:utils\color\contrast.ts
FN:3,parseHex
FN:5,(anonymous_1)
FN:10,channel
FN:15,luminance
FN:20,contrastRatio
FN:28,meetsAA
FNF:6
FNH:6
FNDA:153,parseHex
FNDA:21,(anonymous_1)
FNDA:387,channel
FNDA:129,luminance
FNDA:41,contrastRatio
FNDA:14,meetsAA
DA:4,153
DA:5,153
DA:6,153
DA:7,153
DA:11,387
DA:12,387
DA:16,129
DA:17,129
DA:21,41
DA:22,41
DA:23,41
DA:24,41
DA:25,41
DA:29,14
DA:30,14
LF:15
LH:15
BRDA:5,0,0,7
BRDA:5,0,1,146
BRDA:12,1,0,110
BRDA:12,1,1,277
BRDA:28,2,0,6
BRDA:30,3,0,4
BRDA:30,3,1,10
BRF:7
BRH:7
end_of_record
TN:
SF:utils\config\config.ts
FNF:0
FNH:0
DA:4,1
DA:99,1
DA:101,0
DA:102,0
LF:4
LH:2
BRDA:10,0,0,1
BRDA:10,0,1,0
BRDA:17,1,0,1
BRDA:17,1,1,1
BRDA:18,2,0,1
BRDA:18,2,1,1
BRDA:99,3,0,0
BRDA:99,3,1,1
BRF:8
BRH:6
end_of_record
TN:
SF:utils\error\errorHandling.ts
FN:36,(anonymous_0)
FN:43,(anonymous_1)
FN:60,withRetry
FN:98,(anonymous_3)
FN:120,(anonymous_4)
FN:128,(anonymous_5)
FN:185,(anonymous_6)
FN:193,(anonymous_7)
FN:201,(anonymous_8)
FN:209,(anonymous_9)
FN:242,createSafetyErrorBoundary
FN:250,(anonymous_11)
FN:259,(anonymous_12)
FN:267,(anonymous_13)
FN:280,(anonymous_14)
FN:304,(anonymous_15)
FN:313,(anonymous_16)
FN:392,handleLocationError
FN:440,handleNetworkError
FN:488,handleCameraError
FNF:20
FNH:0
FNDA:0,(anonymous_0)
FNDA:0,(anonymous_1)
FNDA:0,withRetry
FNDA:0,(anonymous_3)
FNDA:0,(anonymous_4)
FNDA:0,(anonymous_5)
FNDA:0,(anonymous_6)
FNDA:0,(anonymous_7)
FNDA:0,(anonymous_8)
FNDA:0,(anonymous_9)
FNDA:0,createSafetyErrorBoundary
FNDA:0,(anonymous_11)
FNDA:0,(anonymous_12)
FNDA:0,(anonymous_13)
FNDA:0,(anonymous_14)
FNDA:0,(anonymous_15)
FNDA:0,(anonymous_16)
FNDA:0,handleLocationError
FNDA:0,handleNetworkError
FNDA:0,handleCameraError
DA:30,1
DA:36,0
DA:43,0
DA:66,0
DA:68,0
DA:69,0
DA:70,0
DA:73,0
DA:75,0
DA:76,0
DA:79,0
DA:81,0
DA:83,0
DA:90,0
DA:91,0
DA:92,0
DA:96,0
DA:97,0
DA:98,0
DA:101,0
DA:102,0
DA:111,0
DA:115,0
DA:124,0
DA:126,0
DA:127,0
DA:129,0
DA:131,0
DA:132,0
DA:135,0
DA:139,0
DA:142,0
DA:143,0
DA:146,0
DA:156,0
DA:157,0
DA:163,0
DA:165,0
DA:166,0
DA:169,0
DA:170,0
DA:173,0
DA:174,0
DA:176,0
DA:180,0
DA:190,0
DA:198,0
DA:205,0
DA:213,0
DA:214,0
DA:216,0
DA:217,0
DA:218,0
DA:219,0
DA:220,0
DA:222,0
DA:226,0
DA:230,0
DA:231,0
DA:232,0
DA:236,0
DA:246,0
DA:251,0
DA:252,0
DA:260,0
DA:268,0
DA:275,0
DA:276,0
DA:281,0
DA:283,0
DA:300,0
DA:304,0
DA:305,0
DA:306,0
DA:314,0
DA:315,0
DA:316,0
DA:317,0
DA:324,0
DA:386,0
DA:398,0
DA:400,0
DA:403,0
DA:413,0
DA:422,0
DA:430,0
DA:446,0
DA:448,0
DA:453,0
DA:461,0
DA:462,0
DA:470,0
DA:471,0
DA:479,0
DA:494,0
DA:496,0
DA:497,0
DA:505,0
DA:506,0
DA:514,0
DA:515,0
DA:523,0
LF:102
LH:1
BRDA:63,0,0,0
BRDA:75,1,0,0
BRDA:75,1,1,0
BRDA:90,2,0,0
BRDA:90,2,1,0
BRDA:90,3,0,0
BRDA:90,3,1,0
BRDA:96,4,0,0
BRDA:96,4,1,0
BRDA:101,5,0,0
BRDA:101,5,1,0
BRDA:104,6,0,0
BRDA:104,6,1,0
BRDA:122,7,0,0
BRDA:129,8,0,0
BRDA:129,8,1,0
BRDA:129,8,2,0
BRDA:129,8,3,0
BRDA:132,9,0,0
BRDA:132,9,1,0
BRDA:163,10,0,0
BRDA:163,10,1,0
BRDA:163,10,2,0
BRDA:163,10,3,0
BRDA:163,10,4,0
BRDA:166,11,0,0
BRDA:166,11,1,0
BRDA:173,12,0,0
BRDA:173,12,1,0
BRDA:188,13,0,0
BRDA:196,14,0,0
BRDA:203,15,0,0
BRDA:211,16,0,0
BRDA:231,17,0,0
BRDA:231,17,1,0
BRDA:275,18,0,0
BRDA:275,18,1,0
BRDA:275,19,0,0
BRDA:275,19,1,0
BRDA:314,20,0,0
BRDA:314,20,1,0
BRDA:315,21,0,0
BRDA:315,21,1,0
BRDA:398,22,0,0
BRDA:398,22,1,0
BRDA:398,22,2,0
BRDA:400,23,0,0
BRDA:400,23,1,0
BRDA:400,23,2,0
BRDA:400,23,3,0
BRDA:400,23,4,0
BRDA:400,23,5,0
BRDA:400,23,6,0
BRDA:432,24,0,0
BRDA:432,24,1,0
BRDA:446,25,0,0
BRDA:446,25,1,0
BRDA:448,26,0,0
BRDA:448,26,1,0
BRDA:449,27,0,0
BRDA:449,27,1,0
BRDA:449,27,2,0
BRDA:461,28,0,0
BRDA:461,28,1,0
BRDA:470,29,0,0
BRDA:470,29,1,0
BRDA:470,30,0,0
BRDA:470,30,1,0
BRDA:481,31,0,0
BRDA:481,31,1,0
BRDA:494,32,0,0
BRDA:494,32,1,0
BRDA:496,33,0,0
BRDA:496,33,1,0
BRDA:496,34,0,0
BRDA:496,34,1,0
BRDA:505,35,0,0
BRDA:505,35,1,0
BRDA:505,36,0,0
BRDA:505,36,1,0
BRDA:514,37,0,0
BRDA:514,37,1,0
BRDA:514,38,0,0
BRDA:514,38,1,0
BRDA:525,39,0,0
BRDA:525,39,1,0
BRF:86
BRH:0
end_of_record
TN:
SF:utils\error\invariant.ts
FN:2,invariant
FNF:1
FNH:0
FNDA:0,invariant
DA:3,0
DA:4,0
LF:2
LH:0
BRDA:3,0,0,0
BRDA:3,0,1,0
BRDA:3,1,0,0
BRDA:3,1,1,0
BRDA:3,1,2,0
BRF:5
BRH:0
end_of_record
TN:
SF:utils\error\logger.ts
FN:25,(anonymous_0)
FN:36,(anonymous_1)
FN:40,(anonymous_2)
FN:89,(anonymous_3)
FN:99,(anonymous_4)
FN:103,(anonymous_5)
FN:107,(anonymous_6)
FN:111,(anonymous_7)
FN:116,(anonymous_8)
FN:122,(anonymous_9)
FN:129,(anonymous_10)
FN:131,(anonymous_11)
FN:137,(anonymous_12)
FN:142,(anonymous_13)
FN:144,(anonymous_14)
FN:153,(anonymous_15)
FN:155,(anonymous_16)
FN:157,(anonymous_17)
FN:159,(anonymous_18)
FN:161,(anonymous_19)
FN:162,(anonymous_20)
FN:169,(anonymous_21)
FNF:22
FNH:0
FNDA:0,(anonymous_0)
FNDA:0,(anonymous_1)
FNDA:0,(anonymous_2)
FNDA:0,(anonymous_3)
FNDA:0,(anonymous_4)
FNDA:0,(anonymous_5)
FNDA:0,(anonymous_6)
FNDA:0,(anonymous_7)
FNDA:0,(anonymous_8)
FNDA:0,(anonymous_9)
FNDA:0,(anonymous_10)
FNDA:0,(anonymous_11)
FNDA:0,(anonymous_12)
FNDA:0,(anonymous_13)
FNDA:0,(anonymous_14)
FNDA:0,(anonymous_15)
FNDA:0,(anonymous_16)
FNDA:0,(anonymous_17)
FNDA:0,(anonymous_18)
FNDA:0,(anonymous_19)
FNDA:0,(anonymous_20)
FNDA:0,(anonymous_21)
DA:21,1
DA:22,1
DA:23,1
DA:30,0
DA:31,0
DA:32,0
DA:33,0
DA:37,0
DA:46,0
DA:48,0
DA:56,0
DA:59,0
DA:60,0
DA:64,0
DA:65,0
DA:67,0
DA:69,0
DA:70,0
DA:72,0
DA:73,0
DA:75,0
DA:76,0
DA:78,0
DA:79,0
DA:84,0
DA:85,0
DA:90,0
DA:93,0
DA:95,0
DA:100,0
DA:104,0
DA:108,0
DA:112,0
DA:117,0
DA:118,0
DA:123,0
DA:124,0
DA:130,0
DA:131,0
DA:133,0
DA:138,0
DA:143,0
DA:144,0
DA:149,1
DA:152,1
DA:154,0
DA:156,0
DA:158,0
DA:160,0
DA:161,0
DA:162,0
DA:166,1
DA:167,1
DA:169,1
DA:170,0
DA:176,0
DA:177,0
LF:57
LH:8
BRDA:23,0,0,1
BRDA:23,0,1,0
BRDA:32,1,0,0
BRDA:32,1,1,0
BRDA:46,2,0,0
BRDA:46,2,1,0
BRDA:59,3,0,0
BRDA:59,3,1,0
BRDA:64,4,0,0
BRDA:64,4,1,0
BRDA:67,5,0,0
BRDA:67,5,1,0
BRDA:67,5,2,0
BRDA:67,5,3,0
BRDA:84,6,0,0
BRDA:84,6,1,0
BRDA:84,7,0,0
BRDA:84,7,1,0
BRDA:117,8,0,0
BRDA:117,8,1,0
BRDA:123,9,0,0
BRDA:123,9,1,0
BRDA:130,10,0,0
BRDA:130,10,1,0
BRDA:166,11,0,1
BRDA:166,11,1,0
BRDA:170,12,0,0
BRDA:170,12,1,0
BRDA:176,13,0,0
BRDA:176,13,1,0
BRF:30
BRH:2
end_of_record
TN:
SF:utils\location\locationUtils.ts
FN:2,validateLocation
FN:44,calculateDistance
FN:73,verifyLocationProximity
FN:98,formatDistance
FN:111,getLocationAccuracyDescription
FNF:5
FNH:5
FNDA:153,validateLocation
FNDA:237,calculateDistance
FNDA:114,verifyLocationProximity
FNDA:8,formatDistance
FNDA:19,getLocationAccuracyDescription
DA:6,153
DA:7,153
DA:8,153
DA:14,15
DA:16,136
DA:17,6
DA:19,136
DA:20,6
DA:23,136
DA:27,6
DA:30,151
DA:50,237
DA:51,237
DA:52,237
DA:53,237
DA:54,237
DA:57,237
DA:59,237
DA:61,237
DA:80,114
DA:87,114
DA:99,8
DA:100,4
DA:102,4
DA:112,19
DA:113,4
DA:114,15
DA:115,4
DA:116,11
DA:117,4
DA:118,7
DA:119,4
DA:121,3
LF:33
LH:33
BRDA:8,0,0,15
BRDA:8,0,1,136
BRDA:9,1,0,153
BRDA:9,1,1,144
BRDA:9,1,2,140
BRDA:9,1,3,137
BRDA:16,2,0,6
BRDA:16,2,1,130
BRDA:16,3,0,136
BRDA:16,3,1,134
BRDA:19,4,0,6
BRDA:19,4,1,130
BRDA:19,5,0,136
BRDA:19,5,1,132
BRDA:23,6,0,6
BRDA:23,6,1,130
BRDA:24,7,0,136
BRDA:24,7,1,10
BRDA:78,8,0,4
BRDA:99,9,0,4
BRDA:99,9,1,4
BRDA:112,10,0,4
BRDA:112,10,1,15
BRDA:114,11,0,4
BRDA:114,11,1,11
BRDA:116,12,0,4
BRDA:116,12,1,7
BRDA:118,13,0,4
BRDA:118,13,1,3
BRF:29
BRH:29
end_of_record
TN:
SF:utils\location\regionUtils.ts
FN:3,(anonymous_0)
FN:14,(anonymous_1)
FN:34,(anonymous_2)
FN:45,(anonymous_3)
FN:58,(anonymous_4)
FN:71,(anonymous_5)
FN:77,(anonymous_6)
FNF:7
FNH:6
FNDA:5,(anonymous_0)
FNDA:6,(anonymous_1)
FNDA:0,(anonymous_2)
FNDA:5,(anonymous_3)
FNDA:171,(anonymous_4)
FNDA:1454,(anonymous_5)
FNDA:6,(anonymous_6)
DA:3,2
DA:4,5
DA:5,5
DA:10,1
DA:14,2
DA:18,6
DA:19,3
DA:20,3
DA:21,1
DA:23,2
DA:24,2
DA:26,3
DA:27,1
DA:29,2
DA:30,2
DA:34,2
DA:38,0
DA:39,0
DA:40,0
DA:42,0
DA:45,2
DA:46,5
DA:47,5
DA:54,1
DA:58,2
DA:59,171
DA:71,171
DA:72,1454
DA:73,1454
DA:77,2
DA:83,6
DA:138,6
LF:32
LH:28
BRDA:18,0,0,3
BRDA:18,0,1,3
BRDA:20,1,0,1
BRDA:20,1,1,2
BRDA:26,2,0,1
BRDA:26,2,1,2
BRDA:38,3,0,0
BRDA:38,3,1,0
BRDA:73,4,0,1454
BRDA:73,4,1,1445
BRDA:73,4,2,1445
BRDA:81,5,0,5
BRDA:127,6,0,1
BRDA:127,6,1,5
BRDA:128,7,0,1
BRDA:128,7,1,5
BRDA:129,8,0,0
BRDA:129,8,1,6
BRDA:130,9,0,0
BRDA:130,9,1,6
BRDA:131,10,0,0
BRDA:131,10,1,6
BRDA:132,11,0,0
BRDA:132,11,1,6
BRDA:133,12,0,0
BRDA:133,12,1,6
BRDA:135,13,0,0
BRDA:135,13,1,6
BRF:28
BRH:20
end_of_record
TN:
SF:utils\navigation\deepLinking.ts
FN:10,(anonymous_0)
FN:40,(anonymous_1)
FN:46,(anonymous_2)
FN:54,(anonymous_3)
FNF:4
FNH:1
FNDA:5,(anonymous_0)
FNDA:0,(anonymous_1)
FNDA:0,(anonymous_2)
FNDA:0,(anonymous_3)
DA:10,1
DA:11,5
DA:12,5
DA:13,4
DA:14,4
DA:17,4
DA:18,1
DA:19,1
DA:20,3
DA:21,1
DA:22,1
DA:23,2
DA:26,1
DA:29,1
DA:33,1
DA:34,0
DA:36,1
DA:40,1
DA:41,0
DA:42,0
DA:43,0
DA:45,0
DA:46,0
DA:47,0
DA:51,0
DA:54,1
DA:55,0
DA:56,0
DA:57,0
DA:59,0
LF:30
LH:18
BRDA:17,0,0,1
BRDA:17,0,1,3
BRDA:20,1,0,1
BRDA:20,1,1,2
BRDA:22,2,0,1
BRDA:22,2,1,0
BRDA:23,3,0,1
BRDA:23,3,1,1
BRDA:33,4,0,0
BRDA:33,4,1,1
BRDA:45,5,0,0
BRDA:45,5,1,0
BRF:12
BRH:8
end_of_record
TN:
SF:utils\navigation\navigation.ts
FNF:0
FNH:0
LF:0
LH:0
BRF:0
BRH:0
end_of_record
TN:
SF:utils\notification\notification.ts
FN:13,(anonymous_0)
FN:48,(anonymous_1)
FN:69,(anonymous_2)
FN:85,(anonymous_3)
FN:92,(anonymous_4)
FNF:5
FNH:0
FNDA:0,(anonymous_0)
FNDA:0,(anonymous_1)
FNDA:0,(anonymous_2)
FNDA:0,(anonymous_3)
FNDA:0,(anonymous_4)
DA:11,3
DA:13,3
DA:14,0
DA:16,0
DA:18,0
DA:19,0
DA:20,0
DA:21,0
DA:22,0
DA:23,0
DA:24,0
DA:29,0
DA:31,0
DA:32,0
DA:35,0
DA:41,0
DA:42,0
DA:48,3
DA:49,0
DA:50,0
DA:51,0
DA:52,0
DA:54,0
DA:56,0
DA:58,0
DA:59,0
DA:60,0
DA:64,0
DA:69,3
DA:70,0
DA:71,0
DA:73,0
DA:75,0
DA:79,0
DA:85,3
DA:86,0
DA:87,0
DA:92,0
LF:38
LH:5
BRDA:11,0,0,3
BRDA:11,0,1,3
BRDA:14,1,0,0
BRDA:14,2,0,0
BRDA:16,3,0,0
BRDA:16,3,1,0
BRDA:18,4,0,0
BRDA:18,4,1,0
BRDA:19,5,0,0
BRDA:19,5,1,0
BRDA:21,6,0,0
BRDA:21,6,1,0
BRDA:23,7,0,0
BRDA:23,7,1,0
BRDA:29,8,0,0
BRDA:29,8,1,0
BRDA:31,9,0,0
BRDA:31,9,1,0
BRDA:41,10,0,0
BRDA:41,10,1,0
BRDA:49,11,0,0
BRDA:49,11,1,0
BRDA:50,12,0,0
BRDA:50,12,1,0
BRDA:56,13,0,0
BRDA:56,13,1,0
BRDA:70,14,0,0
BRDA:70,14,1,0
BRDA:71,15,0,0
BRDA:71,15,1,0
BRDA:73,16,0,0
BRDA:73,16,1,0
BRDA:86,17,0,0
BRDA:86,17,1,0
BRF:34
BRH:2
end_of_record
TN:
SF:utils\performance\performance.ts
FN:14,(anonymous_0)
FN:18,(anonymous_1)
FN:29,(anonymous_2)
FN:40,(anonymous_3)
FN:44,(anonymous_4)
FN:49,(anonymous_5)
FN:68,withPerformanceTracking
FN:72,PerformanceTrackedComponent
FN:73,(anonymous_8)
FN:75,(anonymous_9)
FNF:10
FNH:0
FNDA:0,(anonymous_0)
FNDA:0,(anonymous_1)
FNDA:0,(anonymous_2)
FNDA:0,(anonymous_3)
FNDA:0,(anonymous_4)
FNDA:0,(anonymous_5)
FNDA:0,withPerformanceTracking
FNDA:0,PerformanceTrackedComponent
FNDA:0,(anonymous_8)
FNDA:0,(anonymous_9)
DA:11,0
DA:12,0
DA:15,0
DA:19,0
DA:20,0
DA:21,0
DA:22,0
DA:23,0
DA:24,0
DA:26,0
DA:30,0
DA:36,0
DA:37,0
DA:41,0
DA:45,0
DA:50,0
DA:51,0
DA:58,0
DA:65,0
DA:72,0
DA:73,0
DA:74,0
DA:75,0
DA:76,0
DA:80,0
LF:25
LH:0
BRDA:20,0,0,0
BRDA:20,0,1,0
BRDA:50,1,0,0
BRDA:50,1,1,0
BRF:4
BRH:0
end_of_record
TN:
SF:utils\performance\performanceMarks.ts
FN:10,(anonymous_0)
FN:12,mark
FN:18,measure
FN:20,(anonymous_3)
FN:21,(anonymous_4)
FN:28,getMarks
FN:29,clearMarks
FNF:7
FNH:7
FNDA:60,(anonymous_0)
FNDA:55,mark
FNDA:5,measure
FNDA:13,(anonymous_3)
FNDA:5,(anonymous_4)
FNDA:2,getMarks
FNDA:3,clearMarks
DA:7,3
DA:8,3
DA:10,60
DA:13,55
DA:14,55
DA:15,55
DA:19,5
DA:20,13
DA:21,5
DA:22,5
DA:23,5
DA:24,5
DA:28,2
DA:29,3
LF:14
LH:14
BRDA:13,0,0,0
BRDA:13,0,1,55
BRDA:19,1,0,0
BRDA:19,1,1,5
BRDA:22,2,0,5
BRDA:22,2,1,0
BRDA:22,3,0,5
BRDA:22,3,1,5
BRDA:22,3,2,5
BRF:9
BRH:6
end_of_record
TN:
SF:utils\persistence\persistence.ts
FN:16,loadPersistedState
FN:29,savePersistedState
FNF:2
FNH:2
FNDA:1,loadPersistedState
FNDA:1,savePersistedState
DA:3,1
DA:4,1
DA:17,1
DA:18,1
DA:19,1
DA:20,1
DA:21,1
DA:22,1
DA:23,1
DA:25,0
DA:30,1
DA:31,1
DA:32,1
LF:13
LH:12
BRDA:19,0,0,0
BRDA:19,0,1,1
BRDA:21,1,0,0
BRDA:21,1,1,1
BRDA:21,2,0,1
BRDA:21,2,1,1
BRDA:22,3,0,0
BRDA:22,3,1,1
BRF:8
BRH:5
end_of_record
TN:
SF:utils\transit\transitDataUpdater.ts
FN:22,(anonymous_0)
FN:29,(anonymous_1)
FN:46,(anonymous_2)
FN:88,(anonymous_3)
FN:96,(anonymous_4)
FN:104,(anonymous_5)
FN:111,(anonymous_6)
FN:117,(anonymous_7)
FN:132,(anonymous_8)
FN:139,(anonymous_9)
FN:148,(anonymous_10)
FN:154,(anonymous_11)
FN:156,(anonymous_12)
FN:157,(anonymous_13)
FN:167,(anonymous_14)
FN:172,(anonymous_15)
FN:181,(anonymous_16)
FN:198,(anonymous_17)
FN:202,(anonymous_18)
FN:204,(anonymous_19)
FNF:20
FNH:0
FNDA:0,(anonymous_0)
FNDA:0,(anonymous_1)
FNDA:0,(anonymous_2)
FNDA:0,(anonymous_3)
FNDA:0,(anonymous_4)
FNDA:0,(anonymous_5)
FNDA:0,(anonymous_6)
FNDA:0,(anonymous_7)
FNDA:0,(anonymous_8)
FNDA:0,(anonymous_9)
FNDA:0,(anonymous_10)
FNDA:0,(anonymous_11)
FNDA:0,(anonymous_12)
FNDA:0,(anonymous_13)
FNDA:0,(anonymous_14)
FNDA:0,(anonymous_15)
FNDA:0,(anonymous_16)
FNDA:0,(anonymous_17)
FNDA:0,(anonymous_18)
FNDA:0,(anonymous_19)
DA:20,0
DA:23,0
DA:24,0
DA:26,0
DA:32,0
DA:33,0
DA:41,0
DA:43,0
DA:45,0
DA:46,0
DA:48,0
DA:49,0
DA:52,0
DA:55,0
DA:58,0
DA:65,0
DA:67,0
DA:74,0
DA:75,0
DA:84,0
DA:89,0
DA:90,0
DA:93,0
DA:94,0
DA:95,0
DA:96,0
DA:97,0
DA:99,0
DA:100,0
DA:103,0
DA:104,0
DA:108,0
DA:117,0
DA:118,0
DA:122,0
DA:129,0
DA:139,0
DA:148,0
DA:156,0
DA:157,0
DA:169,0
DA:172,0
DA:183,0
DA:185,0
DA:186,0
DA:195,0
DA:199,0
DA:203,0
DA:204,0
DA:205,0
DA:207,0
DA:212,0
LF:52
LH:0
BRDA:23,0,0,0
BRDA:23,0,1,0
BRDA:32,1,0,0
BRDA:32,1,1,0
BRDA:48,2,0,0
BRDA:48,2,1,0
BRDA:79,3,0,0
BRDA:79,3,1,0
BRDA:103,4,0,0
BRDA:103,4,1,0
BRDA:143,5,0,0
BRDA:143,5,1,0
BRDA:146,6,0,0
BRDA:146,6,1,0
BRDA:157,7,0,0
BRDA:157,7,1,0
BRDA:161,8,0,0
BRDA:161,8,1,0
BRDA:174,9,0,0
BRDA:174,9,1,0
BRDA:185,10,0,0
BRDA:185,10,1,0
BRDA:191,11,0,0
BRDA:191,11,1,0
BRF:24
BRH:0
end_of_record
